# stats: dump at 1447378924
stats: users 10 10
stats: {cpu,"tsung_controller@ip-172-30-3-219"} 1 6.069346960962081 0 6.069346960962081 6.069346960962081 0 0
stats: {load,"tsung_controller@ip-172-30-3-219"} 1 0.3984375 0 0.3984375 0.3984375 0 0
stats: {freemem,"tsung_controller@ip-172-30-3-219"} 1 3172.6484375 0 3172.6484375 3172.6484375 0 0
stats: users_count 10 10
stats: finish_users_count 0 0
stats: request 11 705.5814985795455 505.71791877295993 1875.68798828125 8.4990234375 0 0
stats: connect 10 12.321337890625001 31.19963808720932 105.634033203125 0.73291015625 0 0
stats: page 11 705.5814985795455 505.71791877295993 1875.68798828125 8.4990234375 0 0
stats: 302 2 2
stats: 200 9 9
stats: size_rcv 170596 170596
stats: size_sent 6762 6762
stats: connected 10 10
# stats: dump at 1447378934
stats: users 21 21
stats: {recvpackets,"tsung_controller@ip-172-30-3-219"} 1 211 0 211 211 0 0
stats: {sentpackets,"tsung_controller@ip-172-30-3-219"} 1 157 0 157 157 0 0
stats: {cpu,"tsung_controller@ip-172-30-3-219"} 1 2.4582104228121926 0.0 6.069346960962081 2.4582104228121926 6.069346960962081 1
stats: {load,"tsung_controller@ip-172-30-3-219"} 1 0.33984375 0.0 0.3984375 0.33984375 0.3984375 1
stats: {freemem,"tsung_controller@ip-172-30-3-219"} 1 3172.52734375 0.0 3172.6484375 3172.52734375 3172.6484375 1
stats: users_count 11 21
stats: finish_users_count 0 0
stats: request 33 2797.9098085345645 1595.386956257902 5533.987060546875 8.4990234375 705.5814985795455 11
stats: connect 11 3.44677734375 3.4639168027494205 105.634033203125 0.73291015625 12.321337890625001 10
stats: page 32 2861.0950775146484 1578.9396504294305 5533.987060546875 8.4990234375 705.5814985795455 11
stats: 302 9 11
stats: 200 24 33
stats: size_rcv 386979 557575
stats: size_sent 16308 23070
stats: connected 11 21
# stats: dump at 1447378944
stats: users 25 25
stats: {recvpackets,"tsung_controller@ip-172-30-3-219"} 1 417.0 0.0 417 211 211.0 1
stats: {sentpackets,"tsung_controller@ip-172-30-3-219"} 1 344.0 0.0 344 157 157.0 1
stats: {cpu,"tsung_controller@ip-172-30-3-219"} 1 1.4792899408284024 0.0 6.069346960962081 1.4792899408284024 4.263778691887136 2
stats: {load,"tsung_controller@ip-172-30-3-219"} 1 0.2890625 0.0 0.3984375 0.2890625 0.369140625 2
stats: {freemem,"tsung_controller@ip-172-30-3-219"} 1 3171.328125 0.0 3172.6484375 3171.328125 3172.587890625 2
stats: session 2 22416.010009765625 2719.680908203125 25135.69091796875 19696.3291015625 0 0
stats: users_count 6 27
stats: finish_users_count 2 2
stats: request 43 3066.068223110465 1294.067162815181 5533.987060546875 8.4990234375 2274.8277310458097 44
stats: connect 6 3.1877034505208335 2.613570916835841 105.634033203125 0.652099609375 7.672758556547619 21
stats: page 41 3194.977187738186 1434.7277529179898 7197.64404296875 8.4990234375 2309.6846270893893 43
stats: 302 15 26
stats: 200 28 61
stats: size_rcv 474493 1032068
stats: size_sent 34971 58041
stats: connected 4 25
# stats: dump at 1447378954
stats: users 34 34
stats: {recvpackets,"tsung_controller@ip-172-30-3-219"} 1 500.0 0.0 500 211 314.0 2
stats: {sentpackets,"tsung_controller@ip-172-30-3-219"} 1 385.0 0.0 385 157 250.5 2
stats: {cpu,"tsung_controller@ip-172-30-3-219"} 1 1.673228346456693 0.0 6.069346960962081 1.4792899408284024 3.335615774867558 3
stats: {load,"tsung_controller@ip-172-30-3-219"} 1 0.25 0.0 0.3984375 0.25 0.3424479166666667 3
stats: {freemem,"tsung_controller@ip-172-30-3-219"} 1 3170.25 0.0 3172.6484375 3170.25 3172.16796875 3
stats: session 2 28111.093994140625 741.31591796875 28852.409912109375 19696.3291015625 22416.010009765625 2
stats: users_count 11 38
stats: finish_users_count 2 4
stats: request 35 5422.214892578126 1526.682664531458 8258.55517578125 8.4990234375 2665.9006179283406 87
stats: connect 11 5.562100497159091 3.268807404544247 105.634033203125 0.652099609375 6.676079644097222 27
stats: page 31 5713.838103263609 1803.3129293354502 10309.342041015625 8.4990234375 2741.791710263207 84
stats: 302 12 38
stats: 200 23 84
stats: size_rcv 449408 1481476
stats: size_sent 29340 87381
stats: connected 9 34
# stats: dump at 1447378964
stats: users 42 42
stats: {recvpackets,"tsung_controller@ip-172-30-3-219"} 1 492.0 0.0 500 211 376.0 3
stats: {sentpackets,"tsung_controller@ip-172-30-3-219"} 1 353.0 0.0 385 157 295.3333333333333 3
stats: {cpu,"tsung_controller@ip-172-30-3-219"} 1 1.8664047151277015 0.0 6.069346960962081 1.4792899408284024 2.9200189177648417 4
stats: {load,"tsung_controller@ip-172-30-3-219"} 1 0.2109375 0.0 0.3984375 0.2109375 0.3193359375 4
stats: {freemem,"tsung_controller@ip-172-30-3-219"} 1 3169.16796875 0.0 3172.6484375 3169.16796875 3171.6884765625 4
stats: session 6 36599.560546875 3015.248828410812 40689.177978515625 19696.3291015625 25263.552001953125 4
stats: users_count 14 52
stats: finish_users_count 6 10
stats: request 51 5748.591007008272 1416.2944689769806 8258.55517578125 8.4990234375 3456.6465163934427 122
stats: connect 13 3.128680889423077 2.9032250927808714 105.634033203125 0.652099609375 6.3536119962993425 38
stats: page 40 6646.904510498047 2613.90191006751 12772.468994140625 8.4990234375 3542.952042289402 115
stats: 302 20 58
stats: 200 31 115
stats: size_rcv 459295 1940771
stats: size_sent 35922 123303
stats: connected 7 41
# stats: dump at 1447378974
stats: users 38 43
stats: {recvpackets,"tsung_controller@ip-172-30-3-219"} 1 548.0 0.0 548 211 405.0 4
stats: {sentpackets,"tsung_controller@ip-172-30-3-219"} 1 452.0 0.0 452 157 309.75 4
stats: {cpu,"tsung_controller@ip-172-30-3-219"} 1 1.5810276679841897 0.0 6.069346960962081 1.4792899408284024 2.709296077237414 5
stats: {load,"tsung_controller@ip-172-30-3-219"} 1 0.1796875 0.0 0.3984375 0.1796875 0.29765625 5
stats: {freemem,"tsung_controller@ip-172-30-3-219"} 1 3168.57421875 0.0 3172.6484375 3168.57421875 3171.184375 5
stats: session 8 41799.92123413086 4383.439221939307 49860.18701171875 19696.3291015625 32065.15712890625 10
stats: users_count 4 56
stats: finish_users_count 8 18
stats: request 42 7975.413074311756 1401.8251234341462 11047.8818359375 8.4990234375 4132.306452933074 173
stats: connect 5 1.0337890625 0.5741932060113476 105.634033203125 0.652099609375 5.531570733762255 51
stats: page 39 9130.378086187904 3172.2254254070212 16111.68408203125 8.4990234375 4343.972034085182 155
stats: 302 21 79
stats: 200 21 136
stats: size_rcv 312488 2253259
stats: size_sent 23675 146978
stats: connected -3 38
# stats: dump at 1447378984
stats: users 46 48
stats: {recvpackets,"tsung_controller@ip-172-30-3-219"} 1 376.0 0.0 548 211 433.6 5
stats: {sentpackets,"tsung_controller@ip-172-30-3-219"} 1 277.0 0.0 452 157 338.2 5
stats: {cpu,"tsung_controller@ip-172-30-3-219"} 1 1.3820335636722607 0.0 6.069346960962081 1.3820335636722607 2.5212513423618765 6
stats: {load,"tsung_controller@ip-172-30-3-219"} 1 0.1484375 0.0 0.3984375 0.1484375 0.2779947916666667 6
stats: {freemem,"tsung_controller@ip-172-30-3-219"} 1 3168.21875 0.0 3172.6484375 3168.21875 3170.7493489583335 6
stats: session 5 49099.63754882813 5083.458119578038 57872.23291015625 19696.3291015625 36391.71895345052 18
stats: users_count 13 69
stats: finish_users_count 5 23
stats: request 41 8812.350258431783 1533.5923822043155 11355.99609375 8.4990234375 4883.052862690771 215
stats: connect 13 3.3981182391826925 2.944276599712286 105.634033203125 0.652099609375 5.129983084542411 56
stats: page 36 10047.829962836371 3175.117470642023 17736.141845703125 8.4990234375 5306.187683734698 194
stats: 302 10 89
stats: 200 31 167
stats: size_rcv 467399 2720658
stats: size_sent 27087 174065
stats: connected 8 46
# stats: dump at 1447378994
stats: users 49 50
stats: {recvpackets,"tsung_controller@ip-172-30-3-219"} 1 467.0 0.0 548 211 424.0 6
stats: {sentpackets,"tsung_controller@ip-172-30-3-219"} 1 356.0 0.0 452 157 328.0 6
stats: {cpu,"tsung_controller@ip-172-30-3-219"} 1 1.5779092702169626 0.0 6.069346960962081 1.3820335636722607 2.358505945406217 7
stats: {load,"tsung_controller@ip-172-30-3-219"} 1 0.12890625 0.0 0.3984375 0.12890625 0.25948660714285715 7
stats: {freemem,"tsung_controller@ip-172-30-3-219"} 1 3168.10546875 0.0 3172.6484375 3168.10546875 3170.3878348214284 7
stats: session 2 53403.755859375 2821.615966796875 57872.23291015625 19696.3291015625 39154.309952445656 23
stats: users_count 5 74
stats: finish_users_count 2 25
stats: request 45 9549.575336371525 1337.7727923089703 11873.80712890625 8.4990234375 5512.354398727417 256
stats: connect 5 2.38623046875 3.3150393307626804 105.634033203125 0.619140625 4.803689707880435 69
stats: page 45 9831.780560980902 2055.4483800646103 17736.141845703125 8.4990234375 6048.357779594091 230
stats: 302 20 109
stats: 200 25 192
stats: size_rcv 484298 3204956
stats: size_sent 26957 201022
stats: connected 3 49
# stats: dump at 1447379004
stats: users 63 63
stats: {recvpackets,"tsung_controller@ip-172-30-3-219"} 1 480.0 0.0 548 211 430.14285714285717 7
stats: {sentpackets,"tsung_controller@ip-172-30-3-219"} 1 362.0 0.0 452 157 332.0 7
stats: {cpu,"tsung_controller@ip-172-30-3-219"} 1 1.383399209486166 0.0 6.069346960962081 1.3820335636722607 2.26093136100756 8
stats: {load,"tsung_controller@ip-172-30-3-219"} 1 0.109375 0.0 0.3984375 0.109375 0.2431640625 8
stats: {freemem,"tsung_controller@ip-172-30-3-219"} 1 3167.6171875 0.0 3172.6484375 3167.6171875 3170.1025390625 8
stats: session 3 58301.058919270836 1194.4085366270235 59966.080810546875 19696.3291015625 40294.26562500001 25
stats: users_count 17 91
stats: finish_users_count 3 28
stats: request 48 8480.793584187824 1706.3157480493826 12357.385986328125 8.4990234375 6115.925635252284 301
stats: connect 16 4.1354827880859375 3.1406672122224544 105.634033203125 0.619140625 4.640347867398648 74
stats: page 41 9269.378906250004 2833.1714475499975 19305.133056640625 8.4990234375 6667.463325639205 275
stats: 302 15 124
stats: 200 33 225
stats: size_rcv 503883 3708839
stats: size_sent 39017 240039
stats: connected 13 62
# stats: dump at 1447379014
stats: users 67 69
stats: {recvpackets,"tsung_controller@ip-172-30-3-219"} 1 577.0 0.0 577 211 436.375 8
stats: {sentpackets,"tsung_controller@ip-172-30-3-219"} 1 432.0 0.0 452 157 335.75 8
stats: {cpu,"tsung_controller@ip-172-30-3-219"} 1 1.6765285996055226 0.0 6.069346960962081 1.3820335636722607 2.163427788616294 9
stats: {load,"tsung_controller@ip-172-30-3-219"} 1 0.08984375 0.0 0.3984375 0.08984375 0.2282986111111111 9
stats: {freemem,"tsung_controller@ip-172-30-3-219"} 1 3166.3125 0.0 3172.6484375 3166.3125 3169.8263888888887 9
stats: session 4 62982.712951660156 1830.780736905308 65092.4619140625 19696.3291015625 42223.56490652903 28
stats: users_count 8 99
stats: finish_users_count 4 32
stats: request 41 10313.440328458457 1669.7608909322068 13568.49609375 8.4990234375 6441.179679805024 349
stats: connect 9 3.8463812934027777 2.7207311590077254 105.634033203125 0.619140625 4.5505940755208325 90
stats: page 37 10932.55186998522 2738.5367410413805 20026.64111328125 8.4990234375 7005.053638313391 316
stats: 302 17 141
stats: 200 24 249
stats: size_rcv 442801 4151640
stats: size_sent 31413 271452
stats: connected 6 68
# stats: dump at 1447379024
stats: users 72 73
stats: {recvpackets,"tsung_controller@ip-172-30-3-219"} 1 420.0 0.0 577 211 452.0 9
stats: {sentpackets,"tsung_controller@ip-172-30-3-219"} 1 318.0 0.0 452 157 346.44444444444446 9
stats: {cpu,"tsung_controller@ip-172-30-3-219"} 1 1.383399209486166 0.0 6.069346960962081 1.3820335636722607 2.1147378697152166 10
stats: {load,"tsung_controller@ip-172-30-3-219"} 1 0.078125 0.0 0.3984375 0.078125 0.214453125 10
stats: {freemem,"tsung_controller@ip-172-30-3-219"} 1 3165.71875 0.0 3172.6484375 3165.71875 3169.475 10
stats: session 3 72041.03165690105 947.0943349040458 72843.2451171875 19696.3291015625 44818.45841217042 32
stats: users_count 8 107
stats: finish_users_count 3 35
stats: request 40 14672.458331298829 1105.103012002035 16617.59619140625 8.4990234375 6848.263491586538 390
stats: connect 8 2.6585693359375 2.1978448265472137 105.634033203125 0.619140625 4.486574731691919 99
stats: page 36 15587.880560980902 2902.1658278885657 24883.73291015625 8.4990234375 7416.7177589135545 353
stats: 302 14 155
stats: 200 26 275
stats: size_rcv 497156 4648796
stats: size_sent 24124 295576
stats: connected 4 72
# stats: dump at 1447379034
stats: users 80 81
stats: {recvpackets,"tsung_controller@ip-172-30-3-219"} 1 573.0 0.0 577 211 448.8 10
stats: {sentpackets,"tsung_controller@ip-172-30-3-219"} 1 437.0 0.0 452 157 343.6 10
stats: {cpu,"tsung_controller@ip-172-30-3-219"} 1 1.3820335636722607 0.0 6.069346960962081 1.3820335636722607 2.048252536967121 11
stats: {load,"tsung_controller@ip-172-30-3-219"} 1 0.05859375 0.0 0.3984375 0.05859375 0.2020596590909091 11
stats: {freemem,"tsung_controller@ip-172-30-3-219"} 1 3165.2421875 0.0 3172.6484375 3165.2421875 3169.1335227272725 11
stats: session 3 79306.0996907552 4509.540628786504 83031.25512695313 19696.3291015625 47151.821833147325 35
stats: users_count 11 118
stats: finish_users_count 3 38
stats: request 54 14046.148514359085 1810.2873638288202 18145.60205078125 8.4990234375 7576.09556969931 430
stats: connect 11 3.7412553267045454 2.9270449023331775 105.634033203125 0.619140625 4.349901431074766 107
stats: page 45 15105.062109375 3845.4594324289405 28555.344970703125 8.4990234375 8172.917915403078 389
stats: 302 16 171
stats: 200 38 313
stats: size_rcv 499987 5148783
stats: size_sent 43052 338628
stats: connected 8 80
# stats: dump at 1447379044
stats: users 84 86
stats: {recvpackets,"tsung_controller@ip-172-30-3-219"} 1 554.0 0.0 577 211 460.09090909090907 11
stats: {sentpackets,"tsung_controller@ip-172-30-3-219"} 1 440.0 0.0 452 157 352.09090909090907 11
stats: {cpu,"tsung_controller@ip-172-30-3-219"} 1 1.7716535433070866 0.0 6.069346960962081 1.3820335636722607 1.9927342891925495 12
stats: {load,"tsung_controller@ip-172-30-3-219"} 1 0.05078125 0.0 0.3984375 0.05078125 0.19010416666666666 12
stats: {freemem,"tsung_controller@ip-172-30-3-219"} 1 3164.6484375 0.0 3172.6484375 3164.6484375 3168.8092447916665 12
stats: session 6 82903.09700520833 917.6391050064932 84319.4189453125 19696.3291015625 49690.31745348479 38
stats: users_count 10 128
stats: finish_users_count 6 44
stats: request 40 13726.994110107422 1318.551625605573 18145.60205078125 8.4990234375 8297.96098088036 484
stats: connect 10 2.8116943359375 2.816113592066389 105.634033203125 0.619140625 4.293163234904661 118
stats: page 36 16178.050021701389 6026.722057828499 29843.76416015625 8.4990234375 8891.688626759613 434
stats: 302 21 192
stats: 200 19 332
stats: size_rcv 309727 5458510
stats: size_sent 24918 363546
stats: connected 4 84
# stats: dump at 1447379054
stats: users 87 87
stats: {recvpackets,"tsung_controller@ip-172-30-3-219"} 1 435.0 0.0 577 211 467.9166666666667 12
stats: {sentpackets,"tsung_controller@ip-172-30-3-219"} 1 360.0 0.0 452 157 359.4166666666667 12
stats: {cpu,"tsung_controller@ip-172-30-3-219"} 1 1.5794669299111548 0.0 6.069346960962081 1.3820335636722607 1.9757280779705906 13
stats: {load,"tsung_controller@ip-172-30-3-219"} 1 0.05078125 0.0 0.3984375 0.05078125 0.17938701923076922 13
stats: {freemem,"tsung_controller@ip-172-30-3-219"} 1 3164.671875 0.0 3172.6484375 3164.6484375 3168.4891826923076 13
stats: session 5 89283.3083984375 3188.294949008656 94302.92895507813 19696.3291015625 54219.332846901634 44
stats: users_count 8 136
stats: finish_users_count 5 49
stats: request 43 16379.23719681141 1568.17357997001 20328.718017578125 8.4990234375 8712.39099074502 524
stats: connect 8 3.031890869140625 2.5153954944334793 105.634033203125 0.619140625 4.177423477172852 128
stats: page 39 17991.954934144625 4601.937011176416 30778.828857421875 8.4990234375 9449.792903818983 470
stats: 302 19 211
stats: 200 24 356
stats: size_rcv 396179 5854689
stats: size_sent 28246 391792
stats: connected 3 87
# stats: dump at 1447379064
stats: users 100 101
stats: {recvpackets,"tsung_controller@ip-172-30-3-219"} 1 444.0 0.0 577 211 465.38461538461536 13
stats: {sentpackets,"tsung_controller@ip-172-30-3-219"} 1 353.0 0.0 452 157 359.46153846153845 13
stats: {cpu,"tsung_controller@ip-172-30-3-219"} 1 1.3820335636722607 0.0 6.069346960962081 1.3820335636722607 1.9474237102520597 14
stats: {load,"tsung_controller@ip-172-30-3-219"} 1 0.0390625 0.0 0.3984375 0.0390625 0.17020089285714285 14
stats: {freemem,"tsung_controller@ip-172-30-3-219"} 1 3164.0625 0.0 3172.6484375 3164.0625 3168.2165178571427 14
stats: session 3 93292.63826497395 1308.5041265756709 94302.92895507813 19696.3291015625 57797.289535833865 49
stats: users_count 16 152
stats: finish_users_count 3 52
stats: request 30 20017.211385091145 1457.6792201194535 22804.587890625 8.4990234375 9293.827299141589 567
stats: connect 16 2.65277099609375 2.196366814627507 105.634033203125 0.619140625 4.110039206112132 136
stats: page 28 21001.16544015067 3573.556758542545 33668.590087890625 8.4990234375 10104.300407124878 509
stats: 302 8 219
stats: 200 22 378
stats: size_rcv 480421 6335110
stats: size_sent 22484 414276
stats: connected 14 101
# stats: dump at 1447379074
stats: users 102 102
stats: {recvpackets,"tsung_controller@ip-172-30-3-219"} 1 440.0 0.0 577 211 463.85714285714283 14
stats: {sentpackets,"tsung_controller@ip-172-30-3-219"} 1 332.0 0.0 452 157 359.0 14
stats: {cpu,"tsung_controller@ip-172-30-3-219"} 1 1.4807502467917077 0.0 6.069346960962081 1.3820335636722607 1.9097310338134066 15
stats: {load,"tsung_controller@ip-172-30-3-219"} 1 0.03125 0.0 0.3984375 0.03125 0.16145833333333334 15
stats: {freemem,"tsung_controller@ip-172-30-3-219"} 1 3162.98046875 0.0 3172.6484375 3162.98046875 3167.9395833333333 15
stats: session 4 97958.69226074219 1653.8376578030395 100705.05004882813 19696.3291015625 59845.09811636118 52
stats: users_count 6 158
stats: finish_users_count 4 56
stats: request 40 21833.65269165039 1485.9274457477006 24623.378173828125 8.4990234375 9832.690821048602 597
stats: connect 6 2.5220133463541665 2.0890364584024446 105.634033203125 0.619140625 3.9566425524259867 152
stats: page 33 24221.694461706913 5607.84142280205 39845.2431640625 8.4990234375 10672.479589480039 537
stats: 302 12 231
stats: 200 28 406
stats: size_rcv 416281 6751391
stats: size_sent 28227 442503
stats: connected 1 102
# stats: dump at 1447379084
stats: users 113 113
stats: {recvpackets,"tsung_controller@ip-172-30-3-219"} 1 459.0 0.0 577 211 462.26666666666665 15
stats: {sentpackets,"tsung_controller@ip-172-30-3-219"} 1 335.0 0.0 452 157 357.2 15
stats: {cpu,"tsung_controller@ip-172-30-3-219"} 1 1.2845849802371543 0.0 6.069346960962081 1.2845849802371543 1.8829197346245503 16
stats: {load,"tsung_controller@ip-172-30-3-219"} 1 0.03125 0.0 0.3984375 0.03125 0.1533203125 16
stats: {freemem,"tsung_controller@ip-172-30-3-219"} 1 3162.38671875 0.0 3172.6484375 3162.38671875 3167.629638671875 16
stats: session 3 101269.70564778645 1459.6990073076577 103316.38012695313 19696.3291015625 62567.49769810268 56
stats: users_count 14 172
stats: finish_users_count 3 59
stats: request 44 21694.900357333096 4874.532588283708 24740.532958984375 3.372802734375 10586.283403190002 637
stats: connect 13 3.1644756610576925 2.689401921578584 105.634033203125 0.619140625 3.9021629623219938 158
stats: page 42 22898.28904506139 6857.383435886661 41564.35693359375 3.372802734375 11456.907818924754 570
stats: 302 14 245
stats: 200 28 434
stats: size_rcv 522623 7274014
stats: size_sent 29268 471771
stats: connected 10 112
stats: 503 2 2
# stats: dump at 1447379094
stats: users 114 115
stats: {recvpackets,"tsung_controller@ip-172-30-3-219"} 1 553.0 0.0 577 211 462.0625 16
stats: {sentpackets,"tsung_controller@ip-172-30-3-219"} 1 429.0 0.0 452 157 355.8125 16
stats: {cpu,"tsung_controller@ip-172-30-3-219"} 1 1.7751479289940828 0.0 6.069346960962081 1.2845849802371543 1.8477235726017625 17
stats: {load,"tsung_controller@ip-172-30-3-219"} 1 0.01953125 0.0 0.3984375 0.01953125 0.14613970588235295 17
stats: {freemem,"tsung_controller@ip-172-30-3-219"} 1 3161.66796875 0.0 3172.6484375 3161.66796875 3167.321231617647 17
stats: session 11 92879.40658291904 26199.444323997985 123279.10009765625 19696.3291015625 64535.40657690016 59
stats: users_count 12 184
stats: finish_users_count 11 70
stats: request 82 12850.511340629764 11690.636807620338 26134.18310546875 0.6279296875 11304.020768802771 681
stats: connect 13 3.1730581430288463 3.1752073510894983 105.634033203125 0.619140625 3.846081471582602 171
stats: page 72 14782.071695963541 13958.487460059303 46168.406982421875 0.64501953125 12242.100648169424 612
stats: 302 20 265
stats: 200 25 459
stats: size_rcv 416206 7690220
stats: size_sent 48036 519807
stats: connected 3 115
stats: 503 37 39
# stats: dump at 1447379104
stats: users 115 116
stats: {recvpackets,"tsung_controller@ip-172-30-3-219"} 1 484.0 0.0 577 211 467.4117647058824 17
stats: {sentpackets,"tsung_controller@ip-172-30-3-219"} 1 409.0 0.0 452 157 360.11764705882354 17
stats: {cpu,"tsung_controller@ip-172-30-3-219"} 1 1.8737672583826428 0.0 6.069346960962081 1.2845849802371543 1.8436915924013357 18
stats: {load,"tsung_controller@ip-172-30-3-219"} 1 0.01953125 0.0 0.3984375 0.01953125 0.1391059027777778 18
stats: {freemem,"tsung_controller@ip-172-30-3-219"} 1 3161.4375 0.0 3172.6484375 3161.4375 3167.0071614583335 18
stats: session 7 101002.74916294643 20746.992443658786 123279.10009765625 19696.3291015625 68989.46372070312 70
stats: users_count 8 192
stats: finish_users_count 7 77
stats: request 65 15143.381753305288 11251.778593858624 26214.068115234375 0.60693359375 11470.222901030575 763
stats: connect 8 2.69537353515625 2.4908595381251746 105.634033203125 0.619140625 3.798530910326087 184
stats: page 57 17171.151315789473 13483.746711095422 46803.194091796875 0.64501953125 12509.466021621436 684
stats: 302 17 282
stats: 200 25 484
stats: size_rcv 481344 8171564
stats: size_sent 40507 560314
stats: connected 0 115
stats: 503 23 62
# stats: dump at 1447379114
stats: users 115 118
stats: {recvpackets,"tsung_controller@ip-172-30-3-219"} 1 603.0 0.0 603 211 468.3333333333333 18
stats: {sentpackets,"tsung_controller@ip-172-30-3-219"} 1 444.0 0.0 452 157 362.8333333333333 18
stats: {cpu,"tsung_controller@ip-172-30-3-219"} 1 1.5779092702169626 0.0 6.069346960962081 1.2845849802371543 1.8452745221898255 19
stats: {load,"tsung_controller@ip-172-30-3-219"} 1 0.01953125 0.0 0.3984375 0.01953125 0.1328125 19
stats: {freemem,"tsung_controller@ip-172-30-3-219"} 1 3161.20703125 0.0 3172.6484375 3161.20703125 3166.7140213815787 19
stats: session 6 118455.99243164063 14666.800172695892 132084.36499023438 19696.3291015625 71899.7623972707 77
stats: users_count 6 198
stats: finish_users_count 6 83
stats: request 77 14371.911668653613 11239.177304587347 26214.068115234375 0.60693359375 11758.574743298517 828
stats: connect 6 3.6772867838541665 3.3928381130225405 105.634033203125 0.619140625 3.7525660196940103 192
stats: page 71 15602.94971390845 14005.2583119768 47977.31298828125 0.64501953125 12868.057198095901 741
stats: 302 16 298
stats: 200 32 516
stats: size_rcv 388104 8559668
stats: size_sent 50043 610357
stats: connected 0 115
stats: 503 29 91
# stats: dump at 1447379124
stats: users 118 119
stats: {recvpackets,"tsung_controller@ip-172-30-3-219"} 1 486.0 0.0 603 211 475.42105263157896 19
stats: {sentpackets,"tsung_controller@ip-172-30-3-219"} 1 411.0 0.0 452 157 367.10526315789474 19
stats: {cpu,"tsung_controller@ip-172-30-3-219"} 1 1.5810276679841897 0.0 6.069346960962081 1.2845849802371543 1.8319062595911824 20
stats: {load,"tsung_controller@ip-172-30-3-219"} 1 0.01171875 0.0 0.3984375 0.01171875 0.1271484375 20
stats: {freemem,"tsung_controller@ip-172-30-3-219"} 1 3160.8515625 0.0 3172.6484375 3160.8515625 3166.4386718749997 20
stats: session 6 101768.12797037761 15683.544974708231 132084.36499023438 19696.3291015625 75265.2730021649 83
stats: users_count 9 207
stats: finish_users_count 6 89
stats: request 77 13653.402955686892 11014.90460625899 26563.800048828125 0.60693359375 11980.924956837016 905
stats: connect 9 2.3936903211805554 2.4749271091788376 105.634033203125 0.56103515625 3.7502848307291665 198
stats: page 63 13683.810647631446 11936.3775683681 47977.31298828125 0.64013671875 13107.191888517935 812
stats: 302 19 317
stats: 200 28 544
stats: size_rcv 431303 8990971
stats: size_sent 47097 657454
stats: connected 3 118
stats: 503 30 121
# stats: dump at 1447379134
stats: users 115 120
stats: {recvpackets,"tsung_controller@ip-172-30-3-219"} 1 555.0 0.0 603 211 475.95 20
stats: {sentpackets,"tsung_controller@ip-172-30-3-219"} 1 471.0 0.0 471 157 369.3 20
stats: {cpu,"tsung_controller@ip-172-30-3-219"} 1 1.6798418972332017 0.0 6.069346960962081 1.2845849802371543 1.8199596599908492 21
stats: {load,"tsung_controller@ip-172-30-3-219"} 1 0.01171875 0.0 0.3984375 0.01171875 0.12165178571428571 21
stats: {freemem,"tsung_controller@ip-172-30-3-219"} 1 3160.375 0.0 3172.6484375 3160.375 3166.1726190476193 21
stats: session 14 112410.853288923 20232.191491368507 135727.96508789063 19696.3291015625 77051.98232586464 89
stats: users_count 11 218
stats: finish_users_count 14 103
stats: request 85 12008.035093060664 11094.356939885658 26563.800048828125 0.5927734375 12112.066307052333 982
stats: connect 10 2.2403076171875 2.2540804818442424 105.634033203125 0.56103515625 3.6913024607487923 207
stats: page 76 14919.909369217721 14362.411828672733 47977.31298828125 0.64013671875 13148.708439174106 875
stats: 302 25 342
stats: 200 21 565
stats: size_rcv 400342 9391313
stats: size_sent 48154 705608
stats: connected -4 114
stats: 503 39 160
# stats: dump at 1447379144
stats: users 111 120
stats: {recvpackets,"tsung_controller@ip-172-30-3-219"} 1 502.0 0.0 603 211 479.7142857142857 21
stats: {sentpackets,"tsung_controller@ip-172-30-3-219"} 1 415.0 0.0 471 157 374.14285714285717 21
stats: {cpu,"tsung_controller@ip-172-30-3-219"} 1 1.8700787401574805 0.0 6.069346960962081 1.2845849802371543 1.8135906707745926 22
stats: {load,"tsung_controller@ip-172-30-3-219"} 1 0.01171875 0.0 0.3984375 0.01171875 0.11665482954545454 22
stats: {freemem,"tsung_controller@ip-172-30-3-219"} 1 3160.265625 0.0 3172.6484375 3160.265625 3165.909090909091 22
stats: session 13 111516.916015625 32386.679945335574 144917.42211914063 19696.3291015625 81858.04245676578 103
stats: users_count 9 227
stats: finish_users_count 13 116
stats: request 73 15218.234900069563 10703.229836404113 26563.800048828125 0.5927734375 12103.778909499108 1067
stats: connect 10 2.451611328125 2.7030600938005467 105.634033203125 0.56103515625 3.6244363389256913 217
stats: page 63 18627.070893787193 14226.290487825243 47977.31298828125 0.64013671875 13290.255516653933 951
stats: 302 25 367
stats: 200 24 589
stats: size_rcv 385415 9776728
stats: size_sent 44871 750479
stats: connected -3 111
stats: 503 24 184
# stats: dump at 1447379154
stats: users 112 120
stats: {recvpackets,"tsung_controller@ip-172-30-3-219"} 1 420.0 0.0 603 211 480.72727272727275 22
stats: {sentpackets,"tsung_controller@ip-172-30-3-219"} 1 350.0 0.0 471 157 376.0 22
stats: {cpu,"tsung_controller@ip-172-30-3-219"} 1 1.4822134387351777 0.0 6.069346960962081 1.2845849802371543 1.81604667379124 23
stats: {load,"tsung_controller@ip-172-30-3-219"} 1 0.01171875 0.0 0.3984375 0.01171875 0.11209239130434782 23
stats: {freemem,"tsung_controller@ip-172-30-3-219"} 1 3160.15234375 0.0 3172.6484375 3160.15234375 3165.663722826087 23
stats: session 5 128494.28896484376 21879.11970485945 144917.42211914063 19696.3291015625 85181.8817349138 116
stats: users_count 6 233
stats: finish_users_count 5 121
stats: request 50 18769.93789062499 8930.887642057607 26563.800048828125 0.5927734375 12303.213372053182 1140
stats: connect 6 2.517822265625 1.707850546964192 105.634033203125 0.56103515625 3.5727700388904187 227
stats: page 45 20318.778922526042 11087.465540854984 47977.31298828125 0.64013671875 13621.8328033989 1014
stats: 302 18 385
stats: 200 23 612
stats: size_rcv 415106 10191834
stats: size_sent 34299 784778
stats: connected 2 113
stats: 503 9 193
# stats: dump at 1447379164
stats: users 122 122
stats: {recvpackets,"tsung_controller@ip-172-30-3-219"} 1 597.0 0.0 603 211 478.0869565217391 23
stats: {sentpackets,"tsung_controller@ip-172-30-3-219"} 1 415.0 0.0 471 157 374.8695652173913 23
stats: {cpu,"tsung_controller@ip-172-30-3-219"} 1 1.383399209486166 0.0 6.069346960962081 1.2845849802371543 1.8021369556639042 24
stats: {load,"tsung_controller@ip-172-30-3-219"} 1 0.01171875 0.0 0.3984375 0.01171875 0.10791015625 24
stats: {freemem,"tsung_controller@ip-172-30-3-219"} 1 3160.19140625 0.0 3172.6484375 3160.15234375 3165.43408203125 24
stats: session 5 101689.96162109375 27316.458705914632 144954.14697265625 19696.3291015625 86971.65062871255 121
stats: users_count 15 248
stats: finish_users_count 5 126
stats: request 78 13267.026924328924 11687.181338873312 26563.800048828125 0.5927734375 12574.924486278887 1190
stats: connect 14 2.417323521205357 3.2313385151630993 105.634033203125 0.56103515625 3.5456040018106223 233
stats: page 68 13850.797614602481 13370.081420806231 47977.31298828125 0.64013671875 13906.405584664926 1059
stats: 302 18 403
stats: 200 26 638
stats: size_rcv 630041 10821875
stats: size_sent 44077 828855
stats: connected 8 121
stats: 503 34 227
# stats: dump at 1447379174
stats: users 114 123
stats: {recvpackets,"tsung_controller@ip-172-30-3-219"} 1 675.0 0.0 675 211 483.0416666666667 24
stats: {sentpackets,"tsung_controller@ip-172-30-3-219"} 1 550.0 0.0 550 157 376.5416666666667 24
stats: {cpu,"tsung_controller@ip-172-30-3-219"} 1 1.5857284440039643 0.0 6.069346960962081 1.2845849802371543 1.7853874458167944 25
stats: {load,"tsung_controller@ip-172-30-3-219"} 1 0.01171875 0.0 0.3984375 0.01171875 0.1040625 25
stats: {freemem,"tsung_controller@ip-172-30-3-219"} 1 3160.05078125 0.0 3172.6484375 3160.05078125 3165.224375 25
stats: session 12 102105.43623860677 42847.44675180277 154961.50512695313 19696.3291015625 87555.71058872768 126
stats: users_count 4 252
stats: finish_users_count 12 138
stats: request 92 11168.001432999317 11968.480989167088 27475.655029296875 0.568115234375 12617.498611016981 1268
stats: connect 5 0.819580078125 0.27212755596483257 105.634033203125 0.56103515625 3.4816528814524292 247
stats: page 82 12991.163038300305 15248.009156413644 48379.35302734375 0.623046875 13903.050356657608 1127
stats: 302 29 432
stats: 200 14 652
stats: size_rcv 315396 11137271
stats: size_sent 57100 885955
stats: connected -7 114
stats: 503 49 276
# stats: dump at 1447379184
stats: users 109 123
stats: {recvpackets,"tsung_controller@ip-172-30-3-219"} 1 492.0 0.0 675 211 490.72 25
stats: {sentpackets,"tsung_controller@ip-172-30-3-219"} 1 412.0 0.0 550 157 383.48 25
stats: {cpu,"tsung_controller@ip-172-30-3-219"} 1 1.574803149606299 0.0 6.069346960962081 1.2845849802371543 1.777708253439378 26
stats: {load,"tsung_controller@ip-172-30-3-219"} 1 0.01171875 0.0 0.3984375 0.01171875 0.1005108173076923 26
stats: {freemem,"tsung_controller@ip-172-30-3-219"} 1 3160.08203125 0.0 3172.6484375 3160.05078125 3165.025390625 26
stats: session 18 113653.77334255642 27545.08363544543 154961.50512695313 19696.3291015625 88820.90412349977 138
stats: users_count 13 265
stats: finish_users_count 18 156
stats: request 91 15232.35332782452 10324.46307416253 27475.655029296875 0.568115234375 12519.44439015108 1360
stats: connect 12 3.36053466796875 3.337776222485736 105.634033203125 0.56103515625 3.428833976624504 252
stats: page 70 18821.48788364955 14225.506073119917 48379.35302734375 0.623046875 13841.201919845947 1209
stats: 302 28 460
stats: 200 35 687
stats: size_rcv 590989 11728260
stats: size_sent 53944 939899
stats: connected -5 109
stats: 503 28 304
# stats: dump at 1447379194
stats: users 107 123
stats: {recvpackets,"tsung_controller@ip-172-30-3-219"} 1 634.0 0.0 675 211 490.7692307692308 26
stats: {sentpackets,"tsung_controller@ip-172-30-3-219"} 1 511.0 0.0 550 157 384.5769230769231 26
stats: {cpu,"tsung_controller@ip-172-30-3-219"} 1 1.8756169792694966 0.0 6.069346960962081 1.2845849802371543 1.7701932495937083 27
stats: {load,"tsung_controller@ip-172-30-3-219"} 1 0.0 0.0 0.3984375 0.0 0.09722222222222222 27
stats: {freemem,"tsung_controller@ip-172-30-3-219"} 1 3159.9375 0.0 3172.6484375 3159.9375 3164.842303240741 27
stats: session 14 109271.26609584263 24035.088815704035 155291.05688476563 19696.3291015625 91686.23518723708 156
stats: users_count 12 277
stats: finish_users_count 14 170
stats: request 83 15252.47466232116 5235.021167573052 27475.655029296875 0.568115234375 12689.585474457272 1451
stats: connect 13 2.8011192908653846 3.1070333001542694 105.634033203125 0.56103515625 3.425729462594697 264
stats: page 64 19935.147056579593 10107.509138696767 48379.35302734375 0.623046875 14113.774255628787 1279
stats: 302 40 500
stats: 200 36 723
stats: size_rcv 508220 12236480
stats: size_sent 54226 994125
stats: connected -2 107
stats: 503 7 311
# stats: dump at 1447379204
stats: users 113 123
stats: {recvpackets,"tsung_controller@ip-172-30-3-219"} 1 611.0 0.0 675 211 496.0740740740741 27
stats: {sentpackets,"tsung_controller@ip-172-30-3-219"} 1 502.0 0.0 550 157 389.25925925925924 27
stats: {cpu,"tsung_controller@ip-172-30-3-219"} 1 1.4822134387351777 0.0 6.069346960962081 1.2845849802371543 1.773958382796415 28
stats: {load,"tsung_controller@ip-172-30-3-219"} 1 0.0 0.0 0.3984375 0.0 0.09375 28
stats: {freemem,"tsung_controller@ip-172-30-3-219"} 1 3159.98828125 0.0 3172.6484375 3159.9375 3164.6671316964284 28
stats: session 10 125145.20817871093 34418.29826241362 160556.51000976563 19696.3291015625 93134.4142032399 170
stats: users_count 16 293
stats: finish_users_count 10 180
stats: request 53 13817.43541328862 5148.068621937472 27475.655029296875 0.568115234375 12828.25548918524 1534
stats: connect 15 4.245133463541667 2.919345735376797 105.634033203125 0.56103515625 3.396415627820397 277
stats: page 47 17172.50416597407 10125.2379761284 48379.35302734375 0.623046875 14391.18889394662 1343
stats: 302 25 525
stats: 200 22 745
stats: size_rcv 344147 12580627
stats: size_sent 31928 1026053
stats: connected 6 113
stats: 503 6 317
# stats: dump at 1447379214
stats: users 107 123
stats: {recvpackets,"tsung_controller@ip-172-30-3-219"} 1 507.0 0.0 675 211 500.17857142857144 28
stats: {sentpackets,"tsung_controller@ip-172-30-3-219"} 1 426.0 0.0 550 157 393.2857142857143 28
stats: {cpu,"tsung_controller@ip-172-30-3-219"} 1 2.359882005899705 0.0 6.069346960962081 1.2845849802371543 1.7638982123115448 29
stats: {load,"tsung_controller@ip-172-30-3-219"} 1 0.078125 0.0 0.3984375 0.0 0.09051724137931035 29
stats: {freemem,"tsung_controller@ip-172-30-3-219"} 1 3159.86328125 0.0 3172.6484375 3159.86328125 3164.505792025862 29
stats: session 13 109517.10481144831 39550.17051205738 160556.51000976563 19696.3291015625 94912.79164632161 180
stats: users_count 7 300
stats: finish_users_count 13 193
stats: request 69 12187.023271201313 8960.608860303893 27475.655029296875 0.568115234375 12861.29048349997 1587
stats: connect 8 2.78887939453125 1.784031832101165 105.634033203125 0.56103515625 3.4400141467786813 292
stats: page 55 14886.419260475852 13110.418895989114 48379.35302734375 0.623046875 14485.233367173449 1390
stats: 302 22 547
stats: 200 23 768
stats: size_rcv 370626 12951253
stats: size_sent 41281 1067334
stats: connected -6 107
stats: 503 24 341
# stats: dump at 1447379224
stats: users 103 123
stats: {recvpackets,"tsung_controller@ip-172-30-3-219"} 1 438.0 0.0 675 211 500.41379310344826 29
stats: {sentpackets,"tsung_controller@ip-172-30-3-219"} 1 319.0 0.0 550 157 394.41379310344826 29
stats: {cpu,"tsung_controller@ip-172-30-3-219"} 1 1.5779092702169626 0.0 6.069346960962081 1.2845849802371543 1.7837643387644835 30
stats: {load,"tsung_controller@ip-172-30-3-219"} 1 0.0703125 0.0 0.3984375 0.0 0.09010416666666667 30
stats: {freemem,"tsung_controller@ip-172-30-3-219"} 1 3159.94140625 0.0 3172.6484375 3159.86328125 3164.351041666667 30
stats: session 4 120707.57843017578 35840.11893754715 160556.51000976563 19696.3291015625 95896.50185951668 193
stats: users_count 0 300
stats: finish_users_count 4 197
stats: request 39 22233.08495467748 1291.9715609831821 27475.655029296875 0.568115234375 12833.19601632086 1656
stats: connect 0 0 0 105.634033203125 0.56103515625 3.4226505533854166 300
stats: page 37 23771.660552153717 4443.348322523278 48379.35302734375 0.623046875 14500.503418475617 1445
stats: 302 15 562
stats: 200 24 792
stats: size_rcv 462824 13414077
stats: size_sent 25469 1092803
stats: connected -4 103
stats: 503 0 341
# stats: dump at 1447379234
stats: users 96 123
stats: {recvpackets,"tsung_controller@ip-172-30-3-219"} 1 493.0 0.0 675 211 498.3333333333333 30
stats: {sentpackets,"tsung_controller@ip-172-30-3-219"} 1 355.0 0.0 550 157 391.9 30
stats: {cpu,"tsung_controller@ip-172-30-3-219"} 1 1.3806706114398422 0.0 6.069346960962081 1.2845849802371543 1.7771238526823054 31
stats: {load,"tsung_controller@ip-172-30-3-219"} 1 0.05859375 0.0 0.3984375 0.0 0.08946572580645161 31
stats: {freemem,"tsung_controller@ip-172-30-3-219"} 1 3159.796875 0.0 3172.6484375 3159.796875 3164.2087953629034 31
stats: session 7 128232.49958147321 12782.60603226417 160556.51000976563 19696.3291015625 96400.28006399707 197
stats: users_count 0 300
stats: finish_users_count 7 204
stats: request 43 24780.230644758358 1531.7057235081325 27706.60302734375 0.568115234375 13049.476646760924 1695
stats: connect 0 0 0 105.634033203125 0.56103515625 3.4226505533854166 300
stats: page 37 28094.81022355363 7085.511531473964 48379.35302734375 0.623046875 14731.969554741534 1482
stats: 302 20 582
stats: 200 23 815
stats: size_rcv 386825 13800902
stats: size_sent 22569 1115372
stats: connected -7 96
stats: 503 0 341
# stats: dump at 1447379244
stats: users 85 123
stats: {recvpackets,"tsung_controller@ip-172-30-3-219"} 1 301.0 0.0 675 211 498.16129032258067 31
stats: {sentpackets,"tsung_controller@ip-172-30-3-219"} 1 223.0 0.0 550 157 390.7096774193548 31
stats: {cpu,"tsung_controller@ip-172-30-3-219"} 1 0.9900990099009901 0.0 6.069346960962081 0.9900990099009901 1.7647346888934783 32
stats: {load,"tsung_controller@ip-172-30-3-219"} 1 0.05078125 0.0 0.3984375 0.0 0.0885009765625 32
stats: {freemem,"tsung_controller@ip-172-30-3-219"} 1 3159.83984375 0.0 3172.6484375 3159.796875 3164.0709228515625 32
stats: session 11 137928.0204634233 27519.749039098995 165654.44995117188 19696.3291015625 97492.5621062634 204
stats: users_count 0 300
stats: finish_users_count 11 215
stats: request 51 24397.11812576593 2368.255739727949 29782.2490234375 0.568115234375 13339.708189864428 1738
stats: connect 0 0 0 105.634033203125 0.56103515625 3.4226505533854166 300
stats: page 42 28674.058901832217 9235.072703865946 48379.35302734375 0.623046875 15057.463369584224 1519
stats: 302 29 611
stats: 200 22 837
stats: size_rcv 254161 14055063
stats: size_sent 31144 1146516
stats: connected -9 87
stats: 503 0 341
# stats: dump at 1447379254
stats: users 78 123
stats: {recvpackets,"tsung_controller@ip-172-30-3-219"} 1 581.0 0.0 675 211 492.0 32
stats: {sentpackets,"tsung_controller@ip-172-30-3-219"} 1 454.0 0.0 550 157 385.46875 32
stats: {cpu,"tsung_controller@ip-172-30-3-219"} 1 1.383399209486166 0.0 6.069346960962081 0.9900990099009901 1.7412608804391603 33
stats: {load,"tsung_controller@ip-172-30-3-219"} 1 0.0390625 0.0 0.3984375 0.0 0.08735795454545454 33
stats: {freemem,"tsung_controller@ip-172-30-3-219"} 1 3159.84765625 0.0 3172.6484375 3159.796875 3163.9427083333335 33
stats: session 7 115478.18530273438 24612.03913204964 165654.44995117188 19696.3291015625 99561.3529989553 215
stats: users_count 0 300
stats: finish_users_count 7 222
stats: request 57 16776.63019120066 3705.233122453604 29782.2490234375 0.568115234375 13654.927813526238 1789
stats: connect 0 0 0 105.634033203125 0.56103515625 3.4226505533854166 300
stats: page 52 21098.480938251203 9474.500226854003 48379.35302734375 0.623046875 15423.829168658162 1561
stats: 302 26 637
stats: 200 31 868
stats: size_rcv 451324 14506387
stats: size_sent 40618 1187134
stats: connected -9 78
stats: 503 0 341
# stats: dump at 1447379264
stats: users 69 123
stats: {recvpackets,"tsung_controller@ip-172-30-3-219"} 1 384.0 0.0 675 211 494.6969696969697 33
stats: {sentpackets,"tsung_controller@ip-172-30-3-219"} 1 289.0 0.0 550 157 387.54545454545456 33
stats: {cpu,"tsung_controller@ip-172-30-3-219"} 1 1.8645731108930326 0.0 6.069346960962081 0.9900990099009901 1.7307355371758368 34
stats: {load,"tsung_controller@ip-172-30-3-219"} 1 0.0390625 0.0 0.3984375 0.0 0.0859375 34
stats: {freemem,"tsung_controller@ip-172-30-3-219"} 1 3159.84765625 0.0 3172.6484375 3159.796875 3163.822265625 34
stats: session 9 121365.28925238716 26994.445826444964 165654.44995117188 19696.3291015625 100063.23509862402 222
stats: users_count 0 300
stats: finish_users_count 9 231
stats: request 51 14281.510354434742 1430.6393552705197 29782.2490234375 0.568115234375 13751.31840698639 1846
stats: connect 0 0 0 105.634033203125 0.56103515625 3.4226505533854166 300
stats: page 41 19053.336943835748 9403.670912124997 48379.35302734375 0.623046875 15606.768965322042 1613
stats: 302 32 669
stats: 200 19 887
stats: size_rcv 255147 14761534
stats: size_sent 34238 1221372
stats: connected -9 69
stats: 503 0 341
# stats: dump at 1447379274
stats: users 63 123
stats: {recvpackets,"tsung_controller@ip-172-30-3-219"} 1 583.0 0.0 675 211 491.44117647058823 34
stats: {sentpackets,"tsung_controller@ip-172-30-3-219"} 1 428.0 0.0 550 157 384.6470588235294 34
stats: {cpu,"tsung_controller@ip-172-30-3-219"} 1 1.5794669299111548 0.0 6.069346960962081 0.9900990099009901 1.734559467853471 35
stats: {load,"tsung_controller@ip-172-30-3-219"} 1 0.03125 0.0 0.3984375 0.0 0.08459821428571429 35
stats: {freemem,"tsung_controller@ip-172-30-3-219"} 1 3159.31640625 0.0 3172.6484375 3159.31640625 3163.7087053571427 35
stats: session 6 114367.12967936198 21412.50322246638 165654.44995117188 19696.3291015625 100893.18526045894 231
stats: users_count 0 300
stats: finish_users_count 6 237
stats: request 38 14878.13765676398 1565.816095313249 29782.2490234375 0.568115234375 13765.572381324748 1897
stats: connect 0 0 0 105.634033203125 0.56103515625 3.4226505533854166 300
stats: page 30 17719.44024251302 5494.991533844647 48379.35302734375 0.623046875 15692.203842661256 1654
stats: 302 20 689
stats: 200 18 905
stats: size_rcv 361889 15123423
stats: size_sent 29762 1251134
stats: connected -6 63
stats: 503 0 341
# stats: dump at 1447379284
stats: users 55 123
stats: {recvpackets,"tsung_controller@ip-172-30-3-219"} 1 320.0 0.0 675 211 494.0571428571429 35
stats: {sentpackets,"tsung_controller@ip-172-30-3-219"} 1 200.0 0.0 550 157 385.8857142857143 35
stats: {cpu,"tsung_controller@ip-172-30-3-219"} 1 1.282051282051282 0.0 6.069346960962081 0.9900990099009901 1.7302513417995178 36
stats: {load,"tsung_controller@ip-172-30-3-219"} 1 0.03125 0.0 0.3984375 0.0 0.08311631944444445 36
stats: {freemem,"tsung_controller@ip-172-30-3-219"} 1 3159.359375 0.0 3172.6484375 3159.31640625 3163.5866970486113 36
stats: session 8 122394.22216796875 19864.84957204697 165654.44995117188 19696.3291015625 101234.29777739319 237
stats: users_count 0 300
stats: finish_users_count 8 245
stats: request 41 16645.570509003435 1579.309010692589 29782.2490234375 0.568115234375 13787.421208439317 1935
stats: connect 0 0 0 105.634033203125 0.56103515625 3.4226505533854166 300
stats: page 31 20731.33170047883 6280.613551643518 48379.35302734375 0.623046875 15728.318505366455 1684
stats: 302 19 708
stats: 200 22 927
stats: size_rcv 383359 15506782
stats: size_sent 28826 1279960
stats: connected -8 55
stats: 503 0 341
# stats: dump at 1447379294
stats: users 40 123
stats: {recvpackets,"tsung_controller@ip-172-30-3-219"} 1 475.0 0.0 675 211 489.22222222222223 36
stats: {sentpackets,"tsung_controller@ip-172-30-3-219"} 1 360.0 0.0 550 157 380.72222222222223 36
stats: {cpu,"tsung_controller@ip-172-30-3-219"} 1 1.2833168805528135 0.0 6.069346960962081 0.9900990099009901 1.718137826671187 37
stats: {load,"tsung_controller@ip-172-30-3-219"} 1 0.01953125 0.0 0.3984375 0.0 0.08171452702702703 37
stats: {freemem,"tsung_controller@ip-172-30-3-219"} 1 3159.3671875 0.0 3172.6484375 3159.31640625 3163.4724451013512 37
stats: session 15 121447.4291015625 16544.409317206108 165654.44995117188 19696.3291015625 101925.23408402424 245
stats: users_count 0 300
stats: finish_users_count 15 260
stats: request 54 11555.001365379047 3588.219766200279 29782.2490234375 0.568115234375 13846.724913562357 1976
stats: connect 0 0 0 105.634033203125 0.56103515625 3.4226505533854166 300
stats: page 38 17800.28987844367 8521.042599143306 48379.35302734375 0.623046875 15818.751980030293 1715
stats: 302 33 741
stats: 200 21 948
stats: size_rcv 227821 15734603
stats: size_sent 33280 1313240
stats: connected -14 41
stats: 503 0 341
# stats: dump at 1447379304
stats: users 20 123
stats: {recvpackets,"tsung_controller@ip-172-30-3-219"} 1 538.0 0.0 675 211 488.8378378378378 37
stats: {sentpackets,"tsung_controller@ip-172-30-3-219"} 1 431.0 0.0 550 157 380.1621621621622 37
stats: {cpu,"tsung_controller@ip-172-30-3-219"} 1 1.188118811881188 0.0 6.069346960962081 0.9900990099009901 1.706695170194388 38
stats: {load,"tsung_controller@ip-172-30-3-219"} 1 0.01953125 0.0 0.3984375 0.0 0.080078125 38
stats: {freemem,"tsung_controller@ip-172-30-3-219"} 1 3159.375 0.0 3172.6484375 3159.31640625 3163.3644120065787 38
stats: session 20 112457.47658691407 12091.830912164709 165654.44995117188 19696.3291015625 103051.5145658053 260
stats: users_count 0 300
stats: finish_users_count 20 280
stats: request 47 7985.066536112035 1587.9784429442564 29782.2490234375 0.568115234375 13785.76280932497 2030
stats: connect 0 0 0 105.634033203125 0.56103515625 3.4226505533854166 300
stats: page 27 16381.554750795718 5915.375667286687 48379.35302734375 0.623046875 15861.70602460514 1753
stats: 302 27 768
stats: 200 20 968
stats: size_rcv 112944 15847547
stats: size_sent 27939 1341179
stats: connected -21 20
stats: 503 0 341
# stats: dump at 1447379314
stats: users 0 123
stats: {recvpackets,"tsung_controller@ip-172-30-3-219"} 1 176.0 0.0 675 176 490.13157894736844 38
stats: {sentpackets,"tsung_controller@ip-172-30-3-219"} 1 137.0 0.0 550 137 381.50000000000006 38
stats: {cpu,"tsung_controller@ip-172-30-3-219"} 1 1.1822660098522169 0.0 6.069346960962081 0.9900990099009901 1.6933983404940494 39
stats: {load,"tsung_controller@ip-172-30-3-219"} 1 0.01953125 0.0 0.3984375 0.0 0.07852564102564102 39
stats: {freemem,"tsung_controller@ip-172-30-3-219"} 1 3159.37109375 0.0 3172.6484375 3159.31640625 3163.2621193910254 39
stats: session 20 110031.59370117188 5859.957468885985 165654.44995117188 19696.3291015625 103723.36899588449 280
stats: users_count 0 300
stats: finish_users_count 20 300
stats: request 23 8759.850914996603 1048.736891114521 29782.2490234375 0.568115234375 13654.500062651397 2077
stats: connect 0 0 0 105.634033203125 0.56103515625 3.4226505533854166 300
stats: page 20 15701.348876953125 940.9946532517349 48379.35302734375 0.623046875 15869.591370451852 1780
stats: 302 20 788
stats: 200 3 971
stats: size_rcv 18603 15866150
stats: size_sent 2972 1344151
stats: connected -20 0
stats: 503 0 341
# stats: dump at 1447379316
stats: users 0 123
stats: {recvpackets,"tsung_controller@ip-172-30-3-219"} 0 0 0 675 176 482.0769230769231 39
stats: {sentpackets,"tsung_controller@ip-172-30-3-219"} 0 0 0 550 137 375.2307692307693 39
stats: {cpu,"tsung_controller@ip-172-30-3-219"} 0 0 0 6.069346960962081 0.9900990099009901 1.6806200322280034 40
stats: {load,"tsung_controller@ip-172-30-3-219"} 0 0 0 0.3984375 0.0 0.07705078125 40
stats: {freemem,"tsung_controller@ip-172-30-3-219"} 0 0 0 3172.6484375 3159.31640625 3163.16484375 40
stats: session 0 0 0 165654.44995117188 19696.3291015625 104143.91730957032 300
stats: users_count 0 300
stats: finish_users_count 0 300
stats: request 0 0 0 29782.2490234375 0.568115234375 13600.892000558035 2100
stats: connect 0 0 0 105.634033203125 0.56103515625 3.4226505533854166 300
stats: page 0 0 0 48379.35302734375 0.623046875 15867.722009412977 1800
stats: 302 0 788
stats: 200 0 971
stats: size_rcv 0 15866150
stats: size_sent 0 1344151
stats: connected 0 0
stats: 503 0 341
EndMonitor:{1447,379316,995438}
