[11/Nov/2015:04:55:07 -0000] access to /assets/ico/favicon.ico failed for 0:0:0:0:0:FFFF:A9E7:1770, reason: 
"httpd_file: Can't access /home/ec2-user/.tsung/log/20151111-0451/assets/ico/favicon.ico: File not found"
[11/Nov/2015:04:55:10 -0000] access to /favicon.ico failed for 0:0:0:0:0:FFFF:A9E7:1770, reason: 
"httpd_file: Can't access /home/ec2-user/.tsung/log/20151111-0451/favicon.ico: File not found"
[11/Nov/2015:04:55:26 -0000] access to /es/images/graphes-Transactions-mean_tn.png failed for 0:0:0:0:0:FFFF:A9E7:1770, reason: 
"mod_esi: Client not authorized to evaluate: images/graphes-Transactions-mean_tn.png"
[11/Nov/2015:04:55:26 -0000] access to /es/images/graphes-Perfs-mean_tn.png failed for 0:0:0:0:0:FFFF:A9E7:1770, reason: 
"mod_esi: Client not authorized to evaluate: images/graphes-Perfs-mean_tn.png"
[11/Nov/2015:04:55:26 -0000] access to /es/images/graphes-Perfs-rate_tn.png failed for 0:0:0:0:0:FFFF:A9E7:1770, reason: 
"mod_esi: Client not authorized to evaluate: images/graphes-Perfs-rate_tn.png"
[11/Nov/2015:04:55:26 -0000] access to /es/images/graphes-Size-rate_tn.png failed for 0:0:0:0:0:FFFF:A9E7:1770, reason: 
"mod_esi: Client not authorized to evaluate: images/graphes-Size-rate_tn.png"
[11/Nov/2015:04:55:26 -0000] access to /es/images/graphes-Users_Arrival-rate_tn.png failed for 0:0:0:0:0:FFFF:A9E7:1770, reason: 
"mod_esi: Client not authorized to evaluate: images/graphes-Users_Arrival-rate_tn.png"
[11/Nov/2015:04:55:26 -0000] access to /es/images/graphes-Transactions-rate_tn.png failed for 0:0:0:0:0:FFFF:A9E7:1770, reason: 
"mod_esi: Client not authorized to evaluate: images/graphes-Transactions-rate_tn.png"
[11/Nov/2015:04:55:26 -0000] access to /es/images/graphes-Users-simultaneous_tn.png failed for 0:0:0:0:0:FFFF:A9E7:1770, reason: 
"mod_esi: Client not authorized to evaluate: images/graphes-Users-simultaneous_tn.png"
[11/Nov/2015:04:55:26 -0000] access to /es/images/graphes-cpu-mean_tn.png failed for 0:0:0:0:0:FFFF:A9E7:1770, reason: 
"mod_esi: Client not authorized to evaluate: images/graphes-cpu-mean_tn.png"
[11/Nov/2015:04:55:26 -0000] access to /es/images/graphes-load-mean_tn.png failed for 0:0:0:0:0:FFFF:A9E7:1770, reason: 
"mod_esi: Client not authorized to evaluate: images/graphes-load-mean_tn.png"
[11/Nov/2015:04:55:26 -0000] access to /es/images/graphes-freemem-mean_tn.png failed for 0:0:0:0:0:FFFF:A9E7:1770, reason: 
"mod_esi: Client not authorized to evaluate: images/graphes-freemem-mean_tn.png"
[11/Nov/2015:04:55:26 -0000] access to /es/images/graphes-HTTP_CODE-rate_tn.png failed for 0:0:0:0:0:FFFF:A9E7:1770, reason: 
"mod_esi: Client not authorized to evaluate: images/graphes-HTTP_CODE-rate_tn.png"
[11/Nov/2015:04:55:26 -0000] access to /es/images/graphes-Transactions-mean_tn.png failed for 0:0:0:0:0:FFFF:A9E7:1770, reason: 
"mod_esi: Client not authorized to evaluate: images/graphes-Transactions-mean_tn.png"
[11/Nov/2015:04:55:30 -0000] access to /es/images/graphes-Transactions-mean_tn.png failed for 0:0:0:0:0:FFFF:A9E7:1770, reason: 
"mod_esi: Client not authorized to evaluate: images/graphes-Transactions-mean_tn.png"
[11/Nov/2015:04:55:30 -0000] access to /es/images/graphes-Transactions-rate_tn.png failed for 0:0:0:0:0:FFFF:A9E7:1770, reason: 
"mod_esi: Client not authorized to evaluate: images/graphes-Transactions-rate_tn.png"
[11/Nov/2015:04:55:30 -0000] access to /es/images/graphes-Size-rate_tn.png failed for 0:0:0:0:0:FFFF:A9E7:1770, reason: 
"mod_esi: Client not authorized to evaluate: images/graphes-Size-rate_tn.png"
[11/Nov/2015:04:55:30 -0000] access to /es/images/graphes-Perfs-mean_tn.png failed for 0:0:0:0:0:FFFF:A9E7:1770, reason: 
"mod_esi: Client not authorized to evaluate: images/graphes-Perfs-mean_tn.png"
[11/Nov/2015:04:55:30 -0000] access to /es/images/graphes-Users_Arrival-rate_tn.png failed for 0:0:0:0:0:FFFF:A9E7:1770, reason: 
"mod_esi: Client not authorized to evaluate: images/graphes-Users_Arrival-rate_tn.png"
[11/Nov/2015:04:55:30 -0000] access to /es/images/graphes-Perfs-rate_tn.png failed for 0:0:0:0:0:FFFF:A9E7:1770, reason: 
"mod_esi: Client not authorized to evaluate: images/graphes-Perfs-rate_tn.png"
[11/Nov/2015:04:55:30 -0000] access to /es/images/graphes-Users-simultaneous_tn.png failed for 0:0:0:0:0:FFFF:A9E7:1770, reason: 
"mod_esi: Client not authorized to evaluate: images/graphes-Users-simultaneous_tn.png"
[11/Nov/2015:04:55:30 -0000] access to /es/images/graphes-HTTP_CODE-rate_tn.png failed for 0:0:0:0:0:FFFF:A9E7:1770, reason: 
"mod_esi: Client not authorized to evaluate: images/graphes-HTTP_CODE-rate_tn.png"
[11/Nov/2015:04:55:30 -0000] access to /es/images/graphes-load-mean_tn.png failed for 0:0:0:0:0:FFFF:A9E7:1770, reason: 
"mod_esi: Client not authorized to evaluate: images/graphes-load-mean_tn.png"
[11/Nov/2015:04:55:30 -0000] access to /es/images/graphes-freemem-mean_tn.png failed for 0:0:0:0:0:FFFF:A9E7:1770, reason: 
"mod_esi: Client not authorized to evaluate: images/graphes-freemem-mean_tn.png"
[11/Nov/2015:04:55:30 -0000] access to /es/images/graphes-cpu-mean_tn.png failed for 0:0:0:0:0:FFFF:A9E7:1770, reason: 
"mod_esi: Client not authorized to evaluate: images/graphes-cpu-mean_tn.png"
[11/Nov/2015:04:55:30 -0000] access to /es/images/graphes-Transactions-mean_tn.png failed for 0:0:0:0:0:FFFF:A9E7:1770, reason: 
"mod_esi: Client not authorized to evaluate: images/graphes-Transactions-mean_tn.png"
[11/Nov/2015:04:57:36 -0000] access to /assets/ico/favicon.ico failed for 0:0:0:0:0:FFFF:A9E7:1BB7, reason: 
"httpd_file: Can't access /home/ec2-user/.tsung/log/20151111-0451/assets/ico/favicon.ico: File not found"
[11/Nov/2015:04:57:39 -0000] access to /es/images/graphes-Perfs-mean_tn.png failed for 0:0:0:0:0:FFFF:A9E7:1BB7, reason: 
"mod_esi: Client not authorized to evaluate: images/graphes-Perfs-mean_tn.png"
[11/Nov/2015:04:57:39 -0000] access to /es/images/graphes-Transactions-mean_tn.png failed for 0:0:0:0:0:FFFF:A9E7:1BB7, reason: 
"mod_esi: Client not authorized to evaluate: images/graphes-Transactions-mean_tn.png"
[11/Nov/2015:04:57:39 -0000] access to /es/images/graphes-Transactions-rate_tn.png failed for 0:0:0:0:0:FFFF:A9E7:1BB7, reason: 
"mod_esi: Client not authorized to evaluate: images/graphes-Transactions-rate_tn.png"
[11/Nov/2015:04:57:39 -0000] access to /es/images/graphes-Perfs-rate_tn.png failed for 0:0:0:0:0:FFFF:A9E7:1BB7, reason: 
"mod_esi: Client not authorized to evaluate: images/graphes-Perfs-rate_tn.png"
[11/Nov/2015:04:57:39 -0000] access to /es/images/graphes-Users_Arrival-rate_tn.png failed for 0:0:0:0:0:FFFF:A9E7:1BB7, reason: 
"mod_esi: Client not authorized to evaluate: images/graphes-Users_Arrival-rate_tn.png"
[11/Nov/2015:04:57:39 -0000] access to /es/images/graphes-Size-rate_tn.png failed for 0:0:0:0:0:FFFF:A9E7:1BB7, reason: 
"mod_esi: Client not authorized to evaluate: images/graphes-Size-rate_tn.png"
[11/Nov/2015:04:57:40 -0000] access to /es/images/graphes-Users-simultaneous_tn.png failed for 0:0:0:0:0:FFFF:A9E7:1BB7, reason: 
"mod_esi: Client not authorized to evaluate: images/graphes-Users-simultaneous_tn.png"
[11/Nov/2015:04:57:40 -0000] access to /es/images/graphes-cpu-mean_tn.png failed for 0:0:0:0:0:FFFF:A9E7:1BB7, reason: 
"mod_esi: Client not authorized to evaluate: images/graphes-cpu-mean_tn.png"
[11/Nov/2015:04:57:40 -0000] access to /es/images/graphes-load-mean_tn.png failed for 0:0:0:0:0:FFFF:A9E7:1BB7, reason: 
"mod_esi: Client not authorized to evaluate: images/graphes-load-mean_tn.png"
[11/Nov/2015:04:57:40 -0000] access to /es/images/graphes-HTTP_CODE-rate_tn.png failed for 0:0:0:0:0:FFFF:A9E7:1BB7, reason: 
"mod_esi: Client not authorized to evaluate: images/graphes-HTTP_CODE-rate_tn.png"
[11/Nov/2015:04:57:40 -0000] access to /es/images/graphes-freemem-mean_tn.png failed for 0:0:0:0:0:FFFF:A9E7:1BB7, reason: 
"mod_esi: Client not authorized to evaluate: images/graphes-freemem-mean_tn.png"
[11/Nov/2015:04:58:03 -0000] server crash for 0:0:0:0:0:FFFF:A9E7:1770, reason: 
"Error reading request: No request received on keep-alive connection before server side timeout"

[11/Nov/2015:05:00:04 -0000] server crash for 0:0:0:0:0:FFFF:A9E7:1770, reason: 
"Error reading request: No request received on keep-alive connection before server side timeout"

[11/Nov/2015:05:00:04 -0000] server crash for 0:0:0:0:0:FFFF:A9E7:1770, reason: 
"Error reading request: No request received on keep-alive connection before server side timeout"

[11/Nov/2015:05:00:04 -0000] server crash for 0:0:0:0:0:FFFF:A9E7:1770, reason: 
"Error reading request: No request received on keep-alive connection before server side timeout"

[11/Nov/2015:05:00:04 -0000] server crash for 0:0:0:0:0:FFFF:A9E7:1770, reason: 
"Error reading request: No request received on keep-alive connection before server side timeout"

[11/Nov/2015:05:00:06 -0000] server crash for 0:0:0:0:0:FFFF:A9E7:1770, reason: 
"Error reading request: No request received on keep-alive connection before server side timeout"

[11/Nov/2015:05:04:53 -0000] access to /assets/ico/favicon.ico failed for 0:0:0:0:0:FFFF:A9E7:439, reason: 
"httpd_file: Can't access /home/ec2-user/.tsung/log/20151111-0451/assets/ico/favicon.ico: File not found"
[11/Nov/2015:05:05:14 -0000] access to /favicon.ico failed for 0:0:0:0:0:FFFF:A9E7:439, reason: 
"httpd_file: Can't access /home/ec2-user/.tsung/log/20151111-0451/favicon.ico: File not found"
[11/Nov/2015:05:05:23 -0000] access to /es/images/graphes-Transactions-mean_tn.png failed for 0:0:0:0:0:FFFF:A9E7:439, reason: 
"mod_esi: Client not authorized to evaluate: images/graphes-Transactions-mean_tn.png"
[11/Nov/2015:05:05:23 -0000] access to /es/images/graphes-Perfs-mean_tn.png failed for 0:0:0:0:0:FFFF:A9E7:439, reason: 
"mod_esi: Client not authorized to evaluate: images/graphes-Perfs-mean_tn.png"
[11/Nov/2015:05:05:23 -0000] access to /es/images/graphes-Transactions-rate_tn.png failed for 0:0:0:0:0:FFFF:A9E7:439, reason: 
"mod_esi: Client not authorized to evaluate: images/graphes-Transactions-rate_tn.png"
[11/Nov/2015:05:05:23 -0000] access to /es/images/graphes-Perfs-rate_tn.png failed for 0:0:0:0:0:FFFF:A9E7:439, reason: 
"mod_esi: Client not authorized to evaluate: images/graphes-Perfs-rate_tn.png"
[11/Nov/2015:05:05:23 -0000] access to /es/images/graphes-Size-rate_tn.png failed for 0:0:0:0:0:FFFF:A9E7:439, reason: 
"mod_esi: Client not authorized to evaluate: images/graphes-Size-rate_tn.png"
[11/Nov/2015:05:05:23 -0000] access to /es/images/graphes-cpu-mean_tn.png failed for 0:0:0:0:0:FFFF:A9E7:439, reason: 
"mod_esi: Client not authorized to evaluate: images/graphes-cpu-mean_tn.png"
[11/Nov/2015:05:05:23 -0000] access to /es/images/graphes-Users_Arrival-rate_tn.png failed for 0:0:0:0:0:FFFF:A9E7:439, reason: 
"mod_esi: Client not authorized to evaluate: images/graphes-Users_Arrival-rate_tn.png"
[11/Nov/2015:05:05:23 -0000] access to /es/images/graphes-load-mean_tn.png failed for 0:0:0:0:0:FFFF:A9E7:439, reason: 
"mod_esi: Client not authorized to evaluate: images/graphes-load-mean_tn.png"
[11/Nov/2015:05:05:23 -0000] access to /es/images/graphes-freemem-mean_tn.png failed for 0:0:0:0:0:FFFF:A9E7:439, reason: 
"mod_esi: Client not authorized to evaluate: images/graphes-freemem-mean_tn.png"
[11/Nov/2015:05:05:23 -0000] access to /es/images/graphes-HTTP_CODE-rate_tn.png failed for 0:0:0:0:0:FFFF:A9E7:439, reason: 
"mod_esi: Client not authorized to evaluate: images/graphes-HTTP_CODE-rate_tn.png"
[11/Nov/2015:05:05:23 -0000] access to /es/images/graphes-Users-simultaneous_tn.png failed for 0:0:0:0:0:FFFF:A9E7:439, reason: 
"mod_esi: Client not authorized to evaluate: images/graphes-Users-simultaneous_tn.png"
[11/Nov/2015:05:05:23 -0000] access to /favicon.ico failed for 0:0:0:0:0:FFFF:A9E7:439, reason: 
"httpd_file: Can't access /home/ec2-user/.tsung/log/20151111-0451/favicon.ico: File not found"
[11/Nov/2015:05:07:53 -0000] server crash for 0:0:0:0:0:FFFF:A9E7:439, reason: 
"Error reading request: No request received on keep-alive connection before server side timeout"

[11/Nov/2015:05:08:05 -0000] server crash for 0:0:0:0:0:FFFF:A9E7:439, reason: 
"Error reading request: No request received on keep-alive connection before server side timeout"

[11/Nov/2015:05:08:05 -0000] server crash for 0:0:0:0:0:FFFF:A9E7:439, reason: 
"Error reading request: No request received on keep-alive connection before server side timeout"

[11/Nov/2015:05:08:05 -0000] server crash for 0:0:0:0:0:FFFF:A9E7:439, reason: 
"Error reading request: No request received on keep-alive connection before server side timeout"

[11/Nov/2015:05:08:05 -0000] server crash for 0:0:0:0:0:FFFF:A9E7:439, reason: 
"Error reading request: No request received on keep-alive connection before server side timeout"

[11/Nov/2015:05:08:05 -0000] server crash for 0:0:0:0:0:FFFF:A9E7:439, reason: 
"Error reading request: No request received on keep-alive connection before server side timeout"

[11/Nov/2015:05:09:01 -0000] server crash for 0:0:0:0:0:FFFF:A9E7:439, reason: 
"Error reading request: No request received on keep-alive connection before server side timeout"

[11/Nov/2015:05:12:16 -0000] server crash for 0:0:0:0:0:FFFF:A9E7:439, reason: 
"Error reading request: No request received on keep-alive connection before server side timeout"

[11/Nov/2015:05:12:16 -0000] server crash for 0:0:0:0:0:FFFF:A9E7:439, reason: 
"Error reading request: No request received on keep-alive connection before server side timeout"

[11/Nov/2015:05:12:16 -0000] server crash for 0:0:0:0:0:FFFF:A9E7:439, reason: 
"Error reading request: No request received on keep-alive connection before server side timeout"

[11/Nov/2015:05:12:16 -0000] server crash for 0:0:0:0:0:FFFF:A9E7:439, reason: 
"Error reading request: No request received on keep-alive connection before server side timeout"

[11/Nov/2015:05:12:18 -0000] server crash for 0:0:0:0:0:FFFF:A9E7:439, reason: 
"Error reading request: No request received on keep-alive connection before server side timeout"

