# stats: dump at 1447217518
stats: users 5 5
stats: {cpu,"tsung_controller@ip-172-30-3-110"} 1 12.861110798745038 0 12.861110798745038 12.861110798745038 0 0
stats: {load,"tsung_controller@ip-172-30-3-110"} 1 0.0 0 0.0 0.0 0 0
stats: {freemem,"tsung_controller@ip-172-30-3-110"} 1 3173.0859375 0 3173.0859375 3173.0859375 0 0
stats: session 1 1505.223876953125 0 1505.223876953125 1505.223876953125 0 0
stats: users_count 6 6
stats: finish_users_count 1 1
stats: request 11 318.2235218394886 264.2529198932199 718.64794921875 26.554931640625 0 0
stats: connect 5 23.280419921875 44.94943179666757 113.17919921875 0.745849609375 0 0
stats: page 8 437.67620849609375 264.50977841067464 783.405029296875 26.64599609375 0 0
stats: 302 3 3
stats: 200 8 8
stats: size_rcv 157060 157060
stats: size_sent 5037 5037
stats: connected 4 4
# stats: dump at 1447217528
stats: users 4 10
stats: {recvpackets,"tsung_controller@ip-172-30-3-110"} 1 178 0 178 178 0 0
stats: {sentpackets,"tsung_controller@ip-172-30-3-110"} 1 117 0 117 117 0 0
stats: {cpu,"tsung_controller@ip-172-30-3-110"} 1 2.561576354679803 0.0 12.861110798745038 2.561576354679803 12.861110798745038 1
stats: {load,"tsung_controller@ip-172-30-3-110"} 1 0.0 0.0 0.0 0.0 0.0 1
stats: {freemem,"tsung_controller@ip-172-30-3-110"} 1 3173.328125 0.0 3173.328125 3173.0859375 3173.0859375 1
stats: session 6 8214.442016601563 3096.71980846427 11415.656982421875 1505.223876953125 1505.223876953125 1
stats: users_count 5 11
stats: finish_users_count 6 7
stats: request 43 395.2350165788517 468.31529882429317 2151.85205078125 8.19482421875 318.2235218394886 11
stats: connect 6 0.8194986979166666 0.07661176208239197 113.17919921875 0.70703125 23.280419921875 5
stats: page 39 435.7789713541666 529.3894458381659 2292.8671875 8.19482421875 437.67620849609375 8
stats: 302 21 24
stats: 200 22 30
stats: size_rcv 252447 409507
stats: size_sent 27368 32405
stats: connected 1 5
# stats: dump at 1447217538
stats: users 9 10
stats: {recvpackets,"tsung_controller@ip-172-30-3-110"} 1 342.0 0.0 342 178 178.0 1
stats: {sentpackets,"tsung_controller@ip-172-30-3-110"} 1 281.0 0.0 281 117 117.0 1
stats: {cpu,"tsung_controller@ip-172-30-3-110"} 1 1.477832512315271 0.0 12.861110798745038 1.477832512315271 7.71134357671242 2
stats: {load,"tsung_controller@ip-172-30-3-110"} 1 0.0 0.0 0.0 0.0 0.0 2
stats: {freemem,"tsung_controller@ip-172-30-3-110"} 1 3172.01171875 0.0 3173.328125 3172.01171875 3173.20703125 2
stats: session 4 10619.195739746094 3232.9322002220415 14621.35205078125 1505.223876953125 7255.982282366072 7
stats: users_count 9 20
stats: finish_users_count 4 11
stats: request 36 167.031012641059 166.74796191883158 2151.85205078125 8.19482421875 379.5474898726851 54
stats: connect 9 0.8589409722222222 0.05689480952160119 113.17919921875 0.70703125 11.029008345170455 11
stats: page 33 182.2205625591856 168.28751661177745 2292.8671875 8.19482421875 436.1019053357712 47
stats: 302 16 40
stats: 200 20 50
stats: size_rcv 285939 695446
stats: size_sent 19431 51836
stats: connected 4 9
# stats: dump at 1447217548
stats: users 14 14
stats: {recvpackets,"tsung_controller@ip-172-30-3-110"} 1 346.0 0.0 346 178 260.0 2
stats: {sentpackets,"tsung_controller@ip-172-30-3-110"} 1 294.0 0.0 294 117 199.0 2
stats: {cpu,"tsung_controller@ip-172-30-3-110"} 1 1.2833168805528135 0.0 12.861110798745038 1.2833168805528135 5.633506555246704 3
stats: {load,"tsung_controller@ip-172-30-3-110"} 1 0.0 0.0 0.0 0.0 0.0 3
stats: {freemem,"tsung_controller@ip-172-30-3-110"} 1 3172.125 0.0 3173.328125 3172.01171875 3172.80859375 3
stats: session 10 8881.65771484375 6944.86224827521 23802.7890625 1046.4169921875 8478.968994140625 11
stats: users_count 15 35
stats: finish_users_count 10 21
stats: request 67 275.3572834071828 293.8286853395782 2151.85205078125 6.8271484375 294.5408989800347 90
stats: connect 14 0.7704554966517857 0.09114311166004718 113.17919921875 0.6240234375 6.45247802734375 20
stats: page 55 335.44663529829546 315.70546683870344 2292.8671875 6.8271484375 331.37585144042964 80
stats: 302 26 66
stats: 200 41 91
stats: size_rcv 519906 1215352
stats: size_sent 40920 92756
stats: connected 4 13
# stats: dump at 1447217558
stats: users 11 15
stats: {recvpackets,"tsung_controller@ip-172-30-3-110"} 1 656.0 0.0 656 178 288.6666666666667 3
stats: {sentpackets,"tsung_controller@ip-172-30-3-110"} 1 436.0 0.0 436 117 230.66666666666666 3
stats: {cpu,"tsung_controller@ip-172-30-3-110"} 1 1.8664047151277015 0.0 12.861110798745038 1.2833168805528135 4.545959136573232 4
stats: {load,"tsung_controller@ip-172-30-3-110"} 1 0.0 0.0 0.0 0.0 0.0 4
stats: {freemem,"tsung_controller@ip-172-30-3-110"} 1 3171.91015625 0.0 3173.328125 3171.91015625 3172.6376953125 4
stats: session 12 9208.762898763021 4858.6146929338 23802.7890625 1046.4169921875 8670.72552780878 21
stats: users_count 9 44
stats: finish_users_count 12 33
stats: request 67 212.66206929221082 220.52618251142744 2151.85205078125 6.8271484375 286.35426048716164 157
stats: connect 10 0.82919921875 0.09699275335791316 113.17919921875 0.618896484375 4.112821691176471 34
stats: page 60 237.47794189453126 235.11234452235243 2292.8671875 6.8271484375 333.0343189380787 135
stats: 302 33 99
stats: 200 34 125
stats: size_rcv 416387 1631739
stats: size_sent 44715 137471
stats: connected 0 13
# stats: dump at 1447217568
stats: users 13 18
stats: {recvpackets,"tsung_controller@ip-172-30-3-110"} 1 570.0 0.0 656 178 380.5 4
stats: {sentpackets,"tsung_controller@ip-172-30-3-110"} 1 434.0 0.0 436 117 282.0 4
stats: {cpu,"tsung_controller@ip-172-30-3-110"} 1 1.4851485148514851 0.0 12.861110798745038 1.2833168805528135 4.010048252284125 5
stats: {load,"tsung_controller@ip-172-30-3-110"} 1 0.0 0.0 0.0 0.0 0.0 5
stats: {freemem,"tsung_controller@ip-172-30-3-110"} 1 3171.6640625 0.0 3173.328125 3171.6640625 3172.4921875 5
stats: session 9 12936.791069878473 7710.6514896818735 26187.203857421875 1046.4169921875 8866.375480883049 33
stats: users_count 11 55
stats: finish_users_count 9 42
stats: request 67 231.88252098880596 263.0104895939597 2151.85205078125 6.8271484375 264.3123997279576 224
stats: connect 11 2.413907137784091 4.867384670457892 113.17919921875 0.618896484375 3.366543856534091 44
stats: page 65 239.01901292067308 264.7504376763725 2292.8671875 6.8271484375 303.6323567708333 195
stats: 302 35 134
stats: 200 32 157
stats: size_rcv 397315 2029054
stats: size_sent 38996 176467
stats: connected 0 13
# stats: dump at 1447217578
stats: users 14 18
stats: {recvpackets,"tsung_controller@ip-172-30-3-110"} 1 467.0 0.0 656 178 418.4 5
stats: {sentpackets,"tsung_controller@ip-172-30-3-110"} 1 400.0 0.0 436 117 312.4 5
stats: {cpu,"tsung_controller@ip-172-30-3-110"} 1 1.7733990147783252 0.0 12.861110798745038 1.2833168805528135 3.5892316293786855 6
stats: {load,"tsung_controller@ip-172-30-3-110"} 1 0.0 0.0 0.0 0.0 0.0 6
stats: {freemem,"tsung_controller@ip-172-30-3-110"} 1 3171.671875 0.0 3173.328125 3171.6640625 3172.3541666666665 6
stats: session 12 13618.051574707031 7140.670046012483 31842.579833984375 1046.4169921875 9738.60739281064 42
stats: users_count 13 68
stats: finish_users_count 12 54
stats: request 64 240.87156295776362 292.06543696872575 2151.85205078125 6.8271484375 256.84572661619416 291
stats: connect 13 0.8419095552884616 0.0655846227285835 113.17919921875 0.618896484375 3.176016512784091 55
stats: page 64 240.87156295776362 292.06543696872575 2292.8671875 6.8271484375 287.4790208082933 260
stats: 302 30 164
stats: 200 34 191
stats: size_rcv 438462 2467516
stats: newphase 1 1
stats: size_sent 37787 214254
stats: connected 2 15
# stats: dump at 1447217588
stats: users 31 31
stats: {recvpackets,"tsung_controller@ip-172-30-3-110"} 1 617.0 0.0 656 178 426.5 6
stats: {sentpackets,"tsung_controller@ip-172-30-3-110"} 1 514.0 0.0 514 117 327.0 6
stats: {cpu,"tsung_controller@ip-172-30-3-110"} 1 1.7769002961500493 0.0 12.861110798745038 1.2833168805528135 3.3298269701500622 7
stats: {load,"tsung_controller@ip-172-30-3-110"} 1 0.0 0.0 0.0 0.0 0.0 7
stats: {freemem,"tsung_controller@ip-172-30-3-110"} 1 3171.44140625 0.0 3173.328125 3171.44140625 3172.2566964285716 7
stats: session 9 14589.111979166666 4631.306554985498 31842.579833984375 1046.4169921875 10600.706099898727 54
stats: users_count 26 94
stats: finish_users_count 9 63
stats: request 79 1083.8566554588608 785.5500234363792 2527.114990234375 6.8271484375 253.96587739326586 355
stats: connect 26 0.8237961989182693 0.11079494367456898 113.17919921875 0.618896484375 2.7297901826746322 68
stats: page 78 1068.3750751201926 778.5021307896183 2527.114990234375 6.8271484375 278.2726093810282 324
stats: 302 30 194
stats: 200 49 240
stats: size_rcv 651337 3118853
stats: newphase 0 1
stats: size_sent 48495 262749
stats: connected 16 31
# stats: dump at 1447217598
stats: users 58 58
stats: {recvpackets,"tsung_controller@ip-172-30-3-110"} 1 849.0 0.0 849 178 453.7142857142857 7
stats: {sentpackets,"tsung_controller@ip-172-30-3-110"} 1 668.0 0.0 668 117 353.7142857142857 7
stats: {cpu,"tsung_controller@ip-172-30-3-110"} 1 2.4533856722276743 0.0 12.861110798745038 1.2833168805528135 3.1357111359000607 8
stats: {load,"tsung_controller@ip-172-30-3-110"} 1 0.0 0.0 0.0 0.0 0.0 8
stats: {freemem,"tsung_controller@ip-172-30-3-110"} 1 3169.80078125 0.0 3173.328125 3169.80078125 3172.15478515625 8
stats: session 4 12575.364501953125 2218.04253869239 31842.579833984375 1046.4169921875 11170.478368365575 63
stats: users_count 31 125
stats: finish_users_count 4 67
stats: request 97 2513.0389945433312 1069.520750178677 4891.875 6.8271484375 405.02894528999855 434
stats: connect 30 0.80126953125 0.11745473273799448 113.17919921875 0.618896484375 2.202600357380319 94
stats: page 89 2560.727218113588 1133.2929626628209 6243.1220703125 6.8271484375 431.5760728826572 402
stats: 302 39 233
stats: 200 58 298
stats: size_rcv 938859 4057712
stats: newphase 0 1
stats: size_sent 63877 326626
stats: connected 26 57
# stats: dump at 1447217608
stats: users 66 67
stats: {recvpackets,"tsung_controller@ip-172-30-3-110"} 1 1042.0 0.0 1042 178 503.125 8
stats: {sentpackets,"tsung_controller@ip-172-30-3-110"} 1 808.0 0.0 808 117 393.0 8
stats: {cpu,"tsung_controller@ip-172-30-3-110"} 1 2.6600985221674875 0.0 12.861110798745038 1.2833168805528135 3.059897195492018 9
stats: {load,"tsung_controller@ip-172-30-3-110"} 1 0.0 0.0 0.0 0.0 0.0 9
stats: {freemem,"tsung_controller@ip-172-30-3-110"} 1 3166.6171875 0.0 3173.328125 3166.6171875 3171.8932291666665 9
stats: session 12 22935.533813476563 3109.7282921654023 31842.579833984375 1046.4169921875 11254.352167385727 67
stats: users_count 20 145
stats: finish_users_count 12 79
stats: request 117 3139.485320262421 765.3963706885829 5194.2490234375 6.8271484375 790.1079938353342 531
stats: connect 21 0.764892578125 0.08461137926312269 113.17919921875 0.615966796875 1.8635687058971775 124
stats: page 102 3512.9564663756128 1679.9627070574209 12625.35498046875 6.8271484375 817.5118201852088 491
stats: 302 56 289
stats: 200 61 359
stats: size_rcv 731681 4789393
stats: newphase 0 1
stats: size_sent 80341 406967
stats: connected 9 66
# stats: dump at 1447217618
stats: users 72 73
stats: {recvpackets,"tsung_controller@ip-172-30-3-110"} 1 904.0 0.0 1042 178 563.0 9
stats: {sentpackets,"tsung_controller@ip-172-30-3-110"} 1 689.0 0.0 808 117 439.1111111111111 9
stats: {cpu,"tsung_controller@ip-172-30-3-110"} 1 2.2682445759368837 0.0 12.861110798745038 1.2833168805528135 3.019917328159565 10
stats: {load,"tsung_controller@ip-172-30-3-110"} 1 0.0 0.0 0.0 0.0 0.0 10
stats: {freemem,"tsung_controller@ip-172-30-3-110"} 1 3165.78125 0.0 3173.328125 3165.78125 3171.365625 10
stats: session 19 26564.18890059622 5179.643899340595 34211.887939453125 1046.4169921875 13028.708873121042 79
stats: users_count 25 170
stats: finish_users_count 19 98
stats: request 111 4450.058540962838 698.9026643871941 6331.723876953125 6.8271484375 1214.3011222180028 648
stats: connect 25 0.7921484375 0.0895613737175263 113.17919921875 0.60498046875 1.704450094288793 145
stats: page 99 4834.254170119159 2021.9384894624257 14953.469970703125 6.8271484375 1281.146481081366 593
stats: 302 44 333
stats: 200 68 427
stats: size_rcv 926858 5716251
stats: newphase 0 1
stats: size_sent 74382 481349
stats: connected 7 73
# stats: dump at 1447217628
stats: users 64 75
stats: {recvpackets,"tsung_controller@ip-172-30-3-110"} 1 1108.0 0.0 1108 178 597.1 10
stats: {sentpackets,"tsung_controller@ip-172-30-3-110"} 1 798.0 0.0 808 117 464.1 10
stats: {cpu,"tsung_controller@ip-172-30-3-110"} 1 2.3645320197044337 0.0 12.861110798745038 1.2833168805528135 2.9515834415938667 11
stats: {load,"tsung_controller@ip-172-30-3-110"} 1 0.0 0.0 0.0 0.0 0.0 11
stats: {freemem,"tsung_controller@ip-172-30-3-110"} 1 3165.14453125 0.0 3173.328125 3165.14453125 3170.8579545454545 11
stats: session 14 32508.138061523438 4209.443025898059 41854.594970703125 1046.4169921875 15652.934592733578 98
stats: users_count 6 176
stats: finish_users_count 14 112
stats: request 86 6811.685529841933 813.430707500099 8895.156982421875 6.8271484375 1687.5146577656665 759
stats: connect 6 0.822509765625 0.0799791918952692 113.17919921875 0.60498046875 1.5702880859375 170
stats: page 63 7351.486525762649 2139.634849633774 19407.364990234375 6.8271484375 1789.466800755848 692
stats: 302 39 372
stats: 200 46 473
stats: size_rcv 674253 6390504
stats: newphase 0 1
stats: size_sent 49770 531119
stats: connected -9 64
# stats: dump at 1447217638
stats: users 36 75
stats: {recvpackets,"tsung_controller@ip-172-30-3-110"} 1 809.0 0.0 1108 178 643.5454545454545 11
stats: {sentpackets,"tsung_controller@ip-172-30-3-110"} 1 607.0 0.0 808 117 494.45454545454544 11
stats: {cpu,"tsung_controller@ip-172-30-3-110"} 1 1.8737672583826428 0.0 12.861110798745038 1.2833168805528135 2.9026624897697473 12
stats: {load,"tsung_controller@ip-172-30-3-110"} 1 0.0 0.0 0.0 0.0 0.0 12
stats: {freemem,"tsung_controller@ip-172-30-3-110"} 1 3163.8203125 0.0 3173.328125 3163.8203125 3170.3818359375 12
stats: session 28 32843.79074532644 7360.073987706335 43374.882080078125 1046.4169921875 17759.835026332312 112
stats: users_count 0 176
stats: finish_users_count 28 140
stats: request 132 3800.845201896898 1607.9503962528236 8895.156982421875 6.8271484375 2209.027906284671 845
stats: connect 0 0 0 113.17919921875 0.60498046875 1.544795643199574 176
stats: page 120 5557.430133056641 4897.038673938314 21205.7890625 6.8271484375 2253.582353968336 755
stats: 302 75 447
stats: 200 57 530
stats: size_rcv 664883 7055387
stats: newphase 0 1
stats: size_sent 81736 612855
stats: connected -27 37
# stats: dump at 1447217648
stats: users 5 75
stats: {recvpackets,"tsung_controller@ip-172-30-3-110"} 1 835.0 0.0 1108 178 657.3333333333334 12
stats: {sentpackets,"tsung_controller@ip-172-30-3-110"} 1 596.0 0.0 808 117 503.8333333333333 12
stats: {cpu,"tsung_controller@ip-172-30-3-110"} 1 1.7733990147783252 0.0 12.861110798745038 1.2833168805528135 2.82351670273997 13
stats: {load,"tsung_controller@ip-172-30-3-110"} 1 0.0 0.0 0.0 0.0 0.0 13
stats: {freemem,"tsung_controller@ip-172-30-3-110"} 1 3163.69921875 0.0 3173.328125 3163.69921875 3169.8771033653848 13
stats: session 31 33118.73932869204 6099.44153615178 46988.870849609375 1046.4169921875 20776.626170131138 140
stats: users_count 0 176
stats: finish_users_count 31 171
stats: request 63 2522.025161985366 1055.1161819399872 8895.156982421875 6.8271484375 2424.094316746098 977
stats: connect 0 0 0 113.17919921875 0.60498046875 1.544795643199574 176
stats: page 58 2739.4465542497305 1101.1979926564975 21205.7890625 6.8271484375 2706.6814779575893 875
stats: 302 47 494
stats: 200 16 546
stats: size_rcv 105697 7161084
stats: newphase 0 1
stats: size_sent 32993 645848
stats: connected -32 5
# stats: dump at 1447217657
stats: users 0 75
stats: {recvpackets,"tsung_controller@ip-172-30-3-110"} 1 252.0 0.0 1108 178 671.0 13
stats: {sentpackets,"tsung_controller@ip-172-30-3-110"} 1 228.0 0.0 808 117 510.9230769230769 13
stats: {cpu,"tsung_controller@ip-172-30-3-110"} 1 1.4792899408284024 0.0 12.861110798745038 1.2833168805528135 2.7485082964569956 14
stats: {load,"tsung_controller@ip-172-30-3-110"} 1 0.0703125 0.0 0.0703125 0.0 0.0 14
stats: {freemem,"tsung_controller@ip-172-30-3-110"} 1 3163.72265625 0.0 3173.328125 3163.69921875 3169.4358258928573 14
stats: session 5 34947.35302734375 6983.058834574078 47383.220947265625 1046.4169921875 23014.08528074744 171
stats: users_count 0 176
stats: finish_users_count 5 176
stats: request 7 172.30869838169642 107.91883676541659 8895.156982421875 6.8271484375 2430.026666025015 1040
stats: connect 0 0 0 113.17919921875 0.60498046875 1.544795643199574 176
stats: page 7 172.30869838169642 107.91883676541659 21205.7890625 6.8271484375 2708.7183208567794 933
stats: 302 5 499
stats: 200 2 548
stats: size_rcv 11566 7172650
stats: newphase 0 1
stats: size_sent 5933 651781
stats: connected -5 0
EndMonitor:{1447,217657,104599}
