
=INFO REPORT==== 11-Nov-2015::04:51:48 ===
    ts_config_server:(5:<0.72.0>) Config server started, logdir is "/home/ec2-user/.tsung/log/20151111-0451"
 
=INFO REPORT==== 11-Nov-2015::04:51:48 ===
              ts_mon:(5:<0.54.0>) starting monitor, global 

=INFO REPORT==== 11-Nov-2015::04:51:48 ===
           ts_config:(5:<0.72.0>) Reading config file: tsung.xml

=INFO REPORT==== 11-Nov-2015::04:51:48 ===
      ts_config_http:(4:<0.72.0>) Get user agent: 100 "Mozilla/5.0 (Windows; U; Windows NT 5.2; fr-FR; rv:1.7.8) Gecko/20050511 Firefox/1.0.4" 

=INFO REPORT==== 11-Nov-2015::04:51:48 ===
           ts_config:(5:<0.72.0>) Session name for id 1 is "User login and buy product"

=INFO REPORT==== 11-Nov-2015::04:51:48 ===
           ts_config:(5:<0.72.0>) Session name for id 2 is "Seller edit products"

=INFO REPORT==== 11-Nov-2015::04:51:48 ===
           ts_config:(5:<0.72.0>) Session name for id 3 is "Seller put product on sale"

=INFO REPORT==== 11-Nov-2015::04:51:48 ===
    ts_config_server:(4:<0.72.0>) SYSINFO:Tsung version: 1.6.0

=INFO REPORT==== 11-Nov-2015::04:51:48 ===
    ts_config_server:(4:<0.72.0>) SYSINFO:Erlang version: Erlang R14B04 (erts-5.8.5) [source] [64-bit] [rq:1] [async-threads:8] [kernel-poll:true]


=INFO REPORT==== 11-Nov-2015::04:51:48 ===
    ts_config_server:(4:<0.72.0>) SYSINFO:System architecture x86_64-redhat-linux-gnu

=INFO REPORT==== 11-Nov-2015::04:51:48 ===
    ts_config_server:(4:<0.72.0>) SYSINFO:Current path: /usr/lib/erlang/lib/tsung-1.6.0/ebin/tsung.beam

=INFO REPORT==== 11-Nov-2015::04:51:48 ===
              ts_mon:(5:<0.73.0>) Activate clients with text backend

=INFO REPORT==== 11-Nov-2015::04:51:48 ===
              ts_mon:(5:<0.73.0>) Starting tsung clients on hosts: [localhost]

=INFO REPORT==== 11-Nov-2015::04:51:48 ===
    ts_config_server:(5:<0.72.0>) Start a launcher on the controller beam localhost

=INFO REPORT==== 11-Nov-2015::04:51:48 ===
  ts_launcher_static:(5:<0.128.0>) Launch msg receive ("localhost")

=INFO REPORT==== 11-Nov-2015::04:51:48 ===
         ts_launcher:(5:<0.129.0>) Launch msg receive ("localhost")

=INFO REPORT==== 11-Nov-2015::04:51:48 ===
    ts_config_server:(5:<0.72.0>) All remote beams started, syncing 

=INFO REPORT==== 11-Nov-2015::04:51:48 ===
    ts_config_server:(5:<0.72.0>) Undefined ports_range config 

=INFO REPORT==== 11-Nov-2015::04:51:48 ===
    ts_config_server:(5:<0.72.0>) New arrival phase 1 for client "localhost" (last ? true): will start 60 users

=INFO REPORT==== 11-Nov-2015::04:51:48 ===
    ts_config_server:(5:<0.72.0>) New arrival phase 2 for client "localhost" (last ? true): will start 120 users

=INFO REPORT==== 11-Nov-2015::04:51:48 ===
         ts_launcher:(5:<0.129.0>) Expected duration of first phase: 60.0 sec (60 users) 

=INFO REPORT==== 11-Nov-2015::04:51:49 ===
         ts_launcher:(5:<0.129.0>) Activate launcher (60 users) in 672 msec 

=INFO REPORT==== 11-Nov-2015::04:52:50 ===
         ts_launcher:(5:<0.129.0>) Phase duration exceeded, but not all users were launched (4 users, 6.7% of phase)

=INFO REPORT==== 11-Nov-2015::04:52:50 ===
         ts_launcher:(5:<0.129.0>) Start a new arrival phase (120 users, 0.002); expected duration=60.0 sec

=INFO REPORT==== 11-Nov-2015::04:53:41 ===
         ts_launcher:(5:<0.129.0>) This was the last phase, wait for connected users to finish their session

=INFO REPORT==== 11-Nov-2015::04:54:16 ===
     ts_launcher_mgr:(5:<0.123.0>) No more active users 'tsung_controller@ip-172-30-3-110' "6179"
