# stats: dump at 1447973599
stats: users 11 11
stats: {cpu,"tsung_controller@ip-172-30-3-176"} 1 2.6975809929473273 0 2.6975809929473273 2.6975809929473273 0 0
stats: {load,"tsung_controller@ip-172-30-3-176"} 1 0.078125 0 0.078125 0.078125 0 0
stats: {freemem,"tsung_controller@ip-172-30-3-176"} 1 3168.64453125 0 3168.64453125 3168.64453125 0 0
stats: users_count 11 11
stats: finish_users_count 0 0
stats: request 25 106.536748046875 123.91937297828797 436.738037109375 8.94091796875 0 0
stats: connect 10 12.9069091796875 32.84919618011591 111.43115234375 1.489013671875 0 0
stats: page 24 110.97861735026042 124.73426335580207 436.738037109375 8.974853515625 0 0
stats: 302 7 7
stats: 200 18 18
stats: size_rcv 290716 290716
stats: size_sent 13644 13644
stats: connected 10 10
# stats: dump at 1447973609
stats: users 12 15
stats: {recvpackets,"tsung_controller@ip-172-30-3-176"} 1 353 0 353 353 0 0
stats: {sentpackets,"tsung_controller@ip-172-30-3-176"} 1 244 0 244 244 0 0
stats: {cpu,"tsung_controller@ip-172-30-3-176"} 1 1.6815034619188922 0.0 2.6975809929473273 1.6815034619188922 2.6975809929473273 1
stats: {load,"tsung_controller@ip-172-30-3-176"} 1 0.0703125 0.0 0.078125 0.0703125 0.078125 1
stats: {freemem,"tsung_controller@ip-172-30-3-176"} 1 3167.7109375 0.0 3168.64453125 3167.7109375 3168.64453125 1
stats: session 10 9014.626635742188 4091.953437769561 17584.467041015625 4630.677001953125 0 0
stats: users_count 11 22
stats: finish_users_count 10 10
stats: request 76 174.23921926398026 246.07314422024285 1221.405029296875 8.1708984375 106.536748046875 25
stats: connect 12 1.545654296875 0.07576342238637969 111.43115234375 1.3720703125 12.9069091796875 10
stats: page 72 183.92252265082465 251.00405169788965 1221.405029296875 8.1708984375 110.97861735026042 24
stats: 302 37 44
stats: 200 39 57
stats: size_rcv 648133 938849
stats: size_sent 61798 75442
stats: connected 2 12
# stats: dump at 1447973619
stats: users 9 15
stats: {recvpackets,"tsung_controller@ip-172-30-3-176"} 1 745.0 0.0 745 353 353.0 1
stats: {sentpackets,"tsung_controller@ip-172-30-3-176"} 1 512.0 0.0 512 244 244.0 1
stats: {cpu,"tsung_controller@ip-172-30-3-176"} 1 1.3875123885034688 0.0 2.6975809929473273 1.3875123885034688 2.18954222743311 2
stats: {load,"tsung_controller@ip-172-30-3-176"} 1 0.05859375 0.0 0.078125 0.05859375 0.07421875 2
stats: {freemem,"tsung_controller@ip-172-30-3-176"} 1 3166.359375 0.0 3168.64453125 3166.359375 3168.177734375 2
stats: session 16 10465.781295776367 4415.874180720628 18293.095947265625 4630.677001953125 9014.626635742188 10
stats: users_count 13 35
stats: finish_users_count 16 26
stats: request 77 328.8182135247565 466.0344080157824 2105.968994140625 8.1708984375 157.4811818340037 101
stats: connect 13 1.5358511117788463 0.07345433556668003 111.43115234375 1.3720703125 6.7098610617897725 22
stats: page 71 356.61035156250017 482.20297670588883 2105.968994140625 8.1708984375 165.6865463256836 96
stats: 302 34 78
stats: 200 43 100
stats: size_rcv 841624 1780473
stats: size_sent 64232 139674
stats: connected -2 10
# stats: dump at 1447973629
stats: users 11 15
stats: {recvpackets,"tsung_controller@ip-172-30-3-176"} 1 930.0 0.0 930 353 549.0 2
stats: {sentpackets,"tsung_controller@ip-172-30-3-176"} 1 582.0 0.0 582 244 378.0 2
stats: {cpu,"tsung_controller@ip-172-30-3-176"} 1 1.1928429423459244 0.0 2.6975809929473273 1.1928429423459244 1.9221989477898962 3
stats: {load,"tsung_controller@ip-172-30-3-176"} 1 0.05078125 0.0 0.078125 0.05078125 0.06901041666666667 3
stats: {freemem,"tsung_controller@ip-172-30-3-176"} 1 3166.24609375 0.0 3168.64453125 3166.24609375 3167.5716145833335 3
stats: session 9 8693.181803385416 3604.527038429837 18293.095947265625 3323.906982421875 9907.644888070914 26
stats: users_count 11 46
stats: finish_users_count 9 35
stats: request 60 170.18712158203124 199.2331567966196 2105.968994140625 8.1708984375 231.59888655416083 178
stats: connect 11 1.50439453125 0.06683618422154067 111.43115234375 1.3720703125 4.7880859375 35
stats: page 57 179.14700692160088 203.33578320077885 2105.968994140625 8.1708984375 246.85774495930025 167
stats: 302 29 107
stats: 200 31 131
stats: size_rcv 590258 2370731
stats: size_sent 47366 187040
stats: connected 2 12
# stats: dump at 1447973639
stats: users 11 15
stats: {recvpackets,"tsung_controller@ip-172-30-3-176"} 1 546.0 0.0 930 353 676.0 3
stats: {sentpackets,"tsung_controller@ip-172-30-3-176"} 1 395.0 0.0 582 244 446.0 3
stats: {cpu,"tsung_controller@ip-172-30-3-176"} 1 1.1892963330029733 0.0 2.6975809929473273 1.1892963330029733 1.7398599464289033 4
stats: {load,"tsung_controller@ip-172-30-3-176"} 1 0.0390625 0.0 0.078125 0.0390625 0.064453125 4
stats: {freemem,"tsung_controller@ip-172-30-3-176"} 1 3166.28515625 0.0 3168.64453125 3166.24609375 3167.240234375 4
stats: session 7 11833.79799107143 7150.087138259962 28378.362060546875 3323.906982421875 9595.354380580357 35
stats: users_count 7 53
stats: finish_users_count 7 42
stats: request 48 163.5254720052083 245.25694308483298 2105.968994140625 8.1708984375 216.11692899816177 238
stats: connect 6 1.49951171875 0.13781718458775788 111.43115234375 1.20703125 4.0028553838315215 46
stats: page 46 170.6371008831522 248.38306535490167 2105.968994140625 8.1708984375 229.62778036934995 224
stats: 302 23 130
stats: 200 25 156
stats: size_rcv 267833 2638564
stats: size_sent 36027 223067
stats: connected -2 10
# stats: dump at 1447973649
stats: users 6 15
stats: {recvpackets,"tsung_controller@ip-172-30-3-176"} 1 383.0 0.0 930 353 643.5 4
stats: {sentpackets,"tsung_controller@ip-172-30-3-176"} 1 303.0 0.0 582 244 433.25 4
stats: {cpu,"tsung_controller@ip-172-30-3-176"} 1 1.0880316518298714 0.0 2.6975809929473273 1.0880316518298714 1.6297472237437174 5
stats: {load,"tsung_controller@ip-172-30-3-176"} 1 0.0390625 0.0 0.078125 0.0390625 0.059375 5
stats: {freemem,"tsung_controller@ip-172-30-3-176"} 1 3166.296875 0.0 3168.64453125 3166.24609375 3167.04921875 5
stats: session 10 13349.413696289063 6852.015090402807 28378.362060546875 2670.85400390625 9968.428315662202 42
stats: users_count 5 58
stats: finish_users_count 10 52
stats: request 49 385.7177036830357 572.6999608633159 2448.628173828125 8.1708984375 207.29039076158216 286
stats: connect 6 1.5719401041666667 0.09744511137960896 111.43115234375 1.20703125 3.714008037860577 52
stats: page 41 460.9901569645579 620.9426416828493 2448.628173828125 8.1708984375 219.57751645688663 270
stats: 302 22 152
stats: 200 27 183
stats: size_rcv 825421 3463985
stats: size_sent 45675 268742
stats: connected -3 7
# stats: dump at 1447973659
stats: users 11 15
stats: {recvpackets,"tsung_controller@ip-172-30-3-176"} 1 758.0 0.0 930 353 591.4 5
stats: {sentpackets,"tsung_controller@ip-172-30-3-176"} 1 393.0 0.0 582 244 407.2 5
stats: {cpu,"tsung_controller@ip-172-30-3-176"} 1 0.992063492063492 0.0 2.6975809929473273 0.992063492063492 1.5394612950914095 6
stats: {load,"tsung_controller@ip-172-30-3-176"} 1 0.03125 0.0 0.078125 0.03125 0.055989583333333336 6
stats: {freemem,"tsung_controller@ip-172-30-3-176"} 1 3167.60546875 0.0 3168.64453125 3166.24609375 3166.923828125 6
stats: session 10 8177.378979492188 4211.803497691919 28378.362060546875 2670.85400390625 10618.617811936598 52
stats: users_count 15 73
stats: finish_users_count 10 62
stats: request 65 208.68241060697116 239.9202363482279 2448.628173828125 8.1708984375 233.38871414412313 335
stats: connect 13 1.7986027644230769 0.749048237168483 111.43115234375 1.20703125 3.4924148033405173 58
stats: page 56 242.22952706473228 266.5820511470272 2448.628173828125 8.1708984375 251.40362018940922 311
stats: 302 27 179
stats: 200 38 221
stats: size_rcv 1039098 4503083
stats: newphase 1 1
stats: size_sent 49025 317767
stats: connected 2 9
# stats: dump at 1447973669
stats: users 29 29
stats: {recvpackets,"tsung_controller@ip-172-30-3-176"} 1 1216.0 0.0 1216 353 619.1666666666666 6
stats: {sentpackets,"tsung_controller@ip-172-30-3-176"} 1 714.0 0.0 714 244 404.8333333333333 6
stats: {cpu,"tsung_controller@ip-172-30-3-176"} 1 1.4851485148514851 0.0 2.6975809929473273 0.992063492063492 1.4612616089445642 7
stats: {load,"tsung_controller@ip-172-30-3-176"} 1 0.03125 0.0 0.078125 0.03125 0.052455357142857144 7
stats: {freemem,"tsung_controller@ip-172-30-3-176"} 1 3166.5234375 0.0 3168.64453125 3166.24609375 3167.0212053571427 7
stats: session 12 7687.080810546875 3238.895717448448 28378.362060546875 2670.85400390625 10224.869613155242 62
stats: users_count 30 103
stats: finish_users_count 12 74
stats: request 130 445.52097355769223 628.6243518397272 3936.515869140625 8.1708984375 229.37393981933593 400
stats: connect 30 1.5464111328125 0.29433116474429166 111.43115234375 1.20703125 3.182280204665493 71
stats: page 110 526.5332430752841 675.8170992367375 3936.515869140625 8.1708984375 250.00375856820511 367
stats: 302 47 226
stats: 200 83 304
stats: size_rcv 1968324 6471407
stats: newphase 0 1
stats: size_sent 102507 420274
stats: connected 18 27
# stats: dump at 1447973679
stats: users 33 39
stats: {recvpackets,"tsung_controller@ip-172-30-3-176"} 1 1979.0 0.0 1979 353 704.4285714285714 7
stats: {sentpackets,"tsung_controller@ip-172-30-3-176"} 1 1219.0 0.0 1219 244 449.0 7
stats: {cpu,"tsung_controller@ip-172-30-3-176"} 1 1.6966067864271457 0.0 2.6975809929473273 0.992063492063492 1.4642474721829293 8
stats: {load,"tsung_controller@ip-172-30-3-176"} 1 0.01953125 0.0 0.078125 0.01953125 0.0498046875 8
stats: {freemem,"tsung_controller@ip-172-30-3-176"} 1 3163.02734375 0.0 3168.64453125 3163.02734375 3166.958984375 8
stats: session 16 12493.59440612793 3778.774479013534 28378.362060546875 2670.85400390625 9813.336293813345 74
stats: users_count 20 123
stats: finish_users_count 16 90
stats: request 152 958.3684676320929 989.9964095746218 4941.412109375 8.1708984375 282.39113677402713 530
stats: connect 22 1.4798362038352273 0.11386966435762375 111.43115234375 1.20703125 2.696378500154703 101
stats: page 141 1033.1386597545436 1053.3819112262786 4941.412109375 8.1708984375 313.77366065579145 477
stats: 302 69 295
stats: 200 83 387
stats: size_rcv 1488947 7960354
stats: newphase 0 1
stats: size_sent 126037 546311
stats: connected 6 33
# stats: dump at 1447973689
stats: users 20 39
stats: {recvpackets,"tsung_controller@ip-172-30-3-176"} 1 1247.0 0.0 1979 353 863.75 8
stats: {sentpackets,"tsung_controller@ip-172-30-3-176"} 1 897.0 0.0 1219 244 545.25 8
stats: {cpu,"tsung_controller@ip-172-30-3-176"} 1 1.3958125623130608 0.0 2.6975809929473273 0.992063492063492 1.4900651737656199 9
stats: {load,"tsung_controller@ip-172-30-3-176"} 1 0.01953125 0.0 0.078125 0.01953125 0.046440972222222224 9
stats: {freemem,"tsung_controller@ip-172-30-3-176"} 1 3161.9375 0.0 3168.64453125 3161.9375 3166.5221354166665 9
stats: session 25 14018.867578125 3345.828596164772 28378.362060546875 2670.85400390625 10289.826624891493 90
stats: users_count 12 135
stats: finish_users_count 25 115
stats: request 89 832.4438257110252 1255.218265182489 5221.929931640625 8.1708984375 433.0488410121884 682
stats: connect 12 1.5288492838541667 0.1423204727113782 111.43115234375 1.20703125 2.4787855691056913 123
stats: page 84 881.997189476376 1280.0777206491227 5221.929931640625 8.1708984375 477.90062646958444 618
stats: 302 45 340
stats: 200 44 431
stats: size_rcv 807521 8767875
stats: newphase 0 1
stats: size_sent 77633 623944
stats: connected -12 21
# stats: dump at 1447973699
stats: users 21 39
stats: {recvpackets,"tsung_controller@ip-172-30-3-176"} 1 1010.0 0.0 1979 353 906.3333333333334 9
stats: {sentpackets,"tsung_controller@ip-172-30-3-176"} 1 733.0 0.0 1219 244 584.3333333333334 9
stats: {cpu,"tsung_controller@ip-172-30-3-176"} 1 1.294820717131474 0.0 2.6975809929473273 0.992063492063492 1.480639912620364 10
stats: {load,"tsung_controller@ip-172-30-3-176"} 1 0.01953125 0.0 0.078125 0.01953125 0.04375 10
stats: {freemem,"tsung_controller@ip-172-30-3-176"} 1 3161.81640625 0.0 3168.64453125 3161.81640625 3166.063671875 10
stats: session 18 12398.81647406684 7059.453268437575 32691.304931640625 2670.85400390625 11100.487701681386 115
stats: users_count 19 154
stats: finish_users_count 18 133
stats: request 111 415.150461007883 620.2896946080215 5221.929931640625 8.1708984375 479.1528016324173 771
stats: connect 19 1.560752467105263 0.13135499466947792 111.43115234375 1.20703125 2.3943467881944445 135
stats: page 105 438.8762834821427 632.3905270438029 5221.929931640625 8.1708984375 526.254061359286 702
stats: 302 51 391
stats: 200 60 491
stats: size_rcv 1126746 9894621
stats: newphase 0 1
stats: size_sent 79263 703207
stats: connected 0 21
# stats: dump at 1447973709
stats: users 31 39
stats: {recvpackets,"tsung_controller@ip-172-30-3-176"} 1 1181.0 0.0 1979 353 916.7 10
stats: {sentpackets,"tsung_controller@ip-172-30-3-176"} 1 807.0 0.0 1219 244 599.2 10
stats: {cpu,"tsung_controller@ip-172-30-3-176"} 1 1.4895729890764648 0.0 2.6975809929473273 0.992063492063492 1.4637472584850106 11
stats: {load,"tsung_controller@ip-172-30-3-176"} 1 0.01171875 0.0 0.078125 0.01171875 0.041548295454545456 11
stats: {freemem,"tsung_controller@ip-172-30-3-176"} 1 3161.71484375 0.0 3168.64453125 3161.71484375 3165.677556818182 11
stats: session 16 12702.261672973633 7272.6280183121125 32691.304931640625 2670.85400390625 11276.20137012453 133
stats: users_count 26 180
stats: finish_users_count 16 149
stats: request 127 422.67249207984736 580.3192035617607 5221.929931640625 8.1708984375 471.098085295316 882
stats: connect 26 1.6309251051682692 0.35842149961454445 111.43115234375 1.20703125 2.2915007355925323 154
stats: page 120 447.3314636230469 595.5664652773181 5221.929931640625 8.1708984375 514.8852055016652 807
stats: 302 53 444
stats: 200 74 565
stats: size_rcv 1473674 11368295
stats: newphase 0 1
stats: size_sent 100390 803597
stats: connected 10 31
# stats: dump at 1447973719
stats: users 54 55
stats: {recvpackets,"tsung_controller@ip-172-30-3-176"} 1 1553.0 0.0 1979 353 940.7272727272727 11
stats: {sentpackets,"tsung_controller@ip-172-30-3-176"} 1 1064.0 0.0 1219 244 618.0909090909091 11
stats: {cpu,"tsung_controller@ip-172-30-3-176"} 1 1.791044776119403 0.0 2.6975809929473273 0.992063492063492 1.465899402700965 12
stats: {load,"tsung_controller@ip-172-30-3-176"} 1 0.01171875 0.0 0.078125 0.01171875 0.0390625 12
stats: {freemem,"tsung_controller@ip-172-30-3-176"} 1 3161.3515625 0.0 3168.64453125 3161.3515625 3165.3473307291665 12
stats: session 18 14538.564710828992 5042.3603554357915 32691.304931640625 2670.85400390625 11429.335362376783 149
stats: users_count 41 221
stats: finish_users_count 18 167
stats: request 153 914.3812168096405 943.8668379617858 5221.929931640625 8.1708984375 465.0028916993155 1009
stats: connect 39 1.6405060596955128 1.2803501321835578 111.43115234375 1.201904296875 2.196084255642361 180
stats: page 139 993.6586439832507 1044.8225559095383 5221.929931640625 8.1708984375 506.14038454650427 927
stats: 302 65 509
stats: 200 88 653
stats: size_rcv 1327238 12695533
stats: newphase 1 2
stats: size_sent 134895 938492
stats: connected 22 53
# stats: dump at 1447973729
stats: users 78 78
stats: {recvpackets,"tsung_controller@ip-172-30-3-176"} 1 1671.0 0.0 1979 353 991.75 12
stats: {sentpackets,"tsung_controller@ip-172-30-3-176"} 1 1261.0 0.0 1261 244 655.25 12
stats: {cpu,"tsung_controller@ip-172-30-3-176"} 1 1.3039117352056169 0.0 2.6975809929473273 0.992063492063492 1.490910585271614 13
stats: {load,"tsung_controller@ip-172-30-3-176"} 1 0.01171875 0.0 0.078125 0.01171875 0.036959134615384616 13
stats: {freemem,"tsung_controller@ip-172-30-3-176"} 1 3160.49609375 0.0 3168.64453125 3160.49609375 3165.0399639423076 13
stats: session 15 17750.48878580729 4565.601335922842 32691.304931640625 2670.85400390625 11764.461878976423 167
stats: users_count 39 260
stats: finish_users_count 15 182
stats: request 171 2205.2049210754744 1106.0471383201882 6153.23486328125 8.1708984375 524.1723269332912 1162
stats: connect 40 1.3852539062499998 0.11074692112192899 111.43115234375 1.201904296875 2.0971456728025113 219
stats: page 152 2468.8460564864313 1343.498202508333 8095.110107421875 8.1708984375 569.7098386381625 1066
stats: 302 66 575
stats: 200 105 758
stats: size_rcv 1753879 14449412
stats: newphase 0 2
stats: size_sent 134612 1073104
stats: connected 24 77
# stats: dump at 1447973739
stats: users 91 93
stats: {recvpackets,"tsung_controller@ip-172-30-3-176"} 1 1810.0 0.0 1979 353 1044.0 13
stats: {sentpackets,"tsung_controller@ip-172-30-3-176"} 1 1285.0 0.0 1285 244 701.8461538461538 13
stats: {cpu,"tsung_controller@ip-172-30-3-176"} 1 1.898101898101898 0.0 2.6975809929473273 0.992063492063492 1.4775535245526144 14
stats: {load,"tsung_controller@ip-172-30-3-176"} 1 0.01171875 0.0 0.078125 0.01171875 0.03515625 14
stats: {freemem,"tsung_controller@ip-172-30-3-176"} 1 3157.33984375 0.0 3168.64453125 3157.33984375 3164.715401785714 14
stats: session 17 21790.885857077206 4064.3180426596673 32691.304931640625 2670.85400390625 12257.81574492402 182
stats: users_count 30 290
stats: finish_users_count 17 199
stats: request 135 3614.663910590278 1249.5753405487744 9140.216064453125 8.1708984375 739.8186687174723 1333
stats: connect 31 1.4104555191532258 0.12258276241332772 111.43115234375 1.201904296875 1.9872009984314671 259
stats: page 120 3981.5047017415363 1602.0971441171323 9973.239013671875 8.1708984375 806.7120595847445 1218
stats: 302 59 634
stats: 200 76 834
stats: size_rcv 1472639 15922051
stats: newphase 0 2
stats: size_sent 123991 1197095
stats: connected 14 91
# stats: dump at 1447973749
stats: users 135 135
stats: {recvpackets,"tsung_controller@ip-172-30-3-176"} 1 1815.0 0.0 1979 353 1098.7142857142858 14
stats: {sentpackets,"tsung_controller@ip-172-30-3-176"} 1 1245.0 0.0 1285 244 743.5 14
stats: {cpu,"tsung_controller@ip-172-30-3-176"} 1 1.6983016983016983 0.0 2.6975809929473273 0.992063492063492 1.5055900827892332 15
stats: {load,"tsung_controller@ip-172-30-3-176"} 1 0.01171875 0.0 0.078125 0.01171875 0.03359375 15
stats: {freemem,"tsung_controller@ip-172-30-3-176"} 1 3155.05078125 0.0 3168.64453125 3155.05078125 3164.223697916667 15
stats: session 21 26145.886149088543 3709.9305125997653 36381.656982421875 2670.85400390625 13072.198618826555 199
stats: users_count 65 355
stats: finish_users_count 21 220
stats: request 120 5454.991318766276 1523.0960943170453 9499.010009765625 8.1708984375 1004.194763848827 1468
stats: connect 63 1.4242737785218254 0.45675014501336186 111.43115234375 1.16796875 1.925548895474138 290
stats: page 111 5448.3080394847975 1490.9093648588118 9973.239013671875 8.1708984375 1091.4468256974612 1338
stats: 302 53 687
stats: 200 67 901
stats: size_rcv 1689162 17611213
stats: newphase 1 3
stats: size_sent 102165 1299260
stats: connected 42 133
# stats: dump at 1447973759
stats: users 198 198
stats: {recvpackets,"tsung_controller@ip-172-30-3-176"} 1 2306.0 0.0 2306 353 1146.4666666666667 15
stats: {sentpackets,"tsung_controller@ip-172-30-3-176"} 1 1608.0 0.0 1608 244 776.9333333333333 15
stats: {cpu,"tsung_controller@ip-172-30-3-176"} 1 1.809045226130653 0.0 2.6975809929473273 0.992063492063492 1.5176345587587623 16
stats: {load,"tsung_controller@ip-172-30-3-176"} 1 0.01171875 0.0 0.078125 0.01171875 0.0322265625 16
stats: {freemem,"tsung_controller@ip-172-30-3-176"} 1 3150.265625 0.0 3168.64453125 3150.265625 3163.650390625 16
stats: session 14 32870.349138532365 4327.338226082102 40875.641845703125 2670.85400390625 14320.141519442472 220
stats: users_count 77 432
stats: finish_users_count 14 234
stats: request 189 5881.049360325727 1044.2814923913504 10093.72607421875 8.1708984375 1340.5269972179037 1588
stats: connect 78 1.3549053485576927 0.13782842504778842 111.43115234375 1.16796875 1.8360861975478044 353
stats: page 176 6423.819993452592 2078.488327775526 15051.196044921875 8.1708984375 1425.2022395900728 1449
stats: 302 44 731
stats: 200 146 1047
stats: size_rcv 2331863 19943076
stats: newphase 0 3
stats: size_sent 161490 1460750
stats: connected 64 197
# stats: dump at 1447973769
stats: users 270 270
stats: {recvpackets,"tsung_controller@ip-172-30-3-176"} 1 2601.0 0.0 2601 353 1218.9375 16
stats: {sentpackets,"tsung_controller@ip-172-30-3-176"} 1 1743.0 0.0 1743 244 828.875 16
stats: {cpu,"tsung_controller@ip-172-30-3-176"} 1 2.4950099800399204 0.0 2.6975809929473273 0.992063492063492 1.5347763627218147 17
stats: {load,"tsung_controller@ip-172-30-3-176"} 1 0.0 0.0 0.078125 0.0 0.031020220588235295 17
stats: {freemem,"tsung_controller@ip-172-30-3-176"} 1 3144.20703125 0.0 3168.64453125 3144.20703125 3162.8630514705883 17
stats: session 18 38076.09338378906 10032.634268571748 47269.968994140625 1039.81396484375 15429.983000926482 234
stats: users_count 90 522
stats: finish_users_count 18 252
stats: request 231 7064.44439617999 3660.558953407617 12888.47705078125 1.43310546875 1823.4525608799065 1777
stats: connect 88 1.386768687855114 0.4461584925137093 111.43115234375 1.16796875 1.749004744598318 431
stats: page 214 7282.570622809577 3988.1116613705494 18390.90478515625 1.445068359375 1966.5909932391826 1625
stats: 302 66 797
stats: 200 117 1164
stats: size_rcv 2720152 22663228
stats: newphase 0 3
stats: size_sent 165422 1626172
stats: connected 71 268
stats: 503 47 47
# stats: dump at 1447973779
stats: users 360 360
stats: {recvpackets,"tsung_controller@ip-172-30-3-176"} 1 2924.0 0.0 2924 353 1300.235294117647 17
stats: {sentpackets,"tsung_controller@ip-172-30-3-176"} 1 2243.0 0.0 2243 244 882.6470588235294 17
stats: {cpu,"tsung_controller@ip-172-30-3-176"} 1 3.5999999999999996 0.0 3.5999999999999996 0.992063492063492 1.5881226747950428 18
stats: {load,"tsung_controller@ip-172-30-3-176"} 1 0.0 0.0 0.078125 0.0 0.029296875 18
stats: {freemem,"tsung_controller@ip-172-30-3-176"} 1 3137.703125 0.0 3168.64453125 3137.703125 3161.826605902778 18
stats: session 58 30973.758203966863 14140.64740948565 52912.588134765625 790.77392578125 17047.562313988095 252
stats: users_count 148 670
stats: finish_users_count 58 310
stats: request 725 2750.744783809267 4400.252765536624 12888.47705078125 1.380859375 2426.375426395006 2008
stats: connect 150 1.3432910156249995 0.3017102552153502 111.43115234375 1.16796875 1.6875851434549614 519
stats: page 653 2895.4551188774194 4823.47833869238 19299.860107421875 1.423828125 2585.1987369738563 1839
stats: 302 75 872
stats: 200 129 1293
stats: size_rcv 2393440 25056668
stats: newphase 1 4
stats: size_sent 441923 2068095
stats: connected 91 359
stats: 503 521 568
# stats: dump at 1447973789
stats: users 360 378
stats: {recvpackets,"tsung_controller@ip-172-30-3-176"} 1 3389.0 0.0 3389 353 1390.4444444444443 18
stats: {sentpackets,"tsung_controller@ip-172-30-3-176"} 1 3334.0 0.0 3334 244 958.2222222222222 18
stats: {cpu,"tsung_controller@ip-172-30-3-176"} 1 5.757575757575758 0.0 5.757575757575758 0.992063492063492 1.694010955068988 19
stats: {load,"tsung_controller@ip-172-30-3-176"} 1 0.0 0.0 0.078125 0.0 0.027754934210526317 19
stats: {freemem,"tsung_controller@ip-172-30-3-176"} 1 3129.25 0.0 3168.64453125 3129.25 3160.556949013158 19
stats: session 138 25637.81196925951 15004.601840247497 57815.52001953125 75.91015625 19653.108641790575 310
stats: users_count 138 808
stats: finish_users_count 138 448
stats: request 998 2458.979613523925 4215.198890790844 14788.578857421875 1.362060546875 2512.422914183275 2733
stats: connect 138 1.3705240885416667 0.6747715040957503 111.43115234375 1.162841796875 1.6103891506679746 669
stats: page 899 2793.9800393992477 4931.598686116942 20724.467041015625 1.408935546875 2666.4978611243487 2492
stats: 302 126 998
stats: 504 1 1
stats: 200 131 1424
stats: size_rcv 2464425 27521093
stats: newphase 0 4
stats: size_sent 629222 2697317
stats: connected 0 359
stats: 503 741 1309
# stats: dump at 1447973799
stats: users 365 378
stats: {recvpackets,"tsung_controller@ip-172-30-3-176"} 1 3895.0 0.0 3895 353 1495.6315789473683 19
stats: {sentpackets,"tsung_controller@ip-172-30-3-176"} 1 3876.0 0.0 3876 244 1083.2631578947369 19
stats: {cpu,"tsung_controller@ip-172-30-3-176"} 1 6.014271151885831 0.0 6.014271151885831 0.992063492063492 1.8971891951943263 20
stats: {load,"tsung_controller@ip-172-30-3-176"} 1 0.0 0.0 0.078125 0.0 0.0263671875 20
stats: {freemem,"tsung_controller@ip-172-30-3-176"} 1 3125.29296875 0.0 3168.64453125 3125.29296875 3158.9916015625 20
stats: session 151 25122.074993209328 12948.292995191177 57815.52001953125 75.91015625 21496.61100605556 448
stats: users_count 156 964
stats: finish_users_count 151 599
stats: request 965 2028.0637103303104 3549.688304485324 14788.578857421875 1.362060546875 2498.1274400321013 3731
stats: connect 157 1.2689496666003184 0.07790180827683868 111.43115234375 1.157958984375 1.569371333352695 807
stats: page 871 2194.7674539524464 4088.764707168523 20724.467041015625 1.408935546875 2700.2951121621354 3391
stats: 302 142 1140
stats: 504 0 1
stats: 200 98 1522
stats: size_rcv 1677230 29198323
stats: newphase 0 4
stats: size_sent 595778 3293095
stats: connected 8 367
stats: 503 725 2034
# stats: dump at 1447973809
stats: users 283 378
stats: {recvpackets,"tsung_controller@ip-172-30-3-176"} 1 3218.0 0.0 3895 353 1615.6 20
stats: {sentpackets,"tsung_controller@ip-172-30-3-176"} 1 3490.0 0.0 3876 244 1222.9 20
stats: {cpu,"tsung_controller@ip-172-30-3-176"} 1 5.521472392638037 0.0 6.014271151885831 0.992063492063492 2.0932407169415406 21
stats: {load,"tsung_controller@ip-172-30-3-176"} 1 0.0 0.0 0.078125 0.0 0.025111607142857144 21
stats: {freemem,"tsung_controller@ip-172-30-3-176"} 1 3123.89453125 0.0 3168.64453125 3123.89453125 3157.3869047619046 21
stats: session 121 26007.257402908705 15167.859450189608 63994.8349609375 75.91015625 22410.542662249583 599
stats: users_count 39 1003
stats: finish_users_count 121 720
stats: request 654 3440.0613020684013 4378.176638267184 14788.578857421875 1.362060546875 2401.5321463433816 4696
stats: connect 39 1.3268479567307692 0.10899636066648892 111.43115234375 1.157958984375 1.520443738248833 964
stats: page 600 3809.7993428548175 5112.21551571097 20724.467041015625 1.408935546875 2596.983382856495 4262
stats: 302 150 1290
stats: 504 0 1
stats: 200 101 1623
stats: size_rcv 2029387 31227710
stats: newphase 1 5
stats: size_sent 452266 3745361
stats: connected -84 283
stats: 503 402 2436
# stats: dump at 1447973819
stats: users 229 378
stats: {recvpackets,"tsung_controller@ip-172-30-3-176"} 1 2640.0 0.0 3895 353 1691.904761904762 21
stats: {sentpackets,"tsung_controller@ip-172-30-3-176"} 1 2154.0 0.0 3876 244 1330.857142857143 21
stats: {cpu,"tsung_controller@ip-172-30-3-176"} 1 3.1124497991967868 0.0 6.014271151885831 0.992063492063492 2.249069429473199 22
stats: {load,"tsung_controller@ip-172-30-3-176"} 1 0.0 0.0 0.078125 0.0 0.023970170454545456 22
stats: {freemem,"tsung_controller@ip-172-30-3-176"} 1 3123.28125 0.0 3168.64453125 3123.28125 3155.8645241477275 22
stats: session 73 32893.30348686323 13983.132383960445 69707.73291015625 75.91015625 23014.990556165907 720
stats: users_count 19 1022
stats: finish_users_count 73 793
stats: request 311 6488.783376613998 3180.8540977596804 14788.578857421875 1.362060546875 2528.4850562207953 5350
stats: connect 19 1.4124049136513157 0.17987446394534828 111.43115234375 1.157958984375 1.5129160857271935 1003
stats: page 293 7015.881855102124 4133.630781804118 20724.467041015625 1.408935546875 2746.652156200591 4862
stats: 302 193 1483
stats: 504 0 1
stats: 200 68 1691
stats: size_rcv 1348353 32576063
stats: newphase 0 5
stats: size_sent 243774 3989135
stats: connected -54 229
stats: 503 50 2486
# stats: dump at 1447973829
stats: users 175 378
stats: {recvpackets,"tsung_controller@ip-172-30-3-176"} 1 2012.0 0.0 3895 353 1735.0 22
stats: {sentpackets,"tsung_controller@ip-172-30-3-176"} 1 1562.0 0.0 3876 244 1368.2727272727273 22
stats: {cpu,"tsung_controller@ip-172-30-3-176"} 1 2.1021021021021022 0.0 6.014271151885831 0.992063492063492 2.286607706417703 23
stats: {load,"tsung_controller@ip-172-30-3-176"} 1 0.0 0.0 0.078125 0.0 0.022927989130434784 23
stats: {freemem,"tsung_controller@ip-172-30-3-176"} 1 3122.7890625 0.0 3168.64453125 3122.7890625 3154.447860054348 23
stats: session 73 38510.82054995183 9861.023861817786 69707.73291015625 75.91015625 23924.34344890349 793
stats: users_count 19 1041
stats: finish_users_count 73 866
stats: request 221 7927.997881168693 1920.644598105168 14788.578857421875 1.362060546875 2746.053114451194 5661
stats: connect 17 1.4730152803308822 0.11053750167963362 111.43115234375 1.157958984375 1.5110474827238258 1022
stats: page 203 8558.232222232926 3234.047615772368 21347.869873046875 1.408935546875 2989.306724925741 5155
stats: 302 144 1627
stats: 504 0 1
stats: 200 74 1765
stats: size_rcv 1705661 34281724
stats: newphase 0 5
stats: size_sent 168364 4157499
stats: connected -49 180
stats: 503 4 2490
# stats: dump at 1447973839
stats: users 149 378
stats: {recvpackets,"tsung_controller@ip-172-30-3-176"} 1 2492.0 0.0 3895 353 1747.0434782608695 23
stats: {sentpackets,"tsung_controller@ip-172-30-3-176"} 1 1652.0 0.0 3876 244 1376.695652173913 23
stats: {cpu,"tsung_controller@ip-172-30-3-176"} 1 1.8924302788844622 0.0 6.014271151885831 0.992063492063492 2.278919972904553 24
stats: {load,"tsung_controller@ip-172-30-3-176"} 1 0.0 0.0 0.078125 0.0 0.02197265625 24
stats: {freemem,"tsung_controller@ip-172-30-3-176"} 1 3122.66796875 0.0 3168.64453125 3122.66796875 3153.1287434895835 24
stats: session 36 48247.20175509983 10712.577633467317 70183.53393554688 75.91015625 25153.919463195096 866
stats: users_count 10 1051
stats: finish_users_count 36 902
stats: request 144 8994.837288750545 1579.0650650934977 14788.578857421875 1.362060546875 2940.7504611775744 5882
stats: connect 12 1.6929728190104167 0.9237662192247692 111.43115234375 1.157958984375 1.5104252041476178 1039
stats: page 136 10061.757372687847 3485.2913249425187 22916.774169921875 1.408935546875 3200.2981164810526 5358
stats: 302 70 1697
stats: 504 0 1
stats: 200 73 1838
stats: size_rcv 2006065 36287789
stats: newphase 0 5
stats: size_sent 119366 4276865
stats: connected -29 151
stats: 503 0 2490
# stats: dump at 1447973849
stats: users 110 378
stats: {recvpackets,"tsung_controller@ip-172-30-3-176"} 1 1569.0 0.0 3895 353 1778.0833333333333 24
stats: {sentpackets,"tsung_controller@ip-172-30-3-176"} 1 962.0 0.0 3876 244 1388.1666666666667 24
stats: {cpu,"tsung_controller@ip-172-30-3-176"} 1 1.394422310756972 0.0 6.014271151885831 0.992063492063492 2.263460385143749 25
stats: {load,"tsung_controller@ip-172-30-3-176"} 1 0.0 0.0 0.078125 0.0 0.02109375 25
stats: {freemem,"tsung_controller@ip-172-30-3-176"} 1 3122.5546875 0.0 3168.64453125 3122.5546875 3151.9103125 25
stats: session 39 51776.18844526242 8030.773808073199 77140.90795898438 75.91015625 26075.602570189076 902
stats: users_count 0 1051
stats: finish_users_count 39 941
stats: request 117 11738.39600861378 1563.2638811268084 15905.375 1.362060546875 3085.421636612441 6026
stats: connect 0 0 0 111.43115234375 1.157958984375 1.5125094775808754 1051
stats: page 107 12136.73298088858 2479.662196956215 22916.774169921875 1.408935546875 3370.1485822335326 5494
stats: 302 59 1756
stats: 504 0 1
stats: 200 58 1896
stats: size_rcv 1675584 37963373
stats: newphase 0 5
stats: size_sent 69067 4345932
stats: connected -41 110
stats: 503 0 2490
# stats: dump at 1447973859
stats: users 75 378
stats: {recvpackets,"tsung_controller@ip-172-30-3-176"} 1 1189.0 0.0 3895 353 1769.72 25
stats: {sentpackets,"tsung_controller@ip-172-30-3-176"} 1 675.0 0.0 3876 244 1371.12 25
stats: {cpu,"tsung_controller@ip-172-30-3-176"} 1 1.0934393638170974 0.0 6.014271151885831 0.992063492063492 2.230035843821181 26
stats: {load,"tsung_controller@ip-172-30-3-176"} 1 0.0 0.0 0.078125 0.0 0.020282451923076924 26
stats: {freemem,"tsung_controller@ip-172-30-3-176"} 1 3122.65625 0.0 3168.64453125 3122.5546875 3150.78125 26
stats: session 35 58202.91853376116 5296.311308289987 77140.90795898438 75.91015625 27140.770316339833 941
stats: users_count 0 1051
stats: finish_users_count 35 976
stats: request 103 10850.59512477245 2585.878126605089 16169.279052734375 1.362060546875 3250.226780926971 6143
stats: connect 0 0 0 111.43115234375 1.157958984375 1.5125094775808754 1051
stats: page 98 12717.732798050863 4694.893960762185 25092.991943359375 1.408935546875 3537.6230565517058 5601
stats: 302 59 1815
stats: 504 0 1
stats: 200 44 1940
stats: size_rcv 869387 38832760
stats: newphase 0 5
stats: size_sent 79062 4424994
stats: connected -34 76
stats: 503 0 2490
# stats: dump at 1447973869
stats: users 47 378
stats: {recvpackets,"tsung_controller@ip-172-30-3-176"} 1 1157.0 0.0 3895 353 1747.3846153846155 26
stats: {sentpackets,"tsung_controller@ip-172-30-3-176"} 1 662.0 0.0 3876 244 1344.3461538461538 26
stats: {cpu,"tsung_controller@ip-172-30-3-176"} 1 1.3861386138613863 0.0 6.014271151885831 0.992063492063492 2.1879396778951037 27
stats: {load,"tsung_controller@ip-172-30-3-176"} 1 0.0 0.0 0.078125 0.0 0.01953125 27
stats: {freemem,"tsung_controller@ip-172-30-3-176"} 1 3122.9140625 0.0 3168.64453125 3122.5546875 3149.7395833333335 27
stats: session 28 61690.84381975447 7847.875049267279 77140.90795898438 75.91015625 28254.679320038344 976
stats: users_count 0 1051
stats: finish_users_count 28 1004
stats: request 88 7512.5693747780515 3164.689993832576 16169.279052734375 1.362060546875 3375.5610651754637 6246
stats: connect 0 0 0 111.43115234375 1.157958984375 1.5125094775808754 1051
stats: page 81 7972.325213396989 3550.2949046346475 25092.991943359375 1.408935546875 3695.484217223213 5699
stats: 302 53 1868
stats: 504 0 1
stats: 200 35 1975
stats: size_rcv 1497990 40330750
stats: newphase 0 5
stats: size_sent 56338 4481332
stats: connected -29 47
stats: 503 0 2490
# stats: dump at 1447973879
stats: users 11 378
stats: {recvpackets,"tsung_controller@ip-172-30-3-176"} 1 1426.0 0.0 3895 353 1725.5185185185185 27
stats: {sentpackets,"tsung_controller@ip-172-30-3-176"} 1 824.0 0.0 3876 244 1319.0740740740741 27
stats: {cpu,"tsung_controller@ip-172-30-3-176"} 1 1.2896825396825395 0.0 6.014271151885831 0.992063492063492 2.159303925608185 28
stats: {load,"tsung_controller@ip-172-30-3-176"} 1 0.0 0.0 0.078125 0.0 0.018833705357142856 28
stats: {freemem,"tsung_controller@ip-172-30-3-176"} 1 3126.54296875 0.0 3168.64453125 3122.5546875 3148.7815290178573 28
stats: session 36 56425.67295328776 8322.18893766516 77140.90795898438 75.91015625 29187.16199532923 1004
stats: users_count 0 1051
stats: finish_users_count 36 1040
stats: request 73 5190.5510488013715 2996.395125765062 16169.279052734375 1.362060546875 3433.0376567834564 6334
stats: connect 0 0 0 111.43115234375 1.157958984375 1.5125094775808754 1051
stats: page 69 5958.856006567029 3873.8531503282757 25092.991943359375 1.408935546875 3755.4191862007347 5780
stats: 302 39 1907
stats: 504 0 1
stats: 200 34 2009
stats: size_rcv 1704193 42034943
stats: newphase 0 5
stats: size_sent 51576 4532908
stats: connected -35 12
stats: 503 0 2490
# stats: dump at 1447973887
stats: users 0 378
stats: {recvpackets,"tsung_controller@ip-172-30-3-176"} 1 1165.0 0.0 3895 353 1714.8214285714287 28
stats: {sentpackets,"tsung_controller@ip-172-30-3-176"} 1 602.0 0.0 3876 244 1301.392857142857 28
stats: {cpu,"tsung_controller@ip-172-30-3-176"} 1 1.3820335636722607 0.0 6.014271151885831 0.992063492063492 2.1293169812659216 29
stats: {load,"tsung_controller@ip-172-30-3-176"} 1 0.0 0.0 0.078125 0.0 0.01818426724137931 29
stats: {freemem,"tsung_controller@ip-172-30-3-176"} 1 3126.6484375 0.0 3168.64453125 3122.5546875 3148.014682112069 29
stats: session 11 55470.9423828125 6761.70310961777 77140.90795898438 75.91015625 30130.033528489334 1040
stats: users_count 0 1051
stats: finish_users_count 11 1051
stats: request 13 4067.358680138222 2082.667784057211 16169.279052734375 1.362060546875 3453.062391857174 6407
stats: connect 0 0 0 111.43115234375 1.157958984375 1.5125094775808754 1051
stats: page 13 4552.7367600661055 2396.9967532860614 25092.991943359375 1.408935546875 3781.4128843722638 5849
stats: 302 9 1916
stats: 504 0 1
stats: 200 4 2013
stats: size_rcv 395622 42430565
stats: newphase 0 5
stats: size_sent 4895 4537803
stats: connected -12 0
stats: 503 0 2490
EndMonitor:{1447,973887,71646}
