# stats: dump at 1447968219
stats: users 13 13
stats: {cpu,"tsung_controller@ip-172-30-3-176"} 1 3.161703952391411 0 3.161703952391411 3.161703952391411 0 0
stats: {load,"tsung_controller@ip-172-30-3-176"} 1 0.53125 0 0.53125 0.53125 0 0
stats: {freemem,"tsung_controller@ip-172-30-3-176"} 1 3169.48046875 0 3169.48046875 3169.48046875 0 0
stats: session 1 5639.558837890625 0 5639.558837890625 5639.558837890625 0 0
stats: users_count 14 14
stats: finish_users_count 1 1
stats: request 41 228.47116163300305 303.6008458692502 1324.98681640625 8.114990234375 0 0
stats: connect 12 11.383443196614584 30.985152768706353 113.98681640625 0.726806640625 0 0
stats: page 35 267.64545200892854 348.5073813623832 1539.15380859375 8.114990234375 0 0
stats: 302 13 13
stats: 200 28 28
stats: size_rcv 567618 567618
stats: size_sent 23316 23316
stats: connected 11 11
# stats: dump at 1447968229
stats: users 8 14
stats: {recvpackets,"tsung_controller@ip-172-30-3-176"} 1 855 0 855 855 0 0
stats: {sentpackets,"tsung_controller@ip-172-30-3-176"} 1 561 0 561 561 0 0
stats: {cpu,"tsung_controller@ip-172-30-3-176"} 1 2.171767028627838 0.0 3.161703952391411 2.171767028627838 3.161703952391411 1
stats: {load,"tsung_controller@ip-172-30-3-176"} 1 0.44921875 0.0 0.53125 0.44921875 0.53125 1
stats: {freemem,"tsung_controller@ip-172-30-3-176"} 1 3167.9609375 0.0 3169.48046875 3167.9609375 3169.48046875 1
stats: session 8 9675.091491699219 4230.002089878864 15087.33203125 3824.3701171875 5639.558837890625 1
stats: users_count 3 17
stats: finish_users_count 8 9
stats: request 49 261.76718451052295 307.62168652454403 1572.781982421875 8.114990234375 228.47116163300305 41
stats: connect 5 2.718017578125 2.773287981328092 113.98681640625 0.596923828125 11.383443196614584 12
stats: page 46 278.84180748980987 314.9460731282292 1572.781982421875 8.114990234375 267.64545200892854 35
stats: 302 26 39
stats: 200 23 51
stats: size_rcv 604811 1172429
stats: size_sent 31130 54446
stats: connected -3 8
# stats: dump at 1447968239
stats: users 6 14
stats: {recvpackets,"tsung_controller@ip-172-30-3-176"} 1 422.0 0.0 855 422 855.0 1
stats: {sentpackets,"tsung_controller@ip-172-30-3-176"} 1 328.0 0.0 561 328 561.0 1
stats: {cpu,"tsung_controller@ip-172-30-3-176"} 1 1.185770750988142 0.0 3.161703952391411 1.185770750988142 2.6667354905096246 2
stats: {load,"tsung_controller@ip-172-30-3-176"} 1 0.37890625 0.0 0.53125 0.37890625 0.490234375 2
stats: {freemem,"tsung_controller@ip-172-30-3-176"} 1 3168.31640625 0.0 3169.48046875 3167.9609375 3168.720703125 2
stats: session 9 14414.297309027777 5678.290836436359 24384.348876953125 3824.3701171875 9226.698974609375 9
stats: users_count 7 24
stats: finish_users_count 9 18
stats: request 38 535.0066431949014 680.4854871929209 2707.348876953125 8.114990234375 246.59899631076388 90
stats: connect 7 1.2753208705357142 1.0653094382936916 113.98681640625 0.596923828125 8.834788602941176 17
stats: page 34 553.0842715992648 686.2026611418381 2707.348876953125 8.114990234375 274.0038761091821 81
stats: 302 17 56
stats: 200 21 72
stats: size_rcv 266027 1438456
stats: size_sent 24925 79371
stats: connected -1 7
# stats: dump at 1447968249
stats: users 8 14
stats: {recvpackets,"tsung_controller@ip-172-30-3-176"} 1 327.0 0.0 855 327 638.5 2
stats: {sentpackets,"tsung_controller@ip-172-30-3-176"} 1 275.0 0.0 561 275 444.5 2
stats: {cpu,"tsung_controller@ip-172-30-3-176"} 1 1.089108910891089 0.0 3.161703952391411 1.089108910891089 2.173080577335797 3
stats: {load,"tsung_controller@ip-172-30-3-176"} 1 0.3203125 0.0 0.53125 0.3203125 0.453125 3
stats: {freemem,"tsung_controller@ip-172-30-3-176"} 1 3167.8671875 0.0 3169.48046875 3167.8671875 3168.5859375 3
stats: session 6 10328.067993164063 6617.143047853046 24384.348876953125 3175.218017578125 11820.498141818576 18
stats: users_count 8 32
stats: finish_users_count 6 24
stats: request 43 295.18002248364814 391.9818343123819 2707.348876953125 7.338134765625 332.2200164794922 128
stats: connect 8 1.968017578125 2.5605338188670714 113.98681640625 0.596923828125 6.62994384765625 24
stats: page 37 384.2860536317567 481.05925262219654 2707.348876953125 7.338134765625 356.514601732337 115
stats: 302 15 71
stats: 200 28 100
stats: size_rcv 869449 2307905
stats: size_sent 26155 105526
stats: connected 2 9
# stats: dump at 1447968259
stats: users 12 16
stats: {recvpackets,"tsung_controller@ip-172-30-3-176"} 1 842.0 0.0 855 327 534.6666666666666 3
stats: {sentpackets,"tsung_controller@ip-172-30-3-176"} 1 465.0 0.0 561 275 388.0 3
stats: {cpu,"tsung_controller@ip-172-30-3-176"} 1 1.0901883052527255 0.0 3.161703952391411 1.089108910891089 1.90208766072462 4
stats: {load,"tsung_controller@ip-172-30-3-176"} 1 0.26953125 0.0 0.53125 0.26953125 0.419921875 4
stats: {freemem,"tsung_controller@ip-172-30-3-176"} 1 3167.9140625 0.0 3169.48046875 3167.8671875 3168.40625 4
stats: session 6 14094.118326822916 5343.64656245897 24384.348876953125 3175.218017578125 11447.390604654947 24
stats: users_count 10 42
stats: finish_users_count 6 30
stats: request 61 302.02477827228483 436.13866820490716 2707.348876953125 7.338134765625 322.90586594252557 171
stats: connect 10 1.1455078125 1.147107507695985 113.98681640625 0.596923828125 5.4644622802734375 32
stats: page 54 341.1809172453704 465.2195305507545 2707.348876953125 7.338134765625 363.274757786801 152
stats: 302 26 97
stats: 200 35 135
stats: size_rcv 596767 2904672
stats: size_sent 42379 147905
stats: connected 4 13
# stats: dump at 1447968269
stats: users 20 21
stats: {recvpackets,"tsung_controller@ip-172-30-3-176"} 1 680.0 0.0 855 327 611.5 4
stats: {sentpackets,"tsung_controller@ip-172-30-3-176"} 1 514.0 0.0 561 275 407.25 4
stats: {cpu,"tsung_controller@ip-172-30-3-176"} 1 1.1892963330029733 0.0 3.161703952391411 1.089108910891089 1.7397077896302409 5
stats: {load,"tsung_controller@ip-172-30-3-176"} 1 0.23046875 0.0 0.53125 0.23046875 0.38984375 5
stats: {freemem,"tsung_controller@ip-172-30-3-176"} 1 3167.53125 0.0 3169.48046875 3167.53125 3168.3078125 5
stats: session 8 13298.790252685547 3627.077837940356 24384.348876953125 3175.218017578125 11976.736149088541 30
stats: users_count 16 58
stats: finish_users_count 8 38
stats: request 73 876.0751852793235 1056.9807836210505 4322.02099609375 7.338134765625 317.415579960264 232
stats: connect 16 2.86724853515625 2.519496023685914 113.98681640625 0.576904296875 4.436139787946429 42
stats: page 68 940.4953110638788 1092.0986624888183 4322.02099609375 7.338134765625 357.483168518659 206
stats: 302 32 129
stats: 200 41 176
stats: size_rcv 723032 3627704
stats: size_sent 41361 189266
stats: connected 7 20
# stats: dump at 1447968279
stats: users 28 29
stats: {recvpackets,"tsung_controller@ip-172-30-3-176"} 1 832.0 0.0 855 327 625.2 5
stats: {sentpackets,"tsung_controller@ip-172-30-3-176"} 1 647.0 0.0 647 275 428.6 5
stats: {cpu,"tsung_controller@ip-172-30-3-176"} 1 1.3875123885034688 0.0 3.161703952391411 1.089108910891089 1.6479725468590296 6
stats: {load,"tsung_controller@ip-172-30-3-176"} 1 0.19140625 0.0 0.53125 0.19140625 0.36328125 6
stats: {freemem,"tsung_controller@ip-172-30-3-176"} 1 3166.5703125 0.0 3169.48046875 3166.5703125 3168.1783854166665 6
stats: session 12 15342.471435546875 5230.698849102091 24878.27294921875 3175.218017578125 12255.063328793174 38
stats: users_count 20 78
stats: finish_users_count 12 50
stats: request 62 1161.4493605090724 1087.922390164683 4322.02099609375 7.338134765625 451.127551069416 305
stats: connect 19 2.1031301398026314 2.112363433694185 113.98681640625 0.576904296875 4.003342200969827 58
stats: page 57 1167.3381133497808 1083.0771597106575 4322.02099609375 7.338134765625 502.172313383896 274
stats: 302 27 156
stats: 200 35 211
stats: size_rcv 662226 4289930
stats: newphase 1 1
stats: size_sent 44914 234180
stats: connected 8 28
# stats: dump at 1447968289
stats: users 41 41
stats: {recvpackets,"tsung_controller@ip-172-30-3-176"} 1 875.0 0.0 875 327 659.6666666666666 6
stats: {sentpackets,"tsung_controller@ip-172-30-3-176"} 1 641.0 0.0 647 275 465.0 6
stats: {cpu,"tsung_controller@ip-172-30-3-176"} 1 1.1904761904761905 0.0 3.161703952391411 1.089108910891089 1.6107639528082351 7
stats: {load,"tsung_controller@ip-172-30-3-176"} 1 0.16015625 0.0 0.53125 0.16015625 0.33872767857142855 7
stats: {freemem,"tsung_controller@ip-172-30-3-176"} 1 3166.3359375 0.0 3169.48046875 3166.3359375 3167.948660714286 7
stats: session 8 18208.090850830078 3707.2261713365156 24878.27294921875 3175.218017578125 12996.041274414063 50
stats: users_count 21 99
stats: finish_users_count 8 58
stats: request 88 2258.6542497114697 1248.6669156434348 6547.221923828125 7.338134765625 571.1274207840173 367
stats: connect 22 3.0880126953125 2.713041535659259 113.98681640625 0.56494140625 3.534458705357143 77
stats: page 80 2477.803796386718 1391.4823716992455 6547.221923828125 7.338134765625 616.717481353852 331
stats: 302 34 190
stats: 200 54 265
stats: size_rcv 894486 5184416
stats: newphase 0 1
stats: size_sent 49534 283714
stats: connected 13 41
# stats: dump at 1447968299
stats: users 46 46
stats: {recvpackets,"tsung_controller@ip-172-30-3-176"} 1 935.0 0.0 935 327 690.4285714285714 7
stats: {sentpackets,"tsung_controller@ip-172-30-3-176"} 1 733.0 0.0 733 275 490.14285714285717 7
stats: {cpu,"tsung_controller@ip-172-30-3-176"} 1 1.0956175298804782 0.0 3.161703952391411 1.089108910891089 1.5582279825167296 8
stats: {load,"tsung_controller@ip-172-30-3-176"} 1 0.140625 0.0 0.53125 0.140625 0.31640625 8
stats: {freemem,"tsung_controller@ip-172-30-3-176"} 1 3165.13671875 0.0 3169.48046875 3165.13671875 3167.7470703125 8
stats: session 9 22635.288194444445 5256.170676268329 36429.859130859375 3175.218017578125 13714.944664264547 58
stats: users_count 14 113
stats: finish_users_count 9 67
stats: request 65 3773.395526592548 1190.1108405283278 7268.718994140625 7.338134765625 897.5062360491069 455
stats: connect 13 1.9300067608173077 2.207598823468782 113.98681640625 0.56494140625 3.4352484809027777 99
stats: page 58 4140.7643453663795 1375.41941294331 7398.445068359375 7.338134765625 978.9727251558699 411
stats: 302 29 219
stats: 200 36 301
stats: size_rcv 658975 5843391
stats: newphase 0 1
stats: size_sent 44707 328421
stats: connected 4 45
# stats: dump at 1447968309
stats: users 55 55
stats: {recvpackets,"tsung_controller@ip-172-30-3-176"} 1 912.0 0.0 935 327 721.0 8
stats: {sentpackets,"tsung_controller@ip-172-30-3-176"} 1 613.0 0.0 733 275 520.5 8
stats: {cpu,"tsung_controller@ip-172-30-3-176"} 1 1.1904761904761905 0.0 3.161703952391411 1.089108910891089 1.5068268211127016 9
stats: {load,"tsung_controller@ip-172-30-3-176"} 1 0.12109375 0.0 0.53125 0.12109375 0.296875 9
stats: {freemem,"tsung_controller@ip-172-30-3-176"} 1 3164.0546875 0.0 3169.48046875 3164.0546875 3167.45703125 9
stats: session 8 26202.357635498047 4506.84334633797 36429.859130859375 3175.218017578125 14913.19976533349 67
stats: users_count 17 130
stats: finish_users_count 8 75
stats: request 75 4690.59240234375 1162.3582821919156 8396.718994140625 7.338134765625 1256.992397367037 520
stats: connect 18 3.6316460503472223 3.715144688013954 113.98681640625 0.56494140625 3.260532924107143 112
stats: page 66 5098.451885801372 1702.0120824752496 10831.605224609375 7.338134765625 1369.9832027085554 469
stats: 302 30 249
stats: 200 45 346
stats: size_rcv 714840 6558231
stats: newphase 0 1
stats: size_sent 49312 377733
stats: connected 10 55
# stats: dump at 1447968319
stats: users 56 56
stats: {recvpackets,"tsung_controller@ip-172-30-3-176"} 1 604.0 0.0 935 327 742.2222222222222 9
stats: {sentpackets,"tsung_controller@ip-172-30-3-176"} 1 510.0 0.0 733 275 530.7777777777778 9
stats: {cpu,"tsung_controller@ip-172-30-3-176"} 1 1.0923535253227408 0.0 3.161703952391411 1.089108910891089 1.4751917580490503 10
stats: {load,"tsung_controller@ip-172-30-3-176"} 1 0.1015625 0.0 0.53125 0.1015625 0.279296875 10
stats: {freemem,"tsung_controller@ip-172-30-3-176"} 1 3162.73046875 0.0 3169.48046875 3162.73046875 3167.116796875 10
stats: session 9 32626.00390625 4470.082925090491 41312.947021484375 3175.218017578125 16117.376604817708 75
stats: users_count 10 140
stats: finish_users_count 9 84
stats: request 75 6189.001966145832 1436.5458831648848 11087.505126953125 7.338134765625 1689.7991206834295 595
stats: connect 10 2.6738525390625 1.8527508087684041 113.98681640625 0.56494140625 3.3119178185096154 130
stats: page 70 6526.266252790178 1985.2066216261599 14041.375 7.338134765625 1829.9438252957066 535
stats: 302 37 286
stats: 200 38 384
stats: size_rcv 706983 7265214
stats: newphase 0 1
stats: size_sent 41243 418976
stats: connected 1 56
# stats: dump at 1447968329
stats: users 69 70
stats: {recvpackets,"tsung_controller@ip-172-30-3-176"} 1 1256.0 0.0 1256 327 728.4 10
stats: {sentpackets,"tsung_controller@ip-172-30-3-176"} 1 844.0 0.0 844 275 528.7 10
stats: {cpu,"tsung_controller@ip-172-30-3-176"} 1 1.3875123885034688 0.0 3.161703952391411 1.089108910891089 1.4403882823466585 11
stats: {load,"tsung_controller@ip-172-30-3-176"} 1 0.078125 0.0 0.53125 0.078125 0.26313920454545453 11
stats: {freemem,"tsung_controller@ip-172-30-3-176"} 1 3161.7734375 0.0 3169.48046875 3161.7734375 3166.7180397727275 11
stats: session 8 39504.26989746094 4795.2561907000445 48766.528076171875 3175.218017578125 17886.15810139974 84
stats: users_count 21 161
stats: finish_users_count 8 92
stats: request 69 4775.120474552762 1464.2772938578553 11087.505126953125 7.338134765625 2193.4412302501164 670
stats: connect 21 2.6247442336309526 2.67806927838323 113.98681640625 0.56201171875 3.2663417271205355 140
stats: page 65 5326.264997746392 2580.7698282178717 14736.197021484375 7.338134765625 2373.319973931431 605
stats: 302 22 308
stats: 200 47 431
stats: size_rcv 1119509 8384723
stats: newphase 0 1
stats: size_sent 57810 476786
stats: connected 13 69
# stats: dump at 1447968339
stats: users 88 89
stats: {recvpackets,"tsung_controller@ip-172-30-3-176"} 1 1178.0 0.0 1256 327 776.3636363636364 11
stats: {sentpackets,"tsung_controller@ip-172-30-3-176"} 1 830.0 0.0 844 275 557.3636363636364 11
stats: {cpu,"tsung_controller@ip-172-30-3-176"} 1 1.1940298507462688 0.0 3.161703952391411 1.089108910891089 1.435981957859726 12
stats: {load,"tsung_controller@ip-172-30-3-176"} 1 0.0703125 0.0 0.53125 0.0703125 0.24772135416666666 12
stats: {freemem,"tsung_controller@ip-172-30-3-176"} 1 3161.421875 0.0 3169.48046875 3161.421875 3166.3059895833335 12
stats: session 15 42188.99239908854 4088.677971842128 49256.087890625 3175.218017578125 19765.993909752888 92
stats: users_count 34 195
stats: finish_users_count 15 107
stats: request 71 9149.956910898987 1124.1049586650356 12497.0869140625 7.338134765625 2434.491119095695 739
stats: connect 33 3.6276115648674243 4.132173543984501 113.98681640625 0.56201171875 3.182655097534938 161
stats: page 66 9571.69278601444 1797.844446519674 17116.5791015625 7.338134765625 2659.7997150478077 670
stats: 302 32 340
stats: 200 39 470
stats: size_rcv 937896 9322619
stats: newphase 1 2
stats: size_sent 38078 514864
stats: connected 19 88
# stats: dump at 1447968349
stats: users 107 107
stats: {recvpackets,"tsung_controller@ip-172-30-3-176"} 1 971.0 0.0 1256 327 809.8333333333334 12
stats: {sentpackets,"tsung_controller@ip-172-30-3-176"} 1 720.0 0.0 844 275 580.0833333333334 12
stats: {cpu,"tsung_controller@ip-172-30-3-176"} 1 1.3916500994035785 0.0 3.161703952391411 1.089108910891089 1.417370257312537 13
stats: {load,"tsung_controller@ip-172-30-3-176"} 1 0.05859375 0.0 0.53125 0.05859375 0.23407451923076922 13
stats: {freemem,"tsung_controller@ip-172-30-3-176"} 1 3160.94921875 0.0 3169.48046875 3160.94921875 3165.9302884615386 13
stats: session 8 49120.29260253906 5662.058986918757 58804.8818359375 3175.218017578125 22909.404912930782 107
stats: users_count 27 222
stats: finish_users_count 8 115
stats: request 98 8234.31436842315 1394.7623867009816 13513.907958984375 7.338134765625 3023.130713192033 810
stats: connect 28 1.4802682059151786 1.594979087483827 113.98681640625 0.56201171875 3.2583435687822164 194
stats: page 91 8748.134540264417 2306.357476088769 17116.5791015625 7.338134765625 3279.6162132594895 736
stats: 302 30 370
stats: 200 69 539
stats: size_rcv 1204442 10527061
stats: newphase 0 2
stats: size_sent 57106 571970
stats: connected 19 107
# stats: dump at 1447968359
stats: users 130 130
stats: {recvpackets,"tsung_controller@ip-172-30-3-176"} 1 1382.0 0.0 1382 327 822.2307692307693 13
stats: {sentpackets,"tsung_controller@ip-172-30-3-176"} 1 1088.0 0.0 1088 275 590.8461538461538 13
stats: {cpu,"tsung_controller@ip-172-30-3-176"} 1 1.2 0.0 3.161703952391411 1.089108910891089 1.4155331031761826 14
stats: {load,"tsung_controller@ip-172-30-3-176"} 1 0.05078125 0.0 0.53125 0.05078125 0.22154017857142858 14
stats: {freemem,"tsung_controller@ip-172-30-3-176"} 1 3157.6875 0.0 3169.48046875 3157.6875 3165.5744977678573 14
stats: session 7 46364.88033621652 8987.759819651652 58804.8818359375 3175.218017578125 24732.771013077447 115
stats: users_count 30 252
stats: finish_users_count 7 122
stats: request 114 6925.562174479167 3167.874922622959 13513.907958984375 0.553955078125 3585.5712398579467 908
stats: connect 30 3.2767333984375 3.0345776862793317 113.98681640625 0.544921875 3.034081811303491 222
stats: page 107 7549.190993264452 3791.5094928994367 20700.2939453125 0.644775390625 3881.351603534518 827
stats: 302 34 404
stats: 200 61 600
stats: size_rcv 839073 11366134
stats: newphase 0 2
stats: size_sent 72271 644241
stats: connected 23 130
stats: 503 18 18
# stats: dump at 1447968369
stats: users 169 172
stats: {recvpackets,"tsung_controller@ip-172-30-3-176"} 1 922.0 0.0 1382 327 862.2142857142857 14
stats: {sentpackets,"tsung_controller@ip-172-30-3-176"} 1 787.0 0.0 1088 275 626.3571428571429 14
stats: {cpu,"tsung_controller@ip-172-30-3-176"} 1 1.3958125623130608 0.0 3.161703952391411 1.089108910891089 1.4011642296311038 15
stats: {load,"tsung_controller@ip-172-30-3-176"} 1 0.0390625 0.0 0.53125 0.0390625 0.21015625 15
stats: {freemem,"tsung_controller@ip-172-30-3-176"} 1 3155.24609375 0.0 3169.48046875 3155.24609375 3165.0486979166667 15
stats: session 28 37225.004010881705 18609.312936538015 63735.56005859375 526.0048828125 25973.957613585426 122
stats: users_count 67 319
stats: finish_users_count 28 150
stats: request 321 2923.1948827820775 4766.2464474110975 14369.496826171875 0.1650390625 3958.133829434091 1022
stats: connect 67 2.851639021688432 3.2458431859564727 113.98681640625 0.544921875 3.0629689050099205 252
stats: page 296 2974.985809326172 4978.141891475623 21620.449951171875 0.5859375 4301.543053963965 934
stats: 302 37 441
stats: 200 51 651
stats: size_rcv 1037804 12403938
stats: newphase 1 3
stats: size_sent 146356 790597
stats: connected 41 171
stats: 503 232 250
# stats: dump at 1447968379
stats: users 184 184
stats: {recvpackets,"tsung_controller@ip-172-30-3-176"} 1 1575.0 0.0 1575 327 866.2 15
stats: {sentpackets,"tsung_controller@ip-172-30-3-176"} 1 1550.0 0.0 1550 275 637.0666666666667 15
stats: {cpu,"tsung_controller@ip-172-30-3-176"} 1 2.512562814070352 0.0 3.161703952391411 1.089108910891089 1.4008297504237261 16
stats: {load,"tsung_controller@ip-172-30-3-176"} 1 0.0390625 0.0 0.53125 0.0390625 0.199462890625 16
stats: {freemem,"tsung_controller@ip-172-30-3-176"} 1 3153.01171875 0.0 3169.48046875 3153.01171875 3164.43603515625 16
stats: session 63 30878.653587704615 18945.782178343547 72868.42602539063 97.95703125 28074.15294108073 150
stats: users_count 78 397
stats: finish_users_count 63 213
stats: request 425 2723.875564108458 4957.983003117206 15485.462158203125 0.1650390625 3710.7656969878535 1343
stats: connect 78 3.226415389623397 3.140901559297266 113.98681640625 0.52587890625 3.0185830047511755 319
stats: page 397 3008.7298537862084 5550.71535167966 23285.98779296875 0.5859375 3982.306513790967 1230
stats: 302 50 491
stats: 200 49 700
stats: size_rcv 854931 13258869
stats: newphase 0 3
stats: size_sent 174235 964832
stats: connected 12 183
stats: 503 326 576
# stats: dump at 1447968389
stats: users 180 187
stats: {recvpackets,"tsung_controller@ip-172-30-3-176"} 1 1794.0 0.0 1794 327 910.5 16
stats: {sentpackets,"tsung_controller@ip-172-30-3-176"} 1 1766.0 0.0 1766 275 694.125 16
stats: {cpu,"tsung_controller@ip-172-30-3-176"} 1 2.6236125126135215 0.0 3.161703952391411 1.089108910891089 1.4662258129911747 17
stats: {load,"tsung_controller@ip-172-30-3-176"} 1 0.03125 0.0 0.53125 0.03125 0.19002757352941177 17
stats: {freemem,"tsung_controller@ip-172-30-3-176"} 1 3152.859375 0.0 3169.48046875 3152.859375 3163.7640165441176 17
stats: session 79 26540.924109350275 16832.978512297694 72868.42602539063 97.95703125 28903.65313233568 213
stats: users_count 75 472
stats: finish_users_count 79 292
stats: request 502 2263.1720695343624 4115.507401397632 15485.462158203125 0.1650390625 3473.532491968768 1768
stats: connect 75 2.79228515625 2.762339777205393 113.98681640625 0.52001953125 3.059416571552267 397
stats: page 458 2425.881024623023 4484.8574451476425 23285.98779296875 0.573974609375 3744.7466280983494 1627
stats: 302 56 547
stats: 200 63 763
stats: size_rcv 1344604 14603473
stats: newphase 0 3
stats: size_sent 212645 1177477
stats: connected -3 180
stats: 503 383 959
# stats: dump at 1447968399
stats: users 230 230
stats: {recvpackets,"tsung_controller@ip-172-30-3-176"} 1 1698.0 0.0 1794 327 962.4705882352941 17
stats: {sentpackets,"tsung_controller@ip-172-30-3-176"} 1 1813.0 0.0 1813 275 757.1764705882352 17
stats: {cpu,"tsung_controller@ip-172-30-3-176"} 1 2.631578947368421 0.0 3.161703952391411 1.089108910891089 1.5305250740813052 18
stats: {load,"tsung_controller@ip-172-30-3-176"} 1 0.03125 0.0 0.53125 0.03125 0.1812065972222222 18
stats: {freemem,"tsung_controller@ip-172-30-3-176"} 1 3152.72265625 0.0 3169.48046875 3152.72265625 3163.158203125 18
stats: session 80 24728.053662109378 16248.784648928648 72868.42602539063 97.95703125 28264.42165008963 292
stats: users_count 130 602
stats: finish_users_count 80 372
stats: request 602 1981.5775580422028 3820.0313247399386 15485.462158203125 0.1650390625 3205.866883130851 2270
stats: connect 129 2.9719673570736433 3.059711301033271 113.98681640625 0.52001953125 3.0169698424258473 472
stats: page 544 2181.0743206248553 4291.606146933627 23285.98779296875 0.573974609375 3455.0389799488535 2085
stats: 302 84 631
stats: 200 46 809
stats: size_rcv 1070418 15673891
stats: newphase 1 4
stats: size_sent 227792 1405269
stats: connected 48 228
stats: 503 473 1432
# stats: dump at 1447968409
stats: users 256 265
stats: {recvpackets,"tsung_controller@ip-172-30-3-176"} 1 2545.0 0.0 2545 327 1003.3333333333334 18
stats: {sentpackets,"tsung_controller@ip-172-30-3-176"} 1 2661.0 0.0 2661 275 815.8333333333334 18
stats: {cpu,"tsung_controller@ip-172-30-3-176"} 1 3.9634146341463414 0.0 3.9634146341463414 1.089108910891089 1.5884752779385218 19
stats: {load,"tsung_controller@ip-172-30-3-176"} 1 0.01953125 0.0 0.53125 0.01953125 0.17331414473684212 19
stats: {freemem,"tsung_controller@ip-172-30-3-176"} 1 3151.26953125 0.0 3169.48046875 3151.26953125 3162.6089638157896 19
stats: session 127 18520.566162109382 15105.966923099324 73018.82104492188 52.291015625 27503.912405362695 372
stats: users_count 153 755
stats: finish_users_count 127 499
stats: request 966 1008.3776372747634 2499.942076271494 15485.462158203125 0.0849609375 2949.2435635962524 2872
stats: connect 156 2.7351950620993595 3.5081136225744123 113.98681640625 0.5087890625 3.0073104071339434 601
stats: page 873 1144.4636252841299 2978.949149921451 23285.98779296875 0.553955078125 3191.426665505242 2629
stats: 302 71 702
stats: 200 65 874
stats: size_rcv 1795682 17469573
stats: newphase 0 4
stats: size_sent 350217 1755486
stats: connected 30 258
stats: 503 828 2260
# stats: dump at 1447968419
stats: users 239 265
stats: {recvpackets,"tsung_controller@ip-172-30-3-176"} 1 2683.0 0.0 2683 327 1084.4736842105262 19
stats: {sentpackets,"tsung_controller@ip-172-30-3-176"} 1 2969.0 0.0 2969 275 912.9473684210526 19
stats: {cpu,"tsung_controller@ip-172-30-3-176"} 1 4.601226993865031 0.0 4.601226993865031 1.089108910891089 1.707222245748913 20
stats: {load,"tsung_controller@ip-172-30-3-176"} 1 0.01953125 0.0 0.53125 0.01953125 0.16562500000000002 20
stats: {freemem,"tsung_controller@ip-172-30-3-176"} 1 3149.94140625 0.0 3169.48046875 3149.94140625 3162.0419921875 20
stats: session 158 17668.89228453817 11113.203477269131 73018.82104492188 52.291015625 25217.569774314252 499
stats: users_count 141 896
stats: finish_users_count 158 657
stats: request 846 1370.4305572870483 3165.8289991329925 15485.462158203125 0.0849609375 2460.74005009272 3838
stats: connect 141 2.952705978501773 3.052796830179538 113.98681640625 0.4951171875 2.951233797060766 757
stats: page 799 1464.5194404993551 3472.6393071210823 23285.98779296875 0.553955078125 2681.1471868892995 3502
stats: 302 79 781
stats: 200 56 930
stats: size_rcv 1265387 18734960
stats: newphase 0 4
stats: size_sent 311942 2067428
stats: connected -18 240
stats: 503 711 2971
# stats: dump at 1447968429
stats: users 197 265
stats: {recvpackets,"tsung_controller@ip-172-30-3-176"} 1 2701.0 0.0 2701 327 1164.4 20
stats: {sentpackets,"tsung_controller@ip-172-30-3-176"} 1 3074.0 0.0 3074 275 1015.75 20
stats: {cpu,"tsung_controller@ip-172-30-3-176"} 1 5.358948432760364 0.0 5.358948432760364 1.089108910891089 1.8450319956592043 21
stats: {load,"tsung_controller@ip-172-30-3-176"} 1 0.01953125 0.0 0.53125 0.01953125 0.1586681547619048 21
stats: {freemem,"tsung_controller@ip-172-30-3-176"} 1 3149.50390625 0.0 3169.48046875 3149.50390625 3161.465773809524 21
stats: session 123 17831.04967368521 10942.853936710135 73018.82104492188 52.291015625 23402.21049975623 657
stats: users_count 81 977
stats: finish_users_count 123 780
stats: request 716 1257.8680665426384 2917.210256435438 15485.462158203125 0.0849609375 2263.813954679911 4684
stats: connect 81 3.645290798611111 3.1855880199075126 113.98681640625 0.4951171875 2.951464952498608 898
stats: page 663 1278.4364295372586 3176.004356006458 23285.98779296875 0.553955078125 2455.1333367694283 4301
stats: 302 67 848
stats: 200 46 976
stats: size_rcv 1233243 19968203
stats: newphase 1 5
stats: size_sent 272332 2339760
stats: connected -43 197
stats: 503 603 3574
# stats: dump at 1447968439
stats: users 132 265
stats: {recvpackets,"tsung_controller@ip-172-30-3-176"} 1 2197.0 0.0 2701 327 1237.5714285714287 21
stats: {sentpackets,"tsung_controller@ip-172-30-3-176"} 1 2075.0 0.0 3074 275 1113.7619047619048 21
stats: {cpu,"tsung_controller@ip-172-30-3-176"} 1 2.730030333670374 0.0 5.358948432760364 1.089108910891089 2.0047554700728933 22
stats: {load,"tsung_controller@ip-172-30-3-176"} 1 0.01171875 0.0 0.53125 0.01171875 0.15234375000000003 22
stats: {freemem,"tsung_controller@ip-172-30-3-176"} 1 3149.3671875 0.0 3169.48046875 3149.3671875 3160.922052556818 22
stats: session 81 22340.18392831308 10697.818447443318 73018.82104492188 52.291015625 22523.681292568108 780
stats: users_count 16 993
stats: finish_users_count 81 861
stats: request 335 3510.146453766324 3594.256178812048 15485.462158203125 0.0849609375 2130.432981363932 5400
stats: connect 16 1.99298095703125 2.5133392533322754 113.98681640625 0.4951171875 3.008870359582482 979
stats: page 309 3890.640418784133 4346.192056702962 23285.98779296875 0.553955078125 2297.971763543214 4964
stats: 302 124 972
stats: 200 48 1024
stats: size_rcv 1152826 21121029
stats: newphase 0 5
stats: size_sent 187192 2526952
stats: connected -65 132
stats: 503 163 3737
# stats: dump at 1447968449
stats: users 106 265
stats: {recvpackets,"tsung_controller@ip-172-30-3-176"} 1 1580.0 0.0 2701 327 1281.1818181818182 22
stats: {sentpackets,"tsung_controller@ip-172-30-3-176"} 1 1243.0 0.0 3074 275 1157.4545454545455 22
stats: {cpu,"tsung_controller@ip-172-30-3-176"} 1 2.1847070506454815 0.0 5.358948432760364 1.089108910891089 2.0362891597945234 23
stats: {load,"tsung_controller@ip-172-30-3-176"} 1 0.01171875 0.0 0.53125 0.01171875 0.1462296195652174 23
stats: {freemem,"tsung_controller@ip-172-30-3-176"} 1 3149.40625 0.0 3169.48046875 3149.3671875 3160.419667119565 23
stats: session 45 27603.582861328126 6961.763953151758 73018.82104492188 52.291015625 22506.41847432809 861
stats: users_count 19 1012
stats: finish_users_count 45 906
stats: request 135 6746.821636284722 798.714770218904 15485.462158203125 0.0849609375 2211.0265320622407 5735
stats: connect 18 3.1591661241319446 3.5656422347377683 113.98681640625 0.4951171875 2.9925344495917083 995
stats: page 128 7378.596143722534 2060.187043619971 23285.98779296875 0.553955078125 2391.3028112332277 5273
stats: 302 90 1062
stats: 200 45 1069
stats: size_rcv 845728 21966757
stats: newphase 0 5
stats: size_sent 80224 2607176
stats: connected -26 106
stats: 503 0 3737
# stats: dump at 1447968459
stats: users 97 265
stats: {recvpackets,"tsung_controller@ip-172-30-3-176"} 1 1153.0 0.0 2701 327 1294.1739130434783 23
stats: {sentpackets,"tsung_controller@ip-172-30-3-176"} 1 889.0 0.0 3074 275 1161.1739130434783 23
stats: {cpu,"tsung_controller@ip-172-30-3-176"} 1 1.394422310756972 0.0 5.358948432760364 1.089108910891089 2.04247323857998 24
stats: {load,"tsung_controller@ip-172-30-3-176"} 1 0.01171875 0.0 0.53125 0.01171875 0.14062500000000003 24
stats: {freemem,"tsung_controller@ip-172-30-3-176"} 1 3149.890625 0.0 3169.48046875 3149.3671875 3159.9607747395835 24
stats: session 30 37441.01302083333 6656.521489966293 73018.82104492188 52.291015625 22759.588890900937 906
stats: users_count 21 1033
stats: finish_users_count 30 936
stats: request 94 8995.124820790394 1371.8045106288962 15485.462158203125 0.0849609375 2315.3420923808153 5870
stats: connect 22 2.4382879083806817 2.8988425829444617 113.98681640625 0.4951171875 2.995495328310094 1013
stats: page 84 9338.795125325518 2148.7482142085823 23285.98779296875 0.553955078125 2509.4982466264196 5401
stats: 302 52 1114
stats: 200 42 1111
stats: size_rcv 1137577 23104334
stats: newphase 0 5
stats: size_sent 54421 2661597
stats: connected -9 97
stats: 503 0 3737
# stats: dump at 1447968469
stats: users 82 265
stats: {recvpackets,"tsung_controller@ip-172-30-3-176"} 1 1312.0 0.0 2701 327 1288.2916666666667 24
stats: {sentpackets,"tsung_controller@ip-172-30-3-176"} 1 885.0 0.0 3074 275 1149.8333333333333 24
stats: {cpu,"tsung_controller@ip-172-30-3-176"} 1 1.3916500994035785 0.0 5.358948432760364 1.089108910891089 2.0165512014670597 25
stats: {load,"tsung_controller@ip-172-30-3-176"} 1 0.01171875 0.0 0.53125 0.01171875 0.13546875000000003 25
stats: {freemem,"tsung_controller@ip-172-30-3-176"} 1 3149.96484375 0.0 3169.48046875 3149.3671875 3159.55796875 25
stats: session 15 49446.926529947916 4302.530075734782 73018.82104492188 52.291015625 23230.1473566039 936
stats: users_count 0 1033
stats: finish_users_count 15 951
stats: request 76 10541.717628880551 1197.1655533515668 15485.462158203125 0.0849609375 2420.623711507324 5964
stats: connect 0 0 0 113.98681640625 0.4951171875 2.983651305857488 1035
stats: page 68 11616.353544347428 3269.966723627062 23285.98779296875 0.553955078125 2614.0854732099606 5485
stats: 302 28 1142
stats: 200 48 1159
stats: size_rcv 848799 23953133
stats: newphase 0 5
stats: size_sent 43339 2704936
stats: connected -14 83
stats: 503 0 3737
# stats: dump at 1447968479
stats: users 71 265
stats: {recvpackets,"tsung_controller@ip-172-30-3-176"} 1 895.0 0.0 2701 327 1289.24 25
stats: {sentpackets,"tsung_controller@ip-172-30-3-176"} 1 624.0 0.0 3074 275 1139.24 25
stats: {cpu,"tsung_controller@ip-172-30-3-176"} 1 1.0912698412698412 0.0 5.358948432760364 1.089108910891089 1.9925165436953873 26
stats: {load,"tsung_controller@ip-172-30-3-176"} 1 0.01171875 0.0 0.53125 0.01171875 0.13070913461538464 26
stats: {freemem,"tsung_controller@ip-172-30-3-176"} 1 3150.33984375 0.0 3169.48046875 3149.3671875 3159.189002403846 26
stats: session 11 54187.051868785515 7705.9087857274235 73018.82104492188 52.291015625 23643.661223691346 951
stats: users_count 0 1033
stats: finish_users_count 11 962
stats: request 57 11311.200083950109 1313.86790455762 15485.462158203125 0.0849609375 2522.8096614610267 6040
stats: connect 0 0 0 113.98681640625 0.4951171875 2.983651305857488 1035
stats: page 55 13270.375230823864 4158.425111386577 24807.533935546875 0.553955078125 2724.323944097291 5553
stats: 302 25 1167
stats: 200 32 1191
stats: size_rcv 723873 24677006
stats: newphase 0 5
stats: size_sent 37575 2742511
stats: connected -12 71
stats: 503 0 3737
# stats: dump at 1447968489
stats: users 61 265
stats: {recvpackets,"tsung_controller@ip-172-30-3-176"} 1 688.0 0.0 2701 327 1274.076923076923 26
stats: {sentpackets,"tsung_controller@ip-172-30-3-176"} 1 447.0 0.0 3074 275 1119.423076923077 26
stats: {cpu,"tsung_controller@ip-172-30-3-176"} 1 1.185770750988142 0.0 5.358948432760364 1.089108910891089 1.9591370361981448 27
stats: {load,"tsung_controller@ip-172-30-3-176"} 1 0.01171875 0.0 0.53125 0.01171875 0.12630208333333334 27
stats: {freemem,"tsung_controller@ip-172-30-3-176"} 1 3150.41015625 0.0 3169.48046875 3149.3671875 3158.861255787037 27
stats: session 10 63052.00930175781 5243.344829924868 73018.82104492188 52.291015625 23992.909973271424 962
stats: users_count 0 1033
stats: finish_users_count 10 972
stats: request 50 12313.669331054687 1407.3905031439745 16063.1171875 0.0849609375 2604.9710939822467 6097
stats: connect 0 0 0 113.98681640625 0.4951171875 2.983651305857488 1035
stats: page 44 12734.361783114347 2604.550055239982 24807.533935546875 0.553955078125 2827.753477044859 5608
stats: 302 33 1200
stats: 200 17 1208
stats: size_rcv 443525 25120531
stats: newphase 0 5
stats: size_sent 31018 2773529
stats: connected -9 62
stats: 503 0 3737
# stats: dump at 1447968499
stats: users 53 265
stats: {recvpackets,"tsung_controller@ip-172-30-3-176"} 1 618.0 0.0 2701 327 1252.3703703703704 27
stats: {sentpackets,"tsung_controller@ip-172-30-3-176"} 1 315.0 0.0 3074 275 1094.5185185185185 27
stats: {cpu,"tsung_controller@ip-172-30-3-176"} 1 0.8928571428571428 0.0 5.358948432760364 0.8928571428571428 1.931516811726359 28
stats: {load,"tsung_controller@ip-172-30-3-176"} 1 0.0 0.0 0.53125 0.0 0.12220982142857144 28
stats: {freemem,"tsung_controller@ip-172-30-3-176"} 1 3150.54296875 0.0 3169.48046875 3149.3671875 3158.5594308035716 28
stats: session 8 67936.08737182617 3237.5457381346237 74495.875 52.291015625 24394.75255895544 972
stats: users_count 0 1033
stats: finish_users_count 8 980
stats: request 66 11484.620771928267 2670.786621921974 17375.39794921875 0.0849609375 2683.9421224276057 6147
stats: connect 0 0 0 113.98681640625 0.4951171875 2.983651305857488 1035
stats: page 63 12620.292015438989 4787.038208250603 27448.529052734375 0.553955078125 2904.8749854431353 5652
stats: 302 44 1244
stats: 200 22 1230
stats: size_rcv 703618 25824149
stats: newphase 0 5
stats: size_sent 40787 2814316
stats: connected -9 53
stats: 503 0 3737
# stats: dump at 1447968509
stats: users 41 265
stats: {recvpackets,"tsung_controller@ip-172-30-3-176"} 1 574.0 0.0 2701 327 1229.7142857142858 28
stats: {sentpackets,"tsung_controller@ip-172-30-3-176"} 1 390.0 0.0 3074 275 1066.6785714285713 28
stats: {cpu,"tsung_controller@ip-172-30-3-176"} 1 1.1869436201780417 0.0 5.358948432760364 0.8928571428571428 1.8957009610756965 29
stats: {load,"tsung_controller@ip-172-30-3-176"} 1 0.0 0.0 0.53125 0.0 0.11799568965517243 29
stats: {freemem,"tsung_controller@ip-172-30-3-176"} 1 3150.6171875 0.0 3169.48046875 3149.3671875 3158.283001077586 29
stats: session 12 71433.00852457683 6057.542573805415 89138.38110351563 52.291015625 24750.19202681561 980
stats: users_count 0 1033
stats: finish_users_count 12 992
stats: request 42 9245.34623209635 1634.8566537085494 17375.39794921875 0.0849609375 2777.4307415917847 6213
stats: connect 0 0 0 113.98681640625 0.4951171875 2.983651305857488 1035
stats: page 39 10232.234099559295 3707.8945927636064 27448.529052734375 0.553955078125 3011.9740708131685 5715
stats: 302 21 1265
stats: 200 21 1251
stats: size_rcv 691389 26515538
stats: newphase 0 5
stats: size_sent 29742 2844058
stats: connected -11 42
stats: 503 0 3737
# stats: dump at 1447968519
stats: users 24 265
stats: {recvpackets,"tsung_controller@ip-172-30-3-176"} 1 923.0 0.0 2701 327 1207.103448275862 29
stats: {sentpackets,"tsung_controller@ip-172-30-3-176"} 1 507.0 0.0 3074 275 1043.3448275862067 29
stats: {cpu,"tsung_controller@ip-172-30-3-176"} 1 1.1869436201780417 0.0 5.358948432760364 0.8928571428571428 1.872075716379108 30
stats: {load,"tsung_controller@ip-172-30-3-176"} 1 0.0 0.0 0.53125 0.0 0.11406250000000001 30
stats: {freemem,"tsung_controller@ip-172-30-3-176"} 1 3150.640625 0.0 3169.48046875 3149.3671875 3158.0274739583333 30
stats: session 17 69345.6804486443 5075.525761347795 89138.38110351563 52.291015625 25314.90351670788 992
stats: users_count 0 1033
stats: finish_users_count 17 1009
stats: request 31 9786.65588772681 1794.6576156588005 17375.39794921875 0.0849609375 2820.8603899692735 6255
stats: connect 0 0 0 113.98681640625 0.4951171875 2.983651305857488 1035
stats: page 30 10811.86122233073 2887.4932648266463 27448.529052734375 0.553955078125 3060.9122253354312 5754
stats: 302 16 1281
stats: 200 15 1266
stats: size_rcv 483222 26998760
stats: newphase 0 5
stats: size_sent 18589 2862647
stats: connected -17 25
stats: 503 0 3737
# stats: dump at 1447968529
stats: users 7 265
stats: {recvpackets,"tsung_controller@ip-172-30-3-176"} 1 530.0 0.0 2701 327 1197.6333333333334 30
stats: {sentpackets,"tsung_controller@ip-172-30-3-176"} 1 279.0 0.0 3074 275 1025.4666666666665 30
stats: {cpu,"tsung_controller@ip-172-30-3-176"} 1 0.891089108910891 0.0 5.358948432760364 0.891089108910891 1.8499746810177833 31
stats: {load,"tsung_controller@ip-172-30-3-176"} 1 0.0 0.0 0.53125 0.0 0.11038306451612905 31
stats: {freemem,"tsung_controller@ip-172-30-3-176"} 1 3150.66796875 0.0 3169.48046875 3149.3671875 3157.7891885080644 31
stats: session 17 74215.22771139706 3618.1213549437634 89138.38110351563 52.291015625 26056.750105253886 1009
stats: users_count 0 1033
stats: finish_users_count 17 1026
stats: request 22 12186.417946555397 1389.643545341375 17375.39794921875 0.0849609375 2855.2128653797863 6286
stats: connect 0 0 0 113.98681640625 0.4951171875 2.983651305857488 1035
stats: page 22 12688.254893909801 2418.748312203883 27448.529052734375 0.553955078125 3101.1142429547012 5784
stats: 302 13 1294
stats: 200 9 1275
stats: size_rcv 600283 27599043
stats: newphase 0 5
stats: size_sent 6067 2868714
stats: connected -17 8
stats: 503 0 3737
# stats: dump at 1447968533
stats: users 0 265
stats: {recvpackets,"tsung_controller@ip-172-30-3-176"} 1 572.0 0.0 2701 327 1176.0967741935483 31
stats: {sentpackets,"tsung_controller@ip-172-30-3-176"} 1 295.0 0.0 3074 275 1001.3870967741933 31
stats: {cpu,"tsung_controller@ip-172-30-3-176"} 1 1.27826941986234 0.0 5.358948432760364 0.891089108910891 1.8200095068894429 32
stats: {load,"tsung_controller@ip-172-30-3-176"} 1 0.0 0.0 0.53125 0.0 0.10693359375000001 32
stats: {freemem,"tsung_controller@ip-172-30-3-176"} 1 3150.69921875 0.0 3169.48046875 3149.3671875 3157.566650390625 32
stats: session 7 74211.60076032366 1147.516732660285 89138.38110351563 52.291015625 26854.697589956064 1026
stats: users_count 0 1033
stats: finish_users_count 7 1033
stats: request 8 10435.44482421875 1629.799139734176 17375.39794921875 0.0849609375 2887.756700475833 6308
stats: connect 0 0 0 113.98681640625 0.4951171875 2.983651305857488 1035
stats: page 8 10435.44482421875 1629.799139734176 27448.529052734375 0.553955078125 3137.441679110577 5806
stats: 302 7 1301
stats: 200 1 1276
stats: size_rcv 187694 27786737
stats: newphase 0 5
stats: size_sent 0 2868714
stats: connected -8 0
stats: 503 0 3737
EndMonitor:{1447,968533,644520}
