# stats: dump at 1447971382
stats: users 6 6
stats: {cpu,"tsung_controller@ip-172-30-3-176"} 1 2.7777721369899178 0 2.7777721369899178 2.7777721369899178 0 0
stats: {load,"tsung_controller@ip-172-30-3-176"} 1 0.33984375 0 0.33984375 0.33984375 0 0
stats: {freemem,"tsung_controller@ip-172-30-3-176"} 1 3169.1328125 0 3169.1328125 3169.1328125 0 0
stats: session 4 2482.9873046875 852.9048103414119 3415.364013671875 1093.205078125 0 0
stats: users_count 10 10
stats: finish_users_count 4 4
stats: request 37 109.16641812711148 106.85538941254734 372.52294921875 7.899169921875 0 0
stats: connect 10 11.5526611328125 32.25023896902284 108.302978515625 0.64794921875 0 0
stats: page 26 155.37676532451925 104.27555364384601 372.52294921875 8.197998046875 0 0
stats: 302 10 10
stats: 200 27 27
stats: size_rcv 887722 887722
stats: size_sent 22247 22247
stats: connected 6 6
# stats: dump at 1447971392
stats: users 11 12
stats: {recvpackets,"tsung_controller@ip-172-30-3-176"} 1 793 0 793 793 0 0
stats: {sentpackets,"tsung_controller@ip-172-30-3-176"} 1 423 0 423 423 0 0
stats: {cpu,"tsung_controller@ip-172-30-3-176"} 1 2.171767028627838 0.0 2.7777721369899178 2.171767028627838 2.7777721369899178 1
stats: {load,"tsung_controller@ip-172-30-3-176"} 1 0.2890625 0.0 0.33984375 0.2890625 0.33984375 1
stats: {freemem,"tsung_controller@ip-172-30-3-176"} 1 3168.1796875 0.0 3169.1328125 3168.1796875 3169.1328125 1
stats: session 7 5309.440883091518 3650.0916905717154 10853.625 897.15576171875 2482.9873046875 4
stats: users_count 12 22
stats: finish_users_count 7 11
stats: request 63 119.35919286334325 150.58875107078487 643.35986328125 7.764892578125 109.16641812711148 37
stats: connect 12 0.7294718424479166 0.08054121503441848 108.302978515625 0.594970703125 11.5526611328125 10
stats: page 53 133.89590857163918 153.9482508496404 643.35986328125 7.764892578125 155.37676532451925 26
stats: 302 24 34
stats: 200 39 66
stats: size_rcv 1048278 1936000
stats: size_sent 38726 60973
stats: connected 5 11
# stats: dump at 1447971402
stats: users 7 12
stats: {recvpackets,"tsung_controller@ip-172-30-3-176"} 1 933.0 0.0 933 793 793.0 1
stats: {sentpackets,"tsung_controller@ip-172-30-3-176"} 1 535.0 0.0 535 423 423.0 1
stats: {cpu,"tsung_controller@ip-172-30-3-176"} 1 1.1892963330029733 0.0 2.7777721369899178 1.1892963330029733 2.474769582808878 2
stats: {load,"tsung_controller@ip-172-30-3-176"} 1 0.23828125 0.0 0.33984375 0.23828125 0.314453125 2
stats: {freemem,"tsung_controller@ip-172-30-3-176"} 1 3165.67578125 0.0 3169.1328125 3165.67578125 3168.65625 2
stats: session 11 7672.885764382102 3893.3295607673062 12417.941162109375 837.523193359375 4281.639581853693 11
stats: users_count 7 29
stats: finish_users_count 11 22
stats: request 57 82.01130328262062 80.25624433333698 643.35986328125 6.632080078125 115.5878662109375 100
stats: connect 6 0.7423502604166666 0.03788893303693011 108.302978515625 0.594970703125 5.649103338068182 22
stats: page 50 101.9722265625 95.00545034399603 643.35986328125 6.632080078125 140.96555762954907 79
stats: 302 29 63
stats: 200 28 94
stats: size_rcv 652540 2588540
stats: size_sent 39829 100802
stats: connected -4 7
# stats: dump at 1447971412
stats: users 3 12
stats: {recvpackets,"tsung_controller@ip-172-30-3-176"} 1 809.0 0.0 933 793 863.0 2
stats: {sentpackets,"tsung_controller@ip-172-30-3-176"} 1 447.0 0.0 535 423 479.0 2
stats: {cpu,"tsung_controller@ip-172-30-3-176"} 1 1.0912698412698412 0.0 2.7777721369899178 1.0912698412698412 2.046278499540243 3
stats: {load,"tsung_controller@ip-172-30-3-176"} 1 0.19921875 0.0 0.33984375 0.19921875 0.2890625 3
stats: {freemem,"tsung_controller@ip-172-30-3-176"} 1 3165.73828125 0.0 3169.1328125 3165.67578125 3167.6627604166665 3
stats: session 9 7760.284559461806 4418.841605789341 16825.43408203125 837.523193359375 5977.262673117898 22
stats: users_count 5 34
stats: finish_users_count 9 31
stats: request 44 98.45477849786931 103.59040952260604 643.35986328125 6.632080078125 103.3976490968352 157
stats: connect 6 0.7790120442708334 0.04880460384540781 108.302978515625 0.594970703125 4.59765625 28
stats: page 37 117.09054977829392 107.79158220503145 643.35986328125 6.632080078125 125.85186341751455 129
stats: 302 19 82
stats: 200 25 119
stats: size_rcv 796292 3384832
stats: size_sent 29262 130064
stats: connected -4 3
# stats: dump at 1447971422
stats: users 7 12
stats: {recvpackets,"tsung_controller@ip-172-30-3-176"} 1 584.0 0.0 933 584 845.0 3
stats: {sentpackets,"tsung_controller@ip-172-30-3-176"} 1 337.0 0.0 535 337 468.3333333333333 3
stats: {cpu,"tsung_controller@ip-172-30-3-176"} 1 0.9910802775024776 0.0 2.7777721369899178 0.9910802775024776 1.8075263349726425 4
stats: {load,"tsung_controller@ip-172-30-3-176"} 1 0.171875 0.0 0.33984375 0.171875 0.2666015625 4
stats: {freemem,"tsung_controller@ip-172-30-3-176"} 1 3165.62109375 0.0 3169.1328125 3165.62109375 3167.181640625 4
stats: session 6 6870.5544840494795 3695.567733685523 16825.43408203125 837.523193359375 6494.914188508064 31
stats: users_count 10 44
stats: finish_users_count 6 37
stats: request 54 75.7323043258102 71.87069342612332 643.35986328125 6.632080078125 102.31562767218594 201
stats: connect 10 0.7471435546875 0.04280503730053118 108.302978515625 0.594970703125 3.9237778607536766 34
stats: page 53 77.16221992924527 72.32821377700925 643.35986328125 6.632080078125 123.89904049792922 166
stats: 302 25 107
stats: 200 29 148
stats: size_rcv 384924 3769756
stats: size_sent 30849 160913
stats: connected 4 7
# stats: dump at 1447971432
stats: users 5 12
stats: {recvpackets,"tsung_controller@ip-172-30-3-176"} 1 448.0 0.0 933 448 779.75 4
stats: {sentpackets,"tsung_controller@ip-172-30-3-176"} 1 317.0 0.0 535 317 435.5 4
stats: {cpu,"tsung_controller@ip-172-30-3-176"} 1 1.1892963330029733 0.0 2.7777721369899178 0.9910802775024776 1.6442371234786095 5
stats: {load,"tsung_controller@ip-172-30-3-176"} 1 0.1484375 0.0 0.33984375 0.1484375 0.24765625 5
stats: {freemem,"tsung_controller@ip-172-30-3-176"} 1 3165.546875 0.0 3169.1328125 3165.546875 3166.86953125 5
stats: session 8 8296.793487548828 3879.104159646108 16825.43408203125 837.523193359375 6555.828831028294 37
stats: users_count 6 50
stats: finish_users_count 8 45
stats: request 36 105.76087782118056 112.39093808686958 643.35986328125 6.632080078125 96.6862180223652 255
stats: connect 4 0.813232421875 0.041144395956050406 108.302978515625 0.594970703125 3.201815518465909 44
stats: page 30 126.9227945963542 117.02223545036104 643.35986328125 6.632080078125 112.58830310002854 219
stats: 302 16 123
stats: 200 20 168
stats: size_rcv 562465 4332221
stats: size_sent 25020 185933
stats: connected -4 3
# stats: dump at 1447971442
stats: users 14 15
stats: {recvpackets,"tsung_controller@ip-172-30-3-176"} 1 684.0 0.0 933 448 713.4 5
stats: {sentpackets,"tsung_controller@ip-172-30-3-176"} 1 295.0 0.0 535 295 411.8 5
stats: {cpu,"tsung_controller@ip-172-30-3-176"} 1 1.0880316518298714 0.0 2.7777721369899178 0.9910802775024776 1.5684136583993367 6
stats: {load,"tsung_controller@ip-172-30-3-176"} 1 0.12109375 0.0 0.33984375 0.12109375 0.23111979166666666 6
stats: {freemem,"tsung_controller@ip-172-30-3-176"} 1 3165.71484375 0.0 3169.1328125 3165.546875 3166.6490885416665 6
stats: session 7 5794.723737444197 4913.925999802338 16825.43408203125 837.523193359375 6865.333658854167 45
stats: users_count 16 66
stats: finish_users_count 7 52
stats: request 67 103.53098763992537 105.66871813773716 643.35986328125 6.447021484375 97.80885634799183 291
stats: connect 18 0.7058376736111112 0.062423918770513495 108.302978515625 0.572021484375 3.0027669270833335 48
stats: page 54 128.46400282118051 108.76392453958319 643.35986328125 6.447021484375 114.31535026826054 249
stats: 302 20 143
stats: 200 47 215
stats: size_rcv 1342355 5674576
stats: newphase 1 1
stats: size_sent 39125 225058
stats: connected 12 15
# stats: dump at 1447971452
stats: users 11 15
stats: {recvpackets,"tsung_controller@ip-172-30-3-176"} 1 1045.0 0.0 1045 448 708.5 6
stats: {sentpackets,"tsung_controller@ip-172-30-3-176"} 1 580.0 0.0 580 295 392.3333333333333 6
stats: {cpu,"tsung_controller@ip-172-30-3-176"} 1 1.0923535253227408 0.0 2.7777721369899178 0.9910802775024776 1.4997876574608415 7
stats: {load,"tsung_controller@ip-172-30-3-176"} 1 0.109375 0.0 0.33984375 0.109375 0.21540178571428573 7
stats: {freemem,"tsung_controller@ip-172-30-3-176"} 1 3165.55078125 0.0 3169.1328125 3165.546875 3166.515625 7
stats: session 12 10326.420939127604 3559.691347635504 18554.05615234375 837.523193359375 6721.213092510517 52
stats: users_count 9 75
stats: finish_users_count 12 64
stats: request 70 77.62625906808036 73.1472287037362 643.35986328125 6.447021484375 98.87975801435928 358
stats: connect 8 0.77862548828125 0.12731071874583139 108.302978515625 0.572021484375 2.3763316761363638 66
stats: page 69 78.75188589787138 73.40379751077292 643.35986328125 6.447021484375 116.8368923073948 303
stats: 302 38 181
stats: 200 32 247
stats: size_rcv 354790 6029366
stats: newphase 0 1
stats: size_sent 43783 268841
stats: connected -5 10
# stats: dump at 1447971462
stats: users 14 19
stats: {recvpackets,"tsung_controller@ip-172-30-3-176"} 1 545.0 0.0 1045 448 756.5714285714286 7
stats: {sentpackets,"tsung_controller@ip-172-30-3-176"} 1 398.0 0.0 580 295 419.14285714285717 7
stats: {cpu,"tsung_controller@ip-172-30-3-176"} 1 0.9930486593843099 0.0 2.7777721369899178 0.9910802775024776 1.448858390943579 8
stats: {load,"tsung_controller@ip-172-30-3-176"} 1 0.08984375 0.0 0.33984375 0.08984375 0.2021484375 8
stats: {freemem,"tsung_controller@ip-172-30-3-176"} 1 3164.125 0.0 3169.1328125 3164.125 3166.39501953125 8
stats: session 15 9714.934423828125 6262.424858364473 23181.5458984375 837.523193359375 7397.189563751221 64
stats: users_count 18 93
stats: finish_users_count 15 79
stats: request 105 97.65050688244048 108.67429685324272 643.35986328125 6.447021484375 95.40371846707068 428
stats: connect 19 0.7271407277960527 0.09469450651622302 108.302978515625 0.544921875 2.20360668285473 74
stats: page 96 106.80873362223308 111.4554082371293 643.35986328125 6.447021484375 109.77273789272513 372
stats: 302 46 227
stats: 200 59 306
stats: size_rcv 1255309 7284675
stats: newphase 0 1
stats: size_sent 66120 334961
stats: connected 6 16
# stats: dump at 1447971472
stats: users 19 20
stats: {recvpackets,"tsung_controller@ip-172-30-3-176"} 1 1209.0 0.0 1209 448 730.125 8
stats: {sentpackets,"tsung_controller@ip-172-30-3-176"} 1 777.0 0.0 777 295 416.5 8
stats: {cpu,"tsung_controller@ip-172-30-3-176"} 1 1.2935323383084576 0.0 2.7777721369899178 0.9910802775024776 1.3982128652147714 9
stats: {load,"tsung_controller@ip-172-30-3-176"} 1 0.078125 0.0 0.33984375 0.078125 0.1896701388888889 9
stats: {freemem,"tsung_controller@ip-172-30-3-176"} 1 3162.5625 0.0 3169.1328125 3162.5625 3166.1427951388887 9
stats: session 15 7138.612744140625 3840.0856805119415 23181.5458984375 837.523193359375 7837.267701740507 79
stats: users_count 20 113
stats: finish_users_count 15 94
stats: request 107 140.73962060090545 155.80017821748388 676.558837890625 6.447021484375 95.84633156953565 533
stats: connect 20 0.74698486328125 0.09165512747456005 108.302978515625 0.544921875 1.9019631006384408 93
stats: page 90 167.33145073784726 163.20074589633822 676.558837890625 6.447021484375 109.16473701672676 468
stats: 302 41 268
stats: 200 66 372
stats: size_rcv 1706289 8990964
stats: newphase 0 1
stats: size_sent 65027 399988
stats: connected 3 19
# stats: dump at 1447971482
stats: users 19 27
stats: {recvpackets,"tsung_controller@ip-172-30-3-176"} 1 1651.0 0.0 1651 448 783.3333333333334 9
stats: {sentpackets,"tsung_controller@ip-172-30-3-176"} 1 933.0 0.0 933 295 456.55555555555554 9
stats: {cpu,"tsung_controller@ip-172-30-3-176"} 1 1.5873015873015872 0.0 2.7777721369899178 0.9910802775024776 1.38774481252414 10
stats: {load,"tsung_controller@ip-172-30-3-176"} 1 0.05859375 0.0 0.33984375 0.05859375 0.178515625 10
stats: {freemem,"tsung_controller@ip-172-30-3-176"} 1 3162.23828125 0.0 3169.1328125 3162.23828125 3165.784765625 10
stats: session 20 10546.333813476562 6822.006041096964 32871.60009765625 837.523193359375 7725.780208506482 94
stats: users_count 20 133
stats: finish_users_count 20 114
stats: request 129 119.54942238977713 141.79081433561927 676.558837890625 6.447021484375 103.3519283294678 640
stats: connect 20 0.76182861328125 0.14210065505593553 108.302978515625 0.544921875 1.6975421736725664 113
stats: page 115 134.1085873811141 147.89067498657073 676.558837890625 6.447021484375 118.54646503626232 558
stats: 302 58 326
stats: 200 71 443
stats: size_rcv 1724156 10715120
stats: newphase 0 1
stats: size_sent 86151 486139
stats: connected 2 21
# stats: dump at 1447971492
stats: users 23 27
stats: {recvpackets,"tsung_controller@ip-172-30-3-176"} 1 1572.0 0.0 1651 448 870.1 10
stats: {sentpackets,"tsung_controller@ip-172-30-3-176"} 1 1024.0 0.0 1024 295 504.2 10
stats: {cpu,"tsung_controller@ip-172-30-3-176"} 1 1.6881827209533267 0.0 2.7777721369899178 0.9910802775024776 1.405886337503908 11
stats: {load,"tsung_controller@ip-172-30-3-176"} 1 0.05078125 0.0 0.33984375 0.05078125 0.16761363636363635 11
stats: {freemem,"tsung_controller@ip-172-30-3-176"} 1 3160.76171875 0.0 3169.1328125 3160.76171875 3165.4623579545455 11
stats: session 19 10383.617842824835 5839.992897953897 32871.60009765625 837.523193359375 8220.614174290708 114
stats: users_count 23 156
stats: finish_users_count 19 133
stats: request 123 117.92169239075207 134.4278494250755 676.558837890625 6.447021484375 106.06906322384998 769
stats: connect 23 1.0108164911684783 0.4066749279135779 108.302978515625 0.544921875 1.5568333675986843 133
stats: page 115 126.12789572010873 137.0755130603461 676.558837890625 6.447021484375 121.20566870588782 673
stats: 302 58 384
stats: 200 65 508
stats: size_rcv 1160187 11875307
stats: newphase 0 1
stats: size_sent 72539 558678
stats: connected 2 23
# stats: dump at 1447971502
stats: users 40 42
stats: {recvpackets,"tsung_controller@ip-172-30-3-176"} 1 1545.0 0.0 1651 448 933.9090909090909 11
stats: {sentpackets,"tsung_controller@ip-172-30-3-176"} 1 848.0 0.0 1024 295 551.4545454545455 11
stats: {cpu,"tsung_controller@ip-172-30-3-176"} 1 1.5904572564612325 0.0 2.7777721369899178 0.9910802775024776 1.4294110361246928 12
stats: {load,"tsung_controller@ip-172-30-3-176"} 1 0.05078125 0.0 0.33984375 0.05078125 0.15787760416666666 12
stats: {freemem,"tsung_controller@ip-172-30-3-176"} 1 3159.44921875 0.0 3169.1328125 3159.44921875 3165.0706380208335 12
stats: session 26 10464.816810021033 6096.287029157863 32871.60009765625 837.523193359375 8529.614698367011 133
stats: users_count 43 199
stats: finish_users_count 26 159
stats: request 188 355.9552573346076 346.3441353382702 1371.170166015625 6.447021484375 107.70345042959993 892
stats: connect 42 0.7848597935267857 0.14911152043536854 108.302978515625 0.544921875 1.4763308794070513 156
stats: page 161 412.0519776907025 399.7938985435513 1868.051025390625 6.447021484375 121.9240140188769 788
stats: 302 76 460
stats: 200 112 620
stats: size_rcv 2661485 14536792
stats: newphase 1 2
stats: size_sent 122577 681255
stats: connected 17 40
# stats: dump at 1447971512
stats: users 60 61
stats: {recvpackets,"tsung_controller@ip-172-30-3-176"} 1 2874.0 0.0 2874 448 984.8333333333334 12
stats: {sentpackets,"tsung_controller@ip-172-30-3-176"} 1 1749.0 0.0 1749 295 576.1666666666666 12
stats: {cpu,"tsung_controller@ip-172-30-3-176"} 1 2.0060180541624875 0.0 2.7777721369899178 0.9910802775024776 1.4417992069198111 13
stats: {load,"tsung_controller@ip-172-30-3-176"} 1 0.0390625 0.0 0.33984375 0.0390625 0.14963942307692307 13
stats: {freemem,"tsung_controller@ip-172-30-3-176"} 1 3156.91796875 0.0 3169.1328125 3156.91796875 3164.638221153846 13
stats: session 29 11807.575860385237 5708.703072822723 32871.60009765625 837.523193359375 8846.062842411066 159
stats: users_count 49 248
stats: finish_users_count 29 188
stats: request 218 782.5945731346764 431.19816256339266 1738.14501953125 6.447021484375 150.91765385380498 1080
stats: connect 50 0.888505859375 1.1283030566929324 108.302978515625 0.5400390625 1.3296551945233586 198
stats: page 189 855.6706245866402 470.35528264970617 2464.19091796875 6.447021484375 171.14488035308545 949
stats: 302 87 547
stats: 200 131 751
stats: size_rcv 2920313 17457105
stats: newphase 0 2
stats: size_sent 137458 818713
stats: connected 20 60
# stats: dump at 1447971522
stats: users 59 66
stats: {recvpackets,"tsung_controller@ip-172-30-3-176"} 1 2707.0 0.0 2874 448 1130.1538461538462 13
stats: {sentpackets,"tsung_controller@ip-172-30-3-176"} 1 1522.0 0.0 1749 295 666.3846153846154 13
stats: {cpu,"tsung_controller@ip-172-30-3-176"} 1 2.3952095808383236 0.0 2.7777721369899178 0.9910802775024776 1.482100553151431 14
stats: {load,"tsung_controller@ip-172-30-3-176"} 1 0.03125 0.0 0.33984375 0.03125 0.14174107142857142 14
stats: {freemem,"tsung_controller@ip-172-30-3-176"} 1 3151.96484375 0.0 3169.1328125 3151.96484375 3164.0867745535716 14
stats: session 33 13505.923576586174 3479.714091796414 32871.60009765625 837.523193359375 9302.8919781624 188
stats: users_count 32 280
stats: finish_users_count 33 221
stats: request 260 1090.431497896634 370.0638416624903 2105.593017578125 6.447021484375 257.0082304356462 1298
stats: connect 32 0.78118896484375 0.312714098068834 108.302978515625 0.534912109375 1.2407137963079637 248
stats: page 238 1218.1223544593613 543.6154254825545 3003.697998046875 6.447021484375 284.8314934112066 1138
stats: 302 112 659
stats: 200 148 899
stats: size_rcv 2979831 20436936
stats: newphase 0 2
stats: size_sent 159098 977811
stats: connected -1 59
# stats: dump at 1447971532
stats: users 82 82
stats: {recvpackets,"tsung_controller@ip-172-30-3-176"} 1 2834.0 0.0 2874 448 1242.7857142857142 14
stats: {sentpackets,"tsung_controller@ip-172-30-3-176"} 1 1668.0 0.0 1749 295 727.5 14
stats: {cpu,"tsung_controller@ip-172-30-3-176"} 1 2.1999999999999997 0.0 2.7777721369899178 0.9910802775024776 1.5429744883305572 15
stats: {load,"tsung_controller@ip-172-30-3-176"} 1 0.03125 0.0 0.33984375 0.03125 0.134375 15
stats: {freemem,"tsung_controller@ip-172-30-3-176"} 1 3149.08203125 0.0 3169.1328125 3149.08203125 3163.2786458333335 15
stats: session 39 14400.440329527244 4432.5588474994975 32871.60009765625 837.523193359375 9930.493981546946 221
stats: users_count 62 342
stats: finish_users_count 39 260
stats: request 192 1078.3623034159348 580.0325644046819 2390.177001953125 6.447021484375 396.09041884377 1558
stats: connect 58 0.7362986597521551 0.0955622031076991 108.302978515625 0.534912109375 1.1881966727120536 280
stats: page 174 1170.9387894553697 635.317004717874 3250.404052734375 6.447021484375 446.2582557145939 1376
stats: 302 84 743
stats: 200 108 1007
stats: size_rcv 2687866 23124802
stats: newphase 1 3
stats: size_sent 131348 1109159
stats: connected 19 78
# stats: dump at 1447971542
stats: users 153 153
stats: {recvpackets,"tsung_controller@ip-172-30-3-176"} 1 2424.0 0.0 2874 448 1348.8666666666666 15
stats: {sentpackets,"tsung_controller@ip-172-30-3-176"} 1 1594.0 0.0 1749 295 790.2 15
stats: {cpu,"tsung_controller@ip-172-30-3-176"} 1 2.3046092184368736 0.0 2.7777721369899178 0.9910802775024776 1.5840385828098973 16
stats: {load,"tsung_controller@ip-172-30-3-176"} 1 0.01953125 0.0 0.33984375 0.01953125 0.1279296875 16
stats: {freemem,"tsung_controller@ip-172-30-3-176"} 1 3148.33203125 0.0 3169.1328125 3148.33203125 3162.391357421875 16
stats: session 14 20962.52082170759 4460.882509618436 32871.60009765625 837.523193359375 10600.98593374399 260
stats: users_count 85 427
stats: finish_users_count 14 274
stats: request 220 3049.4515624999995 814.7698654954464 4296.81591796875 0.760986328125 470.94539132254465 1750
stats: connect 83 0.7858239599021084 0.8571462445664847 108.302978515625 0.513916015625 1.1106520432692308 338
stats: page 193 3350.289672219074 1301.2949888050844 7222.451904296875 0.760986328125 527.6094898248487 1550
stats: 302 71 814
stats: 200 142 1149
stats: size_rcv 2170658 25295460
stats: newphase 0 3
stats: size_sent 135069 1244228
stats: connected 70 148
stats: 503 7 7
# stats: dump at 1447971552
stats: users 190 197
stats: {recvpackets,"tsung_controller@ip-172-30-3-176"} 1 2607.0 0.0 2874 448 1416.0625 16
stats: {sentpackets,"tsung_controller@ip-172-30-3-176"} 1 1740.0 0.0 1749 295 840.4375 16
stats: {cpu,"tsung_controller@ip-172-30-3-176"} 1 2.1169354838709675 0.0 2.7777721369899178 0.9910802775024776 1.6264250907879547 17
stats: {load,"tsung_controller@ip-172-30-3-176"} 1 0.01953125 0.0 0.33984375 0.01953125 0.12155330882352941 17
stats: {freemem,"tsung_controller@ip-172-30-3-176"} 1 3136.95703125 0.0 3169.1328125 3136.95703125 3161.564338235294 17
stats: session 42 19261.67664155506 7547.414366821857 33448.625 837.523193359375 11130.407424369867 274
stats: users_count 79 506
stats: finish_users_count 42 316
stats: request 501 2153.1522969685616 1989.6604748516932 4803.509033203125 0.6171875 758.9003952103823 1970
stats: connect 85 0.6968319163602941 0.13657248166671912 108.302978515625 0.511962890625 1.0466123023678742 421
stats: page 455 2400.6537527901774 2351.6573930667987 8570.677001953125 0.626953125 840.1609959648862 1743
stats: 302 109 923
stats: 200 164 1313
stats: size_rcv 2863588 28159048
stats: newphase 0 3
stats: size_sent 268583 1512811
stats: connected 43 191
stats: 503 228 235
# stats: dump at 1447971562
stats: users 236 238
stats: {recvpackets,"tsung_controller@ip-172-30-3-176"} 1 3420.0 0.0 3420 448 1486.1176470588234 17
stats: {sentpackets,"tsung_controller@ip-172-30-3-176"} 1 2470.0 0.0 2470 295 893.3529411764706 17
stats: {cpu,"tsung_controller@ip-172-30-3-176"} 1 3.4378159757330633 0.0 3.4378159757330633 0.9910802775024776 1.6536756681814555 18
stats: {load,"tsung_controller@ip-172-30-3-176"} 1 0.01953125 0.0 0.33984375 0.01953125 0.11588541666666667 18
stats: {freemem,"tsung_controller@ip-172-30-3-176"} 1 3129.8984375 0.0 3169.1328125 3129.8984375 3160.197265625 18
stats: session 91 19957.838724995698 7996.354338311543 36219.76513671875 40.0400390625 12211.14573804638 316
stats: users_count 137 643
stats: finish_users_count 91 407
stats: request 687 1477.8835132937575 1756.7761618721065 4803.509033203125 0.6171875 1041.5876484604219 2471
stats: connect 137 0.7112956917198904 0.33416877137863 108.302978515625 0.511962890625 0.9878547276432806 506
stats: page 630 1595.2606038411461 1982.8190532713295 8570.677001953125 0.626953125 1163.1929360720324 2198
stats: 302 152 1075
stats: 200 137 1450
stats: size_rcv 3436454 31595502
stats: newphase 1 4
stats: size_sent 331080 1843891
stats: connected 46 237
stats: 503 398 633
# stats: dump at 1447971572
stats: users 247 253
stats: {recvpackets,"tsung_controller@ip-172-30-3-176"} 1 4330.0 0.0 4330 448 1593.5555555555557 18
stats: {sentpackets,"tsung_controller@ip-172-30-3-176"} 1 3429.0 0.0 3429 295 980.9444444444445 18
stats: {cpu,"tsung_controller@ip-172-30-3-176"} 1 4.294478527607362 0.0 4.294478527607362 0.9910802775024776 1.7475777896315403 19
stats: {load,"tsung_controller@ip-172-30-3-176"} 1 0.01171875 0.0 0.33984375 0.01171875 0.1108141447368421 19
stats: {freemem,"tsung_controller@ip-172-30-3-176"} 1 3128.92578125 0.0 3169.1328125 3128.92578125 3158.6025904605262 19
stats: session 153 17817.5518599367 8877.463757510091 40308.16796875 40.0400390625 13943.207314980995 407
stats: users_count 164 807
stats: finish_users_count 153 560
stats: request 968 1150.2669955166923 1662.9414071711358 5258.614990234375 0.60791015625 1136.5006500881932 3158
stats: connect 164 0.6795877596227133 0.12334166635789696 108.302978515625 0.511962890625 0.928930018589619 643
stats: page 892 1254.5724829430014 1881.1119291978446 8570.677001953125 0.613037109375 1259.445634337429 2828
stats: 302 157 1232
stats: 200 171 1621
stats: size_rcv 3729515 35325017
stats: newphase 0 4
stats: size_sent 433336 2277227
stats: connected 11 248
stats: 503 640 1273
# stats: dump at 1447971582
stats: users 250 255
stats: {recvpackets,"tsung_controller@ip-172-30-3-176"} 1 4623.0 0.0 4623 448 1737.578947368421 19
stats: {sentpackets,"tsung_controller@ip-172-30-3-176"} 1 3984.0 0.0 3984 295 1109.7894736842106 19
stats: {cpu,"tsung_controller@ip-172-30-3-176"} 1 4.634397528321318 0.0 4.634397528321318 0.9910802775024776 1.8749228265303313 20
stats: {load,"tsung_controller@ip-172-30-3-176"} 1 0.01171875 0.0 0.33984375 0.01171875 0.105859375 20
stats: {freemem,"tsung_controller@ip-172-30-3-176"} 1 3128.9453125 0.0 3169.1328125 3128.92578125 3157.11875 20
stats: session 169 14635.83663091716 8033.798774700162 40712.927001953125 40.0400390625 15001.733592442108 560
stats: users_count 172 979
stats: finish_users_count 169 729
stats: request 1042 981.0568676617232 1426.0436752228745 5258.614990234375 0.589111328125 1139.7303695197945 4126
stats: connect 170 0.6526927274816171 0.12789164607881703 108.302978515625 0.510009765625 0.8782582336198885 807
stats: page 954 1083.5538775366047 1599.3938466576574 8570.677001953125 0.589111328125 1258.2771259923136 3720
stats: 302 194 1426
stats: 200 148 1769
stats: size_rcv 3821708 39146725
stats: newphase 0 4
stats: size_sent 469426 2746653
stats: connected 0 248
stats: 503 700 1973
# stats: dump at 1447971592
stats: users 146 255
stats: {recvpackets,"tsung_controller@ip-172-30-3-176"} 1 4826.0 0.0 4826 448 1881.85 20
stats: {sentpackets,"tsung_controller@ip-172-30-3-176"} 1 4078.0 0.0 4078 295 1253.5000000000002 20
stats: {cpu,"tsung_controller@ip-172-30-3-176"} 1 5.623721881390593 0.0 5.623721881390593 0.9910802775024776 2.0063263837584735 21
stats: {load,"tsung_controller@ip-172-30-3-176"} 1 0.01171875 0.0 0.33984375 0.01171875 0.1013764880952381 21
stats: {freemem,"tsung_controller@ip-172-30-3-176"} 1 3128.76953125 0.0 3169.1328125 3128.76953125 3155.7771577380954 21
stats: session 136 16928.575767965885 6315.552126287148 40712.927001953125 40.0400390625 14916.909742651002 729
stats: users_count 32 1011
stats: finish_users_count 136 865
stats: request 688 1492.7413968818132 1138.5385895527404 5258.614990234375 0.589111328125 1107.737763301507 5168
stats: connect 34 0.6354406020220589 0.07253807293701171 108.302978515625 0.510009765625 0.8390093738005372 977
stats: page 645 1595.0309195585037 1300.8267205918758 8570.677001953125 0.589111328125 1222.6147428030224 4674
stats: 302 317 1743
stats: 200 178 1947
stats: size_rcv 3674552 42821277
stats: newphase 1 5
stats: size_sent 384380 3131033
stats: connected -102 146
stats: 503 193 2166
# stats: dump at 1447971602
stats: users 53 255
stats: {recvpackets,"tsung_controller@ip-172-30-3-176"} 1 4298.0 0.0 4826 448 2022.047619047619 21
stats: {sentpackets,"tsung_controller@ip-172-30-3-176"} 1 2934.0 0.0 4078 295 1388.0000000000002 21
stats: {cpu,"tsung_controller@ip-172-30-3-176"} 1 3.5317860746720484 0.0 5.623721881390593 0.9910802775024776 2.170753451832661 22
stats: {load,"tsung_controller@ip-172-30-3-176"} 1 0.01171875 0.0 0.33984375 0.01171875 0.09730113636363637 22
stats: {freemem,"tsung_controller@ip-172-30-3-176"} 1 3127.91796875 0.0 3169.1328125 3127.91796875 3154.5495383522725 22
stats: session 111 19966.310102583062 5348.108739573475 40712.927001953125 40.0400390625 15233.194805590683 865
stats: users_count 18 1029
stats: finish_users_count 111 976
stats: request 270 1706.9067265263313 315.393944570799 5258.614990234375 0.589111328125 1152.9704306347123 5856
stats: connect 15 0.7622884114583334 0.1803222869267953 108.302978515625 0.510009765625 0.8321633419108555 1011
stats: page 263 1784.724476629337 501.4515413773991 8570.677001953125 0.589111328125 1267.7751928889948 5319
stats: 302 176 1919
stats: 200 94 2041
stats: size_rcv 2052101 44873378
stats: newphase 0 5
stats: size_sent 185823 3316856
stats: connected -93 53
stats: 503 0 2166
# stats: dump at 1447971612
stats: users 23 255
stats: {recvpackets,"tsung_controller@ip-172-30-3-176"} 1 1955.0 0.0 4826 448 2125.5 22
stats: {sentpackets,"tsung_controller@ip-172-30-3-176"} 1 1379.0 0.0 4078 295 1458.2727272727275 22
stats: {cpu,"tsung_controller@ip-172-30-3-176"} 1 1.9900497512437811 0.0 5.623721881390593 0.9910802775024776 2.2299287832604606 23
stats: {load,"tsung_controller@ip-172-30-3-176"} 1 0.01171875 0.0 0.33984375 0.01171875 0.09358016304347826 23
stats: {freemem,"tsung_controller@ip-172-30-3-176"} 1 3127.734375 0.0 3169.1328125 3127.734375 3153.391644021739 23
stats: session 44 19636.018238414414 7648.837056644634 40712.927001953125 40.0400390625 15771.489680556004 976
stats: users_count 14 1043
stats: finish_users_count 44 1020
stats: request 177 1055.693060061352 909.3406971127862 5258.614990234375 0.589111328125 1177.3848609139707 6126
stats: connect 16 0.6975250244140625 0.1115408243749028 108.302978515625 0.510009765625 0.831141778600146 1026
stats: page 165 1132.4732037168558 1022.0887967554412 8570.677001953125 0.589111328125 1292.1316353153134 5582
stats: 302 85 2004
stats: 200 92 2133
stats: size_rcv 2023068 46896446
stats: newphase 0 5
stats: size_sent 91761 3408617
stats: connected -29 24
stats: 503 0 2166
# stats: dump at 1447971622
stats: users 21 255
stats: {recvpackets,"tsung_controller@ip-172-30-3-176"} 1 1787.0 0.0 4826 448 2118.086956521739 23
stats: {sentpackets,"tsung_controller@ip-172-30-3-176"} 1 1046.0 0.0 4078 295 1454.8260869565217 23
stats: {cpu,"tsung_controller@ip-172-30-3-176"} 1 1.691542288557214 0.0 5.623721881390593 0.9910802775024776 2.219933823593099 24
stats: {load,"tsung_controller@ip-172-30-3-176"} 1 0.01171875 0.0 0.33984375 0.01171875 0.09016927083333333 24
stats: {freemem,"tsung_controller@ip-172-30-3-176"} 1 3128.93359375 0.0 3169.1328125 3127.734375 3152.3225911458335 24
stats: session 22 15717.369850852272 9217.258269119218 40712.927001953125 40.0400390625 15938.194834032249 1020
stats: users_count 20 1063
stats: finish_users_count 22 1042
stats: request 128 112.01442718505865 121.71945995366787 5258.614990234375 0.589111328125 1173.9675280961198 6303
stats: connect 21 0.7271205357142857 0.19248466044360152 108.302978515625 0.510009765625 0.8290900817988243 1042
stats: page 125 114.70384570312505 122.3047492025735 8570.677001953125 0.589111328125 1287.5477408984445 5747
stats: 302 64 2068
stats: 200 64 2197
stats: size_rcv 970026 47866472
stats: newphase 0 5
stats: size_sent 78367 3486984
stats: connected -1 23
stats: 503 0 2166
# stats: dump at 1447971632
stats: users 5 255
stats: {recvpackets,"tsung_controller@ip-172-30-3-176"} 1 817.0 0.0 4826 448 2104.2916666666665 24
stats: {sentpackets,"tsung_controller@ip-172-30-3-176"} 1 556.0 0.0 4078 295 1437.7916666666667 24
stats: {cpu,"tsung_controller@ip-172-30-3-176"} 1 1.6865079365079365 0.0 5.623721881390593 0.9910802775024776 2.198798162191664 25
stats: {load,"tsung_controller@ip-172-30-3-176"} 1 0.01171875 0.0 0.33984375 0.01171875 0.08703125 25
stats: {freemem,"tsung_controller@ip-172-30-3-176"} 1 3140.32421875 0.0 3169.1328125 3127.734375 3151.38703125 25
stats: session 16 13009.18344116211 4383.423326557859 40712.927001953125 40.0400390625 15933.532502333632 1042
stats: users_count 0 1063
stats: finish_users_count 16 1058
stats: request 52 79.63587364783656 78.3509803054544 5258.614990234375 0.589111328125 1152.830846877551 6431
stats: connect 0 0 0 108.302978515625 0.510009765625 0.827075631688029 1063
stats: page 52 79.63587364783656 78.3509803054544 8570.677001953125 0.589111328125 1262.5808664264734 5872
stats: 302 36 2104
stats: 200 16 2213
stats: size_rcv 86726 47953198
stats: newphase 0 5
stats: size_sent 38923 3525907
stats: connected -18 5
stats: 503 0 2166
# stats: dump at 1447971642
stats: users 1 255
stats: {recvpackets,"tsung_controller@ip-172-30-3-176"} 1 127.0 0.0 4826 127 2052.8 25
stats: {sentpackets,"tsung_controller@ip-172-30-3-176"} 1 131.0 0.0 4078 131 1402.52 25
stats: {cpu,"tsung_controller@ip-172-30-3-176"} 1 0.8902077151335311 0.0 5.623721881390593 0.8902077151335311 2.179094691973059 26
stats: {load,"tsung_controller@ip-172-30-3-176"} 1 0.0 0.0 0.33984375 0.0 0.08413461538461539 26
stats: {freemem,"tsung_controller@ip-172-30-3-176"} 1 3140.3828125 0.0 3169.1328125 3127.734375 3150.9615384615386 26
stats: session 4 19529.147521972656 8897.46964600278 40712.927001953125 40.0400390625 15889.30794186223 1058
stats: users_count 0 1063
stats: finish_users_count 4 1062
stats: request 7 91.32655552455357 66.49638904078334 5258.614990234375 0.589111328125 1144.2227736694767 6483
stats: connect 0 0 0 108.302978515625 0.510009765625 0.827075631688029 1063
stats: page 7 91.32655552455357 66.49638904078334 8570.677001953125 0.589111328125 1252.1971494068096 5924
stats: 302 5 2109
stats: 200 2 2215
stats: size_rcv 11610 47964808
stats: newphase 0 5
stats: size_sent 5819 3531726
stats: connected -4 1
stats: 503 0 2166
# stats: dump at 1447971650
stats: users 0 255
stats: {recvpackets,"tsung_controller@ip-172-30-3-176"} 1 8.0 0.0 4826 8 1978.7307692307695 26
stats: {sentpackets,"tsung_controller@ip-172-30-3-176"} 1 10.0 0.0 4078 10 1353.6153846153845 26
stats: {cpu,"tsung_controller@ip-172-30-3-176"} 1 0.8893280632411068 0.0 5.623721881390593 0.8893280632411068 2.1313581372752983 27
stats: {load,"tsung_controller@ip-172-30-3-176"} 1 0.0 0.0 0.33984375 0.0 0.08101851851851852 27
stats: {freemem,"tsung_controller@ip-172-30-3-176"} 1 3140.4296875 0.0 3169.1328125 3127.734375 3150.569733796296 27
stats: session 1 26893.44091796875 0.0 40712.927001953125 40.0400390625 15903.017318811797 1062
stats: users_count 0 1063
stats: finish_users_count 1 1063
stats: request 1 135.39892578125 0.0 5258.614990234375 0.589111328125 1143.0871383032188 6490
stats: connect 0 0 0 108.302978515625 0.510009765625 0.827075631688029 1063
stats: page 1 135.39892578125 0.0 8570.677001953125 0.589111328125 1250.8270441703949 5931
stats: 302 1 2110
stats: 200 0 2215
stats: size_rcv 93 47964901
stats: newphase 0 5
stats: size_sent 941 3532667
stats: connected -1 0
stats: 503 0 2166
EndMonitor:{1447,971650,811627}
