# stats: dump at 1447972440
stats: users 6 6
stats: {cpu,"tsung_controller@ip-172-30-3-176"} 1 2.7058703768409407 0 2.7058703768409407 2.7058703768409407 0 0
stats: {load,"tsung_controller@ip-172-30-3-176"} 1 0.0 0 0.0 0.0 0 0
stats: {freemem,"tsung_controller@ip-172-30-3-176"} 1 3168.79296875 0 3168.79296875 3168.79296875 0 0
stats: session 2 4126.2955322265625 2339.6944580078125 6465.989990234375 1786.60107421875 0 0
stats: users_count 8 8
stats: finish_users_count 2 2
stats: request 29 62.22022326239226 74.95227084594787 348.947998046875 7.09912109375 0 0
stats: connect 8 14.592071533203125 35.26141952645417 107.830078125 0.68896484375 0 0
stats: page 27 66.83261899594906 76.23239432920742 348.947998046875 7.09912109375 0 0
stats: 302 10 10
stats: 200 19 19
stats: size_rcv 270645 270645
stats: size_sent 14499 14499
stats: connected 6 6
# stats: dump at 1447972450
stats: users 9 10
stats: {recvpackets,"tsung_controller@ip-172-30-3-176"} 1 299 0 299 299 0 0
stats: {sentpackets,"tsung_controller@ip-172-30-3-176"} 1 205 0 205 205 0 0
stats: {cpu,"tsung_controller@ip-172-30-3-176"} 1 1.968503937007874 0.0 2.7058703768409407 1.968503937007874 2.7058703768409407 1
stats: {load,"tsung_controller@ip-172-30-3-176"} 1 0.0 0.0 0.0 0.0 0.0 1
stats: {freemem,"tsung_controller@ip-172-30-3-176"} 1 3167.46875 0.0 3168.79296875 3167.46875 3168.79296875 1
stats: session 10 7236.82314453125 4430.453651317384 17794.76904296875 1206.505859375 4126.2955322265625 2
stats: users_count 13 21
stats: finish_users_count 10 12
stats: request 64 91.38930130004883 112.48291151962196 457.68603515625 7.09912109375 62.22022326239226 29
stats: connect 13 0.7587702824519231 0.1613310039812162 107.830078125 0.592041015625 14.592071533203125 8
stats: page 54 108.32123933015046 119.15808769263718 457.68603515625 7.09912109375 66.83261899594906 27
stats: 302 26 36
stats: 200 38 57
stats: size_rcv 1026031 1296676
stats: size_sent 41878 56377
stats: connected 4 10
# stats: dump at 1447972460
stats: users 5 13
stats: {recvpackets,"tsung_controller@ip-172-30-3-176"} 1 1111.0 0.0 1111 299 299.0 1
stats: {sentpackets,"tsung_controller@ip-172-30-3-176"} 1 593.0 0.0 593 205 205.0 1
stats: {cpu,"tsung_controller@ip-172-30-3-176"} 1 0.9950248756218906 0.0 2.7058703768409407 0.9950248756218906 2.3371871569244074 2
stats: {load,"tsung_controller@ip-172-30-3-176"} 1 0.0 0.0 0.0 0.0 0.0 2
stats: {freemem,"tsung_controller@ip-172-30-3-176"} 1 3166.875 0.0 3168.79296875 3166.875 3168.130859375 2
stats: session 13 7387.0607346754805 3058.6682936542447 17794.76904296875 899.906005859375 6718.401875813802 12
stats: users_count 9 30
stats: finish_users_count 13 25
stats: request 75 76.71566080729161 87.13930513827133 457.68603515625 7.09912109375 82.29356728830645 93
stats: connect 9 0.7402072482638888 0.08536566199632607 107.830078125 0.592041015625 6.028599330357143 21
stats: page 66 87.18314985795455 92.61906045475841 457.68603515625 7.09912109375 94.49169921875 81
stats: 302 36 72
stats: 200 39 96
stats: size_rcv 929241 2225917
stats: size_sent 48980 105357
stats: connected -5 5
# stats: dump at 1447972470
stats: users 9 13
stats: {recvpackets,"tsung_controller@ip-172-30-3-176"} 1 979.0 0.0 1111 299 705.0 2
stats: {sentpackets,"tsung_controller@ip-172-30-3-176"} 1 528.0 0.0 593 205 399.0 2
stats: {cpu,"tsung_controller@ip-172-30-3-176"} 1 1.1928429423459244 0.0 2.7058703768409407 0.9950248756218906 1.8897997298235685 3
stats: {load,"tsung_controller@ip-172-30-3-176"} 1 0.0 0.0 0.0 0.0 0.0 3
stats: {freemem,"tsung_controller@ip-172-30-3-176"} 1 3165.1875 0.0 3168.79296875 3165.1875 3167.7122395833335 3
stats: session 8 4826.367828369141 2275.385254049542 17794.76904296875 899.906005859375 7066.104482421875 25
stats: users_count 12 42
stats: finish_users_count 8 33
stats: request 70 63.80797991071429 80.15327301475479 457.68603515625 7.09912109375 79.80343046642483 168
stats: connect 12 1.3790690104166667 2.2267731847597623 107.830078125 0.530029296875 4.442081705729167 30
stats: page 62 72.04612682711694 86.54087741303842 457.68603515625 7.09912109375 91.21030970982143 147
stats: 302 28 100
stats: 200 42 138
stats: size_rcv 1046605 3272522
stats: size_sent 43337 148694
stats: connected 4 9
# stats: dump at 1447972480
stats: users 7 13
stats: {recvpackets,"tsung_controller@ip-172-30-3-176"} 1 742.0 0.0 1111 299 796.3333333333334 3
stats: {sentpackets,"tsung_controller@ip-172-30-3-176"} 1 475.0 0.0 593 205 442.0 3
stats: {cpu,"tsung_controller@ip-172-30-3-176"} 1 0.992063492063492 0.0 2.7058703768409407 0.992063492063492 1.7155605329541574 4
stats: {load,"tsung_controller@ip-172-30-3-176"} 1 0.0 0.0 0.0 0.0 0.0 4
stats: {freemem,"tsung_controller@ip-172-30-3-176"} 1 3165.55859375 0.0 3168.79296875 3165.1875 3167.0810546875 4
stats: session 8 9042.426666259766 3711.75378173485 17794.76904296875 899.906005859375 6523.138020833333 33
stats: users_count 6 48
stats: finish_users_count 8 41
stats: request 37 74.24996700802365 74.48165984266244 457.68603515625 7.09912109375 75.0988861853335 238
stats: connect 6 0.6866455078125 0.07939773809596692 107.830078125 0.530029296875 3.5669352213541665 42
stats: page 34 80.80460851332721 76.8368720066837 457.68603515625 7.09912109375 85.5252411034689 209
stats: 302 18 118
stats: 200 19 157
stats: size_rcv 405177 3677699
stats: size_sent 25089 173783
stats: connected -2 7
# stats: dump at 1447972490
stats: users 9 13
stats: {recvpackets,"tsung_controller@ip-172-30-3-176"} 1 429.0 0.0 1111 299 782.75 4
stats: {sentpackets,"tsung_controller@ip-172-30-3-176"} 1 266.0 0.0 593 205 450.25 4
stats: {cpu,"tsung_controller@ip-172-30-3-176"} 1 0.9910802775024776 0.0 2.7058703768409407 0.9910802775024776 1.5708611247760245 5
stats: {load,"tsung_controller@ip-172-30-3-176"} 1 0.0 0.0 0.0 0.0 0.0 5
stats: {freemem,"tsung_controller@ip-172-30-3-176"} 1 3165.5859375 0.0 3168.79296875 3165.1875 3166.7765625 5
stats: session 7 12978.281180245536 9055.916784696421 30706.263916015625 899.906005859375 7014.706537014101 41
stats: users_count 9 57
stats: finish_users_count 7 48
stats: request 51 70.2146283318015 88.41905725732639 457.68603515625 7.09912109375 74.98466796874999 275
stats: connect 9 0.6999240451388888 0.08470874012053699 107.830078125 0.530029296875 3.2068990071614585 48
stats: page 47 76.19383207280585 91.50247574154463 457.68603515625 7.09912109375 84.86474107028035 243
stats: 302 22 140
stats: 200 29 186
stats: size_rcv 521422 4199121
stats: size_sent 29765 203548
stats: connected 2 9
# stats: dump at 1447972500
stats: users 24 24
stats: {recvpackets,"tsung_controller@ip-172-30-3-176"} 1 589.0 0.0 1111 299 712.0 5
stats: {sentpackets,"tsung_controller@ip-172-30-3-176"} 1 365.0 0.0 593 205 413.4 5
stats: {cpu,"tsung_controller@ip-172-30-3-176"} 1 0.992063492063492 0.0 2.7058703768409407 0.9910802775024776 1.4742309835637668 6
stats: {load,"tsung_controller@ip-172-30-3-176"} 1 0.0 0.0 0.0 0.0 0.0 6
stats: {freemem,"tsung_controller@ip-172-30-3-176"} 1 3165.57421875 0.0 3168.79296875 3165.1875 3166.578125 6
stats: session 9 10523.40074327257 4653.382368637925 30706.263916015625 899.906005859375 7884.394505818685 48
stats: users_count 24 81
stats: finish_users_count 9 57
stats: request 82 50.33489543635671 61.971999691851714 457.68603515625 7.09912109375 74.23843477401266 326
stats: connect 23 0.7189941406249999 0.16243274023975593 107.830078125 0.514892578125 2.811060855263158 57
stats: page 79 52.24777492088607 63.825434534639754 457.68603515625 7.09912109375 83.45945581896552 290
stats: 302 30 170
stats: 200 52 238
stats: size_rcv 928044 5127165
stats: newphase 1 1
stats: size_sent 44805 248353
stats: connected 15 24
# stats: dump at 1447972510
stats: users 25 29
stats: {recvpackets,"tsung_controller@ip-172-30-3-176"} 1 1004.0 0.0 1111 299 691.5 6
stats: {sentpackets,"tsung_controller@ip-172-30-3-176"} 1 666.0 0.0 666 205 405.3333333333333 6
stats: {cpu,"tsung_controller@ip-172-30-3-176"} 1 1.7769002961500493 0.0 2.7058703768409407 0.9910802775024776 1.4053499133494418 7
stats: {load,"tsung_controller@ip-172-30-3-176"} 1 0.0 0.0 0.0 0.0 0.0 7
stats: {freemem,"tsung_controller@ip-172-30-3-176"} 1 3162.921875 0.0 3168.79296875 3162.921875 3166.4347098214284 7
stats: session 22 7661.706764914773 3913.676327478021 30706.263916015625 899.906005859375 8301.079701206141 57
stats: users_count 23 104
stats: finish_users_count 22 79
stats: request 162 80.79411862220293 99.18010879803244 576.5419921875 6.551025390625 69.43429206399358 408
stats: connect 24 0.6979268391927084 0.0990587481071684 107.830078125 0.514892578125 2.2095916748046873 80
stats: page 147 89.04251202434101 105.85179896510759 576.5419921875 6.551025390625 76.77728023373983 369
stats: 302 75 245
stats: 200 87 325
stats: size_rcv 1875232 7002397
stats: newphase 0 1
stats: size_sent 102121 350474
stats: connected 2 26
# stats: dump at 1447972520
stats: users 29 29
stats: {recvpackets,"tsung_controller@ip-172-30-3-176"} 1 1837.0 0.0 1837 299 736.1428571428571 7
stats: {sentpackets,"tsung_controller@ip-172-30-3-176"} 1 1116.0 0.0 1116 205 442.57142857142856 7
stats: {cpu,"tsung_controller@ip-172-30-3-176"} 1 1.7892644135188867 0.0 2.7058703768409407 0.9910802775024776 1.4517937111995178 8
stats: {load,"tsung_controller@ip-172-30-3-176"} 1 0.0 0.0 0.0 0.0 0.0 8
stats: {freemem,"tsung_controller@ip-172-30-3-176"} 1 3160.390625 0.0 3168.79296875 3160.390625 3165.99560546875 8
stats: session 19 11082.418315686678 5667.208069922335 30706.263916015625 899.906005859375 8123.026478441456 79
stats: users_count 23 127
stats: finish_users_count 19 98
stats: request 122 63.03637695312502 73.57281375352912 576.5419921875 6.302001953125 72.66287434895834 570
stats: connect 23 0.7237920346467391 0.10414749598874253 107.830078125 0.514892578125 1.8607459435096154 104
stats: page 118 65.17448399430617 74.58212676700178 576.5419921875 6.302001953125 80.27144510431808 516
stats: 302 56 301
stats: 200 66 391
stats: size_rcv 1018721 8021118
stats: newphase 0 1
stats: size_sent 73012 423486
stats: connected 3 29
# stats: dump at 1447972530
stats: users 17 33
stats: {recvpackets,"tsung_controller@ip-172-30-3-176"} 1 1155.0 0.0 1837 299 873.75 8
stats: {sentpackets,"tsung_controller@ip-172-30-3-176"} 1 793.0 0.0 1116 205 526.75 8
stats: {cpu,"tsung_controller@ip-172-30-3-176"} 1 1.2012012012012012 0.0 2.7058703768409407 0.9910802775024776 1.4892904559016698 9
stats: {load,"tsung_controller@ip-172-30-3-176"} 1 0.0 0.0 0.0 0.0 0.0 9
stats: {freemem,"tsung_controller@ip-172-30-3-176"} 1 3160.27734375 0.0 3168.79296875 3160.27734375 3165.3728298611113 9
stats: session 30 11704.141772460938 6068.547560831243 30706.263916015625 899.906005859375 8696.786120356346 98
stats: users_count 18 145
stats: finish_users_count 30 128
stats: request 151 78.95207406353477 100.7625172901287 616.843994140625 6.302001953125 70.96571729362357 692
stats: connect 18 1.4349365234375 3.0606272114213486 107.830078125 0.514892578125 1.6548409048966535 127
stats: page 142 83.95838261993839 103.42327914268427 616.843994140625 6.302001953125 77.46160060750198 634
stats: 302 79 380
stats: 200 72 463
stats: size_rcv 1107651 9128769
stats: newphase 0 1
stats: size_sent 99730 523216
stats: connected -12 17
# stats: dump at 1447972540
stats: users 11 33
stats: {recvpackets,"tsung_controller@ip-172-30-3-176"} 1 1327.0 0.0 1837 299 905.0 9
stats: {sentpackets,"tsung_controller@ip-172-30-3-176"} 1 864.0 0.0 1116 205 556.3333333333334 9
stats: {cpu,"tsung_controller@ip-172-30-3-176"} 1 1.8867924528301887 0.0 2.7058703768409407 0.9910802775024776 1.460481530431623 10
stats: {load,"tsung_controller@ip-172-30-3-176"} 1 0.0 0.0 0.0 0.0 0.0 10
stats: {freemem,"tsung_controller@ip-172-30-3-176"} 1 3161.0078125 0.0 3168.79296875 3160.27734375 3164.86328125 10
stats: session 22 8193.90878018466 4606.965710000842 30706.263916015625 899.906005859375 9401.63510131836 128
stats: users_count 16 161
stats: finish_users_count 22 150
stats: request 112 110.80746241978237 151.2428847348877 840.119140625 6.302001953125 72.39625094991845 843
stats: connect 16 0.6643218994140625 0.09169814578394461 107.830078125 0.514892578125 1.6275424299568966 145
stats: page 100 124.10873046875 159.57757850148326 840.119140625 6.302001953125 78.6504447386437 776
stats: 302 52 432
stats: 200 60 523
stats: size_rcv 1405193 10533962
stats: newphase 0 1
stats: size_sent 74160 597376
stats: connected -6 11
# stats: dump at 1447972550
stats: users 14 33
stats: {recvpackets,"tsung_controller@ip-172-30-3-176"} 1 1339.0 0.0 1837 299 947.2 10
stats: {sentpackets,"tsung_controller@ip-172-30-3-176"} 1 776.0 0.0 1116 205 587.1 10
stats: {cpu,"tsung_controller@ip-172-30-3-176"} 1 1.1964107676969093 0.0 2.7058703768409407 0.9910802775024776 1.4992370688314927 11
stats: {load,"tsung_controller@ip-172-30-3-176"} 1 0.0 0.0 0.0 0.0 0.0 11
stats: {freemem,"tsung_controller@ip-172-30-3-176"} 1 3160.66015625 0.0 3168.79296875 3160.27734375 3164.512784090909 11
stats: session 15 9300.189762369791 4337.801222713248 30706.263916015625 899.906005859375 9224.501907552083 150
stats: users_count 18 179
stats: finish_users_count 15 165
stats: request 102 65.06741871553311 84.73577303935629 840.119140625 6.302001953125 76.90102130031086 955
stats: connect 18 0.6757134331597222 0.09420601197074599 107.830078125 0.514892578125 1.5318186505240683 161
stats: page 93 71.36775716145833 91.12364373237612 840.119140625 6.302001953125 83.83974676262842 876
stats: 302 43 475
stats: 200 59 582
stats: size_rcv 1237675 11771637
stats: newphase 0 1
stats: size_sent 64369 661745
stats: connected 5 16
# stats: dump at 1447972560
stats: users 30 34
stats: {recvpackets,"tsung_controller@ip-172-30-3-176"} 1 1207.0 0.0 1837 299 982.8181818181819 11
stats: {sentpackets,"tsung_controller@ip-172-30-3-176"} 1 730.0 0.0 1116 205 604.2727272727273 11
stats: {cpu,"tsung_controller@ip-172-30-3-176"} 1 1.3888888888888888 0.0 2.7058703768409407 0.9910802775024776 1.474001543736944 12
stats: {load,"tsung_controller@ip-172-30-3-176"} 1 0.0 0.0 0.0 0.0 0.0 12
stats: {freemem,"tsung_controller@ip-172-30-3-176"} 1 3161.03515625 0.0 3168.79296875 3160.27734375 3164.1917317708335 12
stats: session 21 7967.406203497024 4341.520665145739 30706.263916015625 899.906005859375 9231.38262162642 165
stats: users_count 37 216
stats: finish_users_count 21 186
stats: request 170 62.45100815716913 80.51569964134599 840.119140625 6.302001953125 75.75908424861045 1057
stats: connect 37 0.6311629011824325 0.09508040221552372 107.830078125 0.489013671875 1.4457298577164805 179
stats: page 157 67.62471853851514 84.44899578462122 840.119140625 6.302001953125 82.6427446646833 969
stats: 302 71 546
stats: 200 99 681
stats: size_rcv 2017420 13789057
stats: newphase 1 2
stats: size_sent 100419 762164
stats: connected 15 31
# stats: dump at 1447972570
stats: users 37 41
stats: {recvpackets,"tsung_controller@ip-172-30-3-176"} 1 2236.0 0.0 2236 299 1001.5 12
stats: {sentpackets,"tsung_controller@ip-172-30-3-176"} 1 1427.0 0.0 1427 205 614.75 12
stats: {cpu,"tsung_controller@ip-172-30-3-176"} 1 2.091633466135458 0.0 2.7058703768409407 0.9910802775024776 1.46745441644094 13
stats: {load,"tsung_controller@ip-172-30-3-176"} 1 0.0 0.0 0.0 0.0 0.0 13
stats: {freemem,"tsung_controller@ip-172-30-3-176"} 1 3159.46875 0.0 3168.79296875 3159.46875 3163.948918269231 13
stats: session 34 7576.339563706342 3677.9979851881762 30706.263916015625 899.906005859375 9088.675606676326 186
stats: users_count 41 257
stats: finish_users_count 34 220
stats: request 231 92.40848954105792 121.9852582757356 840.119140625 6.302001953125 73.91525952526487 1227
stats: connect 41 0.6763231230945121 0.09668366488632033 107.830078125 0.489013671875 1.3061975549768519 216
stats: page 214 99.75201701226632 125.92884044842586 840.119140625 6.302001953125 80.54875700765986 1126
stats: 302 101 647
stats: 200 130 811
stats: size_rcv 2467324 16256381
stats: newphase 0 2
stats: size_sent 141217 903381
stats: connected 8 39
# stats: dump at 1447972580
stats: users 35 46
stats: {recvpackets,"tsung_controller@ip-172-30-3-176"} 1 2590.0 0.0 2590 299 1096.4615384615386 13
stats: {sentpackets,"tsung_controller@ip-172-30-3-176"} 1 1678.0 0.0 1678 205 677.2307692307693 13
stats: {cpu,"tsung_controller@ip-172-30-3-176"} 1 2.206619859578736 0.0 2.7058703768409407 0.9910802775024776 1.5120386342762626 14
stats: {load,"tsung_controller@ip-172-30-3-176"} 1 0.078125 0.0 0.078125 0.0 0.0 14
stats: {freemem,"tsung_controller@ip-172-30-3-176"} 1 3157.66015625 0.0 3168.79296875 3157.66015625 3163.62890625 14
stats: session 44 9368.126808860085 5470.14978122007 30706.263916015625 899.906005859375 8854.950945490056 220
stats: users_count 42 299
stats: finish_users_count 44 264
stats: request 264 124.47069017814862 163.50195790639913 889.65087890625 6.302001953125 76.84525687344608 1458
stats: connect 42 0.6412586030505952 0.10121631042096964 107.830078125 0.489013671875 1.2057117506687742 257
stats: page 234 140.43264118422817 175.00952277213986 889.65087890625 6.302001953125 83.61554629197761 1340
stats: 302 120 767
stats: 200 144 955
stats: size_rcv 3144863 19401244
stats: newphase 0 2
stats: size_sent 168944 1072325
stats: connected -2 37
# stats: dump at 1447972590
stats: users 70 72
stats: {recvpackets,"tsung_controller@ip-172-30-3-176"} 1 3320.0 0.0 3320 299 1203.142857142857 14
stats: {sentpackets,"tsung_controller@ip-172-30-3-176"} 1 1986.0 0.0 1986 205 748.7142857142857 14
stats: {cpu,"tsung_controller@ip-172-30-3-176"} 1 2.2022022022022023 0.0 2.7058703768409407 0.9910802775024776 1.5583440492964276 15
stats: {load,"tsung_controller@ip-172-30-3-176"} 1 0.0703125 0.0 0.078125 0.0 0.005208333333333333 15
stats: {freemem,"tsung_controller@ip-172-30-3-176"} 1 3157.7734375 0.0 3168.79296875 3157.66015625 3163.230989583333 15
stats: session 38 9900.022319592928 5524.248698744644 30706.263916015625 899.906005859375 8940.480256051727 264
stats: users_count 73 372
stats: finish_users_count 38 302
stats: request 312 119.35942273262229 167.706620304452 998.197998046875 6.302001953125 84.14671703165831 1722
stats: connect 73 0.7770895761986302 0.9248038623833171 107.830078125 0.489013671875 1.1264240175585285 299
stats: page 286 130.2134429291412 174.59332502820354 998.197998046875 6.302001953125 92.0623062696057 1574
stats: 302 126 893
stats: 200 186 1141
stats: size_rcv 4157912 23559156
stats: newphase 1 3
stats: size_sent 179542 1251867
stats: connected 34 71
# stats: dump at 1447972600
stats: users 104 104
stats: {recvpackets,"tsung_controller@ip-172-30-3-176"} 1 4188.0 0.0 4188 299 1344.2666666666667 15
stats: {sentpackets,"tsung_controller@ip-172-30-3-176"} 1 2791.0 0.0 2791 205 831.2 15
stats: {cpu,"tsung_controller@ip-172-30-3-176"} 1 2.434077079107505 0.0 2.7058703768409407 0.9910802775024776 1.5985851838530385 16
stats: {load,"tsung_controller@ip-172-30-3-176"} 1 0.05859375 0.0 0.078125 0.0 0.00927734375 16
stats: {freemem,"tsung_controller@ip-172-30-3-176"} 1 3151.609375 0.0 3168.79296875 3151.609375 3162.889892578125 16
stats: session 46 10735.308668053669 5318.122137359459 34016.340087890625 899.906005859375 9061.21733689466 302
stats: users_count 80 452
stats: finish_users_count 46 348
stats: request 393 543.5917291616969 369.17513738779127 1753.468994140625 6.302001953125 89.54807601823687 2034
stats: connect 78 0.6192282652243588 0.09608083096471756 107.830078125 0.489013671875 1.057871828797043 372
stats: page 359 584.9349477443851 415.9779372490679 1954.208984375 6.302001953125 97.92855631510416 1860
stats: 302 174 1067
stats: 200 219 1360
stats: size_rcv 3714678 27273834
stats: newphase 0 3
stats: size_sent 267008 1518875
stats: connected 31 102
# stats: dump at 1447972610
stats: users 133 134
stats: {recvpackets,"tsung_controller@ip-172-30-3-176"} 1 4138.0 0.0 4188 299 1522.0 16
stats: {sentpackets,"tsung_controller@ip-172-30-3-176"} 1 2828.0 0.0 2828 205 953.6875 16
stats: {cpu,"tsung_controller@ip-172-30-3-176"} 1 3.2355915065722956 0.0 3.2355915065722956 0.9910802775024776 1.6477317659268305 17
stats: {load,"tsung_controller@ip-172-30-3-176"} 1 0.05078125 0.0 0.078125 0.0 0.012178308823529412 17
stats: {freemem,"tsung_controller@ip-172-30-3-176"} 1 3146.97265625 0.0 3168.79296875 3146.97265625 3162.2263327205883 17
stats: session 55 15174.25419921875 4610.39250939889 34016.340087890625 899.906005859375 9282.50527147315 348
stats: users_count 84 536
stats: finish_users_count 55 403
stats: request 399 1411.0224034206603 316.6825446625783 2479.88818359375 6.302001953125 163.07059587212223 2427
stats: connect 86 0.6028797238372091 0.07656216505064992 107.830078125 0.489013671875 0.9818402777777778 450
stats: page 374 1488.370862665024 442.33872088594205 3395.368896484375 6.302001953125 176.71868453642543 2219
stats: 302 176 1243
stats: 200 223 1583
stats: size_rcv 4101703 31375537
stats: newphase 0 3
stats: size_sent 252203 1771078
stats: connected 32 134
# stats: dump at 1447972620
stats: users 210 210
stats: {recvpackets,"tsung_controller@ip-172-30-3-176"} 1 4252.0 0.0 4252 299 1675.8823529411766 17
stats: {sentpackets,"tsung_controller@ip-172-30-3-176"} 1 2989.0 0.0 2989 205 1063.9411764705883 17
stats: {cpu,"tsung_controller@ip-172-30-3-176"} 1 3.8229376257545273 0.0 3.8229376257545273 0.9910802775024776 1.7359461959626896 18
stats: {load,"tsung_controller@ip-172-30-3-176"} 1 0.0390625 0.0 0.078125 0.0 0.014322916666666666 18
stats: {freemem,"tsung_controller@ip-172-30-3-176"} 1 3141.515625 0.0 3168.79296875 3141.515625 3161.37890625 18
stats: session 61 16937.809218109618 5418.0786376260185 34016.340087890625 899.906005859375 10086.590112728753 403
stats: users_count 138 674
stats: finish_users_count 61 464
stats: request 527 1671.9394151372744 733.7184506067762 3016.23583984375 0.630859375 339.2676132860878 2826
stats: connect 137 0.6522350450501825 0.23308908982820553 107.830078125 0.486083984375 0.9210369053171642 536
stats: page 477 1821.9671664128014 904.5813603803405 4632.404052734375 0.630859375 365.9041510308704 2593
stats: 302 172 1415
stats: 200 283 1866
stats: size_rcv 4811567 36187104
stats: newphase 1 4
stats: size_sent 298605 2069683
stats: connected 75 209
stats: 503 73 73
# stats: dump at 1447972630
stats: users 273 287
stats: {recvpackets,"tsung_controller@ip-172-30-3-176"} 1 5456.0 0.0 5456 299 1819.0 18
stats: {sentpackets,"tsung_controller@ip-172-30-3-176"} 1 3854.0 0.0 3854 205 1170.888888888889 18
stats: {cpu,"tsung_controller@ip-172-30-3-176"} 1 4.246713852376137 0.0 4.246713852376137 0.9910802775024776 1.8457878501622602 19
stats: {load,"tsung_controller@ip-172-30-3-176"} 1 0.0390625 0.0 0.078125 0.0 0.015625 19
stats: {freemem,"tsung_controller@ip-172-30-3-176"} 1 3130.10546875 0.0 3168.79296875 3130.10546875 3160.3334703947367 19
stats: session 105 16684.32524646577 6820.146418006584 38416.173095703125 22.448974609375 10987.289176151668 464
stats: users_count 168 842
stats: finish_users_count 105 569
stats: request 939 1083.9708521053794 1113.216146689783 3368.108154296875 0.078857421875 548.7272135173956 3353
stats: connect 170 0.6349494485294119 0.13634584444307063 107.830078125 0.486083984375 0.8663179530785661 673
stats: page 861 1183.3119714539782 1300.675033815714 5424.2958984375 0.630859375 592.139349186304 3070
stats: 302 223 1638
stats: 200 250 2116
stats: size_rcv 5323277 41510381
stats: newphase 0 4
stats: size_sent 494852 2564535
stats: connected 68 277
stats: 503 464 537
# stats: dump at 1447972640
stats: users 244 287
stats: {recvpackets,"tsung_controller@ip-172-30-3-176"} 1 6413.0 0.0 6413 299 2010.421052631579 19
stats: {sentpackets,"tsung_controller@ip-172-30-3-176"} 1 4898.0 0.0 4898 205 1312.1052631578948 19
stats: {cpu,"tsung_controller@ip-172-30-3-176"} 1 6.720977596741344 0.0 6.720977596741344 0.9910802775024776 1.9658341502729542 20
stats: {load,"tsung_controller@ip-172-30-3-176"} 1 0.03125 0.0 0.078125 0.0 0.016796875 20
stats: {freemem,"tsung_controller@ip-172-30-3-176"} 1 3125.00390625 0.0 3168.79296875 3125.00390625 3158.8220703125 20
stats: session 197 15556.100809010153 6211.289310509712 38416.173095703125 22.448974609375 12038.587572255326 569
stats: users_count 168 1010
stats: finish_users_count 197 766
stats: request 1089 1022.4300585309774 1000.0753485706352 3472.18408203125 0.067138671875 665.8273478683082 4292
stats: connect 167 0.6823891279940123 0.8674075429446093 107.830078125 0.48486328125 0.8196600102869217 843
stats: page 999 1131.4625174490893 1160.2009651108992 5460.472900390625 0.610107421875 721.6228464573463 3931
stats: 302 311 1949
stats: 200 270 2386
stats: size_rcv 6063610 47573991
stats: newphase 0 4
stats: size_sent 573403 3137938
stats: connected -34 243
stats: 503 507 1044
# stats: dump at 1447972650
stats: users 162 287
stats: {recvpackets,"tsung_controller@ip-172-30-3-176"} 1 7285.0 0.0 7285 299 2230.55 20
stats: {sentpackets,"tsung_controller@ip-172-30-3-176"} 1 5261.0 0.0 5261 205 1491.4 20
stats: {cpu,"tsung_controller@ip-172-30-3-176"} 1 6.63265306122449 0.0 6.720977596741344 0.9910802775024776 2.1922695524857345 21
stats: {load,"tsung_controller@ip-172-30-3-176"} 1 0.03125 0.0 0.078125 0.0 0.017485119047619048 21
stats: {freemem,"tsung_controller@ip-172-30-3-176"} 1 3122.89453125 0.0 3168.79296875 3122.89453125 3157.2116815476193 21
stats: session 107 17911.40669721087 5619.271824743657 38416.173095703125 22.448974609375 12943.222177530393 766
stats: users_count 25 1035
stats: finish_users_count 107 873
stats: request 563 1650.338413163993 534.0205104403112 3472.18408203125 0.067138671875 737.99615513678 5381
stats: connect 27 0.5901873553240742 0.06704199028566817 107.830078125 0.48486328125 0.7969627455909654 1010
stats: page 537 1726.4857866511 663.3060179802499 5460.472900390625 0.610107421875 804.6714937840708 4930
stats: 302 341 2290
stats: 200 187 2573
stats: size_rcv 3631721 51205712
stats: newphase 1 5
stats: size_sent 371185 3509123
stats: connected -81 162
stats: 503 35 1079
# stats: dump at 1447972660
stats: users 80 287
stats: {recvpackets,"tsung_controller@ip-172-30-3-176"} 1 3657.0 0.0 7285 299 2471.2380952380954 21
stats: {sentpackets,"tsung_controller@ip-172-30-3-176"} 1 2514.0 0.0 5261 205 1670.904761904762 21
stats: {cpu,"tsung_controller@ip-172-30-3-176"} 1 3.0211480362537766 0.0 6.720977596741344 0.9910802775024776 2.394105166519314 22
stats: {load,"tsung_controller@ip-172-30-3-176"} 1 0.01953125 0.0 0.078125 0.0 0.018110795454545456 22
stats: {freemem,"tsung_controller@ip-172-30-3-176"} 1 3123.28125 0.0 3168.79296875 3122.89453125 3155.6518110795455 22
stats: session 103 20900.78599059466 4421.760269871522 38416.173095703125 22.448974609375 13552.152009839454 873
stats: users_count 21 1056
stats: finish_users_count 103 976
stats: request 281 2481.8136833435283 414.2686091610282 3621.535888671875 0.067138671875 824.41080709999 5944
stats: connect 20 0.6308837890625 0.08397170215183025 107.830078125 0.48486328125 0.7915790083323289 1037
stats: page 273 2549.417601197629 519.8494119742714 5460.472900390625 0.610107421875 895.2173645120009 5467
stats: 302 156 2446
stats: 200 125 2698
stats: size_rcv 1935980 53141692
stats: newphase 0 5
stats: size_sent 181753 3690876
stats: connected -83 79
stats: 503 0 1079
# stats: dump at 1447972670
stats: users 36 287
stats: {recvpackets,"tsung_controller@ip-172-30-3-176"} 1 1926.0 0.0 7285 299 2525.1363636363635 22
stats: {sentpackets,"tsung_controller@ip-172-30-3-176"} 1 1544.0 0.0 5261 205 1709.2272727272727 22
stats: {cpu,"tsung_controller@ip-172-30-3-176"} 1 2.49003984063745 0.0 6.720977596741344 0.9910802775024776 2.4213678999860297 23
stats: {load,"tsung_controller@ip-172-30-3-176"} 1 0.01953125 0.0 0.078125 0.0 0.018172554347826088 23
stats: {freemem,"tsung_controller@ip-172-30-3-176"} 1 3123.72265625 0.0 3168.79296875 3122.89453125 3154.244395380435 23
stats: session 63 22176.273313492064 6824.403440507641 38416.173095703125 22.448974609375 14327.67383362817 976
stats: users_count 19 1075
stats: finish_users_count 63 1039
stats: request 238 1228.9694978088892 936.2895838639176 3621.535888671875 0.067138671875 899.2269048067265 6225
stats: connect 19 0.6703073601973685 0.18175050885632987 107.830078125 0.48486328125 0.788538417617668 1057
stats: page 220 1362.7540549538346 1088.0670425214569 5460.472900390625 0.610107421875 973.892741622659 5740
stats: 302 119 2565
stats: 200 119 2817
stats: size_rcv 2691561 55833253
stats: newphase 0 5
stats: size_sent 129968 3820844
stats: connected -42 37
stats: 503 0 1079
# stats: dump at 1447972680
stats: users 18 287
stats: {recvpackets,"tsung_controller@ip-172-30-3-176"} 1 2705.0 0.0 7285 299 2499.086956521739 23
stats: {sentpackets,"tsung_controller@ip-172-30-3-176"} 1 1714.0 0.0 5261 205 1702.0434782608695 23
stats: {cpu,"tsung_controller@ip-172-30-3-176"} 1 1.9940179461615155 0.0 6.720977596741344 0.9910802775024776 2.4242292308465054 24
stats: {load,"tsung_controller@ip-172-30-3-176"} 1 0.01953125 0.0 0.078125 0.0 0.018229166666666668 24
stats: {freemem,"tsung_controller@ip-172-30-3-176"} 1 3127.4765625 0.0 3168.79296875 3122.89453125 3152.97265625 24
stats: session 29 17572.824269261855 9795.895564226335 41231.02001953125 22.448974609375 14803.575438278242 1039
stats: users_count 11 1086
stats: finish_users_count 29 1068
stats: request 127 84.32921882689472 99.54222950189724 3621.535888671875 0.067138671875 911.3696770695324 6463
stats: connect 12 0.6151326497395834 0.04258994056164832 107.830078125 0.48486328125 0.7864506944847816 1076
stats: page 120 91.32335001627604 103.71509077505665 5460.472900390625 0.610107421875 988.2466827187762 5960
stats: 302 70 2635
stats: 200 57 2874
stats: size_rcv 1118496 56951749
stats: newphase 0 5
stats: size_sent 86444 3907288
stats: connected -18 19
stats: 503 0 1079
# stats: dump at 1447972690
stats: users 0 287
stats: {recvpackets,"tsung_controller@ip-172-30-3-176"} 1 766.0 0.0 7285 299 2507.6666666666665 24
stats: {sentpackets,"tsung_controller@ip-172-30-3-176"} 1 507.0 0.0 5261 205 1702.5416666666667 24
stats: {cpu,"tsung_controller@ip-172-30-3-176"} 1 1.1916583912611718 0.0 6.720977596741344 0.9910802775024776 2.407020779459106 25
stats: {load,"tsung_controller@ip-172-30-3-176"} 1 0.01171875 0.0 0.078125 0.0 0.01828125 25
stats: {freemem,"tsung_controller@ip-172-30-3-176"} 1 3127.453125 0.0 3168.79296875 3122.89453125 3151.9528125 25
stats: session 18 15845.672485351563 5612.452429228405 41231.02001953125 22.448974609375 14878.770397171991 1068
stats: users_count 0 1086
stats: finish_users_count 18 1086
stats: request 32 115.81267547607422 97.65588760314905 3621.535888671875 0.067138671875 895.431264596571 6590
stats: connect 0 0 0 107.830078125 0.48486328125 0.7845611572265625 1088
stats: page 32 115.81267547607422 97.65588760314905 5460.472900390625 0.610107421875 970.5442485207005 6080
stats: 302 21 2656
stats: 200 11 2885
stats: size_rcv 61263 57013012
stats: newphase 0 5
stats: size_sent 26342 3933630
stats: connected -19 0
stats: 503 0 1079
# stats: dump at 1447972691
stats: users 0 287
stats: {recvpackets,"tsung_controller@ip-172-30-3-176"} 0 0 0 7285 299 2438.0 25
stats: {sentpackets,"tsung_controller@ip-172-30-3-176"} 0 0 0 5261 205 1654.72 25
stats: {cpu,"tsung_controller@ip-172-30-3-176"} 0 0 0 6.720977596741344 0.9910802775024776 2.360276072220724 26
stats: {load,"tsung_controller@ip-172-30-3-176"} 0 0 0 0.078125 0.0 0.018028846153846152 26
stats: {freemem,"tsung_controller@ip-172-30-3-176"} 0 0 0 3168.79296875 3122.89453125 3151.010516826923 26
stats: session 0 0 0 41231.02001953125 22.448974609375 14894.79639863353 1086
stats: users_count 0 1086
stats: finish_users_count 0 1086
stats: request 0 0 0 3621.535888671875 0.067138671875 891.6638537158922 6622
stats: connect 0 0 0 107.830078125 0.48486328125 0.7845611572265625 1088
stats: page 0 0 0 5460.472900390625 0.610107421875 966.0692141068544 6112
stats: 302 0 2656
stats: 200 0 2885
stats: size_rcv 0 57013012
stats: newphase 0 5
stats: size_sent 0 3933630
stats: connected 0 0
stats: 503 0 1079
EndMonitor:{1447,972691,522530}
