[30/Nov/2015:06:23:08 -0000] access to /favicon.ico failed for 0:0:0:0:0:FFFF:A9E7:3071, reason: 
"httpd_file: Can't access /home/ec2-user/.tsung/log/20151130-0622/favicon.ico: File not found"
[30/Nov/2015:06:23:26 -0000] access to /assets/ico/favicon.ico failed for 0:0:0:0:0:FFFF:A9E7:3071, reason: 
"httpd_file: Can't access /home/ec2-user/.tsung/log/20151130-0622/assets/ico/favicon.ico: File not found"
[30/Nov/2015:06:26:00 -0000] server crash for 0:0:0:0:0:FFFF:A9E7:3071, reason: 
"Error reading request: No request received on keep-alive connection before server side timeout"

[30/Nov/2015:06:26:00 -0000] server crash for 0:0:0:0:0:FFFF:A9E7:3071, reason: 
"Error reading request: No request received on keep-alive connection before server side timeout"

[30/Nov/2015:06:26:00 -0000] server crash for 0:0:0:0:0:FFFF:A9E7:3071, reason: 
"Error reading request: No request received on keep-alive connection before server side timeout"

[30/Nov/2015:06:26:00 -0000] server crash for 0:0:0:0:0:FFFF:A9E7:3071, reason: 
"Error reading request: No request received on keep-alive connection before server side timeout"

[30/Nov/2015:06:26:00 -0000] server crash for 0:0:0:0:0:FFFF:A9E7:3071, reason: 
"Error reading request: No request received on keep-alive connection before server side timeout"

[30/Nov/2015:06:26:00 -0000] server crash for 0:0:0:0:0:FFFF:A9E7:3071, reason: 
"Error reading request: No request received on keep-alive connection before server side timeout"

[30/Nov/2015:06:31:25 -0000] server crash for 0:0:0:0:0:FFFF:A9E7:3071, reason: 
"Error reading request: No request received on keep-alive connection before server side timeout"

[30/Nov/2015:06:31:25 -0000] server crash for 0:0:0:0:0:FFFF:A9E7:3071, reason: 
"Error reading request: No request received on keep-alive connection before server side timeout"

[30/Nov/2015:06:31:25 -0000] server crash for 0:0:0:0:0:FFFF:A9E7:3071, reason: 
"Error reading request: No request received on keep-alive connection before server side timeout"

[30/Nov/2015:06:31:25 -0000] server crash for 0:0:0:0:0:FFFF:A9E7:3071, reason: 
"Error reading request: No request received on keep-alive connection before server side timeout"

[30/Nov/2015:06:31:25 -0000] server crash for 0:0:0:0:0:FFFF:A9E7:3071, reason: 
"Error reading request: No request received on keep-alive connection before server side timeout"

[30/Nov/2015:06:31:25 -0000] server crash for 0:0:0:0:0:FFFF:A9E7:3071, reason: 
"Error reading request: No request received on keep-alive connection before server side timeout"

