# stats: dump at 1448864567
stats: users 8 8
stats: {freemem,"tsung_controller@ip-172-30-3-155"} 1 3171.53515625 0 3171.53515625 3171.53515625 0 0
stats: {cpu,"tsung_controller@ip-172-30-3-155"} 1 14.397413063523942 0 14.397413063523942 14.397413063523942 0 0
stats: {load,"tsung_controller@ip-172-30-3-155"} 1 0.0 0 0.0 0.0 0 0
stats: session 1 3602.40087890625 0 3602.40087890625 3602.40087890625 0 0
stats: users_count 9 9
stats: finish_users_count 1 1
stats: request 24 330.1287129720052 282.96200754538944 1317.23486328125 25.14306640625 0 0
stats: connect 7 18.246651785714285 35.7965825919759 105.703857421875 0.774169921875 0 0
stats: page 13 567.0224609374999 390.29670119677525 1609.740966796875 61.680908203125 0 0
stats: 302 5 5
stats: 200 19 19
stats: size_rcv 456738 456738
stats: size_sent 14442 14442
stats: connected 6 6
# stats: dump at 1448864577
stats: users 14 15
stats: {freemem,"tsung_controller@ip-172-30-3-155"} 1 3171.82421875 0.0 3171.82421875 3171.53515625 3171.53515625 1
stats: {recvpackets,"tsung_controller@ip-172-30-3-155"} 1 479 0 479 479 0 0
stats: {sentpackets,"tsung_controller@ip-172-30-3-155"} 1 279 0 279 279 0 0
stats: {cpu,"tsung_controller@ip-172-30-3-155"} 1 2.357563850687623 0.0 14.397413063523942 2.357563850687623 14.397413063523942 1
stats: {load,"tsung_controller@ip-172-30-3-155"} 1 0.078125 0.0 0.078125 0.0 0.0 1
stats: session 2 11436.108032226563 2479.0980224609375 13915.2060546875 3602.40087890625 3602.40087890625 1
stats: users_count 8 17
stats: finish_users_count 2 3
stats: request 42 1986.5650576636901 1343.7012285913947 4453.567138671875 25.14306640625 330.1287129720052 24
stats: connect 10 3.2204833984375 2.806621380914536 105.703857421875 0.65283203125 18.246651785714285 7
stats: page 33 2437.427904533618 1878.9085480682827 7493.73486328125 61.680908203125 567.0224609374999 13
stats: 302 10 15
stats: 200 32 51
stats: size_rcv 418768 875506
stats: size_sent 26987 41429
stats: connected 8 14
# stats: dump at 1448864587
stats: users 21 21
stats: {freemem,"tsung_controller@ip-172-30-3-155"} 1 3171.8203125 0.0 3171.82421875 3171.53515625 3171.6796875 2
stats: {recvpackets,"tsung_controller@ip-172-30-3-155"} 1 414.0 0.0 479 414 479.0 1
stats: {sentpackets,"tsung_controller@ip-172-30-3-155"} 1 275.0 0.0 279 275 279.0 1
stats: {cpu,"tsung_controller@ip-172-30-3-155"} 1 1.1869436201780417 0.0 14.397413063523942 1.1869436201780417 8.377488457105782 2
stats: {load,"tsung_controller@ip-172-30-3-155"} 1 0.05859375 0.0 0.078125 0.0 0.0390625 2
stats: session 5 15947.571728515624 5195.125364227342 25397.73388671875 3602.40087890625 8824.872314453125 3
stats: users_count 12 29
stats: finish_users_count 5 8
stats: request 76 1206.7375552528783 1077.8167137652522 5688.22802734375 25.14306640625 1384.2245686848955 66
stats: connect 11 3.114901455965909 4.558856224369307 105.703857421875 0.550048828125 9.407729204963236 17
stats: page 62 1394.4338497038812 1459.2061584194682 7493.73486328125 36.477783203125 1908.8350617781932 46
stats: 302 29 44
stats: 200 47 98
stats: size_rcv 693609 1569115
stats: size_sent 54643 96072
stats: connected 6 20
# stats: dump at 1448864597
stats: users 27 29
stats: {freemem,"tsung_controller@ip-172-30-3-155"} 1 3170.171875 0.0 3171.82421875 3170.171875 3171.7265625 3
stats: {recvpackets,"tsung_controller@ip-172-30-3-155"} 1 789.0 0.0 789 414 446.5 2
stats: {sentpackets,"tsung_controller@ip-172-30-3-155"} 1 518.0 0.0 518 275 277.0 2
stats: {cpu,"tsung_controller@ip-172-30-3-155"} 1 1.8737672583826428 0.0 14.397413063523942 1.1869436201780417 5.980640178129868 3
stats: {load,"tsung_controller@ip-172-30-3-155"} 1 0.05078125 0.0 0.078125 0.0 0.045572916666666664 3
stats: session 9 23804.498562282984 3963.1609257360833 28323.820068359375 3602.40087890625 13276.559448242188 8
stats: users_count 15 44
stats: finish_users_count 9 17
stats: request 62 3056.30617203251 1431.4261344254205 6967.0009765625 25.14306640625 1289.2315192424076 142
stats: connect 15 5.220849609375 4.012672181559855 105.703857421875 0.550048828125 6.935546875 28
stats: page 46 3756.0059761379075 2471.6279253788894 9895.551025390625 36.477783203125 1613.5306622540509 108
stats: 302 20 64
stats: 200 43 141
stats: size_rcv 858278 2427393
stats: size_sent 38996 135068
stats: connected 7 27
# stats: dump at 1448864607
stats: users 35 36
stats: {freemem,"tsung_controller@ip-172-30-3-155"} 1 3169.1875 0.0 3171.82421875 3169.1875 3171.337890625 4
stats: {recvpackets,"tsung_controller@ip-172-30-3-155"} 1 1006.0 0.0 1006 414 560.6666666666666 3
stats: {sentpackets,"tsung_controller@ip-172-30-3-155"} 1 695.0 0.0 695 275 357.3333333333333 3
stats: {cpu,"tsung_controller@ip-172-30-3-155"} 1 1.7751479289940828 0.0 14.397413063523942 1.1869436201780417 4.953921948193062 4
stats: {load,"tsung_controller@ip-172-30-3-155"} 1 0.05078125 0.0 0.078125 0.0 0.046875 4
stats: session 6 22040.312662760418 2222.2551519285853 28323.820068359375 3602.40087890625 18850.17427332261 17
stats: users_count 14 58
stats: finish_users_count 6 23
stats: request 89 2185.2105808900988 970.6906125675899 7044.054931640625 25.14306640625 1826.2836196001838 204
stats: connect 15 4.275716145833333 3.544699059598634 105.703857421875 0.550048828125 6.337396666061046 43
stats: page 75 2658.5607812500007 1763.0257993451314 9895.551025390625 36.477783203125 2253.4908209466316 154
stats: 302 24 88
stats: 200 64 205
stats: size_rcv 1031443 3458836
stats: size_sent 54807 189875
stats: connected 8 35
# stats: dump at 1448864617
stats: users 30 36
stats: {freemem,"tsung_controller@ip-172-30-3-155"} 1 3168.109375 0.0 3171.82421875 3168.109375 3170.9078125 5
stats: {recvpackets,"tsung_controller@ip-172-30-3-155"} 1 1247.0 0.0 1247 414 672.0 4
stats: {sentpackets,"tsung_controller@ip-172-30-3-155"} 1 927.0 0.0 927 275 441.75 4
stats: {cpu,"tsung_controller@ip-172-30-3-155"} 1 1.6815034619188922 0.0 14.397413063523942 1.1869436201780417 4.318167144353266 5
stats: {load,"tsung_controller@ip-172-30-3-155"} 1 0.0390625 0.0 0.078125 0.0 0.04765625 5
stats: session 7 28115.95832170759 5099.222293636257 35962.787109375 3602.40087890625 19682.38428795856 23
stats: users_count 2 60
stats: finish_users_count 7 30
stats: request 87 2960.871618512033 1498.7826957551688 7479.005859375 25.14306640625 1935.3092153503626 293
stats: connect 2 0.6644287109375 0.0445556640625 105.703857421875 0.550048828125 5.804203428071121 58
stats: page 73 3683.8445994756003 2483.443149796466 10778.556884765625 36.477783203125 2386.1556551071235 229
stats: 302 37 125
stats: 200 50 255
stats: size_rcv 499879 3958715
stats: size_sent 58906 248781
stats: connected -5 30
# stats: dump at 1448864627
stats: users 37 37
stats: {freemem,"tsung_controller@ip-172-30-3-155"} 1 3166.66796875 0.0 3171.82421875 3166.66796875 3170.44140625 6
stats: {recvpackets,"tsung_controller@ip-172-30-3-155"} 1 596.0 0.0 1247 414 787.0 5
stats: {sentpackets,"tsung_controller@ip-172-30-3-155"} 1 479.0 0.0 927 275 538.8 5
stats: {cpu,"tsung_controller@ip-172-30-3-155"} 1 1.7716535433070866 0.0 14.397413063523942 1.1869436201780417 3.878723197280871 6
stats: {load,"tsung_controller@ip-172-30-3-155"} 1 0.03125 0.0 0.078125 0.0 0.046223958333333336 6
stats: session 6 28885.315185546875 2239.037830475441 35962.787109375 3602.40087890625 21650.218229166665 30
stats: users_count 13 73
stats: finish_users_count 6 36
stats: request 43 3946.470197810683 1389.2767973045247 7479.005859375 25.14306640625 2170.1090287057978 380
stats: connect 12 4.22369384765625 3.376593516948883 105.703857421875 0.550048828125 5.632877604166667 60
stats: page 30 4614.885693359373 2420.2629312945705 10778.556884765625 36.477783203125 2699.8354330504967 302
stats: 302 16 141
stats: 200 27 282
stats: size_rcv 644920 4603635
stats: newphase 1 1
stats: size_sent 39209 287990
stats: connected 6 36
# stats: dump at 1448864637
stats: users 33 37
stats: {freemem,"tsung_controller@ip-172-30-3-155"} 1 3166.42578125 0.0 3171.82421875 3166.42578125 3169.90234375 7
stats: {recvpackets,"tsung_controller@ip-172-30-3-155"} 1 936.0 0.0 1247 414 755.1666666666666 6
stats: {sentpackets,"tsung_controller@ip-172-30-3-155"} 1 548.0 0.0 927 275 528.8333333333334 6
stats: {cpu,"tsung_controller@ip-172-30-3-155"} 1 1.673228346456693 0.0 14.397413063523942 1.1869436201780417 3.5777132467131874 7
stats: {load,"tsung_controller@ip-172-30-3-155"} 1 0.03125 0.0 0.078125 0.0 0.04408482142857143 7
stats: session 15 34682.598421223964 4223.796507453263 40269.466064453125 3602.40087890625 22856.067721896703 36
stats: users_count 11 84
stats: finish_users_count 15 51
stats: request 80 4624.942697143555 1860.5718266780923 9820.556884765625 25.14306640625 2350.684750387855 423
stats: connect 12 2.9521077473958335 2.0622897663121185 105.703857421875 0.550048828125 5.398013644748264 72
stats: page 59 6432.227464578919 3639.8870122462267 13053.596923828125 36.477783203125 2872.882143319371 332
stats: 302 20 161
stats: 200 60 342
stats: size_rcv 1247675 5851310
stats: newphase 0 1
stats: size_sent 38704 326694
stats: connected -3 33
# stats: dump at 1448864647
stats: users 45 45
stats: {freemem,"tsung_controller@ip-172-30-3-155"} 1 3166.3125 0.0 3171.82421875 3166.3125 3169.4677734375 8
stats: {recvpackets,"tsung_controller@ip-172-30-3-155"} 1 947.0 0.0 1247 414 781.0 7
stats: {sentpackets,"tsung_controller@ip-172-30-3-155"} 1 638.0 0.0 927 275 531.5714285714286 7
stats: {cpu,"tsung_controller@ip-172-30-3-155"} 1 1.5810276679841897 0.0 14.397413063523942 1.1869436201780417 3.3396526341811255 8
stats: {load,"tsung_controller@ip-172-30-3-155"} 1 0.01953125 0.0 0.078125 0.0 0.04248046875 8
stats: session 6 40683.18709309896 3796.7054602732633 48651.205078125 3602.40087890625 26334.459104051777 51
stats: users_count 18 102
stats: finish_users_count 6 57
stats: request 72 3403.195790608724 1214.8686923641724 9820.556884765625 25.14306640625 2712.395755836077 503
stats: connect 18 3.584228515625 3.0077473367785594 105.703857421875 0.550048828125 5.048598516555059 84
stats: page 57 4373.899315549615 2490.4322299040687 13053.596923828125 36.477783203125 3409.970056246004 391
stats: 302 26 187
stats: 200 47 389
stats: size_rcv 841499 6692809
stats: newphase 0 1
stats: size_sent 50652 377346
stats: connected 12 45
# stats: dump at 1448864657
stats: users 61 61
stats: {freemem,"tsung_controller@ip-172-30-3-155"} 1 3166.15625 0.0 3171.82421875 3166.15625 3169.1171875 9
stats: {recvpackets,"tsung_controller@ip-172-30-3-155"} 1 987.0 0.0 1247 414 801.75 8
stats: {sentpackets,"tsung_controller@ip-172-30-3-155"} 1 643.0 0.0 927 275 544.875 8
stats: {cpu,"tsung_controller@ip-172-30-3-155"} 1 1.5794669299111548 0.0 14.397413063523942 1.1869436201780417 3.1442498601592437 9
stats: {load,"tsung_controller@ip-172-30-3-155"} 1 0.01953125 0.0 0.078125 0.0 0.03993055555555555 9
stats: session 4 41640.76599121094 8633.864717122658 53073.490966796875 3602.40087890625 27844.85152395148 57
stats: users_count 20 122
stats: finish_users_count 4 61
stats: request 93 3628.97800109207 1200.5021962430787 9820.556884765625 25.14306640625 2798.895934103261 575
stats: connect 19 2.8215974506578947 2.229074719335923 105.703857421875 0.550048828125 4.790180281096814 102
stats: page 82 4089.115273080221 2152.1921629519984 13198.47119140625 36.477783203125 3532.612841469901 448
stats: 302 29 216
stats: 200 63 452
stats: size_rcv 912186 7604995
stats: newphase 0 1
stats: size_sent 61912 439258
stats: connected 15 60
# stats: dump at 1448864667
stats: users 70 71
stats: {freemem,"tsung_controller@ip-172-30-3-155"} 1 3164.921875 0.0 3171.82421875 3164.921875 3168.82109375 10
stats: {recvpackets,"tsung_controller@ip-172-30-3-155"} 1 917.0 0.0 1247 414 822.3333333333334 9
stats: {sentpackets,"tsung_controller@ip-172-30-3-155"} 1 648.0 0.0 927 275 555.7777777777778 9
stats: {cpu,"tsung_controller@ip-172-30-3-155"} 1 1.7804154302670623 0.0 14.397413063523942 1.1869436201780417 2.987771567134435 10
stats: {load,"tsung_controller@ip-172-30-3-155"} 1 0.01953125 0.0 0.078125 0.0 0.037890625 10
stats: session 8 36795.04153442383 4761.937284189476 53073.490966796875 3602.40087890625 28749.5016529521 61
stats: users_count 17 139
stats: finish_users_count 8 69
stats: request 80 6343.442782592772 1004.7787664900568 9859.64404296875 25.14306640625 2914.4612518127806 668
stats: connect 18 2.7946641710069446 2.7791664203987585 105.703857421875 0.537841796875 4.481063968879132 121
stats: page 63 7424.505808996778 2964.8835230671543 16421.76416015625 36.477783203125 3618.713217681309 530
stats: 302 25 241
stats: 200 55 507
stats: size_rcv 991084 8596079
stats: newphase 0 1
stats: size_sent 56204 495462
stats: connected 10 70
# stats: dump at 1448864677
stats: users 83 83
stats: {freemem,"tsung_controller@ip-172-30-3-155"} 1 3163.54296875 0.0 3171.82421875 3163.54296875 3168.466619318182 11
stats: {recvpackets,"tsung_controller@ip-172-30-3-155"} 1 1160.0 0.0 1247 414 831.8 10
stats: {sentpackets,"tsung_controller@ip-172-30-3-155"} 1 832.0 0.0 927 275 565.0 10
stats: {cpu,"tsung_controller@ip-172-30-3-155"} 1 1.7786561264822136 0.0 14.397413063523942 1.1869436201780417 2.87801191832831 11
stats: {load,"tsung_controller@ip-172-30-3-155"} 1 0.01171875 0.0 0.078125 0.0 0.03622159090909091 11
stats: session 7 44626.21484375 3316.767242000427 53073.490966796875 3602.40087890625 29682.31787109375 69
stats: users_count 20 159
stats: finish_users_count 7 76
stats: request 85 6626.789757582721 949.5745937166507 10200.537841796875 25.14306640625 3281.1972444095713 748
stats: connect 20 3.76627197265625 3.0905836579659827 105.703857421875 0.537841796875 4.262681261241007 139
stats: page 74 7558.143366633235 3013.382605622654 16620.401123046875 36.477783203125 4023.0385688665947 593
stats: 302 27 268
stats: 200 58 565
stats: size_rcv 957700 9553779
stats: newphase 0 1
stats: size_sent 53594 549056
stats: connected 13 83
# stats: dump at 1448864687
stats: users 115 115
stats: {freemem,"tsung_controller@ip-172-30-3-155"} 1 3161.875 0.0 3171.82421875 3161.875 3168.0563151041665 12
stats: {recvpackets,"tsung_controller@ip-172-30-3-155"} 1 1040.0 0.0 1247 414 861.6363636363636 11
stats: {sentpackets,"tsung_controller@ip-172-30-3-155"} 1 764.0 0.0 927 275 589.2727272727273 11
stats: {cpu,"tsung_controller@ip-172-30-3-155"} 1 2.1696252465483234 0.0 14.397413063523942 1.1869436201780417 2.7863989356744683 12
stats: {load,"tsung_controller@ip-172-30-3-155"} 1 0.01171875 0.0 0.078125 0.0 0.0341796875 12
stats: session 7 48594.1065499442 3712.6132575363913 55349.464111328125 3602.40087890625 31058.72943436472 76
stats: users_count 39 198
stats: finish_users_count 7 83
stats: request 95 6885.851318359375 1477.0525719788957 10200.537841796875 0.657958984375 3622.5842355496884 833
stats: connect 38 2.4148977179276314 2.9511795512263452 105.703857421875 0.51611328125 4.200239841293239 159
stats: page 84 7787.774684361049 2860.838788276721 17207.868896484375 1.419921875 4415.239101152549 667
stats: 302 28 296
stats: 200 64 629
stats: size_rcv 940149 10493928
stats: newphase 1 2
stats: size_sent 65267 614323
stats: connected 31 114
stats: 503 3 3
# stats: dump at 1448864697
stats: users 138 138
stats: {freemem,"tsung_controller@ip-172-30-3-155"} 1 3160.09375 0.0 3171.82421875 3160.09375 3167.580829326923 13
stats: {recvpackets,"tsung_controller@ip-172-30-3-155"} 1 993.0 0.0 1247 414 876.5 12
stats: {sentpackets,"tsung_controller@ip-172-30-3-155"} 1 771.0 0.0 927 275 603.8333333333334 12
stats: {cpu,"tsung_controller@ip-172-30-3-155"} 1 2.359882005899705 0.0 14.397413063523942 1.1869436201780417 2.7389548057416877 13
stats: {load,"tsung_controller@ip-172-30-3-155"} 1 0.01171875 0.0 0.078125 0.0 0.03245192307692308 13
stats: session 7 41938.62318638393 17944.410367631262 62032.674072265625 840.470947265625 32537.616660979857 83
stats: users_count 30 228
stats: finish_users_count 7 90
stats: request 174 5016.087036132813 4904.920982958579 13315.67919921875 0.5400390625 3956.647137345939 928
stats: connect 29 2.967908135775862 2.4604715388151748 105.703857421875 0.51611328125 3.8558591271414975 197
stats: page 152 5280.450457121196 5516.072682403365 22423.099853515625 0.54296875 4792.460125106629 751
stats: 302 25 321
stats: 200 66 695
stats: size_rcv 1117327 11611255
stats: newphase 0 2
stats: size_sent 92331 706654
stats: connected 23 137
stats: 503 83 86
# stats: dump at 1448864707
stats: users 139 147
stats: {freemem,"tsung_controller@ip-172-30-3-155"} 1 3157.88671875 0.0 3171.82421875 3157.88671875 3167.0460379464284 14
stats: {recvpackets,"tsung_controller@ip-172-30-3-155"} 1 1456.0 0.0 1456 414 885.4615384615385 13
stats: {sentpackets,"tsung_controller@ip-172-30-3-155"} 1 1166.0 0.0 1166 275 616.6923076923077 13
stats: {cpu,"tsung_controller@ip-172-30-3-155"} 1 2.7613412228796843 0.0 14.397413063523942 1.1869436201780417 2.7118781771815463 14
stats: {load,"tsung_controller@ip-172-30-3-155"} 1 0.01171875 0.0 0.078125 0.0 0.030970982142857147 14
stats: session 29 40621.43633822737 20843.045324780946 70644.40087890625 840.470947265625 33268.80605740017 90
stats: users_count 30 258
stats: finish_users_count 29 119
stats: request 294 3802.709739217952 5311.648111310144 14335.404052734375 0.075927734375 4123.927121364919 1102
stats: connect 32 3.55816650390625 3.0435645808007887 105.703857421875 0.51611328125 3.7419185132051993 226
stats: page 248 4523.792911652592 6396.8111076078 23705.09814453125 0.54296875 4874.602462278516 903
stats: 302 33 354
stats: 200 67 762
stats: size_rcv 1016878 12628133
stats: newphase 0 2
stats: size_sent 142752 849406
stats: connected 3 140
stats: 503 192 278
# stats: dump at 1448864717
stats: users 166 166
stats: {freemem,"tsung_controller@ip-172-30-3-155"} 1 3155.94921875 0.0 3171.82421875 3155.94921875 3166.4354166666667 15
stats: {recvpackets,"tsung_controller@ip-172-30-3-155"} 1 1213.0 0.0 1456 414 926.2142857142857 14
stats: {sentpackets,"tsung_controller@ip-172-30-3-155"} 1 1121.0 0.0 1166 275 655.9285714285714 14
stats: {cpu,"tsung_controller@ip-172-30-3-155"} 1 3.4013605442176873 0.0 14.397413063523942 1.1869436201780417 2.7151757135614223 15
stats: {load,"tsung_controller@ip-172-30-3-155"} 1 0.01171875 0.0 0.078125 0.0 0.029687500000000002 15
stats: session 40 34379.611254882824 20213.885459976726 70644.40087890625 147.927978515625 35060.62352079504 119
stats: users_count 67 325
stats: finish_users_count 40 159
stats: request 396 2813.8730382437634 4732.099607563812 15456.7958984375 0.070068359375 4056.2781884485807 1396
stats: connect 64 2.7512054443359375 3.07151013289028 105.703857421875 0.489990234375 3.719127566315407 258
stats: page 322 3217.541052018635 5810.781833180252 25395.85888671875 0.532958984375 4799.015347982053 1151
stats: 302 51 405
stats: 200 53 815
stats: size_rcv 782900 13411033
stats: newphase 1 3
stats: size_sent 180505 1029911
stats: connected 23 163
stats: 503 288 566
# stats: dump at 1448864727
stats: users 161 175
stats: {freemem,"tsung_controller@ip-172-30-3-155"} 1 3155.015625 0.0 3171.82421875 3155.015625 3165.780029296875 16
stats: {recvpackets,"tsung_controller@ip-172-30-3-155"} 1 1632.0 0.0 1632 414 945.3333333333334 15
stats: {sentpackets,"tsung_controller@ip-172-30-3-155"} 1 1641.0 0.0 1641 275 686.9333333333333 15
stats: {cpu,"tsung_controller@ip-172-30-3-155"} 1 4.3264503441494595 0.0 14.397413063523942 1.1869436201780417 2.758062265477439 16
stats: {load,"tsung_controller@ip-172-30-3-155"} 1 0.01171875 0.0 0.078125 0.0 0.028564453125000003 16
stats: session 65 29359.76671424279 23001.08669567477 81295.8349609375 83.031005859375 34889.299680313976 159
stats: users_count 60 385
stats: finish_users_count 65 224
stats: request 556 1751.4019459237302 3707.845160616796 15456.7958984375 0.06982421875 3781.72883605957 1792
stats: connect 62 2.9353184853830645 3.3563908740607094 105.703857421875 0.489990234375 3.52674552964868 322
stats: page 441 2126.316664230798 4930.562898369942 25395.85888671875 0.532958984375 4453.302704872603 1473
stats: 302 39 444
stats: 200 63 878
stats: size_rcv 1372896 14783929
stats: newphase 0 3
stats: size_sent 223311 1253222
stats: connected -3 160
stats: 503 449 1015
# stats: dump at 1448864737
stats: users 183 184
stats: {freemem,"tsung_controller@ip-172-30-3-155"} 1 3154.875 0.0 3171.82421875 3154.875 3165.1468290441176 17
stats: {recvpackets,"tsung_controller@ip-172-30-3-155"} 1 1952.0 0.0 1952 414 988.25 16
stats: {sentpackets,"tsung_controller@ip-172-30-3-155"} 1 1745.0 0.0 1745 275 746.5625 16
stats: {cpu,"tsung_controller@ip-172-30-3-155"} 1 4.424778761061947 0.0 14.397413063523942 1.1869436201780417 2.8503203877522636 17
stats: {load,"tsung_controller@ip-172-30-3-155"} 1 0.01171875 0.0 0.078125 0.0 0.02757352941176471 17
stats: session 64 33763.921138763435 21902.732629406466 81295.8349609375 83.031005859375 33284.747703552246 224
stats: users_count 86 471
stats: finish_users_count 64 288
stats: request 544 2164.9130262487074 4132.964774331162 15456.7958984375 0.06787109375 3300.9529625861765 2348
stats: connect 85 3.437945197610294 3.3607649630902476 105.703857421875 0.488037109375 3.4312547047932944 384
stats: page 440 2827.5909090909104 5771.485238020885 29800.60400390625 0.530029296875 3917.147614003723 1914
stats: 302 42 486
stats: 200 76 954
stats: size_rcv 1573236 16357165
stats: newphase 0 3
stats: size_sent 211244 1464466
stats: connected 22 182
stats: 503 420 1435
# stats: dump at 1448864747
stats: users 224 226
stats: {freemem,"tsung_controller@ip-172-30-3-155"} 1 3154.6953125 0.0 3171.82421875 3154.6953125 3164.576171875 18
stats: {recvpackets,"tsung_controller@ip-172-30-3-155"} 1 1964.0 0.0 1964 414 1044.9411764705883 17
stats: {sentpackets,"tsung_controller@ip-172-30-3-155"} 1 1987.0 0.0 1987 275 805.2941176470588 17
stats: {cpu,"tsung_controller@ip-172-30-3-155"} 1 5.009823182711198 0.0 14.397413063523942 1.1869436201780417 2.937790297380579 18
stats: {load,"tsung_controller@ip-172-30-3-155"} 1 0.0 0.0 0.078125 0.0 0.026692708333333336 18
stats: session 86 23635.754990688587 17562.10757304193 81295.8349609375 83.031005859375 33391.230689154734 288
stats: users_count 127 598
stats: finish_users_count 86 374
stats: request 794 1405.110629218652 3198.238877188088 15456.7958984375 0.06689453125 3087.258036802088 2892
stats: connect 130 2.8519756610576925 2.9737734858942213 105.703857421875 0.488037109375 3.432467267457356 469
stats: page 610 1814.2642229924445 4486.478068507652 29800.60400390625 0.530029296875 3713.492155141515 2354
stats: 302 61 547
stats: 200 68 1022
stats: size_rcv 1169511 17526676
stats: newphase 1 4
stats: size_sent 295596 1760062
stats: connected 41 223
stats: 503 642 2077
# stats: dump at 1448864757
stats: users 252 257
stats: {freemem,"tsung_controller@ip-172-30-3-155"} 1 3153.69921875 0.0 3171.82421875 3153.69921875 3164.0561266447367 19
stats: {recvpackets,"tsung_controller@ip-172-30-3-155"} 1 2436.0 0.0 2436 414 1096.0 18
stats: {sentpackets,"tsung_controller@ip-172-30-3-155"} 1 2705.0 0.0 2705 275 870.9444444444445 18
stats: {cpu,"tsung_controller@ip-172-30-3-155"} 1 7.59493670886076 0.0 14.397413063523942 1.1869436201780417 3.046844659766401 19
stats: {load,"tsung_controller@ip-172-30-3-155"} 1 0.0 0.0 0.078125 0.0 0.025287828947368425 19
stats: session 141 19249.643085452688 16585.520231176983 81295.8349609375 83.031005859375 31147.99296169995 374
stats: users_count 169 767
stats: finish_users_count 141 515
stats: request 1229 907.1150587685619 2579.060605644834 15456.7958984375 0.055908203125 2724.9072387496603 3686
stats: connect 168 2.65246291387649 3.0078573295527047 105.703857421875 0.488037109375 3.306484114148581 599
stats: page 993 1203.4104220264494 3507.0141087573656 29800.60400390625 0.530029296875 3322.6254079718346 2964
stats: 302 58 605
stats: 200 77 1099
stats: size_rcv 1740636 19267312
stats: newphase 0 4
stats: size_sent 401604 2161666
stats: connected 27 250
stats: 503 1068 3145
# stats: dump at 1448864767
stats: users 262 285
stats: {freemem,"tsung_controller@ip-172-30-3-155"} 1 3153.7578125 0.0 3171.82421875 3153.69921875 3163.53828125 20
stats: {recvpackets,"tsung_controller@ip-172-30-3-155"} 1 3360.0 0.0 3360 414 1166.5263157894738 19
stats: {sentpackets,"tsung_controller@ip-172-30-3-155"} 1 3837.0 0.0 3837 275 967.4736842105264 19
stats: {cpu,"tsung_controller@ip-172-30-3-155"} 1 10.961538461538462 0.0 14.397413063523942 1.1869436201780417 3.2742492622211197 20
stats: {load,"tsung_controller@ip-172-30-3-155"} 1 0.0 0.0 0.078125 0.0 0.0240234375 20
stats: session 154 16275.671400986708 10312.189020986549 81295.8349609375 83.031005859375 27890.386490727396 515
stats: users_count 164 931
stats: finish_users_count 154 669
stats: request 1346 869.3784196011906 2249.8019052827076 15456.7958984375 0.055908203125 2270.3667323006734 4915
stats: connect 168 3.310671851748512 3.408710675644397 105.703857421875 0.488037109375 3.163230448378423 767
stats: page 1089 1098.4149574581033 2946.7719771724323 29800.60400390625 0.530029296875 2790.813307632242 3957
stats: 302 74 679
stats: 200 101 1200
stats: size_rcv 1947429 21214741
stats: newphase 0 4
stats: size_sent 464298 2625964
stats: connected 12 262
stats: 503 1150 4295
# stats: dump at 1448864777
stats: users 177 285
stats: {freemem,"tsung_controller@ip-172-30-3-155"} 1 3153.09375 0.0 3171.82421875 3153.09375 3163.0725446428573 21
stats: {recvpackets,"tsung_controller@ip-172-30-3-155"} 1 3441.0 0.0 3441 414 1276.2 20
stats: {sentpackets,"tsung_controller@ip-172-30-3-155"} 1 3860.0 0.0 3860 275 1110.95 20
stats: {cpu,"tsung_controller@ip-172-30-3-155"} 1 10.214007782101167 0.0 14.397413063523942 1.1869436201780417 3.6403106526648026 21
stats: {load,"tsung_controller@ip-172-30-3-155"} 1 0.078125 0.0 0.078125 0.0 0.022879464285714284 21
stats: session 139 17608.641441729436 9963.60928511807 81295.8349609375 83.031005859375 25216.745050039706 669
stats: users_count 54 985
stats: finish_users_count 139 808
stats: request 917 1058.3523926313721 2355.862733393482 15456.7958984375 0.055908203125 1969.1799779653431 6261
stats: connect 55 3.0592729048295455 3.162848164583384 105.703857421875 0.488037109375 3.1897225935828883 935
stats: page 739 1339.4934693208731 2906.1988700720945 29800.60400390625 0.525146484375 2425.569192820582 5046
stats: 302 79 758
stats: 200 75 1275
stats: size_rcv 1402421 22617162
stats: newphase 1 5
stats: size_sent 367321 2993285
stats: connected -81 181
stats: 503 752 5047
# stats: dump at 1448864787
stats: users 135 285
stats: {freemem,"tsung_controller@ip-172-30-3-155"} 1 3153.56640625 0.0 3171.82421875 3153.09375 3162.618963068182 22
stats: {recvpackets,"tsung_controller@ip-172-30-3-155"} 1 2191.0 0.0 3441 414 1379.2857142857142 21
stats: {sentpackets,"tsung_controller@ip-172-30-3-155"} 1 2182.0 0.0 3860 275 1241.857142857143 21
stats: {cpu,"tsung_controller@ip-172-30-3-155"} 1 5.365853658536586 0.0 14.397413063523942 1.1869436201780417 3.939115067639183 22
stats: {load,"tsung_controller@ip-172-30-3-155"} 1 0.140625 0.0 0.140625 0.0 0.025390625 22
stats: session 65 22802.962436147835 9614.066473730245 81295.8349609375 83.031005859375 23907.925246134844 808
stats: users_count 23 1008
stats: finish_users_count 65 873
stats: request 410 2688.58481266673 3097.444407267507 15456.7958984375 0.055908203125 1852.8204215775959 7178
stats: connect 23 3.366104789402174 2.687970014099191 105.703857421875 0.488037109375 3.182475388652147 990
stats: page 301 3303.358253250883 4040.2047448299777 29800.60400390625 0.525146484375 2286.8293553674644 5785
stats: 302 105 863
stats: 200 72 1347
stats: size_rcv 1116250 23733412
stats: newphase 0 5
stats: size_sent 212510 3205795
stats: connected -46 135
stats: 503 226 5273
# stats: dump at 1448864797
stats: users 120 285
stats: {freemem,"tsung_controller@ip-172-30-3-155"} 1 3153.58203125 0.0 3171.82421875 3153.09375 3162.2253736413045 23
stats: {recvpackets,"tsung_controller@ip-172-30-3-155"} 1 1959.0 0.0 3441 414 1416.1818181818182 22
stats: {sentpackets,"tsung_controller@ip-172-30-3-155"} 1 1548.0 0.0 3860 275 1284.590909090909 22
stats: {cpu,"tsung_controller@ip-172-30-3-155"} 1 3.4448818897637796 0.0 14.397413063523942 1.1869436201780417 4.001147180286895 23
stats: {load,"tsung_controller@ip-172-30-3-155"} 1 0.12109375 0.0 0.140625 0.0 0.030400815217391304 23
stats: session 37 31090.61533335093 6902.893657107582 81295.8349609375 83.031005859375 23825.654246536727 873
stats: users_count 22 1030
stats: finish_users_count 37 910
stats: request 185 5278.983534364439 1468.7544715348047 15456.7958984375 0.055908203125 1897.9790141377625 7588
stats: connect 22 3.0806440873579546 2.8124123842737094 105.703857421875 0.488037109375 3.1866446642861552 1013
stats: page 139 7148.840865979092 3751.905857439537 29800.60400390625 0.525146484375 2337.104609764919 6086
stats: 302 81 944
stats: 200 93 1440
stats: size_rcv 1447546 25180958
stats: newphase 0 5
stats: size_sent 121082 3326877
stats: connected -15 120
stats: 503 11 5284
# stats: dump at 1448864807
stats: users 109 285
stats: {freemem,"tsung_controller@ip-172-30-3-155"} 1 3153.64453125 0.0 3171.82421875 3153.09375 3161.865234375 24
stats: {recvpackets,"tsung_controller@ip-172-30-3-155"} 1 1491.0 0.0 3441 414 1439.7826086956522 23
stats: {sentpackets,"tsung_controller@ip-172-30-3-155"} 1 1046.0 0.0 3860 275 1296.0434782608695 23
stats: {cpu,"tsung_controller@ip-172-30-3-155"} 1 2.075098814229249 0.0 14.397413063523942 1.1869436201780417 3.9779694598484316 24
stats: {load,"tsung_controller@ip-172-30-3-155"} 1 0.1015625 0.0 0.140625 0.0 0.0341796875 24
stats: session 26 39007.28633000301 5007.838647933633 81295.8349609375 83.031005859375 24121.04277424236 910
stats: users_count 15 1045
stats: finish_users_count 26 936
stats: request 114 7270.6158532929 1722.1033593957327 15456.7958984375 0.055908203125 1978.4480526353743 7773
stats: connect 15 3.46982421875 3.4266054360940497 105.703857421875 0.488037109375 3.184391511926329 1035
stats: page 79 9405.618055898933 3930.4500190715103 29800.60400390625 0.525146484375 2444.547395245043 6225
stats: 302 44 988
stats: 200 65 1505
stats: size_rcv 1229263 26410221
stats: newphase 0 5
stats: size_sent 72316 3399193
stats: connected -9 111
stats: 503 5 5289
# stats: dump at 1448864817
stats: users 94 285
stats: {freemem,"tsung_controller@ip-172-30-3-155"} 1 3153.67578125 0.0 3171.82421875 3153.09375 3161.53640625 25
stats: {recvpackets,"tsung_controller@ip-172-30-3-155"} 1 1440.0 0.0 3441 414 1441.9166666666667 24
stats: {sentpackets,"tsung_controller@ip-172-30-3-155"} 1 892.0 0.0 3860 275 1285.625 24
stats: {cpu,"tsung_controller@ip-172-30-3-155"} 1 1.87192118226601 0.0 14.397413063523942 1.1869436201780417 3.9018546340236644 25
stats: {load,"tsung_controller@ip-172-30-3-155"} 1 0.078125 0.0 0.140625 0.0 0.036875 25
stats: session 15 48934.384114583336 5989.876294059304 81295.8349609375 83.031005859375 24534.549539680156 936
stats: users_count 0 1045
stats: finish_users_count 15 951
stats: request 83 11144.145448983432 1009.0970840327476 15456.7958984375 0.055908203125 2054.9419196665594 7887
stats: connect 0 0 0 105.703857421875 0.488037109375 3.18846912202381 1050
stats: page 64 13960.627239227295 3867.025526690447 29800.60400390625 0.525146484375 2531.781624653618 6304
stats: 302 28 1016
stats: 200 55 1560
stats: size_rcv 1113729 27523950
stats: newphase 0 5
stats: size_sent 45502 3444695
stats: connected -16 95
stats: 503 0 5289
# stats: dump at 1448864827
stats: users 77 285
stats: {freemem,"tsung_controller@ip-172-30-3-155"} 1 3153.26171875 0.0 3171.82421875 3153.09375 3161.234074519231 26
stats: {recvpackets,"tsung_controller@ip-172-30-3-155"} 1 1361.0 0.0 3441 414 1441.84 25
stats: {sentpackets,"tsung_controller@ip-172-30-3-155"} 1 816.0 0.0 3860 275 1269.88 25
stats: {cpu,"tsung_controller@ip-172-30-3-155"} 1 1.4792899408284024 0.0 14.397413063523942 1.1869436201780417 3.823780270494524 26
stats: {load,"tsung_controller@ip-172-30-3-155"} 1 0.0703125 0.0 0.140625 0.0 0.038461538461538464 26
stats: session 17 57617.850413602944 4187.065724708862 81295.8349609375 83.031005859375 24919.404974615536 951
stats: users_count 0 1045
stats: finish_users_count 17 968
stats: request 62 12039.943410565777 1257.2167926300663 16292.916015625 0.055908203125 2149.597364200223 7970
stats: connect 0 0 0 105.703857421875 0.488037109375 3.18846912202381 1050
stats: page 45 16615.16795247396 5378.656371992342 29800.60400390625 0.525146484375 2646.644394649333 6368
stats: 302 17 1033
stats: 200 45 1605
stats: size_rcv 1171747 28695697
stats: newphase 0 5
stats: size_sent 39131 3483826
stats: connected -18 77
stats: 503 0 5289
# stats: dump at 1448864837
stats: users 63 285
stats: {freemem,"tsung_controller@ip-172-30-3-155"} 1 3153.2109375 0.0 3171.82421875 3153.09375 3160.9388020833335 27
stats: {recvpackets,"tsung_controller@ip-172-30-3-155"} 1 873.0 0.0 3441 414 1438.7307692307693 26
stats: {sentpackets,"tsung_controller@ip-172-30-3-155"} 1 477.0 0.0 3860 275 1252.4230769230771 26
stats: {cpu,"tsung_controller@ip-172-30-3-155"} 1 1.4792899408284024 0.0 14.397413063523942 1.1869436201780417 3.7369472953217047 27
stats: {load,"tsung_controller@ip-172-30-3-155"} 1 0.05859375 0.0 0.140625 0.0 0.039641203703703706 27
stats: session 14 63339.649361746655 4287.903688573141 81295.8349609375 83.031005859375 25493.65453294486 968
stats: users_count 0 1045
stats: finish_users_count 14 982
stats: request 77 11957.886709238028 1660.9939241567522 16292.916015625 0.055908203125 2225.9421668489613 8032
stats: connect 0 0 0 105.703857421875 0.488037109375 3.18846912202381 1050
stats: page 61 16260.952136430584 6696.027704050894 33628.320068359375 0.525146484375 2744.6614787132826 6413
stats: 302 33 1066
stats: 200 44 1649
stats: size_rcv 706725 29402422
stats: newphase 0 5
stats: size_sent 45645 3529471
stats: connected -13 64
stats: 503 0 5289
# stats: dump at 1448864847
stats: users 53 285
stats: {freemem,"tsung_controller@ip-172-30-3-155"} 1 3153.41796875 0.0 3171.82421875 3153.09375 3160.6628069196427 28
stats: {recvpackets,"tsung_controller@ip-172-30-3-155"} 1 574.0 0.0 3441 414 1417.7777777777778 27
stats: {sentpackets,"tsung_controller@ip-172-30-3-155"} 1 343.0 0.0 3860 275 1223.703703703704 27
stats: {cpu,"tsung_controller@ip-172-30-3-155"} 1 1.3793103448275863 0.0 14.397413063523942 1.1869436201780417 3.6563166755183727 28
stats: {load,"tsung_controller@ip-172-30-3-155"} 1 0.05078125 0.0 0.140625 0.0 0.040318080357142856 28
stats: session 10 71931.00075683594 6351.659082321714 81295.8349609375 83.031005859375 26033.210467367695 982
stats: users_count 0 1045
stats: finish_users_count 10 992
stats: request 89 7899.90889714273 2334.1662490106874 16292.916015625 0.055908203125 2318.35303499102 8109
stats: connect 0 0 0 105.703857421875 0.488037109375 3.18846912202381 1050
stats: page 75 11041.833600260417 7297.487705911721 33628.320068359375 0.525146484375 2872.0160863933497 6474
stats: 302 35 1101
stats: 200 54 1703
stats: size_rcv 679345 30081767
stats: newphase 0 5
stats: size_sent 59401 3588872
stats: connected -10 54
stats: 503 0 5289
# stats: dump at 1448864857
stats: users 48 285
stats: {freemem,"tsung_controller@ip-172-30-3-155"} 1 3153.75390625 0.0 3171.82421875 3153.09375 3160.412984913793 29
stats: {recvpackets,"tsung_controller@ip-172-30-3-155"} 1 789.0 0.0 3441 414 1387.642857142857 28
stats: {sentpackets,"tsung_controller@ip-172-30-3-155"} 1 467.0 0.0 3860 275 1192.2500000000002 28
stats: {cpu,"tsung_controller@ip-172-30-3-155"} 1 1.4792899408284024 0.0 14.397413063523942 1.1869436201780417 3.5777992158393803 29
stats: {load,"tsung_controller@ip-172-30-3-155"} 1 0.0390625 0.0 0.140625 0.0 0.04067887931034483 29
stats: session 5 68432.05375976562 7221.920566119103 82434.28393554688 83.031005859375 26495.889804963143 992
stats: users_count 0 1045
stats: finish_users_count 5 997
stats: request 52 6400.6800208458535 2046.7053277638668 16292.916015625 0.055908203125 2378.9481157096716 8198
stats: connect 0 0 0 105.703857421875 0.488037109375 3.18846912202381 1050
stats: page 36 8434.994384765625 5224.430669452851 33628.320068359375 0.525146484375 2965.5778994243515 6549
stats: 302 28 1129
stats: 200 24 1727
stats: size_rcv 633454 30715221
stats: newphase 0 5
stats: size_sent 41110 3629982
stats: connected -6 48
stats: 503 0 5289
# stats: dump at 1448864867
stats: users 33 285
stats: {freemem,"tsung_controller@ip-172-30-3-155"} 1 3153.875 0.0 3171.82421875 3153.09375 3160.191015625 30
stats: {recvpackets,"tsung_controller@ip-172-30-3-155"} 1 701.0 0.0 3441 414 1367.0 29
stats: {sentpackets,"tsung_controller@ip-172-30-3-155"} 1 355.0 0.0 3860 275 1167.241379310345 29
stats: {cpu,"tsung_controller@ip-172-30-3-155"} 1 1.3779527559055118 0.0 14.397413063523942 1.1869436201780417 3.507848906672348 30
stats: {load,"tsung_controller@ip-172-30-3-155"} 1 0.109375 0.0 0.140625 0.0 0.040625 30
stats: session 15 76998.47350260416 7083.933563527845 85777.01391601563 83.031005859375 26706.20156000227 997
stats: users_count 0 1045
stats: finish_users_count 15 1012
stats: request 49 8951.200907804528 1523.717810388442 16292.916015625 0.055908203125 2404.2972137784086 8250
stats: connect 0 0 0 105.703857421875 0.488037109375 3.18846912202381 1050
stats: page 34 12298.924359489889 4487.399435597402 33628.320068359375 0.525146484375 2995.479037385215 6585
stats: 302 15 1144
stats: 200 34 1761
stats: size_rcv 700313 31415534
stats: newphase 0 5
stats: size_sent 30219 3660201
stats: connected -14 34
stats: 503 0 5289
# stats: dump at 1448864877
stats: users 21 285
stats: {freemem,"tsung_controller@ip-172-30-3-155"} 1 3153.80859375 0.0 3171.82421875 3153.09375 3159.987273185484 31
stats: {recvpackets,"tsung_controller@ip-172-30-3-155"} 1 844.0 0.0 3441 414 1344.8 30
stats: {sentpackets,"tsung_controller@ip-172-30-3-155"} 1 545.0 0.0 3860 275 1140.166666666667 30
stats: {cpu,"tsung_controller@ip-172-30-3-155"} 1 1.185770750988142 0.0 14.397413063523942 1.185770750988142 3.4391425792282564 31
stats: {load,"tsung_controller@ip-172-30-3-155"} 1 0.1015625 0.0 0.140625 0.0 0.04284274193548387 31
stats: session 12 79763.22047932942 4802.334905752734 85777.01391601563 83.031005859375 27451.64037338076 1012
stats: users_count 0 1045
stats: finish_users_count 12 1024
stats: request 28 9590.121843610494 1789.3656240884393 16292.916015625 0.055908203125 2442.952266315736 8299
stats: connect 0 0 0 105.703857421875 0.488037109375 3.18846912202381 1050
stats: page 14 18149.19419642857 3448.0484971675437 33628.320068359375 0.525146484375 3043.268301768288 6619
stats: 302 11 1155
stats: 200 17 1778
stats: size_rcv 890624 32306158
stats: newphase 0 5
stats: size_sent 17258 3677459
stats: connected -12 22
stats: 503 0 5289
# stats: dump at 1448864886
stats: users 0 285
stats: {freemem,"tsung_controller@ip-172-30-3-155"} 1 3153.87109375 0.0 3171.82421875 3153.09375 3159.794189453125 32
stats: {recvpackets,"tsung_controller@ip-172-30-3-155"} 1 877.0 0.0 3441 414 1328.6451612903227 31
stats: {sentpackets,"tsung_controller@ip-172-30-3-155"} 1 497.0 0.0 3860 275 1120.9677419354841 31
stats: {cpu,"tsung_controller@ip-172-30-3-155"} 1 1.1811023622047243 0.0 14.397413063523942 1.1811023622047243 3.3687247095957527 32
stats: {load,"tsung_controller@ip-172-30-3-155"} 1 0.078125 0.0 0.140625 0.0 0.044677734375 32
stats: session 21 81362.38856724331 4967.965178250971 90848.11987304688 83.031005859375 28064.666702747345 1024
stats: users_count 0 1045
stats: finish_users_count 21 1045
stats: request 31 6653.437436995968 3825.5206969247056 16292.916015625 0.055908203125 2466.9850209889983 8327
stats: connect 0 0 0 105.703857421875 0.488037109375 3.18846912202381 1050
stats: page 22 15973.863758433947 2563.264603207368 33628.320068359375 0.525146484375 3075.1517575990197 6633
stats: 302 8 1163
stats: 200 23 1801
stats: size_rcv 770977 33077135
stats: newphase 0 5
stats: size_sent 6563 3684022
stats: connected -22 0
stats: 503 0 5289
EndMonitor:{1448,864886,989592}
