# stats: dump at 1447969380
stats: users 4 6
stats: {cpu,"tsung_controller@ip-172-30-3-176"} 1 2.9571532464621275 0 2.9571532464621275 2.9571532464621275 0 0
stats: {load,"tsung_controller@ip-172-30-3-176"} 1 0.078125 0 0.078125 0.078125 0 0
stats: {freemem,"tsung_controller@ip-172-30-3-176"} 1 3169.51171875 0 3169.51171875 3169.51171875 0 0
stats: session 3 2582.4278971354165 465.4149524585861 3108.767822265625 1976.998779296875 0 0
stats: users_count 7 7
stats: finish_users_count 3 3
stats: request 24 56.58525594075521 52.34112179183581 192.331787109375 7.161865234375 0 0
stats: connect 7 17.521868024553573 40.852251722398385 117.5888671875 0.711181640625 0 0
stats: page 21 64.67444428943453 51.647640865267356 192.331787109375 7.3837890625 0 0
stats: 302 8 8
stats: 200 16 16
stats: size_rcv 260567 260567
stats: size_sent 13140 13140
stats: connected 5 5
# stats: dump at 1447969390
stats: users 15 15
stats: {recvpackets,"tsung_controller@ip-172-30-3-176"} 1 346 0 346 346 0 0
stats: {sentpackets,"tsung_controller@ip-172-30-3-176"} 1 247 0 247 247 0 0
stats: {cpu,"tsung_controller@ip-172-30-3-176"} 1 2.0689655172413794 0.0 2.9571532464621275 2.0689655172413794 2.9571532464621275 1
stats: {load,"tsung_controller@ip-172-30-3-176"} 1 0.0703125 0.0 0.078125 0.0703125 0.078125 1
stats: {freemem,"tsung_controller@ip-172-30-3-176"} 1 3168.02734375 0.0 3169.51171875 3168.02734375 3169.51171875 1
stats: session 6 7242.480550130208 4178.758593364814 14266.963134765625 1976.998779296875 2582.4278971354165 3
stats: users_count 17 24
stats: finish_users_count 6 9
stats: request 64 71.84114074707031 82.68154671616246 408.8701171875 7.161865234375 56.58525594075521 24
stats: connect 17 0.7141831341911765 0.14679627402675252 117.5888671875 0.54296875 17.521868024553573 7
stats: page 59 77.93298132944915 87.60669120137679 408.8701171875 7.3837890625 64.67444428943453 21
stats: 302 25 33
stats: 200 39 55
stats: size_rcv 751246 1011813
stats: size_sent 34075 47215
stats: connected 10 15
# stats: dump at 1447969400
stats: users 13 17
stats: {recvpackets,"tsung_controller@ip-172-30-3-176"} 1 737.0 0.0 737 346 346.0 1
stats: {sentpackets,"tsung_controller@ip-172-30-3-176"} 1 480.0 0.0 480 247 247.0 1
stats: {cpu,"tsung_controller@ip-172-30-3-176"} 1 1.0923535253227408 0.0 2.9571532464621275 1.0923535253227408 2.5130593818517535 2
stats: {load,"tsung_controller@ip-172-30-3-176"} 1 0.05859375 0.0 0.078125 0.05859375 0.07421875 2
stats: {freemem,"tsung_controller@ip-172-30-3-176"} 1 3166.22265625 0.0 3169.51171875 3166.22265625 3168.76953125 2
stats: session 11 9327.497847123579 4659.666164553062 17969.9189453125 1707.59716796875 5689.129665798611 9
stats: users_count 9 33
stats: finish_users_count 11 20
stats: request 75 94.60446940104168 133.14808487896724 722.109130859375 6.81591796875 67.68044489080256 88
stats: connect 9 0.7694769965277778 0.10256642958115078 117.5888671875 0.54296875 5.616424560546875 24
stats: page 68 104.34655043658088 140.21061480463632 722.109130859375 6.81591796875 74.4526153564453 80
stats: 302 35 68
stats: 200 40 95
stats: size_rcv 758355 1770168
stats: size_sent 47876 95091
stats: connected -2 13
# stats: dump at 1447969410
stats: users 9 17
stats: {recvpackets,"tsung_controller@ip-172-30-3-176"} 1 788.0 0.0 788 346 541.5 2
stats: {sentpackets,"tsung_controller@ip-172-30-3-176"} 1 492.0 0.0 492 247 363.5 2
stats: {cpu,"tsung_controller@ip-172-30-3-176"} 1 1.0934393638170974 0.0 2.9571532464621275 1.0923535253227408 2.0394907630087493 3
stats: {load,"tsung_controller@ip-172-30-3-176"} 1 0.05078125 0.0 0.078125 0.05078125 0.06901041666666667 3
stats: {freemem,"tsung_controller@ip-172-30-3-176"} 1 3165.515625 0.0 3169.51171875 3165.515625 3167.9205729166665 3
stats: session 12 9885.946105957031 5706.474500187464 18943.610107421875 1626.02197265625 7690.232165527344 20
stats: users_count 8 41
stats: finish_users_count 12 32
stats: request 58 109.69847790948276 127.39693373057861 722.109130859375 6.81591796875 80.06879972680214 163
stats: connect 7 0.7794015066964286 0.08559824945761489 117.5888671875 0.54296875 4.294529770359849 33
stats: page 50 127.25692871093752 137.00032091190948 722.109130859375 6.81591796875 88.18766660948057 148
stats: 302 27 95
stats: 200 31 126
stats: size_rcv 709738 2479906
stats: size_sent 40784 135875
stats: connected -4 9
# stats: dump at 1447969420
stats: users 9 17
stats: {recvpackets,"tsung_controller@ip-172-30-3-176"} 1 788.0 0.0 788 346 623.6666666666666 3
stats: {sentpackets,"tsung_controller@ip-172-30-3-176"} 1 488.0 0.0 492 247 406.3333333333333 3
stats: {cpu,"tsung_controller@ip-172-30-3-176"} 1 1.0901883052527255 0.0 2.9571532464621275 1.0901883052527255 1.8029779132108363 4
stats: {load,"tsung_controller@ip-172-30-3-176"} 1 0.0390625 0.0 0.078125 0.0390625 0.064453125 4
stats: {freemem,"tsung_controller@ip-172-30-3-176"} 1 3165.625 0.0 3169.51171875 3165.515625 3167.3193359375 4
stats: session 6 13012.353963216146 7555.098664985253 24335.02392578125 1626.02197265625 8513.624893188477 32
stats: users_count 6 47
stats: finish_users_count 6 38
stats: request 34 79.05934771369485 95.3143596959821 722.109130859375 6.81591796875 87.84491436298077 221
stats: connect 7 0.7801339285714286 0.10005220831194904 117.5888671875 0.54296875 3.67938232421875 40
stats: page 32 84.00299835205078 96.35269912417299 722.109130859375 6.81591796875 98.05364188762626 198
stats: 302 16 111
stats: 200 18 144
stats: size_rcv 424218 2904124
stats: size_sent 18940 154815
stats: connected 0 9
# stats: dump at 1447969430
stats: users 8 17
stats: {recvpackets,"tsung_controller@ip-172-30-3-176"} 1 473.0 0.0 788 346 664.75 4
stats: {sentpackets,"tsung_controller@ip-172-30-3-176"} 1 320.0 0.0 492 247 426.75 4
stats: {cpu,"tsung_controller@ip-172-30-3-176"} 1 0.992063492063492 0.0 2.9571532464621275 0.992063492063492 1.660419991619214 5
stats: {load,"tsung_controller@ip-172-30-3-176"} 1 0.0390625 0.0 0.078125 0.0390625 0.059375 5
stats: {freemem,"tsung_controller@ip-172-30-3-176"} 1 3165.6875 0.0 3169.51171875 3165.515625 3166.98046875 5
stats: session 9 13812.744140625 9016.350522309174 34457.9921875 1626.02197265625 9223.950535824424 38
stats: users_count 8 55
stats: finish_users_count 9 47
stats: request 55 86.32025035511364 101.43976893274662 722.109130859375 6.81591796875 86.67350547640932 255
stats: connect 8 0.705108642578125 0.10564799001444229 117.5888671875 0.54296875 3.247579371675532 47
stats: page 47 101.01868974401596 111.73229258417743 722.109130859375 6.81591796875 96.0987697435462 230
stats: 302 24 135
stats: 200 31 175
stats: size_rcv 707192 3611316
stats: size_sent 37597 192412
stats: connected -1 8
# stats: dump at 1447969440
stats: users 19 19
stats: {recvpackets,"tsung_controller@ip-172-30-3-176"} 1 700.0 0.0 788 346 626.4 5
stats: {sentpackets,"tsung_controller@ip-172-30-3-176"} 1 453.0 0.0 492 247 405.4 5
stats: {cpu,"tsung_controller@ip-172-30-3-176"} 1 0.9900990099009901 0.0 2.9571532464621275 0.9900990099009901 1.5490272416932604 6
stats: {load,"tsung_controller@ip-172-30-3-176"} 1 0.03125 0.0 0.078125 0.03125 0.055989583333333336 6
stats: {freemem,"tsung_controller@ip-172-30-3-176"} 1 3165.6953125 0.0 3169.51171875 3165.515625 3166.7649739583335 6
stats: session 8 7774.0982666015625 5094.689488455101 34457.9921875 1064.77685546875 10102.655694190493 47
stats: users_count 19 74
stats: finish_users_count 8 55
stats: request 84 76.76837448846726 113.570215815596 722.109130859375 6.81591796875 86.61083118069557 310
stats: connect 19 0.6997455797697368 0.16289206523146174 117.5888671875 0.54296875 2.8777654474431817 55
stats: page 80 80.60836486816405 118.23940432002802 722.109130859375 6.81591796875 96.933557613662 277
stats: 302 35 170
stats: 200 49 224
stats: size_rcv 1007814 4619130
stats: newphase 1 1
stats: size_sent 46534 238946
stats: connected 11 19
# stats: dump at 1447969450
stats: users 18 21
stats: {recvpackets,"tsung_controller@ip-172-30-3-176"} 1 834.0 0.0 834 346 638.6666666666666 6
stats: {sentpackets,"tsung_controller@ip-172-30-3-176"} 1 635.0 0.0 635 247 413.3333333333333 6
stats: {cpu,"tsung_controller@ip-172-30-3-176"} 1 1.1904761904761905 0.0 2.9571532464621275 0.9900990099009901 1.469180351437222 7
stats: {load,"tsung_controller@ip-172-30-3-176"} 1 0.03125 0.0 0.078125 0.03125 0.052455357142857144 7
stats: {freemem,"tsung_controller@ip-172-30-3-176"} 1 3164.09765625 0.0 3169.51171875 3164.09765625 3166.6121651785716 7
stats: session 17 8726.794864430147 3661.025617606186 34457.9921875 1064.77685546875 9763.956431995739 55
stats: users_count 16 90
stats: finish_users_count 17 72
stats: request 92 89.29076883067252 105.65265040811282 722.109130859375 6.52490234375 84.51243939859613 394
stats: connect 16 0.7408905029296875 0.0602206219379483 117.5888671875 0.54296875 2.3185441300675675 74
stats: page 83 98.97710372740964 115.08069382818753 722.109130859375 6.52490234375 93.27525111607143 357
stats: 302 41 211
stats: 200 51 275
stats: size_rcv 795745 5414875
stats: newphase 0 1
stats: size_sent 57612 296558
stats: connected 0 19
# stats: dump at 1447969460
stats: users 20 23
stats: {recvpackets,"tsung_controller@ip-172-30-3-176"} 1 1002.0 0.0 1002 346 666.5714285714286 7
stats: {sentpackets,"tsung_controller@ip-172-30-3-176"} 1 704.0 0.0 704 247 445.0 7
stats: {cpu,"tsung_controller@ip-172-30-3-176"} 1 1.3888888888888888 0.0 2.9571532464621275 0.9900990099009901 1.4343423313170929 8
stats: {load,"tsung_controller@ip-172-30-3-176"} 1 0.01953125 0.0 0.078125 0.01953125 0.0498046875 8
stats: {freemem,"tsung_controller@ip-172-30-3-176"} 1 3163.3828125 0.0 3169.51171875 3163.3828125 3166.2978515625 8
stats: session 18 10541.152058919271 5678.1244984630075 34457.9921875 1064.77685546875 9519.071061876086 72
stats: users_count 20 110
stats: finish_users_count 18 90
stats: request 131 141.87613683802488 191.40589026216594 1238.112060546875 6.52490234375 85.4169791264789 486
stats: connect 20 0.7139892578125 0.10768515488101858 117.5888671875 0.54296875 2.0380723741319446 90
stats: page 120 154.88491617838542 203.71773961890898 1238.112060546875 6.52490234375 94.35082785866477 440
stats: 302 60 271
stats: 200 71 346
stats: size_rcv 1728626 7143501
stats: newphase 0 1
stats: size_sent 83482 380040
stats: connected 2 21
# stats: dump at 1447969470
stats: users 21 26
stats: {recvpackets,"tsung_controller@ip-172-30-3-176"} 1 1605.0 0.0 1605 346 708.5 8
stats: {sentpackets,"tsung_controller@ip-172-30-3-176"} 1 1030.0 0.0 1030 247 477.375 8
stats: {cpu,"tsung_controller@ip-172-30-3-176"} 1 1.5920398009950247 0.0 2.9571532464621275 0.9900990099009901 1.4292919488250702 9
stats: {load,"tsung_controller@ip-172-30-3-176"} 1 0.01953125 0.0 0.078125 0.01953125 0.046440972222222224 9
stats: {freemem,"tsung_controller@ip-172-30-3-176"} 1 3163.26953125 0.0 3169.51171875 3163.26953125 3165.9739583333335 9
stats: session 17 11621.82355813419 5929.051641457421 34457.9921875 1064.77685546875 9723.487261284723 90
stats: users_count 18 128
stats: finish_users_count 17 107
stats: request 100 110.9836865234375 156.37015483740183 1238.112060546875 6.52490234375 97.4042557232577 617
stats: connect 17 0.7104204963235294 0.05938054123008544 117.5888671875 0.54296875 1.7973299893465913 110
stats: page 95 116.82686574835526 161.23005797786035 1238.112060546875 6.52490234375 107.32241821289063 560
stats: 302 48 319
stats: 200 52 398
stats: size_rcv 797769 7941270
stats: newphase 0 1
stats: size_sent 63008 443048
stats: connected 0 21
# stats: dump at 1447969480
stats: users 22 26
stats: {recvpackets,"tsung_controller@ip-172-30-3-176"} 1 891.0 0.0 1605 346 808.1111111111111 9
stats: {sentpackets,"tsung_controller@ip-172-30-3-176"} 1 675.0 0.0 1030 247 538.7777777777778 9
stats: {cpu,"tsung_controller@ip-172-30-3-176"} 1 1.3930348258706469 0.0 2.9571532464621275 0.9900990099009901 1.4455667340420657 10
stats: {load,"tsung_controller@ip-172-30-3-176"} 1 0.01953125 0.0 0.078125 0.01953125 0.04375 10
stats: {freemem,"tsung_controller@ip-172-30-3-176"} 1 3163.30859375 0.0 3169.51171875 3163.26953125 3165.703515625 10
stats: session 22 9817.605723987926 5940.288436750249 34457.9921875 1064.77685546875 10025.092093494452 107
stats: users_count 23 151
stats: finish_users_count 22 129
stats: request 128 143.06649208068853 206.09928696679702 1238.112060546875 6.14208984375 99.29817912635112 717
stats: connect 23 0.677575152853261 0.06316238717818237 117.5888671875 0.54296875 1.6518381674458664 127
stats: page 114 160.64027592173795 217.2197438860569 1238.112060546875 6.14208984375 108.7009258707061 655
stats: 302 56 375
stats: 200 72 470
stats: size_rcv 1775972 9717242
stats: newphase 0 1
stats: size_sent 78899 521947
stats: connected 0 21
# stats: dump at 1447969490
stats: users 20 26
stats: {recvpackets,"tsung_controller@ip-172-30-3-176"} 1 1704.0 0.0 1704 346 816.4 10
stats: {sentpackets,"tsung_controller@ip-172-30-3-176"} 1 1054.0 0.0 1054 247 552.4 10
stats: {cpu,"tsung_controller@ip-172-30-3-176"} 1 1.6881827209533267 0.0 2.9571532464621275 0.9900990099009901 1.4407911060264822 11
stats: {load,"tsung_controller@ip-172-30-3-176"} 1 0.01171875 0.0 0.078125 0.01171875 0.041548295454545456 11
stats: {freemem,"tsung_controller@ip-172-30-3-176"} 1 3163.31640625 0.0 3169.51171875 3163.26953125 3165.4857954545455 11
stats: session 20 10329.594982910156 6268.03991892578 34457.9921875 1064.77685546875 9989.706821175509 129
stats: users_count 18 169
stats: finish_users_count 20 149
stats: request 116 125.68667286839975 184.46786726049567 1238.112060546875 6.14208984375 105.9281720945821 845
stats: connect 17 0.7056094898897058 0.08369562046848761 117.5888671875 0.54296875 1.5024511718750002 150
stats: page 111 131.35002507390203 192.36500435001275 1238.112060546875 6.14208984375 116.40064746474724 769
stats: 302 56 431
stats: 200 60 530
stats: size_rcv 886584 10603826
stats: newphase 0 1
stats: size_sent 72487 594434
stats: connected -3 18
# stats: dump at 1447969500
stats: users 58 58
stats: {recvpackets,"tsung_controller@ip-172-30-3-176"} 1 1142.0 0.0 1704 346 897.0909090909091 11
stats: {sentpackets,"tsung_controller@ip-172-30-3-176"} 1 859.0 0.0 1054 247 598.0 11
stats: {cpu,"tsung_controller@ip-172-30-3-176"} 1 1.4940239043824701 0.0 2.9571532464621275 0.9900990099009901 1.4614070739370526 12
stats: {load,"tsung_controller@ip-172-30-3-176"} 1 0.01171875 0.0 0.078125 0.01171875 0.0390625 12
stats: {freemem,"tsung_controller@ip-172-30-3-176"} 1 3163.328125 0.0 3169.51171875 3163.26953125 3165.3050130208335 12
stats: session 17 10920.321518841913 4861.107458397493 34457.9921875 1064.77685546875 10035.329393220429 149
stats: users_count 55 224
stats: finish_users_count 17 166
stats: request 178 255.0392366902212 344.996822024963 1972.08984375 6.14208984375 108.3131732285705 961
stats: connect 57 0.6684398985745615 0.14192282608194093 117.5888671875 0.536865234375 1.4213355515531438 167
stats: page 162 276.1875210985725 376.2823115810827 1972.08984375 6.14208984375 118.28630759499289 880
stats: 302 63 494
stats: 200 115 645
stats: size_rcv 2061324 12665150
stats: newphase 1 2
stats: size_sent 110308 704742
stats: connected 40 58
# stats: dump at 1447969510
stats: users 68 71
stats: {recvpackets,"tsung_controller@ip-172-30-3-176"} 1 2345.0 0.0 2345 346 917.5 12
stats: {sentpackets,"tsung_controller@ip-172-30-3-176"} 1 1671.0 0.0 1671 247 619.75 12
stats: {cpu,"tsung_controller@ip-172-30-3-176"} 1 2.4752475247524752 0.0 2.9571532464621275 0.9900990099009901 1.4639160608943924 13
stats: {load,"tsung_controller@ip-172-30-3-176"} 1 0.01171875 0.0 0.078125 0.01171875 0.036959134615384616 13
stats: {freemem,"tsung_controller@ip-172-30-3-176"} 1 3157.4921875 0.0 3169.51171875 3157.4921875 3165.1529447115386 13
stats: session 25 11841.295615234376 3429.677469071983 34457.9921875 1064.77685546875 10125.961116928653 166
stats: users_count 35 259
stats: finish_users_count 25 191
stats: request 231 1323.6959878500402 614.211781702456 3489.118896484375 6.14208984375 131.2431462717433 1139
stats: connect 35 0.7111886160714286 0.1976535591077097 117.5888671875 0.536865234375 1.2297504970005584 224
stats: page 215 1412.4207962390979 701.7580671673657 4418.275146484375 6.14208984375 142.83524865792947 1042
stats: 302 108 602
stats: 200 123 768
stats: size_rcv 1814500 14479650
stats: newphase 0 2
stats: size_sent 148303 853045
stats: connected 10 68
# stats: dump at 1447969520
stats: users 75 83
stats: {recvpackets,"tsung_controller@ip-172-30-3-176"} 1 2113.0 0.0 2345 346 1027.3076923076924 13
stats: {sentpackets,"tsung_controller@ip-172-30-3-176"} 1 1426.0 0.0 1671 247 700.6153846153846 13
stats: {cpu,"tsung_controller@ip-172-30-3-176"} 1 2.1912350597609564 0.0 2.9571532464621275 0.9900990099009901 1.5361540225985413 14
stats: {load,"tsung_controller@ip-172-30-3-176"} 1 0.01171875 0.0 0.078125 0.01171875 0.03515625 14
stats: {freemem,"tsung_controller@ip-172-30-3-176"} 1 3155.3203125 0.0 3169.51171875 3155.3203125 3164.6057477678573 14
stats: session 34 17458.63008386948 4202.78159720434 34457.9921875 1064.77685546875 10350.481339219978 191
stats: users_count 41 300
stats: finish_users_count 34 225
stats: request 182 2160.0925829541548 608.783179522643 3895.472900390625 6.14208984375 332.30636262545613 1370
stats: connect 41 0.6816942168445121 0.09033720540558869 117.5888671875 0.536865234375 1.1596745671452704 259
stats: page 175 2246.668293805802 751.9344527911223 5065.9130859375 6.14208984375 359.98790794985564 1257
stats: 302 74 676
stats: 200 108 876
stats: size_rcv 2429560 16909210
stats: newphase 0 2
stats: size_sent 120375 973420
stats: connected 8 76
# stats: dump at 1447969530
stats: users 86 86
stats: {recvpackets,"tsung_controller@ip-172-30-3-176"} 1 2143.0 0.0 2345 346 1104.857142857143 14
stats: {sentpackets,"tsung_controller@ip-172-30-3-176"} 1 1536.0 0.0 1671 247 752.4285714285714 14
stats: {cpu,"tsung_controller@ip-172-30-3-176"} 1 2.3856858846918487 0.0 2.9571532464621275 0.9900990099009901 1.5798260917427023 15
stats: {load,"tsung_controller@ip-172-30-3-176"} 1 0.01171875 0.0 0.078125 0.01171875 0.03359375 15
stats: {freemem,"tsung_controller@ip-172-30-3-176"} 1 3154.8515625 0.0 3169.51171875 3154.8515625 3163.98671875 15
stats: session 29 20824.4769413389 3491.406100361188 34457.9921875 1064.77685546875 11424.601593967014 225
stats: users_count 40 340
stats: finish_users_count 29 254
stats: request 220 1909.4292669122865 704.7404829902704 3955.682861328125 6.14208984375 546.6472724835895 1552
stats: connect 40 0.6405090332031251 0.063598327928863 117.5888671875 0.536865234375 1.0943505859375002 300
stats: page 213 1984.9943412100213 810.365933768207 5065.9130859375 6.14208984375 590.5528992381172 1432
stats: 302 118 794
stats: 200 102 978
stats: size_rcv 1306990 18216200
stats: newphase 1 3
stats: size_sent 130663 1104083
stats: connected 10 86
# stats: dump at 1447969540
stats: users 138 138
stats: {recvpackets,"tsung_controller@ip-172-30-3-176"} 1 2316.0 0.0 2345 346 1174.0666666666666 15
stats: {sentpackets,"tsung_controller@ip-172-30-3-176"} 1 1652.0 0.0 1671 247 804.6666666666666 15
stats: {cpu,"tsung_controller@ip-172-30-3-176"} 1 2.694610778443114 0.0 2.9571532464621275 0.9900990099009901 1.630192328802024 16
stats: {load,"tsung_controller@ip-172-30-3-176"} 1 0.01171875 0.0 0.078125 0.01171875 0.0322265625 16
stats: {freemem,"tsung_controller@ip-172-30-3-176"} 1 3154.01171875 0.0 3169.51171875 3154.01171875 3163.415771484375 16
stats: session 35 23131.31616908482 6211.2380436585745 41856.350830078125 1064.77685546875 12497.815708430733 254
stats: users_count 87 427
stats: finish_users_count 35 289
stats: request 263 2701.0232973280076 579.925917310216 4593.47802734375 6.14208984375 715.841425290764 1772
stats: connect 86 0.6626856604287791 0.08989706212908444 117.5888671875 0.536865234375 1.0409574620863973 340
stats: page 241 2831.0805086634477 795.1439179884776 5866.752197265625 6.14208984375 771.1097546423821 1645
stats: 302 84 878
stats: 200 179 1157
stats: size_rcv 3071457 21287657
stats: newphase 0 3
stats: size_sent 146625 1250708
stats: connected 51 137
# stats: dump at 1447969550
stats: users 187 190
stats: {recvpackets,"tsung_controller@ip-172-30-3-176"} 1 3092.0 0.0 3092 346 1245.4375 16
stats: {sentpackets,"tsung_controller@ip-172-30-3-176"} 1 2326.0 0.0 2326 247 857.625 16
stats: {cpu,"tsung_controller@ip-172-30-3-176"} 1 4.07149950347567 0.0 4.07149950347567 0.9900990099009901 1.6928051787809115 17
stats: {load,"tsung_controller@ip-172-30-3-176"} 1 0.0 0.0 0.078125 0.0 0.031020220588235295 17
stats: {freemem,"tsung_controller@ip-172-30-3-176"} 1 3145.64453125 0.0 3169.51171875 3145.64453125 3162.862591911765 17
stats: session 30 21569.17159016927 8138.494958805751 41856.350830078125 523.06787109375 13785.609881866349 289
stats: users_count 79 506
stats: finish_users_count 30 319
stats: request 441 2102.2465632086164 1497.374575505591 5174.785888671875 0.614990234375 972.4030136670762 2035
stats: connect 80 0.6173797607421874 0.056059316699847574 117.5888671875 0.515869140625 0.9645927321742959 426
stats: page 402 2290.3111815191655 1782.7461640299591 7827.15185546875 0.6630859375 1034.340375914427 1886
stats: 302 144 1022
stats: 200 168 1325
stats: size_rcv 2224414 23512071
stats: newphase 0 3
stats: size_sent 268536 1519244
stats: connected 52 189
stats: 503 129 129
# stats: dump at 1447969560
stats: users 214 217
stats: {recvpackets,"tsung_controller@ip-172-30-3-176"} 1 2602.0 0.0 3092 346 1354.0588235294117 17
stats: {sentpackets,"tsung_controller@ip-172-30-3-176"} 1 2172.0 0.0 2326 247 944.0 17
stats: {cpu,"tsung_controller@ip-172-30-3-176"} 1 3.225806451612903 0.0 4.07149950347567 0.9900990099009901 1.8249548634861759 18
stats: {load,"tsung_controller@ip-172-30-3-176"} 1 0.0 0.0 0.078125 0.0 0.029296875 18
stats: {freemem,"tsung_controller@ip-172-30-3-176"} 1 3139.6640625 0.0 3169.51171875 3139.6640625 3161.9060329861113 18
stats: session 103 19400.453975936736 7350.775436622514 41856.350830078125 212.739013671875 14517.606280766311 319
stats: users_count 130 636
stats: finish_users_count 103 422
stats: request 633 1587.9976530873569 2225.1329703687393 6916.1640625 0.590087890625 1173.6392840014137 2476
stats: connect 128 0.6572952270507811 0.2212294803412329 117.5888671875 0.515869140625 0.9096974007225792 506
stats: page 585 1705.5518679887816 2475.1893952712117 10042.046875 0.62890625 1255.013568157917 2288
stats: 302 102 1124
stats: 200 117 1442
stats: size_rcv 2906701 26418772
stats: newphase 1 4
stats: size_sent 292694 1811938
stats: connected 24 213
stats: 503 414 543
# stats: dump at 1447969570
stats: users 264 264
stats: {recvpackets,"tsung_controller@ip-172-30-3-176"} 1 4297.0 0.0 4297 346 1423.388888888889 18
stats: {sentpackets,"tsung_controller@ip-172-30-3-176"} 1 3308.0 0.0 3308 247 1012.2222222222222 18
stats: {cpu,"tsung_controller@ip-172-30-3-176"} 1 4.904904904904905 0.0 4.904904904904905 0.9900990099009901 1.8986838944402142 19
stats: {load,"tsung_controller@ip-172-30-3-176"} 1 0.0 0.0 0.078125 0.0 0.027754934210526317 19
stats: {freemem,"tsung_controller@ip-172-30-3-176"} 1 3136.5625 0.0 3169.51171875 3136.5625 3160.7354029605262 19
stats: session 119 18213.52605944721 8585.575512303663 41856.350830078125 212.739013671875 15709.391381720232 422
stats: users_count 169 805
stats: finish_users_count 119 541
stats: request 894 1274.5501588825657 1738.9512117989002 6916.1640625 0.080810546875 1258.0036608529422 3109
stats: connect 172 0.6457491142805234 0.14270035677532392 117.5888671875 0.51318359375 0.8587392331673895 634
stats: page 834 1389.5081105037857 2041.267241180263 10387.02197265625 0.60595703125 1346.7521359967807 2873
stats: 302 180 1304
stats: 200 149 1591
stats: size_rcv 3702000 30120772
stats: newphase 0 4
stats: size_sent 388571 2200509
stats: connected 51 264
stats: 503 564 1107
# stats: dump at 1447969580
stats: users 265 278
stats: {recvpackets,"tsung_controller@ip-172-30-3-176"} 1 4620.0 0.0 4620 346 1574.6315789473683 19
stats: {sentpackets,"tsung_controller@ip-172-30-3-176"} 1 3952.0 0.0 3952 247 1133.0526315789473 19
stats: {cpu,"tsung_controller@ip-172-30-3-176"} 1 5.493387589013224 0.0 5.493387589013224 0.9900990099009901 2.048994944963449 20
stats: {load,"tsung_controller@ip-172-30-3-176"} 1 0.0 0.0 0.078125 0.0 0.0263671875 20
stats: {freemem,"tsung_controller@ip-172-30-3-176"} 1 3136.38671875 0.0 3169.51171875 3136.38671875 3159.5267578125 20
stats: session 162 16106.212978033373 7736.46451127428 41856.350830078125 84.577880859375 16260.208436525243 541
stats: users_count 163 968
stats: finish_users_count 162 703
stats: request 1064 993.2783331620066 1427.7937531314103 6916.1640625 0.06787109375 1261.6990316344768 4003
stats: connect 165 0.6298576586174243 0.10361423800601538 117.5888671875 0.4990234375 0.8132872474992245 806
stats: page 983 1078.2559698964408 1610.0448189309154 10387.02197265625 0.60595703125 1356.3713652222573 3707
stats: 302 189 1493
stats: 200 162 1753
stats: size_rcv 3615795 33736567
stats: newphase 0 4
stats: size_sent 499435 2699944
stats: connected 2 266
stats: 503 711 1818
# stats: dump at 1447969590
stats: users 195 278
stats: {recvpackets,"tsung_controller@ip-172-30-3-176"} 1 4386.0 0.0 4620 346 1726.9 20
stats: {sentpackets,"tsung_controller@ip-172-30-3-176"} 1 4005.0 0.0 4005 247 1274.0 20
stats: {cpu,"tsung_controller@ip-172-30-3-176"} 1 6.199186991869919 0.0 6.199186991869919 0.9900990099009901 2.213013642299152 21
stats: {load,"tsung_controller@ip-172-30-3-176"} 1 0.0 0.0 0.078125 0.0 0.025111607142857144 21
stats: {freemem,"tsung_controller@ip-172-30-3-176"} 1 3135.4765625 0.0 3169.51171875 3135.4765625 3158.424851190476 21
stats: session 128 17563.05181884766 7557.731704010893 41856.350830078125 84.577880859375 16224.721574113175 703
stats: users_count 58 1026
stats: finish_users_count 128 831
stats: request 663 1425.4273565646215 1551.3258641170783 6916.1640625 0.067138671875 1205.334393155158 5067
stats: connect 59 0.6277683064088984 0.08325538854761787 117.5888671875 0.4990234375 0.7821174409436148 971
stats: page 629 1507.0381453230557 1749.2093393257665 10387.02197265625 0.60595703125 1298.0798015537546 4690
stats: 302 196 1689
stats: 200 112 1865
stats: size_rcv 2139294 35875861
stats: newphase 1 5
stats: size_sent 353705 3053649
stats: connected -64 202
stats: 503 354 2172
# stats: dump at 1447969600
stats: users 106 278
stats: {recvpackets,"tsung_controller@ip-172-30-3-176"} 1 3042.0 0.0 4620 346 1853.5238095238096 21
stats: {sentpackets,"tsung_controller@ip-172-30-3-176"} 1 2405.0 0.0 4005 247 1404.047619047619 21
stats: {cpu,"tsung_controller@ip-172-30-3-176"} 1 3.2225579053373616 0.0 6.199186991869919 0.9900990099009901 2.3942033400069147 22
stats: {load,"tsung_controller@ip-172-30-3-176"} 1 0.0 0.0 0.078125 0.0 0.023970170454545456 22
stats: {freemem,"tsung_controller@ip-172-30-3-176"} 1 3135.83984375 0.0 3169.51171875 3135.4765625 3157.381747159091 22
stats: session 109 21080.46426363603 5511.00097760267 44194.37890625 84.577880859375 16430.866304950738 831
stats: users_count 20 1046
stats: finish_users_count 109 940
stats: request 376 2744.5875549316397 1449.6135138944105 6916.1640625 0.067138671875 1230.8006470365672 5730
stats: connect 19 1.1126644736842106 1.7134854970222284 117.5888671875 0.4990234375 0.7732760827518204 1030
stats: page 362 2890.0587771926826 1655.2055228926022 10387.02197265625 0.60595703125 1322.7902355133128 5319
stats: 302 209 1898
stats: 200 103 1968
stats: size_rcv 2224123 38099984
stats: newphase 0 5
stats: size_sent 221923 3275572
stats: connected -93 109
stats: 503 64 2236
# stats: dump at 1447969610
stats: users 64 278
stats: {recvpackets,"tsung_controller@ip-172-30-3-176"} 1 2666.0 0.0 4620 346 1907.5454545454545 22
stats: {sentpackets,"tsung_controller@ip-172-30-3-176"} 1 1833.0 0.0 4005 247 1449.5454545454545 22
stats: {cpu,"tsung_controller@ip-172-30-3-176"} 1 2.976190476190476 0.0 6.199186991869919 0.9900990099009901 2.4302187558908472 23
stats: {load,"tsung_controller@ip-172-30-3-176"} 1 0.0 0.0 0.078125 0.0 0.022927989130434784 23
stats: {freemem,"tsung_controller@ip-172-30-3-176"} 1 3135.7265625 0.0 3169.51171875 3135.4765625 3156.4451426630435 23
stats: session 63 27412.78142438616 5505.505923800717 44194.37890625 84.577880859375 16970.02181292595 940
stats: users_count 21 1067
stats: finish_users_count 63 1003
stats: request 184 3178.9269528596296 1097.5597679433806 6916.1640625 0.067138671875 1324.017790398596 6106
stats: connect 22 0.6948686079545454 0.16625394206942973 117.5888671875 0.4990234375 0.7794232509383937 1049
stats: page 176 3311.4887820157137 1192.2931539127233 10387.02197265625 0.60595703125 1422.6584298607747 5681
stats: 302 101 1999
stats: 200 83 2051
stats: size_rcv 2250820 40350804
stats: newphase 0 5
stats: size_sent 109354 3384926
stats: connected -43 66
stats: 503 0 2236
# stats: dump at 1447969620
stats: users 47 278
stats: {recvpackets,"tsung_controller@ip-172-30-3-176"} 1 1774.0 0.0 4620 346 1940.5217391304348 23
stats: {sentpackets,"tsung_controller@ip-172-30-3-176"} 1 1280.0 0.0 4005 247 1466.2173913043478 23
stats: {cpu,"tsung_controller@ip-172-30-3-176"} 1 1.5015015015015014 0.0 6.199186991869919 0.9900990099009901 2.4529675775699986 24
stats: {load,"tsung_controller@ip-172-30-3-176"} 1 0.0 0.0 0.078125 0.0 0.02197265625 24
stats: {freemem,"tsung_controller@ip-172-30-3-176"} 1 3135.9921875 0.0 3169.51171875 3135.4765625 3155.5818684895835 24
stats: session 37 28168.32584855363 6313.664620406029 44194.37890625 84.577880859375 17625.94789021607 1003
stats: users_count 20 1087
stats: finish_users_count 37 1040
stats: request 164 2150.1327097822973 840.5317209599615 6916.1640625 0.067138671875 1378.2790441176471 6290
stats: connect 20 0.7471435546875 0.24161195478238182 117.5888671875 0.4990234375 0.7776863675157563 1071
stats: page 150 2380.442747395834 1064.0841772908811 10387.02197265625 0.60595703125 1479.4168628434059 5857
stats: 302 78 2077
stats: 200 87 2138
stats: size_rcv 1758960 42109764
stats: newphase 0 5
stats: size_sent 93132 3478058
stats: connected -18 48
stats: 503 0 2236
# stats: dump at 1447969630
stats: users 8 278
stats: {recvpackets,"tsung_controller@ip-172-30-3-176"} 1 1781.0 0.0 4620 346 1933.5833333333333 24
stats: {sentpackets,"tsung_controller@ip-172-30-3-176"} 1 1145.0 0.0 4005 247 1458.4583333333333 24
stats: {cpu,"tsung_controller@ip-172-30-3-176"} 1 2.2682445759368837 0.0 6.199186991869919 0.9900990099009901 2.4149089345272587 25
stats: {load,"tsung_controller@ip-172-30-3-176"} 1 0.0 0.0 0.078125 0.0 0.02109375 25
stats: {freemem,"tsung_controller@ip-172-30-3-176"} 1 3135.66796875 0.0 3169.51171875 3135.4765625 3154.79828125 25
stats: session 39 19178.474621895035 6586.801767656831 44194.37890625 84.577880859375 18001.013259887695 1040
stats: users_count 0 1087
stats: finish_users_count 39 1079
stats: request 131 974.2531235090646 815.4348824561417 6916.1640625 0.067138671875 1397.8923073914311 6454
stats: connect 0 0 0 117.5888671875 0.4990234375 0.7771264626059807 1091
stats: page 126 1012.9153374565975 872.3551583858823 10387.02197265625 0.60595703125 1501.916260659764 6007
stats: 302 80 2157
stats: 200 50 2188
stats: size_rcv 1097357 43207121
stats: newphase 0 5
stats: size_sent 84942 3563000
stats: connected -39 9
stats: 503 0 2236
# stats: dump at 1447969640
stats: users 1 278
stats: {recvpackets,"tsung_controller@ip-172-30-3-176"} 1 789.0 0.0 4620 346 1927.48 25
stats: {sentpackets,"tsung_controller@ip-172-30-3-176"} 1 527.0 0.0 4005 247 1445.92 25
stats: {cpu,"tsung_controller@ip-172-30-3-176"} 1 1.3875123885034688 0.0 6.199186991869919 0.9900990099009901 2.4092679976583984 26
stats: {load,"tsung_controller@ip-172-30-3-176"} 1 0.0 0.0 0.078125 0.0 0.020282451923076924 26
stats: {freemem,"tsung_controller@ip-172-30-3-176"} 1 3136.02734375 0.0 3169.51171875 3135.4765625 3154.0625 26
stats: session 7 19011.56277901786 3425.566253634906 44194.37890625 84.577880859375 18043.5721042976 1079
stats: users_count 0 1087
stats: finish_users_count 7 1086
stats: request 12 151.2548828125 95.25009905645396 6916.1640625 0.067138671875 1389.4645574918732 6585
stats: connect 0 0 0 117.5888671875 0.4990234375 0.7771264626059807 1091
stats: page 12 151.2548828125 95.25009905645396 10387.02197265625 0.60595703125 1491.8699348284256 6133
stats: 302 8 2165
stats: 200 4 2192
stats: size_rcv 24195 43231316
stats: newphase 0 5
stats: size_sent 9984 3572984
stats: connected -8 1
stats: 503 0 2236
# stats: dump at 1447969645
stats: users 0 278
stats: {recvpackets,"tsung_controller@ip-172-30-3-176"} 1 8.0 0.0 4620 8 1883.6923076923076 26
stats: {sentpackets,"tsung_controller@ip-172-30-3-176"} 1 10.0 0.0 4005 10 1410.576923076923 26
stats: {cpu,"tsung_controller@ip-172-30-3-176"} 1 0.8884501480750246 0.0 6.199186991869919 0.8884501480750246 2.3714251973193265 27
stats: {load,"tsung_controller@ip-172-30-3-176"} 1 0.0 0.0 0.078125 0.0 0.01953125 27
stats: {freemem,"tsung_controller@ip-172-30-3-176"} 1 3143.31640625 0.0 3169.51171875 3135.4765625 3153.39453125 27
stats: session 1 26709.596923828125 0.0 44194.37890625 84.577880859375 18049.811454871302 1086
stats: users_count 0 1087
stats: finish_users_count 1 1087
stats: request 1 199.5068359375 0.0 6916.1640625 0.067138671875 1387.2122433951395 6597
stats: connect 0 0 0 117.5888671875 0.4990234375 0.7771264626059807 1091
stats: page 1 199.5068359375 0.0 10387.02197265625 0.60595703125 1489.2519721556525 6145
stats: 302 1 2166
stats: 200 0 2192
stats: size_rcv 93 43231409
stats: newphase 0 5
stats: size_sent 941 3573925
stats: connected -1 0
stats: 503 0 2236
EndMonitor:{1447,969645,586565}
