[20/Nov/2015:08:20:32 -0000] access to /favicon.ico failed for 0:0:0:0:0:FFFF:A9E7:76E, reason: 
"httpd_file: Can't access /home/ec2-user/.tsung/log/20151120-0819/favicon.ico: File not found"
[20/Nov/2015:08:20:34 -0000] access to /assets/ico/favicon.ico failed for 0:0:0:0:0:FFFF:A9E7:76E, reason: 
"httpd_file: Can't access /home/ec2-user/.tsung/log/20151120-0819/assets/ico/favicon.ico: File not found"
[20/Nov/2015:08:20:41 -0000] access to /favicon.ico failed for 0:0:0:0:0:FFFF:A9E7:76E, reason: 
"httpd_file: Can't access /home/ec2-user/.tsung/log/20151120-0819/favicon.ico: File not found"
[20/Nov/2015:08:23:03 -0000] server crash for 0:0:0:0:0:FFFF:A9E7:76E, reason: 
"Error reading request: No request received on keep-alive connection before server side timeout"

[20/Nov/2015:08:23:03 -0000] server crash for 0:0:0:0:0:FFFF:A9E7:76E, reason: 
"Error reading request: No request received on keep-alive connection before server side timeout"

[20/Nov/2015:08:23:03 -0000] server crash for 0:0:0:0:0:FFFF:A9E7:76E, reason: 
"Error reading request: No request received on keep-alive connection before server side timeout"

[20/Nov/2015:08:23:03 -0000] server crash for 0:0:0:0:0:FFFF:A9E7:76E, reason: 
"Error reading request: No request received on keep-alive connection before server side timeout"

[20/Nov/2015:08:23:11 -0000] server crash for 0:0:0:0:0:FFFF:A9E7:76E, reason: 
"Error reading request: No request received on keep-alive connection before server side timeout"

[20/Nov/2015:08:28:26 -0000] server crash for 0:0:0:0:0:FFFF:A9E7:76E, reason: 
"Error reading request: No request received on keep-alive connection before server side timeout"

[20/Nov/2015:08:28:26 -0000] server crash for 0:0:0:0:0:FFFF:A9E7:76E, reason: 
"Error reading request: No request received on keep-alive connection before server side timeout"

[20/Nov/2015:08:28:26 -0000] server crash for 0:0:0:0:0:FFFF:A9E7:76E, reason: 
"Error reading request: No request received on keep-alive connection before server side timeout"

[20/Nov/2015:08:28:26 -0000] server crash for 0:0:0:0:0:FFFF:A9E7:76E, reason: 
"Error reading request: No request received on keep-alive connection before server side timeout"

[20/Nov/2015:08:28:26 -0000] server crash for 0:0:0:0:0:FFFF:A9E7:76E, reason: 
"Error reading request: No request received on keep-alive connection before server side timeout"

[20/Nov/2015:08:28:27 -0000] server crash for 0:0:0:0:0:FFFF:A9E7:76E, reason: 
"Error reading request: No request received on keep-alive connection before server side timeout"

