# stats: dump at 1447965291
stats: users 9 9
stats: {cpu,"tsung_controller@ip-172-30-3-176"} 1 4.15036674816626 0 4.15036674816626 4.15036674816626 0 0
stats: {load,"tsung_controller@ip-172-30-3-176"} 1 0.05078125 0 0.05078125 0.05078125 0 0
stats: {freemem,"tsung_controller@ip-172-30-3-176"} 1 3168.953125 0 3168.953125 3168.953125 0 0
stats: users_count 9 9
stats: finish_users_count 0 0
stats: request 9 1780.9382866753472 602.4432397280538 2677.60693359375 590.901123046875 0 0
stats: connect 8 16.70599365234375 34.58917358450347 108.087890625 0.76806640625 0 0
stats: page 8 1668.8547058105469 543.360402804162 2163.705078125 590.901123046875 0 0
stats: 200 9 9
stats: size_rcv 169821 169821
stats: size_sent 5030 5030
stats: connected 8 8
# stats: dump at 1447965301
stats: users 19 19
stats: {recvpackets,"tsung_controller@ip-172-30-3-176"} 1 199 0 199 199 0 0
stats: {sentpackets,"tsung_controller@ip-172-30-3-176"} 1 141 0 141 141 0 0
stats: {cpu,"tsung_controller@ip-172-30-3-176"} 1 1.9723865877712032 0.0 4.15036674816626 1.9723865877712032 4.15036674816626 1
stats: {load,"tsung_controller@ip-172-30-3-176"} 1 0.3203125 0.0 0.3203125 0.05078125 0.05078125 1
stats: {freemem,"tsung_controller@ip-172-30-3-176"} 1 3169.21875 0.0 3169.21875 3168.953125 3168.953125 1
stats: session 1 14918.807861328125 0 14918.807861328125 14918.807861328125 0 0
stats: users_count 11 20
stats: finish_users_count 1 1
stats: request 24 2275.3774922688804 842.6259754604417 4734.27001953125 590.901123046875 1780.9382866753472 9
stats: connect 10 2.8746826171875 2.2111588682013106 108.087890625 0.69189453125 16.70599365234375 8
stats: page 23 2284.8894255264945 842.9852135250841 4613.614990234375 590.901123046875 1668.8547058105469 8
stats: 302 10 10
stats: 200 14 23
stats: size_rcv 193758 363579
stats: size_sent 16649 21679
stats: connected 9 17
# stats: dump at 1447965311
stats: users 22 23
stats: {recvpackets,"tsung_controller@ip-172-30-3-176"} 1 258.0 0.0 258 199 199.0 1
stats: {sentpackets,"tsung_controller@ip-172-30-3-176"} 1 223.0 0.0 223 141 141.0 1
stats: {cpu,"tsung_controller@ip-172-30-3-176"} 1 1.089108910891089 0.0 4.15036674816626 1.089108910891089 3.0613766679687315 2
stats: {load,"tsung_controller@ip-172-30-3-176"} 1 0.26953125 0.0 0.3203125 0.05078125 0.185546875 2
stats: {freemem,"tsung_controller@ip-172-30-3-176"} 1 3168.26171875 0.0 3169.21875 3168.26171875 3169.0859375 2
stats: session 2 20385.477905273438 1905.4659423828125 22290.94384765625 14918.807861328125 14918.807861328125 1
stats: users_count 5 25
stats: finish_users_count 2 3
stats: request 52 3038.1408081054688 1655.4264490303456 6619.31591796875 230.97900390625 2140.5304361979165 33
stats: connect 7 1.3812081473214286 1.5677876884427313 108.087890625 0.68798828125 9.021931966145834 18
stats: page 49 3208.3811134805483 1831.2534917922685 7996.7060546875 230.97900390625 2125.9127236643144 31
stats: 302 20 30
stats: 200 32 55
stats: size_rcv 416948 780527
stats: size_sent 25153 46832
stats: connected 5 22
# stats: dump at 1447965321
stats: users 24 25
stats: {recvpackets,"tsung_controller@ip-172-30-3-176"} 1 468.0 0.0 468 199 228.5 2
stats: {sentpackets,"tsung_controller@ip-172-30-3-176"} 1 364.0 0.0 364 141 182.0 2
stats: {cpu,"tsung_controller@ip-172-30-3-176"} 1 0.893743793445879 0.0 4.15036674816626 0.893743793445879 2.4039540822761842 3
stats: {load,"tsung_controller@ip-172-30-3-176"} 1 0.23046875 0.0 0.3203125 0.05078125 0.21354166666666666 3
stats: {freemem,"tsung_controller@ip-172-30-3-176"} 1 3166.6796875 0.0 3169.21875 3166.6796875 3168.8111979166665 3
stats: session 8 24359.473022460938 3152.393927826184 28004.6708984375 14918.807861328125 18563.254557291668 3
stats: users_count 10 35
stats: finish_users_count 8 11
stats: request 49 2906.0769889987246 1493.4304623577295 6619.31591796875 176.028076171875 2689.65678136489 85
stats: connect 10 2.0931884765625 3.0312859897836613 108.087890625 0.609130859375 6.882529296875 25
stats: page 46 3149.178020974864 1776.6108760490774 8435.39013671875 176.028076171875 2788.924612426758 80
stats: 302 25 55
stats: 200 24 79
stats: size_rcv 488189 1268716
stats: size_sent 36778 83610
stats: connected 2 24
# stats: dump at 1447965331
stats: users 27 27
stats: {recvpackets,"tsung_controller@ip-172-30-3-176"} 1 565.0 0.0 565 199 308.3333333333333 3
stats: {sentpackets,"tsung_controller@ip-172-30-3-176"} 1 399.0 0.0 399 141 242.66666666666666 3
stats: {cpu,"tsung_controller@ip-172-30-3-176"} 1 0.992063492063492 0.0 4.15036674816626 0.893743793445879 2.0264015100686077 4
stats: {load,"tsung_controller@ip-172-30-3-176"} 1 0.19140625 0.0 0.3203125 0.05078125 0.2177734375 4
stats: {freemem,"tsung_controller@ip-172-30-3-176"} 1 3166.34765625 0.0 3169.21875 3166.34765625 3168.2783203125 4
stats: session 10 26820.198999023436 2979.306860144103 32847.82177734375 14918.807861328125 22778.686168323864 11
stats: users_count 13 48
stats: finish_users_count 10 21
stats: request 43 3311.641999000726 1537.9921521822298 6619.31591796875 176.028076171875 2768.795514007113 134
stats: connect 13 2.2763671875 2.491574767921964 108.087890625 0.576904296875 5.514146205357143 35
stats: page 41 3547.404725609756 1661.6090994541014 8435.39013671875 176.028076171875 2920.445698087178 126
stats: 302 21 76
stats: 200 22 101
stats: size_rcv 244320 1513036
stats: size_sent 30771 114381
stats: connected 3 27
# stats: dump at 1447965341
stats: users 32 32
stats: {recvpackets,"tsung_controller@ip-172-30-3-176"} 1 358.0 0.0 565 199 372.5 4
stats: {sentpackets,"tsung_controller@ip-172-30-3-176"} 1 328.0 0.0 399 141 281.75 4
stats: {cpu,"tsung_controller@ip-172-30-3-176"} 1 1.1892963330029733 0.0 4.15036674816626 0.893743793445879 1.8195339064675846 5
stats: {load,"tsung_controller@ip-172-30-3-176"} 1 0.16015625 0.0 0.3203125 0.05078125 0.2125 5
stats: {freemem,"tsung_controller@ip-172-30-3-176"} 1 3166.11328125 0.0 3169.21875 3166.11328125 3167.8921875 5
stats: session 4 27837.865234375 1737.3191560676898 32847.82177734375 14918.807861328125 24703.21608770461 21
stats: users_count 9 57
stats: finish_users_count 4 25
stats: request 40 5958.784265136719 1359.5378935955425 8933.9619140625 176.028076171875 2900.6734736383296 177
stats: connect 9 7.637179904513889 10.811343480604323 108.087890625 0.576904296875 4.637247721354167 48
stats: page 36 6372.710184733073 2114.568165850756 12513.133056640625 176.028076171875 3074.369770712481 167
stats: 302 11 87
stats: 200 29 130
stats: size_rcv 601873 2114909
stats: size_sent 21456 135837
stats: connected 5 32
# stats: dump at 1447965351
stats: users 43 43
stats: {recvpackets,"tsung_controller@ip-172-30-3-176"} 1 536.0 0.0 565 199 369.6 5
stats: {sentpackets,"tsung_controller@ip-172-30-3-176"} 1 368.0 0.0 399 141 291.0 5
stats: {cpu,"tsung_controller@ip-172-30-3-176"} 1 1.0901883052527255 0.0 4.15036674816626 0.893743793445879 1.7144943108901494 6
stats: {load,"tsung_controller@ip-172-30-3-176"} 1 0.140625 0.0 0.3203125 0.05078125 0.20377604166666666 6
stats: {freemem,"tsung_controller@ip-172-30-3-176"} 1 3165.87890625 0.0 3169.21875 3165.87890625 3167.595703125 6
stats: session 5 32860.18696289063 3477.9197477282546 39008.220947265625 14918.807861328125 25204.759951171876 25
stats: users_count 16 73
stats: finish_users_count 5 30
stats: request 53 5026.952341907429 1864.1963481420069 9373.294921875 176.028076171875 3464.3805319790467 217
stats: connect 14 3.6089564732142856 3.098916576062515 108.087890625 0.52392578125 5.110921223958333 57
stats: page 50 5341.533076171875 2319.763981650813 13664.7119140625 176.028076171875 3659.2971347752464 203
stats: 302 26 113
stats: 200 27 157
stats: size_rcv 554321 2669230
stats: newphase 1 1
stats: size_sent 34033 169870
stats: connected 9 41
# stats: dump at 1447965361
stats: users 55 56
stats: {recvpackets,"tsung_controller@ip-172-30-3-176"} 1 636.0 0.0 636 199 397.3333333333333 6
stats: {sentpackets,"tsung_controller@ip-172-30-3-176"} 1 493.0 0.0 493 141 303.8333333333333 6
stats: {cpu,"tsung_controller@ip-172-30-3-176"} 1 1.1916583912611718 0.0 4.15036674816626 0.893743793445879 1.6253077386562318 7
stats: {load,"tsung_controller@ip-172-30-3-176"} 1 0.12109375 0.0 0.3203125 0.05078125 0.19475446428571427 7
stats: {freemem,"tsung_controller@ip-172-30-3-176"} 1 3164.65625 0.0 3169.21875 3164.65625 3167.3504464285716 7
stats: session 5 37943.131591796875 5417.1534134071235 47203.261962890625 14918.807861328125 26480.664453125 30
stats: users_count 17 90
stats: finish_users_count 5 35
stats: request 47 6401.961446559176 1506.6519620461208 9395.658935546875 176.028076171875 3771.1075909649885 270
stats: connect 19 3.1858938116776314 3.011892631340532 108.087890625 0.52392578125 4.814759160431338 71
stats: page 45 6735.144514973958 1780.769000472856 13664.7119140625 176.028076171875 3991.754830703434 253
stats: 302 18 131
stats: 200 29 186
stats: size_rcv 389878 3059108
stats: newphase 0 1
stats: size_sent 33114 202984
stats: connected 15 56
# stats: dump at 1447965371
stats: users 78 78
stats: {recvpackets,"tsung_controller@ip-172-30-3-176"} 1 473.0 0.0 636 199 431.42857142857144 7
stats: {sentpackets,"tsung_controller@ip-172-30-3-176"} 1 382.0 0.0 493 141 330.85714285714283 7
stats: {cpu,"tsung_controller@ip-172-30-3-176"} 1 1.1904761904761905 0.0 4.15036674816626 0.893743793445879 1.5711015702318492 8
stats: {load,"tsung_controller@ip-172-30-3-176"} 1 0.1015625 0.0 0.3203125 0.05078125 0.185546875 8
stats: {freemem,"tsung_controller@ip-172-30-3-176"} 1 3163.84375 0.0 3169.21875 3163.84375 3167.013671875 8
stats: session 4 46283.1337890625 4203.522674108305 53365.93505859375 14918.807861328125 28118.15975864955 35
stats: users_count 27 117
stats: finish_users_count 4 39
stats: request 35 9866.795479910714 1504.672297892178 12833.319091796875 176.028076171875 4161.171096368543 317
stats: connect 27 3.143093532986111 2.861945353950949 108.087890625 0.52294921875 4.4708875868055555 90
stats: page 33 10053.19687352036 1605.5856296877832 13664.7119140625 176.028076171875 4406.025085039587 298
stats: 302 12 143
stats: 200 23 209
stats: size_rcv 344434 3403542
stats: newphase 0 1
stats: size_sent 24408 227392
stats: connected 22 78
# stats: dump at 1447965381
stats: users 95 96
stats: {recvpackets,"tsung_controller@ip-172-30-3-176"} 1 460.0 0.0 636 199 436.625 8
stats: {sentpackets,"tsung_controller@ip-172-30-3-176"} 1 415.0 0.0 493 141 337.25 8
stats: {cpu,"tsung_controller@ip-172-30-3-176"} 1 1.3861386138613863 0.0 4.15036674816626 0.893743793445879 1.5288098613701093 9
stats: {load,"tsung_controller@ip-172-30-3-176"} 1 0.078125 0.0 0.3203125 0.05078125 0.1762152777777778 9
stats: {freemem,"tsung_controller@ip-172-30-3-176"} 1 3163.0078125 0.0 3169.21875 3163.0078125 3166.6614583333335 9
stats: session 3 50439.565673828125 2517.4360339905265 53365.93505859375 14918.807861328125 29981.234018179086 39
stats: users_count 20 137
stats: finish_users_count 3 42
stats: request 45 13441.032394748265 1349.3003976396592 16428.004150390625 176.028076171875 4728.491702686657 352
stats: connect 20 3.14100341796875 3.4141495660595953 108.087890625 0.52294921875 4.164473574385684 117
stats: page 42 13912.532906668526 2612.93408204328 24534.80908203125 176.028076171875 4969.036169691749 331
stats: 302 15 158
stats: 200 30 239
stats: size_rcv 452478 3856020
stats: newphase 0 1
stats: size_sent 31772 259164
stats: connected 17 95
# stats: dump at 1447965391
stats: users 118 119
stats: {recvpackets,"tsung_controller@ip-172-30-3-176"} 1 519.0 0.0 636 199 439.22222222222223 9
stats: {sentpackets,"tsung_controller@ip-172-30-3-176"} 1 403.0 0.0 493 141 345.8888888888889 9
stats: {cpu,"tsung_controller@ip-172-30-3-176"} 1 1.1916583912611718 0.0 4.15036674816626 0.893743793445879 1.514542736619237 10
stats: {load,"tsung_controller@ip-172-30-3-176"} 1 0.0703125 0.0 0.3203125 0.05078125 0.16640625 10
stats: {freemem,"tsung_controller@ip-172-30-3-176"} 1 3161.56640625 0.0 3169.21875 3161.56640625 3166.29609375 10
stats: session 3 52491.349365234375 7110.193896741804 59667.192138671875 14918.807861328125 31442.543422154016 42
stats: users_count 26 163
stats: finish_users_count 3 45
stats: request 50 10047.152880859376 8951.813744089184 21106.565185546875 0.552978515625 5716.059287429156 397
stats: connect 25 2.0016796875 2.225682552871504 108.087890625 0.51708984375 4.015061872718978 137
stats: page 45 9860.721880425348 9451.739282735682 30975.02197265625 0.87890625 5976.078697715943 373
stats: 302 7 165
stats: 200 21 260
stats: size_rcv 447207 4303227
stats: newphase 0 1
stats: size_sent 25453 284617
stats: connected 23 118
stats: 503 22 22
# stats: dump at 1447965401
stats: users 116 121
stats: {recvpackets,"tsung_controller@ip-172-30-3-176"} 1 509.0 0.0 636 199 447.2 10
stats: {sentpackets,"tsung_controller@ip-172-30-3-176"} 1 420.0 0.0 493 141 351.6 10
stats: {cpu,"tsung_controller@ip-172-30-3-176"} 1 1.0912698412698412 0.0 4.15036674816626 0.893743793445879 1.4851896143139585 11
stats: {load,"tsung_controller@ip-172-30-3-176"} 1 0.05859375 0.0 0.3203125 0.05078125 0.15767045454545456 11
stats: {freemem,"tsung_controller@ip-172-30-3-176"} 1 3160.734375 0.0 3169.21875 3160.734375 3165.866122159091 11
stats: session 12 40130.16237386068 25923.506757272775 70576.02197265625 1653.995849609375 32845.79715169271 45
stats: users_count 10 173
stats: finish_users_count 12 57
stats: request 100 8539.810395507815 10487.784473307662 24599.593994140625 0.552978515625 6200.521658058935 447
stats: connect 11 1.4572975852272727 2.0148675863975165 108.087890625 0.51708984375 3.7043547453703702 162
stats: page 90 8581.257785373266 10951.337390228815 34670.4189453125 0.60986328125 6394.28191116552 418
stats: 302 14 179
stats: 200 26 286
stats: size_rcv 458021 4761248
stats: newphase 0 1
stats: size_sent 48540 333157
stats: connected -2 116
stats: 503 60 82
# stats: dump at 1447965411
stats: users 131 131
stats: {recvpackets,"tsung_controller@ip-172-30-3-176"} 1 519.0 0.0 636 199 452.8181818181818 11
stats: {sentpackets,"tsung_controller@ip-172-30-3-176"} 1 493.0 0.0 493 141 357.8181818181818 11
stats: {cpu,"tsung_controller@ip-172-30-3-176"} 1 1.0945273631840797 0.0 4.15036674816626 0.893743793445879 1.4523629665602822 12
stats: {load,"tsung_controller@ip-172-30-3-176"} 1 0.05078125 0.0 0.3203125 0.05078125 0.14941406250000003 12
stats: {freemem,"tsung_controller@ip-172-30-3-176"} 1 3159.29296875 0.0 3169.21875 3159.29296875 3165.4384765625 12
stats: session 10 49623.76403808594 22813.904583376247 75765.93701171875 564.599853515625 34379.3477247807 57
stats: users_count 25 198
stats: finish_users_count 10 67
stats: request 133 6801.235287314968 11400.503954702815 28825.247802734375 0.534912109375 6628.179562528565 547
stats: connect 24 2.5976155598958335 3.3236369604952984 108.087890625 0.51708984375 3.5614782785404624 173
stats: page 120 7214.568121337893 11836.44452252117 43101.1630859375 0.600830078125 6781.738266832246 508
stats: 302 8 187
stats: 200 27 313
stats: size_rcv 669449 5430697
stats: newphase 1 2
stats: size_sent 58616 391773
stats: connected 14 130
stats: 503 98 180
# stats: dump at 1447965421
stats: users 147 149
stats: {recvpackets,"tsung_controller@ip-172-30-3-176"} 1 836.0 0.0 836 199 458.3333333333333 12
stats: {sentpackets,"tsung_controller@ip-172-30-3-176"} 1 730.0 0.0 730 141 369.0833333333333 12
stats: {cpu,"tsung_controller@ip-172-30-3-176"} 1 1.3958125623130608 0.0 4.15036674816626 0.893743793445879 1.424837150915959 13
stats: {load,"tsung_controller@ip-172-30-3-176"} 1 0.0390625 0.0 0.3203125 0.0390625 0.1418269230769231 13
stats: {freemem,"tsung_controller@ip-172-30-3-176"} 1 3158.33984375 0.0 3169.21875 3158.33984375 3164.9657451923076 13
stats: session 24 43573.888651529945 23288.797723404285 88666.44311523438 564.599853515625 36654.633741691934 67
stats: users_count 40 238
stats: finish_users_count 24 91
stats: request 254 6029.510282741757 10939.992296065886 31201.85302734375 0.530029296875 6662.0272263470815 680
stats: connect 41 2.550936070884146 2.3179760351745053 108.087890625 0.51708984375 3.4440533788071064 197
stats: page 228 7172.508391798591 12815.68181443653 46912.7119140625 0.553955078125 6864.444608457529 628
stats: 302 20 207
stats: 200 40 353
stats: size_rcv 739782 6170479
stats: newphase 0 2
stats: size_sent 113268 505041
stats: connected 17 147
stats: 503 194 374
# stats: dump at 1447965431
stats: users 142 151
stats: {recvpackets,"tsung_controller@ip-172-30-3-176"} 1 1202.0 0.0 1202 199 487.38461538461536 13
stats: {sentpackets,"tsung_controller@ip-172-30-3-176"} 1 1026.0 0.0 1026 141 396.84615384615387 13
stats: {cpu,"tsung_controller@ip-172-30-3-176"} 1 1.8943170488534395 0.0 4.15036674816626 0.893743793445879 1.422763966015752 14
stats: {load,"tsung_controller@ip-172-30-3-176"} 1 0.0390625 0.0 0.3203125 0.0390625 0.13448660714285715 14
stats: {freemem,"tsung_controller@ip-172-30-3-176"} 1 3157.01953125 0.0 3169.21875 3157.01953125 3164.4924665178573 14
stats: session 42 54048.46362885975 23181.345573431885 88666.44311523438 184.971923828125 38479.49217945141 91
stats: users_count 37 275
stats: finish_users_count 42 133
stats: request 246 4712.092337755651 8488.29201464104 31201.85302734375 0.523193359375 6490.015123910516 934
stats: connect 37 3.191142314189189 2.8025856642496425 108.087890625 0.51708984375 3.2901970358455883 238
stats: page 230 5034.8946915336255 9524.29412632911 46912.7119140625 0.553955078125 6946.49898065585 856
stats: 302 32 239
stats: 200 27 380
stats: size_rcv 655223 6825702
stats: newphase 0 2
stats: size_sent 112122 617163
stats: connected -5 142
stats: 503 187 561
# stats: dump at 1447965441
stats: users 166 168
stats: {recvpackets,"tsung_controller@ip-172-30-3-176"} 1 921.0 0.0 1202 199 538.4285714285714 14
stats: {sentpackets,"tsung_controller@ip-172-30-3-176"} 1 968.0 0.0 1026 141 441.7857142857143 14
stats: {cpu,"tsung_controller@ip-172-30-3-176"} 1 1.7999999999999998 0.0 4.15036674816626 0.893743793445879 1.4542008382049312 15
stats: {load,"tsung_controller@ip-172-30-3-176"} 1 0.03125 0.0 0.3203125 0.03125 0.128125 15
stats: {freemem,"tsung_controller@ip-172-30-3-176"} 1 3156.546875 0.0 3169.21875 3156.546875 3163.9942708333333 15
stats: session 43 43126.4296875 29017.09251026526 93712.84912109375 184.971923828125 43396.00947926457 133
stats: users_count 67 342
stats: finish_users_count 43 176
stats: request 290 3923.152067618532 7122.951625436578 31201.85302734375 0.523193359375 6119.363424423994 1180
stats: connect 65 2.287207031249999 2.494948005063925 108.087890625 0.486083984375 3.2768696732954545 275
stats: page 270 4082.3479121455484 7736.097928291083 46912.7119140625 0.549072265625 6541.647243548932 1086
stats: 302 51 290
stats: 200 17 397
stats: size_rcv 352707 7178409
stats: newphase 1 3
stats: size_sent 111518 728681
stats: connected 24 166
stats: 503 222 783
# stats: dump at 1447965451
stats: users 189 190
stats: {recvpackets,"tsung_controller@ip-172-30-3-176"} 1 983.0 0.0 1202 199 563.9333333333333 15
stats: {sentpackets,"tsung_controller@ip-172-30-3-176"} 1 1147.0 0.0 1147 141 476.8666666666667 15
stats: {cpu,"tsung_controller@ip-172-30-3-176"} 1 2.3069207622868606 0.0 4.15036674816626 0.893743793445879 1.4758132858171231 16
stats: {load,"tsung_controller@ip-172-30-3-176"} 1 0.03125 0.0 0.3203125 0.03125 0.12207031249999999 16
stats: {freemem,"tsung_controller@ip-172-30-3-176"} 1 3155.5078125 0.0 3169.21875 3155.5078125 3163.52880859375 16
stats: session 68 32256.20875818588 26259.763092485555 100311.40405273438 184.971923828125 43330.14623468572 176
stats: users_count 91 433
stats: finish_users_count 68 244
stats: request 476 2463.6244645319066 5635.770729108061 31201.85302734375 0.513916015625 5686.097238387541 1470
stats: connect 92 3.0963479746942935 2.987013995904137 108.087890625 0.486083984375 3.0876694623161764 340
stats: page 431 2805.2096561865574 6535.614795107448 46912.7119140625 0.5458984375 6051.963748357993 1356
stats: 302 45 335
stats: 200 32 429
stats: size_rcv 760265 7938674
stats: newphase 0 3
stats: size_sent 165536 894217
stats: connected 22 188
stats: 503 399 1182
# stats: dump at 1447965461
stats: users 194 200
stats: {recvpackets,"tsung_controller@ip-172-30-3-176"} 1 1469.0 0.0 1469 199 590.125 16
stats: {sentpackets,"tsung_controller@ip-172-30-3-176"} 1 1648.0 0.0 1648 141 518.75 16
stats: {cpu,"tsung_controller@ip-172-30-3-176"} 1 3.1093279839518555 0.0 4.15036674816626 0.893743793445879 1.5247019609035783 17
stats: {load,"tsung_controller@ip-172-30-3-176"} 1 0.01953125 0.0 0.3203125 0.01953125 0.11672794117647058 17
stats: {freemem,"tsung_controller@ip-172-30-3-176"} 1 3154.98046875 0.0 3169.21875 3154.98046875 3163.0569852941176 17
stats: session 73 22166.284025845463 18052.165707950753 100311.40405273438 114.985107421875 40243.96693795626 244
stats: users_count 78 511
stats: finish_users_count 73 317
stats: request 504 2372.884196447948 5292.761688396406 31201.85302734375 0.513916015625 4897.866487948034 1946
stats: connect 79 3.131224040743671 3.088726888450638 108.087890625 0.486083984375 3.089517664026331 432
stats: page 469 2594.622859995504 6094.302479038333 46912.7119140625 0.5458984375 5268.890993055313 1787
stats: 302 41 376
stats: 200 44 473
stats: size_rcv 721503 8660177
stats: newphase 0 3
stats: size_sent 184232 1078449
stats: connected 8 196
stats: 503 419 1601
# stats: dump at 1447965471
stats: users 221 223
stats: {recvpackets,"tsung_controller@ip-172-30-3-176"} 1 1401.0 0.0 1469 199 641.8235294117648 17
stats: {sentpackets,"tsung_controller@ip-172-30-3-176"} 1 1702.0 0.0 1702 141 585.1764705882352 17
stats: {cpu,"tsung_controller@ip-172-30-3-176"} 1 2.932254802831143 0.0 4.15036674816626 0.893743793445879 1.612736739961816 18
stats: {load,"tsung_controller@ip-172-30-3-176"} 1 0.01953125 0.0 0.3203125 0.01953125 0.111328125 18
stats: {freemem,"tsung_controller@ip-172-30-3-176"} 1 3154.91796875 0.0 3169.21875 3154.91796875 3162.6082899305557 18
stats: session 92 23018.268607761547 18938.775415248336 100489.73681640625 114.985107421875 36080.96740299068 317
stats: users_count 119 630
stats: finish_users_count 92 409
stats: request 610 1437.101024590163 4317.394602916506 31201.85302734375 0.513916015625 4378.441559410873 2450
stats: connect 119 3.0907813320640765 3.1769854170545626 108.087890625 0.475830078125 3.0959654208965266 511
stats: page 550 1455.63631924716 4593.676627515465 46912.7119140625 0.5458984375 4712.937201209103 2256
stats: 302 38 414
stats: 200 23 496
stats: size_rcv 584182 9244359
stats: newphase 1 4
stats: size_sent 212714 1291163
stats: connected 27 223
stats: 503 549 2150
# stats: dump at 1447965481
stats: users 236 251
stats: {recvpackets,"tsung_controller@ip-172-30-3-176"} 1 1626.0 0.0 1626 199 684.0 18
stats: {sentpackets,"tsung_controller@ip-172-30-3-176"} 1 2109.0 0.0 2109 141 647.2222222222222 18
stats: {cpu,"tsung_controller@ip-172-30-3-176"} 1 3.741152679474216 0.0 4.15036674816626 0.893743793445879 1.6821850590602017 19
stats: {load,"tsung_controller@ip-172-30-3-176"} 1 0.01953125 0.0 0.3203125 0.01953125 0.10649671052631579 19
stats: {freemem,"tsung_controller@ip-172-30-3-176"} 1 3154.47265625 0.0 3169.21875 3154.47265625 3162.2035361842104 19
stats: session 136 17614.497914033764 17266.23820171622 100489.73681640625 93.85205078125 33142.65862753572 409
stats: users_count 151 781
stats: finish_users_count 136 545
stats: request 923 1268.227930533924 4341.391871610644 31201.85302734375 0.072021484375 3792.0958972407316 3060
stats: connect 152 2.9134200246710513 2.858305010589509 108.087890625 0.475830078125 3.0949862041170637 630
stats: page 839 1436.0314851199353 5157.620543617925 46912.7119140625 0.538818359375 4074.4783683227633 2806
stats: 302 41 455
stats: 200 32 528
stats: size_rcv 816651 10061010
stats: newphase 0 4
stats: size_sent 289651 1580814
stats: connected 13 236
stats: 503 849 2999
# stats: dump at 1447965491
stats: users 250 255
stats: {recvpackets,"tsung_controller@ip-172-30-3-176"} 1 1944.0 0.0 1944 199 733.578947368421 19
stats: {sentpackets,"tsung_controller@ip-172-30-3-176"} 1 2564.0 0.0 2564 141 724.1578947368421 19
stats: {cpu,"tsung_controller@ip-172-30-3-176"} 1 4.665314401622718 0.0 4.665314401622718 0.893743793445879 1.7851334400809022 20
stats: {load,"tsung_controller@ip-172-30-3-176"} 1 0.01171875 0.0 0.3203125 0.01171875 0.1021484375 20
stats: {freemem,"tsung_controller@ip-172-30-3-176"} 1 3153.421875 0.0 3169.21875 3153.421875 3161.8169921875 20
stats: session 156 15923.067349947416 14285.544638451616 100489.73681640625 55.114013671875 29267.741458661836 545
stats: users_count 170 951
stats: finish_users_count 156 701
stats: request 978 945.1968989147979 3668.117328419541 31201.85302734375 0.072021484375 3207.2276739742533 3983
stats: connect 169 2.886598846616125 2.97064055755602 108.087890625 0.469970703125 3.059694568214514 782
stats: page 882 1034.9831609401576 4174.304609520371 46912.7119140625 0.538818359375 3467.1650802549516 3645
stats: 302 34 489
stats: 200 27 555
stats: size_rcv 905137 10966147
stats: newphase 0 4
stats: size_sent 295151 1875965
stats: connected 13 249
stats: 503 917 3916
# stats: dump at 1447965501
stats: users 178 266
stats: {recvpackets,"tsung_controller@ip-172-30-3-176"} 1 2434.0 0.0 2434 199 794.1 20
stats: {sentpackets,"tsung_controller@ip-172-30-3-176"} 1 3096.0 0.0 3096 141 816.15 20
stats: {cpu,"tsung_controller@ip-172-30-3-176"} 1 4.9281314168377826 0.0 4.9281314168377826 0.893743793445879 1.9222849144400362 21
stats: {load,"tsung_controller@ip-172-30-3-176"} 1 0.01171875 0.0 0.3203125 0.01171875 0.0978422619047619 21
stats: {freemem,"tsung_controller@ip-172-30-3-176"} 1 3152.9453125 0.0 3169.21875 3152.9453125 3161.4172247023807 21
stats: session 145 16334.14747103987 12605.045325861653 100489.73681640625 55.114013671875 26298.02796228602 701
stats: users_count 73 1024
stats: finish_users_count 145 846
stats: request 762 1468.6553820512418 4587.691815047695 31201.85302734375 0.072021484375 2761.2961887881725 4961
stats: connect 74 2.917374894425675 3.0270399760580657 108.087890625 0.469970703125 3.0289341297811516 951
stats: page 718 1532.2991171494175 5215.7014706008695 46912.7119140625 0.538818359375 2993.300610885469 4527
stats: 302 44 533
stats: 200 27 582
stats: size_rcv 859772 11825919
stats: newphase 1 5
stats: size_sent 260130 2136095
stats: connected -71 178
stats: 503 691 4607
# stats: dump at 1447965511
stats: users 134 266
stats: {recvpackets,"tsung_controller@ip-172-30-3-176"} 1 1235.0 0.0 2434 199 872.1904761904761 21
stats: {sentpackets,"tsung_controller@ip-172-30-3-176"} 1 1589.0 0.0 3096 141 924.7142857142857 21
stats: {cpu,"tsung_controller@ip-172-30-3-176"} 1 2.2222222222222223 0.0 4.9281314168377826 0.893743793445879 2.058914300912661 22
stats: {load,"tsung_controller@ip-172-30-3-176"} 1 0.01171875 0.0 0.3203125 0.01171875 0.09392755681818182 22
stats: {freemem,"tsung_controller@ip-172-30-3-176"} 1 3152.69921875 0.0 3169.21875 3152.69921875 3161.032137784091 22
stats: session 66 27012.78049538352 22386.888010983716 125161.8388671875 55.114013671875 24590.270667687095 846
stats: users_count 22 1046
stats: finish_users_count 66 912
stats: request 270 3072.1344771773743 6464.578761564226 31201.85302734375 0.072021484375 2589.1850067623923 5723
stats: connect 22 2.5117853338068183 3.141961645475725 108.087890625 0.469970703125 3.020880097179878 1025
stats: page 253 3110.4266603492447 6749.801975938197 46912.7119140625 0.538818359375 2793.300787720076 5245
stats: 302 32 565
stats: 200 18 600
stats: size_rcv 1120429 12946348
stats: newphase 0 5
stats: size_sent 116433 2252528
stats: connected -43 135
stats: 503 220 4827
# stats: dump at 1447965521
stats: users 115 266
stats: {recvpackets,"tsung_controller@ip-172-30-3-176"} 1 1644.0 0.0 2434 199 888.6818181818181 22
stats: {sentpackets,"tsung_controller@ip-172-30-3-176"} 1 1246.0 0.0 3096 141 954.9090909090909 22
stats: {cpu,"tsung_controller@ip-172-30-3-176"} 1 1.996007984031936 0.0 4.9281314168377826 0.893743793445879 2.066014645317425 23
stats: {load,"tsung_controller@ip-172-30-3-176"} 1 0.01171875 0.0 0.3203125 0.01171875 0.09035326086956522 23
stats: {freemem,"tsung_controller@ip-172-30-3-176"} 1 3152.578125 0.0 3169.21875 3152.578125 3160.6698369565215 23
stats: session 34 32219.776596966913 13315.343556461752 125161.8388671875 55.114013671875 24765.583878901965 912
stats: users_count 15 1061
stats: finish_users_count 34 946
stats: request 133 10945.947434504229 5030.605458369543 31201.85302734375 0.072021484375 2610.9431173934695 5993
stats: connect 14 3.117989676339286 2.8024179714713076 108.087890625 0.469970703125 3.0101827860106254 1047
stats: page 127 12519.173197588583 7806.678273674954 46912.7119140625 0.538818359375 2807.893884441644 5498
stats: 302 90 655
stats: 200 28 628
stats: size_rcv 384887 13331235
stats: newphase 0 5
stats: size_sent 78617 2331145
stats: connected -20 115
stats: 503 15 4842
# stats: dump at 1447965531
stats: users 103 266
stats: {recvpackets,"tsung_controller@ip-172-30-3-176"} 1 775.0 0.0 2434 199 921.5217391304348 23
stats: {sentpackets,"tsung_controller@ip-172-30-3-176"} 1 646.0 0.0 3096 141 967.5652173913044 23
stats: {cpu,"tsung_controller@ip-172-30-3-176"} 1 1.1964107676969093 0.0 4.9281314168377826 0.893743793445879 2.063097701097196 24
stats: {load,"tsung_controller@ip-172-30-3-176"} 1 0.078125 0.0 0.3203125 0.01171875 0.08707682291666667 24
stats: {freemem,"tsung_controller@ip-172-30-3-176"} 1 3152.7421875 0.0 3169.21875 3152.578125 3160.3326822916665 24
stats: session 30 42444.99734700521 13725.360302399342 125161.8388671875 55.114013671875 25033.493553758424 946
stats: users_count 18 1079
stats: finish_users_count 30 976
stats: request 111 8981.332183013092 4033.719585512405 31201.85302734375 0.072021484375 2791.90223821876 6126
stats: connect 20 50.030456542968764 141.32554570930802 517.572998046875 0.469970703125 3.0116053085974315 1061
stats: page 103 9518.35122591778 5291.742083807741 46912.7119140625 0.538818359375 3027.1529907118056 5625
stats: 302 67 722
stats: 200 26 654
stats: size_rcv 698062 14029297
stats: newphase 0 5
stats: size_sent 56185 2387330
stats: connected -12 103
stats: 503 17 4859
# stats: dump at 1447965541
stats: users 92 266
stats: {recvpackets,"tsung_controller@ip-172-30-3-176"} 1 736.0 0.0 2434 199 915.4166666666666 24
stats: {sentpackets,"tsung_controller@ip-172-30-3-176"} 1 596.0 0.0 3096 141 954.1666666666666 24
stats: {cpu,"tsung_controller@ip-172-30-3-176"} 1 1.0934393638170974 0.0 4.9281314168377826 0.893743793445879 2.0284302237611844 25
stats: {load,"tsung_controller@ip-172-30-3-176"} 1 0.0703125 0.0 0.3203125 0.01171875 0.08671875 25
stats: {freemem,"tsung_controller@ip-172-30-3-176"} 1 3152.7421875 0.0 3169.21875 3152.578125 3160.0290625 25
stats: session 11 48778.14046963779 10443.053214216627 125161.8388671875 55.114013671875 25568.68321953445 976
stats: users_count 0 1079
stats: finish_users_count 11 987
stats: request 48 12869.69539896647 1371.4641316790107 31201.85302734375 0.072021484375 2902.0556330996596 6237
stats: connect 0 0 0 517.572998046875 0.469970703125 3.881519299982655 1081
stats: page 40 13855.761828613282 3344.1217915478883 46912.7119140625 0.538818359375 3143.876701994315 5728
stats: 302 22 744
stats: 200 26 680
stats: size_rcv 453843 14483140
stats: newphase 0 5
stats: size_sent 28137 2415467
stats: connected -7 96
stats: 503 0 4859
# stats: dump at 1447965551
stats: users 75 266
stats: {recvpackets,"tsung_controller@ip-172-30-3-176"} 1 518.0 0.0 2434 199 908.24 25
stats: {sentpackets,"tsung_controller@ip-172-30-3-176"} 1 370.0 0.0 3096 141 939.84 25
stats: {cpu,"tsung_controller@ip-172-30-3-176"} 1 1.0880316518298714 0.0 4.9281314168377826 0.893743793445879 1.9924690368402582 26
stats: {load,"tsung_controller@ip-172-30-3-176"} 1 0.05859375 0.0 0.3203125 0.01171875 0.08608774038461539 26
stats: {freemem,"tsung_controller@ip-172-30-3-176"} 1 3152.7734375 0.0 3169.21875 3152.578125 3159.748798076923 26
stats: session 17 58773.85493738511 16723.422656622275 125161.8388671875 55.114013671875 25827.349916344116 987
stats: users_count 0 1079
stats: finish_users_count 17 1004
stats: request 94 13550.79395050698 2746.0923650860104 31201.85302734375 0.072021484375 2978.1808055358742 6285
stats: connect 0 0 0 517.572998046875 0.469970703125 3.881519299982655 1081
stats: page 91 15348.731308486436 5215.860461753421 46912.7119140625 0.538818359375 3218.161619654641 5768
stats: 302 41 785
stats: 200 53 733
stats: size_rcv 769719 15252859
stats: newphase 0 5
stats: size_sent 52701 2468168
stats: connected -21 75
stats: 503 0 4859
# stats: dump at 1447965561
stats: users 64 266
stats: {recvpackets,"tsung_controller@ip-172-30-3-176"} 1 776.0 0.0 2434 199 893.2307692307693 26
stats: {sentpackets,"tsung_controller@ip-172-30-3-176"} 1 527.0 0.0 3096 141 917.9230769230769 26
stats: {cpu,"tsung_controller@ip-172-30-3-176"} 1 1.0934393638170974 0.0 4.9281314168377826 0.893743793445879 1.9589713559139474 27
stats: {load,"tsung_controller@ip-172-30-3-176"} 1 0.05078125 0.0 0.3203125 0.01171875 0.08506944444444445 27
stats: {freemem,"tsung_controller@ip-172-30-3-176"} 1 3152.5546875 0.0 3169.21875 3152.5546875 3159.4904513888887 27
stats: session 11 62239.699662642044 8689.68437918822 125161.8388671875 55.114013671875 26385.20906510676 1004
stats: users_count 0 1079
stats: finish_users_count 11 1015
stats: request 40 10193.906408691406 1654.5908620293794 31201.85302734375 0.072021484375 3133.9772682459047 6379
stats: connect 0 0 0 517.572998046875 0.469970703125 3.881519299982655 1081
stats: page 34 10937.059505687039 3988.3702292320277 46912.7119140625 0.538818359375 3406.569512073773 5859
stats: 302 27 812
stats: 200 13 746
stats: size_rcv 416958 15669817
stats: newphase 0 5
stats: size_sent 30647 2498815
stats: connected -11 64
stats: 503 0 4859
# stats: dump at 1447965571
stats: users 52 266
stats: {recvpackets,"tsung_controller@ip-172-30-3-176"} 1 847.0 0.0 2434 199 888.8888888888889 27
stats: {sentpackets,"tsung_controller@ip-172-30-3-176"} 1 468.0 0.0 3096 141 903.4444444444445 27
stats: {cpu,"tsung_controller@ip-172-30-3-176"} 1 1.089108910891089 0.0 4.9281314168377826 0.893743793445879 1.9280594990533457 28
stats: {load,"tsung_controller@ip-172-30-3-176"} 1 0.0390625 0.0 0.3203125 0.01171875 0.08384486607142858 28
stats: {freemem,"tsung_controller@ip-172-30-3-176"} 1 3152.79296875 0.0 3169.21875 3152.5546875 3159.242745535714 28
stats: session 12 70216.12298583984 13957.505419902556 125161.8388671875 55.114013671875 26773.77989916872 1015
stats: users_count 0 1079
stats: finish_users_count 12 1027
stats: request 70 12197.89790387835 2917.306036039737 31201.85302734375 0.072021484375 3177.9712183343636 6419
stats: connect 0 0 0 517.572998046875 0.469970703125 3.881519299982655 1081
stats: page 67 13765.93406745569 4563.365786445859 46912.7119140625 0.538818359375 3450.0171040952982 5893
stats: 302 45 857
stats: 200 25 771
stats: size_rcv 575347 16245164
stats: newphase 0 5
stats: size_sent 36384 2535199
stats: connected -12 52
stats: 503 0 4859
# stats: dump at 1447965581
stats: users 39 266
stats: {recvpackets,"tsung_controller@ip-172-30-3-176"} 1 778.0 0.0 2434 199 887.3928571428571 28
stats: {sentpackets,"tsung_controller@ip-172-30-3-176"} 1 483.0 0.0 3096 141 887.8928571428571 28
stats: {cpu,"tsung_controller@ip-172-30-3-176"} 1 1.3861386138613863 0.0 4.9281314168377826 0.893743793445879 1.8991301684270612 29
stats: {load,"tsung_controller@ip-172-30-3-176"} 1 0.0390625 0.0 0.3203125 0.01171875 0.08230064655172414 29
stats: {freemem,"tsung_controller@ip-172-30-3-176"} 1 3152.74609375 0.0 3169.21875 3152.5546875 3159.0203394396553 29
stats: session 13 79786.01346529447 12773.66755583752 125161.8388671875 55.114013671875 27281.382739519308 1027
stats: users_count 0 1079
stats: finish_users_count 13 1040
stats: request 41 8062.010146722561 2041.244200633314 31201.85302734375 0.072021484375 3275.2735558267477 6489
stats: connect 0 0 0 517.572998046875 0.469970703125 3.881519299982655 1081
stats: page 38 8222.798995168585 3025.663826903526 46912.7119140625 0.538818359375 3565.9846270055577 5960
stats: 302 19 876
stats: 200 22 793
stats: size_rcv 1216475 17461639
stats: newphase 0 5
stats: size_sent 28581 2563780
stats: connected -13 39
stats: 503 0 4859
# stats: dump at 1447965591
stats: users 20 266
stats: {recvpackets,"tsung_controller@ip-172-30-3-176"} 1 718.0 0.0 2434 199 883.6206896551724 29
stats: {sentpackets,"tsung_controller@ip-172-30-3-176"} 1 419.0 0.0 3096 141 873.9310344827586 29
stats: {cpu,"tsung_controller@ip-172-30-3-176"} 1 1.0880316518298714 0.0 4.9281314168377826 0.893743793445879 1.8820304499415386 30
stats: {load,"tsung_controller@ip-172-30-3-176"} 1 0.03125 0.0 0.3203125 0.01171875 0.080859375 30
stats: {freemem,"tsung_controller@ip-172-30-3-176"} 1 3152.76953125 0.0 3169.21875 3152.5546875 3158.8111979166665 30
stats: session 19 76356.27213969984 11861.314299828686 125161.8388671875 55.114013671875 27937.690623591498 1040
stats: users_count 0 1079
stats: finish_users_count 19 1059
stats: request 34 9487.681102079503 2135.9363774858994 31201.85302734375 0.072021484375 3305.328104100366 6530
stats: connect 0 0 0 517.572998046875 0.469970703125 3.881519299982655 1081
stats: page 33 10322.952192826704 2908.2428889146145 46912.7119140625 0.538818359375 3595.4876190012556 5998
stats: 302 19 895
stats: 200 15 808
stats: size_rcv 296594 17758233
stats: newphase 0 5
stats: size_sent 21918 2585698
stats: connected -19 20
stats: 503 0 4859
# stats: dump at 1447965601
stats: users 0 266
stats: {recvpackets,"tsung_controller@ip-172-30-3-176"} 1 651.0 0.0 2434 199 878.1 30
stats: {sentpackets,"tsung_controller@ip-172-30-3-176"} 1 428.0 0.0 3096 141 858.7666666666667 30
stats: {cpu,"tsung_controller@ip-172-30-3-176"} 1 0.9900990099009901 0.0 4.9281314168377826 0.893743793445879 1.8564175854863236 31
stats: {load,"tsung_controller@ip-172-30-3-176"} 1 0.03125 0.0 0.3203125 0.01171875 0.07925907258064516 31
stats: {freemem,"tsung_controller@ip-172-30-3-176"} 1 3152.7265625 0.0 3169.21875 3152.5546875 3158.6163054435483 31
stats: session 20 74800.78841552735 5522.739998041962 125161.8388671875 55.114013671875 28806.390386392308 1059
stats: users_count 0 1079
stats: finish_users_count 20 1079
stats: request 21 7836.918689546131 1551.3755751698004 31201.85302734375 0.072021484375 3337.3512610064126 6564
stats: connect 0 0 0 517.572998046875 0.469970703125 3.881519299982655 1081
stats: page 21 7836.918689546131 1551.3755751698004 46912.7119140625 0.538818359375 3632.2984846845984 6031
stats: 302 16 911
stats: 200 5 813
stats: size_rcv 560394 18318627
stats: newphase 0 5
stats: size_sent 2820 2588518
stats: connected -20 0
stats: 503 0 4859
# stats: dump at 1447965603
stats: users 0 266
stats: {recvpackets,"tsung_controller@ip-172-30-3-176"} 0 0 0 2434 199 870.7741935483871 31
stats: {sentpackets,"tsung_controller@ip-172-30-3-176"} 0 0 0 3096 141 844.8709677419355 31
stats: {cpu,"tsung_controller@ip-172-30-3-176"} 0 0 0 4.9281314168377826 0.893743793445879 1.8293451299992818 32
stats: {load,"tsung_controller@ip-172-30-3-176"} 0 0 0 0.3203125 0.01171875 0.0777587890625 32
stats: {freemem,"tsung_controller@ip-172-30-3-176"} 0 0 0 3169.21875 3152.5546875 3158.4322509765625 32
stats: session 0 0 0 125161.8388671875 55.114013671875 29658.927884615383 1079
stats: users_count 0 1079
stats: finish_users_count 0 1079
stats: request 0 0 0 31201.85302734375 0.072021484375 3351.7006787739656 6585
stats: connect 0 0 0 517.572998046875 0.469970703125 3.881519299982655 1081
stats: page 0 0 0 46912.7119140625 0.538818359375 3646.888211105962 6052
stats: 302 0 911
stats: 200 0 813
stats: size_rcv 0 18318627
stats: newphase 0 5
stats: size_sent 0 2588518
stats: connected 0 0
stats: 503 0 4859
EndMonitor:{1447,965603,931515}
