# stats: dump at 1447970708
stats: users 9 11
stats: {cpu,"tsung_controller@ip-172-30-3-176"} 1 2.783912556969914 0 2.783912556969914 2.783912556969914 0 0
stats: {load,"tsung_controller@ip-172-30-3-176"} 1 0.0703125 0 0.0703125 0.0703125 0 0
stats: {freemem,"tsung_controller@ip-172-30-3-176"} 1 3168.9609375 0 3168.9609375 3168.9609375 0 0
stats: session 3 4727.201334635417 1433.5990205624066 6328.35302734375 2849.572021484375 0 0
stats: users_count 12 12
stats: finish_users_count 3 3
stats: request 48 137.50577290852866 192.92701859387847 935.983154296875 7.173095703125 0 0
stats: connect 12 10.542419433593752 32.30267764310105 117.677978515625 0.698974609375 0 0
stats: page 42 157.1568138485863 205.60320803177757 935.983154296875 7.173095703125 0 0
stats: 302 16 16
stats: 200 32 32
stats: size_rcv 781080 781080
stats: size_sent 26855 26855
stats: connected 9 9
# stats: dump at 1447970718
stats: users 8 11
stats: {recvpackets,"tsung_controller@ip-172-30-3-176"} 1 728 0 728 728 0 0
stats: {sentpackets,"tsung_controller@ip-172-30-3-176"} 1 406 0 406 406 0 0
stats: {cpu,"tsung_controller@ip-172-30-3-176"} 1 2.0710059171597637 0.0 2.783912556969914 2.0710059171597637 2.783912556969914 1
stats: {load,"tsung_controller@ip-172-30-3-176"} 1 0.05859375 0.0 0.0703125 0.05859375 0.0703125 1
stats: {freemem,"tsung_controller@ip-172-30-3-176"} 1 3166.4296875 0.0 3168.9609375 3166.4296875 3168.9609375 1
stats: session 10 8843.04658203125 2891.331937965285 12665.589111328125 2849.572021484375 4727.201334635417 3
stats: users_count 9 21
stats: finish_users_count 10 13
stats: request 57 129.44447728207237 128.66084637799003 935.983154296875 7.173095703125 137.50577290852866 48
stats: connect 9 0.7988552517361112 0.11176323257467856 117.677978515625 0.68994140625 10.542419433593752 12
stats: page 53 139.2171699955778 130.04708443308039 935.983154296875 7.173095703125 157.1568138485863 42
stats: 302 28 44
stats: 200 29 61
stats: size_rcv 531701 1312781
stats: size_sent 36094 62949
stats: connected -1 8
# stats: dump at 1447970728
stats: users 14 15
stats: {recvpackets,"tsung_controller@ip-172-30-3-176"} 1 579.0 0.0 728 579 728.0 1
stats: {sentpackets,"tsung_controller@ip-172-30-3-176"} 1 399.0 0.0 406 399 406.0 1
stats: {cpu,"tsung_controller@ip-172-30-3-176"} 1 1.1892963330029733 0.0 2.783912556969914 1.1892963330029733 2.4274592370648387 2
stats: {load,"tsung_controller@ip-172-30-3-176"} 1 0.05078125 0.0 0.0703125 0.05078125 0.064453125 2
stats: {freemem,"tsung_controller@ip-172-30-3-176"} 1 3165.95703125 0.0 3168.9609375 3165.95703125 3167.6953125 2
stats: session 8 10052.499481201172 5458.543420653241 18819.340087890625 2849.572021484375 7893.2361403245195 13
stats: users_count 14 35
stats: finish_users_count 8 21
stats: request 64 193.24879074096683 292.16227130647997 1704.89794921875 6.39794921875 133.1296409970238 105
stats: connect 14 0.7632184709821429 0.07277525413689767 117.677978515625 0.626953125 6.36660621279762 21
stats: page 55 224.87848011363644 314.1783500120191 1704.89794921875 6.39794921875 147.14838096217102 95
stats: 302 28 72
stats: 200 36 97
stats: size_rcv 597635 1910416
stats: size_sent 46033 108982
stats: connected 7 15
# stats: dump at 1447970738
stats: users 10 16
stats: {recvpackets,"tsung_controller@ip-172-30-3-176"} 1 912.0 0.0 912 579 653.5 2
stats: {sentpackets,"tsung_controller@ip-172-30-3-176"} 1 553.0 0.0 553 399 402.5 2
stats: {cpu,"tsung_controller@ip-172-30-3-176"} 1 0.8955223880597015 0.0 2.783912556969914 0.8955223880597015 2.014738269044217 3
stats: {load,"tsung_controller@ip-172-30-3-176"} 1 0.0390625 0.0 0.0703125 0.0390625 0.059895833333333336 3
stats: {freemem,"tsung_controller@ip-172-30-3-176"} 1 3165.6015625 0.0 3168.9609375 3165.6015625 3167.1158854166665 3
stats: session 14 10030.603341238839 5434.666193891431 18819.340087890625 1840.0 8715.812651134673 21
stats: users_count 10 45
stats: finish_users_count 14 35
stats: request 77 362.2058327414772 512.8187465073393 1855.995849609375 6.39794921875 155.89665628467085 169
stats: connect 10 0.7330078125 0.09106282986991583 117.677978515625 0.6220703125 4.125251116071429 35
stats: page 70 398.43015834263394 525.9595634435933 1855.995849609375 6.39794921875 175.64941731770833 150
stats: 302 34 106
stats: 200 43 140
stats: size_rcv 1248588 3159004
stats: size_sent 43949 152931
stats: connected -4 11
# stats: dump at 1447970748
stats: users 10 16
stats: {recvpackets,"tsung_controller@ip-172-30-3-176"} 1 890.0 0.0 912 579 739.6666666666666 3
stats: {sentpackets,"tsung_controller@ip-172-30-3-176"} 1 559.0 0.0 559 399 452.6666666666667 3
stats: {cpu,"tsung_controller@ip-172-30-3-176"} 1 1.0923535253227408 0.0 2.783912556969914 0.8955223880597015 1.734934298798088 4
stats: {load,"tsung_controller@ip-172-30-3-176"} 1 0.0390625 0.0 0.0703125 0.0390625 0.0546875 4
stats: {freemem,"tsung_controller@ip-172-30-3-176"} 1 3165.375 0.0 3168.9609375 3165.375 3166.7373046875 4
stats: session 13 12013.147705078125 4984.774870959631 22587.3759765625 1840.0 9241.728927176338 35
stats: users_count 13 58
stats: finish_users_count 13 48
stats: request 81 220.16617537133487 288.8379033799483 1855.995849609375 6.39794921875 220.47310582602893 246
stats: connect 13 0.7116887019230769 0.06113846886818532 117.677978515625 0.6220703125 3.371419270833334 45
stats: page 75 237.78232096354162 301.46856823555294 1855.995849609375 6.39794921875 246.53419855291193 220
stats: 302 37 143
stats: 200 44 184
stats: size_rcv 866714 4025718
stats: size_sent 51270 204201
stats: connected -1 10
# stats: dump at 1447970758
stats: users 4 16
stats: {recvpackets,"tsung_controller@ip-172-30-3-176"} 1 839.0 0.0 912 579 777.25 4
stats: {sentpackets,"tsung_controller@ip-172-30-3-176"} 1 563.0 0.0 563 399 479.25 4
stats: {cpu,"tsung_controller@ip-172-30-3-176"} 1 1.2896825396825395 0.0 2.783912556969914 0.8955223880597015 1.6064181441030185 5
stats: {load,"tsung_controller@ip-172-30-3-176"} 1 0.109375 0.0 0.109375 0.0390625 0.0515625 5
stats: {freemem,"tsung_controller@ip-172-30-3-176"} 1 3165.609375 0.0 3168.9609375 3165.375 3166.46484375 5
stats: session 8 11768.664276123047 4888.1347479223305 22587.3759765625 878.8369140625 9992.321512858072 48
stats: users_count 2 60
stats: finish_users_count 8 56
stats: request 35 90.38427036830359 100.69973212660008 1855.995849609375 6.39794921875 220.39707718128824 327
stats: connect 2 0.8170166015625 0.0670166015625 117.677978515625 0.6220703125 2.775272764008621 58
stats: page 32 98.86194610595703 103.48336744395726 1855.995849609375 6.39794921875 244.30914492849575 295
stats: 302 18 161
stats: 200 17 201
stats: size_rcv 316335 4342053
stats: size_sent 25014 229215
stats: connected -5 5
# stats: dump at 1447970768
stats: users 22 22
stats: {recvpackets,"tsung_controller@ip-172-30-3-176"} 1 370.0 0.0 912 370 789.6 5
stats: {sentpackets,"tsung_controller@ip-172-30-3-176"} 1 245.0 0.0 563 245 496.0 5
stats: {cpu,"tsung_controller@ip-172-30-3-176"} 1 1.1869436201780417 0.0 2.783912556969914 0.8955223880597015 1.5536288766996054 6
stats: {load,"tsung_controller@ip-172-30-3-176"} 1 0.08984375 0.0 0.109375 0.0390625 0.061197916666666664 6
stats: {freemem,"tsung_controller@ip-172-30-3-176"} 1 3165.859375 0.0 3168.9609375 3165.375 3166.322265625 6
stats: session 5 12717.30361328125 7907.092250294722 26240.720947265625 878.8369140625 10246.08476475307 56
stats: users_count 23 83
stats: finish_users_count 5 61
stats: request 82 182.46053556116613 244.2395965342616 1855.995849609375 6.39794921875 207.82677818003282 362
stats: connect 23 0.728377632472826 0.09121328960716091 117.677978515625 0.5478515625 2.7099975585937504 60
stats: page 78 191.82022798978366 248.63862146940713 1855.995849609375 6.39794921875 230.07577990610665 327
stats: 302 31 192
stats: 200 51 252
stats: size_rcv 892792 5234845
stats: newphase 1 1
stats: size_sent 43475 272690
stats: connected 17 22
# stats: dump at 1447970778
stats: users 18 22
stats: {recvpackets,"tsung_controller@ip-172-30-3-176"} 1 995.0 0.0 995 370 719.6666666666666 6
stats: {sentpackets,"tsung_controller@ip-172-30-3-176"} 1 687.0 0.0 687 245 454.1666666666667 6
stats: {cpu,"tsung_controller@ip-172-30-3-176"} 1 1.2909632571996028 0.0 2.783912556969914 0.8955223880597015 1.5012452686250963 7
stats: {load,"tsung_controller@ip-172-30-3-176"} 1 0.078125 0.0 0.109375 0.0390625 0.06529017857142858 7
stats: {freemem,"tsung_controller@ip-172-30-3-176"} 1 3164.19140625 0.0 3168.9609375 3164.19140625 3166.2561383928573 7
stats: session 21 8800.283179873511 3614.157719161749 26240.720947265625 878.8369140625 10448.643686763577 61
stats: users_count 17 100
stats: finish_users_count 21 82
stats: request 124 266.8748661164315 323.8157950290187 1855.995849609375 6.39794921875 203.1420216603322 444
stats: connect 17 0.7273954503676471 0.13406222477512963 117.677978515625 0.5478515625 2.160873964608434 83
stats: page 117 282.84370409321576 328.3754851595652 1855.995849609375 6.39794921875 222.7080439814815 405
stats: 302 61 253
stats: 200 63 315
stats: size_rcv 1077664 6312509
stats: newphase 0 1
stats: size_sent 78028 350718
stats: connected -3 19
# stats: dump at 1447970788
stats: users 19 22
stats: {recvpackets,"tsung_controller@ip-172-30-3-176"} 1 1139.0 0.0 1139 370 759.0 7
stats: {sentpackets,"tsung_controller@ip-172-30-3-176"} 1 768.0 0.0 768 245 487.42857142857144 7
stats: {cpu,"tsung_controller@ip-172-30-3-176"} 1 1.4910536779324055 0.0 2.783912556969914 0.8955223880597015 1.4749600171969097 8
stats: {load,"tsung_controller@ip-172-30-3-176"} 1 0.0703125 0.0 0.109375 0.0390625 0.06689453125 8
stats: {freemem,"tsung_controller@ip-172-30-3-176"} 1 3163.83984375 0.0 3168.9609375 3163.83984375 3165.998046875 8
stats: session 18 10229.250325520834 4974.315074339091 26240.720947265625 878.8369140625 10026.50258134051 82
stats: users_count 19 119
stats: finish_users_count 18 100
stats: request 96 250.69226837158203 280.0328627205976 1855.995849609375 6.39794921875 217.05552995708626 568
stats: connect 18 0.688720703125 0.061333796299002534 117.677978515625 0.5478515625 1.9171826171875004 100
stats: page 89 270.4129542661517 285.24629160498523 1855.995849609375 6.39794921875 236.18672642031848 522
stats: 302 46 299
stats: 200 50 365
stats: size_rcv 792504 7105013
stats: newphase 0 1
stats: size_sent 63027 413745
stats: connected -1 18
# stats: dump at 1447970798
stats: users 23 25
stats: {recvpackets,"tsung_controller@ip-172-30-3-176"} 1 1077.0 0.0 1139 370 806.5 8
stats: {sentpackets,"tsung_controller@ip-172-30-3-176"} 1 732.0 0.0 768 245 522.5 8
stats: {cpu,"tsung_controller@ip-172-30-3-176"} 1 1.1964107676969093 0.0 2.783912556969914 0.8955223880597015 1.476748201723076 9
stats: {load,"tsung_controller@ip-172-30-3-176"} 1 0.05859375 0.0 0.109375 0.0390625 0.06727430555555555 9
stats: {freemem,"tsung_controller@ip-172-30-3-176"} 1 3163.87890625 0.0 3168.9609375 3163.83984375 3165.758246527778 9
stats: session 16 10274.837615966797 5158.051369996312 26240.720947265625 878.8369140625 10062.997175292969 100
stats: users_count 20 139
stats: finish_users_count 16 116
stats: request 111 238.03038780968473 282.4333798483871 1855.995849609375 6.39794921875 221.91867286038686 664
stats: connect 21 0.7428036644345238 0.2240812311141551 117.677978515625 0.5478515625 1.7297901218220342 118
stats: page 101 261.60119749767955 289.7691689599322 1855.995849609375 6.39794921875 241.1722162374693 611
stats: 302 44 343
stats: 200 67 432
stats: size_rcv 1398556 8503569
stats: newphase 0 1
stats: size_sent 67501 481246
stats: connected 5 23
# stats: dump at 1447970808
stats: users 32 33
stats: {recvpackets,"tsung_controller@ip-172-30-3-176"} 1 1347.0 0.0 1347 370 836.5555555555555 9
stats: {sentpackets,"tsung_controller@ip-172-30-3-176"} 1 906.0 0.0 906 245 545.7777777777778 9
stats: {cpu,"tsung_controller@ip-172-30-3-176"} 1 1.5873015873015872 0.0 2.783912556969914 0.8955223880597015 1.4487144583204592 10
stats: {load,"tsung_controller@ip-172-30-3-176"} 1 0.05078125 0.0 0.109375 0.0390625 0.06640625 10
stats: {freemem,"tsung_controller@ip-172-30-3-176"} 1 3163.37109375 0.0 3168.9609375 3163.37109375 3165.5703125 10
stats: session 15 10998.937483723957 4852.721791653682 26240.720947265625 878.8369140625 10092.216546420394 116
stats: users_count 24 163
stats: finish_users_count 15 131
stats: request 126 589.4121849423364 598.8461840153004 2179.593994140625 6.39794921875 224.22628622731855 775
stats: connect 24 0.6905619303385416 0.08039455323795414 117.677978515625 0.5478515625 1.5806770599145685 139
stats: page 109 660.576978211009 678.2801191157531 2874.02099609375 6.39794921875 244.07014756792046 712
stats: 302 59 402
stats: 200 67 499
stats: size_rcv 1317784 9821353
stats: newphase 0 1
stats: size_sent 89913 571159
stats: connected 9 32
# stats: dump at 1447970818
stats: users 27 33
stats: {recvpackets,"tsung_controller@ip-172-30-3-176"} 1 1256.0 0.0 1347 370 887.6 10
stats: {sentpackets,"tsung_controller@ip-172-30-3-176"} 1 854.0 0.0 906 245 581.8 10
stats: {cpu,"tsung_controller@ip-172-30-3-176"} 1 1.3958125623130608 0.0 2.783912556969914 0.8955223880597015 1.4613132882278348 11
stats: {load,"tsung_controller@ip-172-30-3-176"} 1 0.0390625 0.0 0.109375 0.0390625 0.06498579545454546 11
stats: {freemem,"tsung_controller@ip-172-30-3-176"} 1 3162.296875 0.0 3168.9609375 3162.296875 3165.3703835227275 11
stats: session 22 13429.773792613636 4056.964079159186 26240.720947265625 878.8369140625 10196.039554508588 131
stats: users_count 17 180
stats: finish_users_count 22 153
stats: request 95 1544.8582982113487 878.8748939188089 3386.696044921875 6.39794921875 275.2955684005619 901
stats: connect 17 0.7460219439338235 0.07688570550556798 117.677978515625 0.5478515625 1.4496171635352761 163
stats: page 86 1706.5828601925866 938.7957109612058 4468.804931640625 6.39794921875 299.36764396267887 821
stats: 302 42 444
stats: 200 53 552
stats: size_rcv 1553569 11374922
stats: newphase 0 1
stats: size_sent 57557 628716
stats: connected -5 27
# stats: dump at 1447970828
stats: users 55 56
stats: {recvpackets,"tsung_controller@ip-172-30-3-176"} 1 1610.0 0.0 1610 370 921.0909090909091 11
stats: {sentpackets,"tsung_controller@ip-172-30-3-176"} 1 935.0 0.0 935 245 606.5454545454545 11
stats: {cpu,"tsung_controller@ip-172-30-3-176"} 1 1.7769002961500493 0.0 2.783912556969914 0.8955223880597015 1.4558548944016036 12
stats: {load,"tsung_controller@ip-172-30-3-176"} 1 0.03125 0.0 0.109375 0.03125 0.06282552083333333 12
stats: {freemem,"tsung_controller@ip-172-30-3-176"} 1 3161.8203125 0.0 3168.9609375 3161.8203125 3165.1142578125 12
stats: session 12 17291.204956054688 5795.492141900383 26240.720947265625 878.8369140625 10661.020948223038 153
stats: users_count 40 220
stats: finish_users_count 12 165
stats: request 114 1592.344101219846 777.5930443467968 3386.696044921875 6.39794921875 396.3883990552052 996
stats: connect 40 0.7968139648437501 0.2229073280015338 117.677978515625 0.5478515625 1.38316650390625 180
stats: page 106 1704.3208076908907 819.9051142618706 4468.804931640625 6.39794921875 432.797091146551 907
stats: 302 38 482
stats: 200 76 628
stats: size_rcv 1606841 12981763
stats: newphase 1 2
stats: size_sent 69327 698043
stats: connected 28 55
# stats: dump at 1447970838
stats: users 84 86
stats: {recvpackets,"tsung_controller@ip-172-30-3-176"} 1 1466.0 0.0 1610 370 978.5 12
stats: {sentpackets,"tsung_controller@ip-172-30-3-176"} 1 967.0 0.0 967 245 633.9166666666666 12
stats: {cpu,"tsung_controller@ip-172-30-3-176"} 1 1.4014014014014013 0.0 2.783912556969914 0.8955223880597015 1.4805506945360993 13
stats: {load,"tsung_controller@ip-172-30-3-176"} 1 0.03125 0.0 0.109375 0.03125 0.060396634615384616 13
stats: {freemem,"tsung_controller@ip-172-30-3-176"} 1 3159.2890625 0.0 3168.9609375 3159.2890625 3164.860877403846 13
stats: session 7 22049.84102957589 4887.652968930294 29548.88818359375 878.8369140625 11143.216148792611 165
stats: users_count 36 256
stats: finish_users_count 7 172
stats: request 145 2883.5146804283413 633.8103685260219 4424.114990234375 6.39794921875 519.2162819802224 1110
stats: connect 36 0.7022162543402778 0.08561028910103437 117.677978515625 0.5400390625 1.276556951349432 220
stats: page 133 3073.8583213404604 975.3332958204895 6823.44189453125 6.39794921875 565.8489311798185 1013
stats: 302 58 540
stats: 200 87 715
stats: size_rcv 1189442 14171205
stats: newphase 0 2
stats: size_sent 90234 788277
stats: connected 29 84
# stats: dump at 1447970848
stats: users 112 114
stats: {recvpackets,"tsung_controller@ip-172-30-3-176"} 1 1361.0 0.0 1610 370 1016.0 13
stats: {sentpackets,"tsung_controller@ip-172-30-3-176"} 1 1014.0 0.0 1014 245 659.5384615384615 13
stats: {cpu,"tsung_controller@ip-172-30-3-176"} 1 1.6983016983016983 0.0 2.783912556969914 0.8955223880597015 1.4748971735979066 14
stats: {load,"tsung_controller@ip-172-30-3-176"} 1 0.01953125 0.0 0.109375 0.01953125 0.058314732142857144 14
stats: {freemem,"tsung_controller@ip-172-30-3-176"} 1 3155.18359375 0.0 3168.9609375 3155.18359375 3164.462890625 14
stats: session 16 25603.776779174805 4227.516004454632 36054.276123046875 878.8369140625 11587.090417196581 172
stats: users_count 44 300
stats: finish_users_count 16 188
stats: request 145 4350.1703394396545 690.6110046022776 6050.287109375 6.39794921875 792.382232398531 1255
stats: connect 44 0.6811634410511362 0.08678207201537406 117.677978515625 0.5400390625 1.1957902908325195 256
stats: page 131 4539.837435889791 1120.939105395194 9512.10888671875 6.39794921875 856.918083790085 1146
stats: 302 64 604
stats: 200 81 796
stats: size_rcv 1194549 15365754
stats: newphase 0 2
stats: size_sent 102058 890335
stats: connected 28 112
# stats: dump at 1447970858
stats: users 161 162
stats: {recvpackets,"tsung_controller@ip-172-30-3-176"} 1 1439.0 0.0 1610 370 1040.642857142857 14
stats: {sentpackets,"tsung_controller@ip-172-30-3-176"} 1 1077.0 0.0 1077 245 684.8571428571429 14
stats: {cpu,"tsung_controller@ip-172-30-3-176"} 1 1.794616151545364 0.0 2.783912556969914 0.8955223880597015 1.4897908085781595 15
stats: {load,"tsung_controller@ip-172-30-3-176"} 1 0.01953125 0.0 0.109375 0.01953125 0.05572916666666667 15
stats: {freemem,"tsung_controller@ip-172-30-3-176"} 1 3152.73828125 0.0 3168.9609375 3152.73828125 3163.844270833333 15
stats: session 34 26353.265380859375 8996.083006171542 38543.524169921875 811.7099609375 12779.99989481175 188
stats: users_count 83 383
stats: finish_users_count 34 222
stats: request 259 2938.8163892826974 3526.3276008458365 9504.345947265625 0.607177734375 1160.8674291992188 1400
stats: connect 83 0.657664839043675 0.080819435254025 117.677978515625 0.51708984375 1.1203116861979168 300
stats: page 238 3284.9578221425295 3947.0825899106503 14561.391845703125 0.661865234375 1234.7273517032106 1277
stats: 302 40 644
stats: 200 69 865
stats: size_rcv 1430499 16796253
stats: newphase 1 3
stats: size_sent 114304 1004639
stats: connected 49 161
stats: 503 150 150
# stats: dump at 1447970868
stats: users 186 186
stats: {recvpackets,"tsung_controller@ip-172-30-3-176"} 1 1754.0 0.0 1754 370 1067.2 15
stats: {sentpackets,"tsung_controller@ip-172-30-3-176"} 1 1481.0 0.0 1481 245 711.0 15
stats: {cpu,"tsung_controller@ip-172-30-3-176"} 1 2.8942115768463075 0.0 2.8942115768463075 0.8955223880597015 1.5088423925136096 16
stats: {load,"tsung_controller@ip-172-30-3-176"} 1 0.01953125 0.0 0.109375 0.01953125 0.053466796875 16
stats: {freemem,"tsung_controller@ip-172-30-3-176"} 1 3150.21875 0.0 3168.9609375 3150.21875 3163.150146484375 16
stats: session 57 19081.579589843754 12736.282784669878 41504.282958984375 15.64306640625 14858.78830258481 222
stats: users_count 82 465
stats: finish_users_count 57 279
stats: request 499 2387.2320745005636 4261.033314689461 11609.81298828125 0.607177734375 1438.437520013939 1659
stats: connect 81 0.6671549479166667 0.10352716175038564 117.677978515625 0.51708984375 1.0200514033942563 383
stats: page 450 2429.4720160590273 4428.769956385321 18331.625 0.654052734375 1556.8097622408725 1515
stats: 302 43 687
stats: 200 77 942
stats: size_rcv 1515709 18311962
stats: newphase 0 3
stats: size_sent 205738 1210377
stats: connected 24 185
stats: 503 379 529
# stats: dump at 1447970878
stats: users 172 187
stats: {recvpackets,"tsung_controller@ip-172-30-3-176"} 1 2215.0 0.0 2215 370 1110.125 16
stats: {sentpackets,"tsung_controller@ip-172-30-3-176"} 1 1899.0 0.0 1899 245 759.125 16
stats: {cpu,"tsung_controller@ip-172-30-3-176"} 1 3.106212424849699 0.0 3.106212424849699 0.8955223880597015 1.5903346974743564 17
stats: {load,"tsung_controller@ip-172-30-3-176"} 1 0.01953125 0.0 0.109375 0.01953125 0.051470588235294115 17
stats: {freemem,"tsung_controller@ip-172-30-3-176"} 1 3147.99609375 0.0 3168.9609375 3147.99609375 3162.389476102941 17
stats: session 81 22885.818419656633 11220.821676771691 44036.77001953125 15.64306640625 15721.509103207605 279
stats: users_count 67 532
stats: finish_users_count 81 360
stats: request 501 2292.8388779082443 2902.118135518061 11609.81298828125 0.607177734375 1657.8297733451836 2158
stats: connect 68 0.6712107938878676 0.14242024772947676 117.677978515625 0.51708984375 0.9584466342268323 464
stats: page 463 2668.6358233919414 3873.3325313072587 18331.625 0.64794921875 1756.6560799091524 1965
stats: 302 109 796
stats: 200 93 1035
stats: size_rcv 1963353 20275315
stats: newphase 0 3
stats: size_sent 239686 1450063
stats: connected -13 172
stats: 503 299 828
# stats: dump at 1447970888
stats: users 221 224
stats: {recvpackets,"tsung_controller@ip-172-30-3-176"} 1 2625.0 0.0 2625 370 1175.1176470588234 17
stats: {sentpackets,"tsung_controller@ip-172-30-3-176"} 1 2210.0 0.0 2210 245 826.1764705882352 17
stats: {cpu,"tsung_controller@ip-172-30-3-176"} 1 3.2064128256513023 0.0 3.2064128256513023 0.8955223880597015 1.6745501267729865 18
stats: {load,"tsung_controller@ip-172-30-3-176"} 1 0.01171875 0.0 0.109375 0.01171875 0.04969618055555555 18
stats: {freemem,"tsung_controller@ip-172-30-3-176"} 1 3146.046875 0.0 3168.9609375 3146.046875 3161.58984375 18
stats: session 88 22829.304232510643 11373.579592860848 51567.87109375 15.64306640625 17333.47869940864 360
stats: users_count 137 669
stats: finish_users_count 88 448
stats: request 619 1706.7681744749589 2317.9402341843747 11609.81298828125 0.607177734375 1777.4760920311908 2659
stats: connect 137 0.7337619753649635 0.45561777058006925 117.677978515625 0.51708984375 0.9217322786947841 532
stats: page 576 1871.0120188395174 2640.305465057735 18331.625 0.64794921875 1930.5632550461091 2428
stats: 302 129 925
stats: 200 94 1129
stats: size_rcv 1903870 22179185
stats: newphase 1 4
stats: size_sent 273718 1723781
stats: connected 49 221
stats: 503 396 1224
# stats: dump at 1447970898
stats: users 259 260
stats: {recvpackets,"tsung_controller@ip-172-30-3-176"} 1 2833.0 0.0 2833 370 1255.6666666666667 18
stats: {sentpackets,"tsung_controller@ip-172-30-3-176"} 1 2659.0 0.0 2659 245 903.0555555555555 18
stats: {cpu,"tsung_controller@ip-172-30-3-176"} 1 3.282051282051282 0.0 3.282051282051282 0.8955223880597015 1.7551744793455293 19
stats: {load,"tsung_controller@ip-172-30-3-176"} 1 0.01171875 0.0 0.109375 0.01171875 0.047697368421052634 19
stats: {freemem,"tsung_controller@ip-172-30-3-176"} 1 3145.80859375 0.0 3168.9609375 3145.80859375 3160.771792763158 19
stats: session 134 17049.587508016542 11819.306549777979 51567.87109375 15.64306640625 18413.015857696533 448
stats: users_count 172 841
stats: finish_users_count 134 582
stats: request 951 1047.6324194618346 2288.3360318236305 11609.81298828125 0.607177734375 1764.1239867940621 3278
stats: connect 172 0.6902082576308141 0.20635247741919732 117.677978515625 0.51708984375 0.8832391074598285 669
stats: page 862 1145.9964891331917 2553.2251862350827 18331.625 0.629150390625 1919.144642511157 3004
stats: 302 81 1006
stats: 200 85 1214
stats: size_rcv 1991701 24170886
stats: newphase 0 4
stats: size_sent 363909 2087690
stats: connected 38 259
stats: 503 785 2009
# stats: dump at 1447970908
stats: users 264 270
stats: {recvpackets,"tsung_controller@ip-172-30-3-176"} 1 3155.0 0.0 3155 370 1338.6842105263158 19
stats: {sentpackets,"tsung_controller@ip-172-30-3-176"} 1 3257.0 0.0 3257 245 995.4736842105264 19
stats: {cpu,"tsung_controller@ip-172-30-3-176"} 1 4.396728016359918 0.0 4.396728016359918 0.8955223880597015 1.8315183194808171 20
stats: {load,"tsung_controller@ip-172-30-3-176"} 1 0.078125 0.0 0.109375 0.01171875 0.0458984375 20
stats: {freemem,"tsung_controller@ip-172-30-3-176"} 1 3145.75 0.0 3168.9609375 3145.75 3160.0236328125 20
stats: session 161 15980.537762944003 10178.285924380665 51567.87109375 12.8310546875 18099.099364814887 582
stats: users_count 166 1007
stats: finish_users_count 161 743
stats: request 1023 1093.7081412187654 2317.2870419653477 11609.81298828125 0.607177734375 1603.002331430395 4229
stats: connect 158 0.666310757021361 0.08670936128121086 117.677978515625 0.51708984375 0.8437607410263083 841
stats: page 926 1197.5593285447326 2517.7899357568367 18331.625 0.629150390625 1746.756202725382 3866
stats: 302 113 1119
stats: 200 76 1290
stats: size_rcv 1999643 26170529
stats: newphase 0 4
stats: size_sent 398244 2485934
stats: connected 0 259
stats: 503 835 2844
# stats: dump at 1447970918
stats: users 155 270
stats: {recvpackets,"tsung_controller@ip-172-30-3-176"} 1 3320.0 0.0 3320 370 1429.5 20
stats: {sentpackets,"tsung_controller@ip-172-30-3-176"} 1 3415.0 0.0 3415 245 1108.55 20
stats: {cpu,"tsung_controller@ip-172-30-3-176"} 1 5.005107252298264 0.0 5.005107252298264 0.8955223880597015 1.9536711621893457 21
stats: {load,"tsung_controller@ip-172-30-3-176"} 1 0.05859375 0.0 0.109375 0.01171875 0.04743303571428571 21
stats: {freemem,"tsung_controller@ip-172-30-3-176"} 1 3145.1484375 0.0 3168.9609375 3145.1484375 3159.3439360119046 21
stats: session 137 17937.370070854242 7861.159410175653 51567.87109375 12.8310546875 17640.030161717696 743
stats: users_count 28 1035
stats: finish_users_count 137 880
stats: request 626 1749.3490594735915 2063.858856602857 11609.81298828125 0.068115234375 1503.8005118213894 5252
stats: connect 37 0.6668998099662162 0.0686440298164852 117.677978515625 0.51708984375 0.8156955783908911 999
stats: page 586 1898.4583327778378 2387.664612659491 18331.625 0.629150390625 1640.6300955694387 4792
stats: 302 177 1296
stats: 200 94 1384
stats: size_rcv 1826659 27997188
stats: newphase 1 5
stats: size_sent 319048 2804982
stats: connected -95 164
stats: 503 353 3197
# stats: dump at 1447970928
stats: users 96 270
stats: {recvpackets,"tsung_controller@ip-172-30-3-176"} 1 2476.0 0.0 3320 370 1519.5238095238096 21
stats: {sentpackets,"tsung_controller@ip-172-30-3-176"} 1 2006.0 0.0 3415 245 1218.3809523809523 21
stats: {cpu,"tsung_controller@ip-172-30-3-176"} 1 2.710843373493976 0.0 5.005107252298264 0.8955223880597015 2.092372802648842 22
stats: {load,"tsung_controller@ip-172-30-3-176"} 1 0.05078125 0.0 0.109375 0.01171875 0.04794034090909091 22
stats: {freemem,"tsung_controller@ip-172-30-3-176"} 1 3144.55078125 0.0 3168.9609375 3144.55078125 3158.6986860795455 22
stats: session 74 22026.191752665756 5991.247846796744 51567.87109375 12.8310546875 17686.32057939009 880
stats: users_count 15 1050
stats: finish_users_count 74 954
stats: request 250 3250.687650390625 558.8834927787052 11609.81298828125 0.068115234375 1529.951139727187 5878
stats: connect 15 0.693798828125 0.06985199631405269 117.677978515625 0.51708984375 0.8103814438042956 1036
stats: page 231 3464.9351875338198 1103.209307020927 18331.625 0.629150390625 1668.7236892853407 5378
stats: 302 180 1476
stats: 200 70 1454
stats: size_rcv 1452507 29449695
stats: newphase 0 5
stats: size_sent 154780 2959762
stats: connected -64 100
stats: 503 0 3197
# stats: dump at 1447970938
stats: users 72 270
stats: {recvpackets,"tsung_controller@ip-172-30-3-176"} 1 1789.0 0.0 3320 370 1563.0 22
stats: {sentpackets,"tsung_controller@ip-172-30-3-176"} 1 1191.0 0.0 3415 245 1254.1818181818182 22
stats: {cpu,"tsung_controller@ip-172-30-3-176"} 1 1.5952143569292123 0.0 5.005107252298264 0.8955223880597015 2.1192628274681957 23
stats: {load,"tsung_controller@ip-172-30-3-176"} 1 0.05078125 0.0 0.109375 0.01171875 0.048063858695652176 23
stats: {freemem,"tsung_controller@ip-172-30-3-176"} 1 3144.66015625 0.0 3168.9609375 3144.55078125 3158.0835597826085 23
stats: session 41 29008.863257431403 5881.218994382759 51567.87109375 12.8310546875 18022.95628884753 954
stats: users_count 17 1067
stats: finish_users_count 41 995
stats: request 137 4905.3715160954625 596.8163533576065 11609.81298828125 0.068115234375 1600.1508994637827 6128
stats: connect 17 0.6985724954044118 0.060114724602754306 117.677978515625 0.51708984375 0.808717562514867 1051
stats: page 127 5331.510296198327 1382.6704688707932 18331.625 0.629150390625 1742.6985254585265 5609
stats: 302 72 1548
stats: 200 65 1519
stats: size_rcv 1165146 30614841
stats: newphase 0 5
stats: size_sent 80656 3040418
stats: connected -28 72
stats: 503 0 3197
# stats: dump at 1447970948
stats: users 63 270
stats: {recvpackets,"tsung_controller@ip-172-30-3-176"} 1 1143.0 0.0 3320 370 1572.8260869565217 23
stats: {sentpackets,"tsung_controller@ip-172-30-3-176"} 1 764.0 0.0 3415 245 1251.4347826086957 23
stats: {cpu,"tsung_controller@ip-172-30-3-176"} 1 0.998003992015968 0.0 5.005107252298264 0.8955223880597015 2.0974274745290713 24
stats: {load,"tsung_controller@ip-172-30-3-176"} 1 0.0390625 0.0 0.109375 0.01171875 0.048177083333333336 24
stats: {freemem,"tsung_controller@ip-172-30-3-176"} 1 3144.484375 0.0 3168.9609375 3144.484375 3157.5242513020835 24
stats: session 27 35478.49806495949 4050.744309306486 51567.87109375 12.8310546875 18475.641902628373 995
stats: users_count 18 1085
stats: finish_users_count 27 1022
stats: request 93 6484.089071950605 586.6971684931411 11609.81298828125 0.068115234375 1672.4278706495033 6265
stats: connect 18 0.8228081597222222 0.15353136174598345 117.677978515625 0.51708984375 0.8069643170646069 1068
stats: page 87 6972.782470703125 1600.4142729679013 18331.625 0.629150390625 1822.1579213587975 5736
stats: 302 38 1586
stats: 200 55 1574
stats: size_rcv 1669451 32284292
stats: newphase 0 5
stats: size_sent 51321 3091739
stats: connected -8 64
stats: 503 0 3197
# stats: dump at 1447970958
stats: users 39 270
stats: {recvpackets,"tsung_controller@ip-172-30-3-176"} 1 1807.0 0.0 3320 370 1554.9166666666667 24
stats: {sentpackets,"tsung_controller@ip-172-30-3-176"} 1 1003.0 0.0 3415 245 1231.1250000000002 24
stats: {cpu,"tsung_controller@ip-172-30-3-176"} 1 1.1928429423459244 0.0 5.005107252298264 0.8955223880597015 2.053450535228547 25
stats: {load,"tsung_controller@ip-172-30-3-176"} 1 0.03125 0.0 0.109375 0.01171875 0.0478125 25
stats: {freemem,"tsung_controller@ip-172-30-3-176"} 1 3144.80078125 0.0 3168.9609375 3144.484375 3157.00265625 25
stats: session 24 36431.97168986003 7433.02406343482 51567.87109375 12.8310546875 18924.836732748667 1022
stats: users_count 0 1085
stats: finish_users_count 24 1046
stats: request 145 3335.9000168372845 2267.80731987722 11609.81298828125 0.068115234375 1742.8091999544738 6358
stats: connect 0 0 0 117.677978515625 0.51708984375 0.8072269221915288 1086
stats: page 135 3718.5261031539326 2799.237756483123 18331.625 0.629150390625 1899.1121263721852 5823
stats: 302 76 1662
stats: 200 69 1643
stats: size_rcv 1692875 33977167
stats: newphase 0 5
stats: size_sent 85535 3177274
stats: connected -24 40
stats: 503 0 3197
# stats: dump at 1447970968
stats: users 3 270
stats: {recvpackets,"tsung_controller@ip-172-30-3-176"} 1 1532.0 0.0 3320 370 1565.0 25
stats: {sentpackets,"tsung_controller@ip-172-30-3-176"} 1 999.0 0.0 3415 245 1222.0000000000002 25
stats: {cpu,"tsung_controller@ip-172-30-3-176"} 1 1.6898608349900597 0.0 5.005107252298264 0.8955223880597015 2.0203502431946 26
stats: {load,"tsung_controller@ip-172-30-3-176"} 1 0.03125 0.0 0.109375 0.01171875 0.04717548076923077 26
stats: {freemem,"tsung_controller@ip-172-30-3-176"} 1 3144.98046875 0.0 3168.9609375 3144.484375 3156.5333533653848 26
stats: session 36 27818.54603407118 5998.591290478649 51567.87109375 12.8310546875 19326.530077844913 1046
stats: users_count 0 1085
stats: finish_users_count 36 1082
stats: request 82 1063.7204798256478 766.6204467215064 11609.81298828125 0.068115234375 1778.3309850456637 6503
stats: connect 0 0 0 117.677978515625 0.51708984375 0.8072269221915288 1086
stats: page 82 1112.1723811451977 829.7447837924515 18331.625 0.629150390625 1940.3375185953366 5958
stats: 302 54 1716
stats: 200 28 1671
stats: size_rcv 721207 34698374
stats: newphase 0 5
stats: size_sent 49121 3226395
stats: connected -37 3
stats: 503 0 3197
# stats: dump at 1447970974
stats: users 0 270
stats: {recvpackets,"tsung_controller@ip-172-30-3-176"} 1 149.0 0.0 3320 149 1563.7307692307693 26
stats: {sentpackets,"tsung_controller@ip-172-30-3-176"} 1 167.0 0.0 3415 167 1213.4230769230771 26
stats: {cpu,"tsung_controller@ip-172-30-3-176"} 1 0.8919722497522299 0.0 5.005107252298264 0.8919722497522299 2.0081098947425797 27
stats: {load,"tsung_controller@ip-172-30-3-176"} 1 0.01953125 0.0 0.109375 0.01171875 0.04658564814814815 27
stats: {freemem,"tsung_controller@ip-172-30-3-176"} 1 3144.99609375 0.0 3168.9609375 3144.484375 3156.10546875 27
stats: session 3 27764.416748046875 1930.7173240506565 51567.87109375 12.8310546875 19609.074046813625 1082
stats: users_count 0 1085
stats: finish_users_count 3 1085
stats: request 4 146.967041015625 76.22861974371335 11609.81298828125 0.068115234375 1769.4322665296363 6585
stats: connect 0 0 0 117.677978515625 0.51708984375 0.8072269221915288 1086
stats: page 4 146.967041015625 76.22861974371335 18331.625 0.629150390625 1929.0942170604176 6040
stats: 302 3 1719
stats: 200 1 1672
stats: size_rcv 5862 34704236
stats: newphase 0 5
stats: size_sent 3445 3229840
stats: connected -3 0
stats: 503 0 3197
EndMonitor:{1447,970974,691619}
