Could not find/open font when opening font "arial", using internal non-scalable font

	title is " rate", offset at ((character units) 0, 0, 0)


	title is " mean", offset at ((character units) 0, 0, 0)


	title is " stddev", offset at ((character units) 0, 0, 0)


	title is " max_sample", offset at ((character units) 0, 0, 0)


	title is " min_sample", offset at ((character units) 0, 0, 0)

Could not find/open font when opening font "arial", using internal non-scalable font

	title is " rate", offset at ((character units) 0, 0, 0)


	title is " mean", offset at ((character units) 0, 0, 0)


	title is " stddev", offset at ((character units) 0, 0, 0)


	title is " max_sample", offset at ((character units) 0, 0, 0)


	title is " min_sample", offset at ((character units) 0, 0, 0)

Could not find/open font when opening font "arial", using internal non-scalable font

	title is " HTTP Code Response rate", offset at ((character units) 0, 0, 0)


	title is " total", offset at ((character units) 0, 0, 0)

Could not find/open font when opening font "arial", using internal non-scalable font

	title is " HTTP Code Response rate", offset at ((character units) 0, 0, 0)


	title is " total", offset at ((character units) 0, 0, 0)

Could not find/open font when opening font "arial", using internal non-scalable font

	title is " Request and tcp/udp connection rate", offset at ((character units) 0, 0, 0)


	title is " Mean request (and connection) duration", offset at ((character units) 0, 0, 0)


	title is " stddev", offset at ((character units) 0, 0, 0)


	title is " max_sample", offset at ((character units) 0, 0, 0)


	title is " min_sample", offset at ((character units) 0, 0, 0)

Could not find/open font when opening font "arial", using internal non-scalable font

	title is " Request and tcp/udp connection rate", offset at ((character units) 0, 0, 0)


	title is " Mean request (and connection) duration", offset at ((character units) 0, 0, 0)


	title is " stddev", offset at ((character units) 0, 0, 0)


	title is " max_sample", offset at ((character units) 0, 0, 0)


	title is " min_sample", offset at ((character units) 0, 0, 0)

Could not find/open font when opening font "arial", using internal non-scalable font

	title is " Transaction and page rate", offset at ((character units) 0, 0, 0)


	title is " Mean transaction and page duration", offset at ((character units) 0, 0, 0)


	title is " stddev", offset at ((character units) 0, 0, 0)


	title is " max_sample", offset at ((character units) 0, 0, 0)


	title is " min_sample", offset at ((character units) 0, 0, 0)

Could not find/open font when opening font "arial", using internal non-scalable font

	title is " Transaction and page rate", offset at ((character units) 0, 0, 0)


	title is " Mean transaction and page duration", offset at ((character units) 0, 0, 0)


	title is " stddev", offset at ((character units) 0, 0, 0)


	title is " max_sample", offset at ((character units) 0, 0, 0)


	title is " min_sample", offset at ((character units) 0, 0, 0)

Could not find/open font when opening font "arial", using internal non-scalable font

	title is " rate", offset at ((character units) 0, 0, 0)


	title is " total", offset at ((character units) 0, 0, 0)

Warning: empty y range [1:1], adjusting to [0.99:1.01]
Could not find/open font when opening font "arial", using internal non-scalable font

	title is " rate", offset at ((character units) 0, 0, 0)


	title is " total", offset at ((character units) 0, 0, 0)

Warning: empty y range [1:1], adjusting to [0.99:1.01]
Could not find/open font when opening font "arial", using internal non-scalable font

	title is " Simultaneous users and opened TCP/UDP connections", offset at ((character units) 0, 0, 0)


	title is " maximum_simultaneous", offset at ((character units) 0, 0, 0)

Could not find/open font when opening font "arial", using internal non-scalable font

	title is " Simultaneous users and opened TCP/UDP connections", offset at ((character units) 0, 0, 0)


	title is " maximum_simultaneous", offset at ((character units) 0, 0, 0)

Could not find/open font when opening font "arial", using internal non-scalable font

	title is " Users arrival/departure rate", offset at ((character units) 0, 0, 0)


	title is " Total users", offset at ((character units) 0, 0, 0)

Could not find/open font when opening font "arial", using internal non-scalable font

	title is " Users arrival/departure rate", offset at ((character units) 0, 0, 0)


	title is " Total users", offset at ((character units) 0, 0, 0)

Could not find/open font when opening font "arial", using internal non-scalable font

	title is " Network throughput", offset at ((character units) 0, 0, 0)


	title is " Total send/receive bytes", offset at ((character units) 0, 0, 0)

Could not find/open font when opening font "arial", using internal non-scalable font

	title is " Network throughput", offset at ((character units) 0, 0, 0)


	title is " Total send/receive bytes", offset at ((character units) 0, 0, 0)

Could not find/open font when opening font "arial", using internal non-scalable font

	title is " rate", offset at ((character units) 0, 0, 0)

Warning: empty y range [0.1:0.1], adjusting to [0.099:0.101]

	title is " mean", offset at ((character units) 0, 0, 0)


	title is " stddev", offset at ((character units) 0, 0, 0)

Warning: empty y range [0:0], adjusting to [-1:1]

	title is " max_sample", offset at ((character units) 0, 0, 0)

Warning: empty y range [17.7279:17.7279], adjusting to [17.5506:17.9052]

	title is " min_sample", offset at ((character units) 0, 0, 0)

Could not find/open font when opening font "arial", using internal non-scalable font

	title is " rate", offset at ((character units) 0, 0, 0)

Warning: empty y range [0.1:0.1], adjusting to [0.099:0.101]

	title is " mean", offset at ((character units) 0, 0, 0)


	title is " stddev", offset at ((character units) 0, 0, 0)

Warning: empty y range [0:0], adjusting to [-1:1]

	title is " max_sample", offset at ((character units) 0, 0, 0)

Warning: empty y range [17.7279:17.7279], adjusting to [17.5506:17.9052]

	title is " min_sample", offset at ((character units) 0, 0, 0)

Could not find/open font when opening font "arial", using internal non-scalable font

	title is " rate", offset at ((character units) 0, 0, 0)

Warning: empty y range [0.1:0.1], adjusting to [0.099:0.101]

	title is " mean", offset at ((character units) 0, 0, 0)


	title is " stddev", offset at ((character units) 0, 0, 0)

Warning: empty y range [0:0], adjusting to [-1:1]

	title is " max_sample", offset at ((character units) 0, 0, 0)

Warning: empty y range [3169.59:3169.59], adjusting to [3137.89:3201.29]

	title is " min_sample", offset at ((character units) 0, 0, 0)

Could not find/open font when opening font "arial", using internal non-scalable font

	title is " rate", offset at ((character units) 0, 0, 0)

Warning: empty y range [0.1:0.1], adjusting to [0.099:0.101]

	title is " mean", offset at ((character units) 0, 0, 0)


	title is " stddev", offset at ((character units) 0, 0, 0)

Warning: empty y range [0:0], adjusting to [-1:1]

	title is " max_sample", offset at ((character units) 0, 0, 0)

Warning: empty y range [3169.59:3169.59], adjusting to [3137.89:3201.29]

	title is " min_sample", offset at ((character units) 0, 0, 0)

Could not find/open font when opening font "arial", using internal non-scalable font

	title is " rate", offset at ((character units) 0, 0, 0)

Warning: empty y range [0.1:0.1], adjusting to [0.099:0.101]

	title is " mean", offset at ((character units) 0, 0, 0)


	title is " stddev", offset at ((character units) 0, 0, 0)

Warning: empty y range [0:0], adjusting to [-1:1]

	title is " max_sample", offset at ((character units) 0, 0, 0)

Warning: empty y range [0.320312:0.320312], adjusting to [0.317109:0.323516]

	title is " min_sample", offset at ((character units) 0, 0, 0)

Could not find/open font when opening font "arial", using internal non-scalable font

	title is " rate", offset at ((character units) 0, 0, 0)

Warning: empty y range [0.1:0.1], adjusting to [0.099:0.101]

	title is " mean", offset at ((character units) 0, 0, 0)


	title is " stddev", offset at ((character units) 0, 0, 0)

Warning: empty y range [0:0], adjusting to [-1:1]

	title is " max_sample", offset at ((character units) 0, 0, 0)

Warning: empty y range [0.320312:0.320312], adjusting to [0.317109:0.323516]

	title is " min_sample", offset at ((character units) 0, 0, 0)

Could not find/open font when opening font "arial", using internal non-scalable font

	title is " rate", offset at ((character units) 0, 0, 0)

Warning: empty y range [0.1:0.1], adjusting to [0.099:0.101]

	title is " mean", offset at ((character units) 0, 0, 0)


	title is " stddev", offset at ((character units) 0, 0, 0)

Warning: empty y range [0:0], adjusting to [-1:1]

	title is " max_sample", offset at ((character units) 0, 0, 0)


	title is " min_sample", offset at ((character units) 0, 0, 0)

Warning: empty y range [316:316], adjusting to [312.84:319.16]
Could not find/open font when opening font "arial", using internal non-scalable font

	title is " rate", offset at ((character units) 0, 0, 0)

Warning: empty y range [0.1:0.1], adjusting to [0.099:0.101]

	title is " mean", offset at ((character units) 0, 0, 0)


	title is " stddev", offset at ((character units) 0, 0, 0)

Warning: empty y range [0:0], adjusting to [-1:1]

	title is " max_sample", offset at ((character units) 0, 0, 0)


	title is " min_sample", offset at ((character units) 0, 0, 0)

Warning: empty y range [316:316], adjusting to [312.84:319.16]
Could not find/open font when opening font "arial", using internal non-scalable font

	title is " rate", offset at ((character units) 0, 0, 0)

Warning: empty y range [0.1:0.1], adjusting to [0.099:0.101]

	title is " mean", offset at ((character units) 0, 0, 0)


	title is " stddev", offset at ((character units) 0, 0, 0)

Warning: empty y range [0:0], adjusting to [-1:1]

	title is " max_sample", offset at ((character units) 0, 0, 0)


	title is " min_sample", offset at ((character units) 0, 0, 0)

Warning: empty y range [269:269], adjusting to [266.31:271.69]
Could not find/open font when opening font "arial", using internal non-scalable font

	title is " rate", offset at ((character units) 0, 0, 0)

Warning: empty y range [0.1:0.1], adjusting to [0.099:0.101]

	title is " mean", offset at ((character units) 0, 0, 0)


	title is " stddev", offset at ((character units) 0, 0, 0)

Warning: empty y range [0:0], adjusting to [-1:1]

	title is " max_sample", offset at ((character units) 0, 0, 0)


	title is " min_sample", offset at ((character units) 0, 0, 0)

Warning: empty y range [269:269], adjusting to [266.31:271.69]
Could not find/open font when opening font "arial", using internal non-scalable font

	title is " rate", offset at ((character units) 0, 0, 0)


	title is " mean", offset at ((character units) 0, 0, 0)


	title is " stddev", offset at ((character units) 0, 0, 0)


	title is " max_sample", offset at ((character units) 0, 0, 0)


	title is " min_sample", offset at ((character units) 0, 0, 0)

Could not find/open font when opening font "arial", using internal non-scalable font

	title is " rate", offset at ((character units) 0, 0, 0)


	title is " mean", offset at ((character units) 0, 0, 0)


	title is " stddev", offset at ((character units) 0, 0, 0)


	title is " max_sample", offset at ((character units) 0, 0, 0)


	title is " min_sample", offset at ((character units) 0, 0, 0)

Could not find/open font when opening font "arial", using internal non-scalable font

	title is " HTTP Code Response rate", offset at ((character units) 0, 0, 0)


	title is " total", offset at ((character units) 0, 0, 0)

Could not find/open font when opening font "arial", using internal non-scalable font

	title is " HTTP Code Response rate", offset at ((character units) 0, 0, 0)


	title is " total", offset at ((character units) 0, 0, 0)

Could not find/open font when opening font "arial", using internal non-scalable font

	title is " Request and tcp/udp connection rate", offset at ((character units) 0, 0, 0)


	title is " Mean request (and connection) duration", offset at ((character units) 0, 0, 0)


	title is " stddev", offset at ((character units) 0, 0, 0)


	title is " max_sample", offset at ((character units) 0, 0, 0)


	title is " min_sample", offset at ((character units) 0, 0, 0)

Could not find/open font when opening font "arial", using internal non-scalable font

	title is " Request and tcp/udp connection rate", offset at ((character units) 0, 0, 0)


	title is " Mean request (and connection) duration", offset at ((character units) 0, 0, 0)


	title is " stddev", offset at ((character units) 0, 0, 0)


	title is " max_sample", offset at ((character units) 0, 0, 0)


	title is " min_sample", offset at ((character units) 0, 0, 0)

Could not find/open font when opening font "arial", using internal non-scalable font

	title is " Transaction and page rate", offset at ((character units) 0, 0, 0)


	title is " Mean transaction and page duration", offset at ((character units) 0, 0, 0)


	title is " stddev", offset at ((character units) 0, 0, 0)


	title is " max_sample", offset at ((character units) 0, 0, 0)


	title is " min_sample", offset at ((character units) 0, 0, 0)

Could not find/open font when opening font "arial", using internal non-scalable font

	title is " Transaction and page rate", offset at ((character units) 0, 0, 0)


	title is " Mean transaction and page duration", offset at ((character units) 0, 0, 0)


	title is " stddev", offset at ((character units) 0, 0, 0)


	title is " max_sample", offset at ((character units) 0, 0, 0)


	title is " min_sample", offset at ((character units) 0, 0, 0)

Could not find/open font when opening font "arial", using internal non-scalable font

	title is " rate", offset at ((character units) 0, 0, 0)


	title is " total", offset at ((character units) 0, 0, 0)

Could not find/open font when opening font "arial", using internal non-scalable font

	title is " rate", offset at ((character units) 0, 0, 0)


	title is " total", offset at ((character units) 0, 0, 0)

Could not find/open font when opening font "arial", using internal non-scalable font

	title is " Simultaneous users and opened TCP/UDP connections", offset at ((character units) 0, 0, 0)


	title is " maximum_simultaneous", offset at ((character units) 0, 0, 0)

Could not find/open font when opening font "arial", using internal non-scalable font

	title is " Simultaneous users and opened TCP/UDP connections", offset at ((character units) 0, 0, 0)


	title is " maximum_simultaneous", offset at ((character units) 0, 0, 0)

Could not find/open font when opening font "arial", using internal non-scalable font

	title is " Users arrival/departure rate", offset at ((character units) 0, 0, 0)


	title is " Total users", offset at ((character units) 0, 0, 0)

Could not find/open font when opening font "arial", using internal non-scalable font

	title is " Users arrival/departure rate", offset at ((character units) 0, 0, 0)


	title is " Total users", offset at ((character units) 0, 0, 0)

Could not find/open font when opening font "arial", using internal non-scalable font

	title is " Network throughput", offset at ((character units) 0, 0, 0)


	title is " Total send/receive bytes", offset at ((character units) 0, 0, 0)

Could not find/open font when opening font "arial", using internal non-scalable font

	title is " Network throughput", offset at ((character units) 0, 0, 0)


	title is " Total send/receive bytes", offset at ((character units) 0, 0, 0)

Could not find/open font when opening font "arial", using internal non-scalable font

	title is " rate", offset at ((character units) 0, 0, 0)

Warning: empty y range [0.1:0.1], adjusting to [0.099:0.101]

	title is " mean", offset at ((character units) 0, 0, 0)


	title is " stddev", offset at ((character units) 0, 0, 0)

Warning: empty y range [0:0], adjusting to [-1:1]

	title is " max_sample", offset at ((character units) 0, 0, 0)

Warning: empty y range [17.7279:17.7279], adjusting to [17.5506:17.9052]

	title is " min_sample", offset at ((character units) 0, 0, 0)

Could not find/open font when opening font "arial", using internal non-scalable font

	title is " rate", offset at ((character units) 0, 0, 0)

Warning: empty y range [0.1:0.1], adjusting to [0.099:0.101]

	title is " mean", offset at ((character units) 0, 0, 0)


	title is " stddev", offset at ((character units) 0, 0, 0)

Warning: empty y range [0:0], adjusting to [-1:1]

	title is " max_sample", offset at ((character units) 0, 0, 0)

Warning: empty y range [17.7279:17.7279], adjusting to [17.5506:17.9052]

	title is " min_sample", offset at ((character units) 0, 0, 0)

Could not find/open font when opening font "arial", using internal non-scalable font

	title is " rate", offset at ((character units) 0, 0, 0)

Warning: empty y range [0.1:0.1], adjusting to [0.099:0.101]

	title is " mean", offset at ((character units) 0, 0, 0)


	title is " stddev", offset at ((character units) 0, 0, 0)

Warning: empty y range [0:0], adjusting to [-1:1]

	title is " max_sample", offset at ((character units) 0, 0, 0)

Warning: empty y range [3169.59:3169.59], adjusting to [3137.89:3201.29]

	title is " min_sample", offset at ((character units) 0, 0, 0)

Could not find/open font when opening font "arial", using internal non-scalable font

	title is " rate", offset at ((character units) 0, 0, 0)

Warning: empty y range [0.1:0.1], adjusting to [0.099:0.101]

	title is " mean", offset at ((character units) 0, 0, 0)


	title is " stddev", offset at ((character units) 0, 0, 0)

Warning: empty y range [0:0], adjusting to [-1:1]

	title is " max_sample", offset at ((character units) 0, 0, 0)

Warning: empty y range [3169.59:3169.59], adjusting to [3137.89:3201.29]

	title is " min_sample", offset at ((character units) 0, 0, 0)

Could not find/open font when opening font "arial", using internal non-scalable font

	title is " rate", offset at ((character units) 0, 0, 0)

Warning: empty y range [0.1:0.1], adjusting to [0.099:0.101]

	title is " mean", offset at ((character units) 0, 0, 0)


	title is " stddev", offset at ((character units) 0, 0, 0)

Warning: empty y range [0:0], adjusting to [-1:1]

	title is " max_sample", offset at ((character units) 0, 0, 0)

Warning: empty y range [0.320312:0.320312], adjusting to [0.317109:0.323516]

	title is " min_sample", offset at ((character units) 0, 0, 0)

Could not find/open font when opening font "arial", using internal non-scalable font

	title is " rate", offset at ((character units) 0, 0, 0)

Warning: empty y range [0.1:0.1], adjusting to [0.099:0.101]

	title is " mean", offset at ((character units) 0, 0, 0)


	title is " stddev", offset at ((character units) 0, 0, 0)

Warning: empty y range [0:0], adjusting to [-1:1]

	title is " max_sample", offset at ((character units) 0, 0, 0)

Warning: empty y range [0.320312:0.320312], adjusting to [0.317109:0.323516]

	title is " min_sample", offset at ((character units) 0, 0, 0)

Could not find/open font when opening font "arial", using internal non-scalable font

	title is " rate", offset at ((character units) 0, 0, 0)

Warning: empty y range [0.1:0.1], adjusting to [0.099:0.101]

	title is " mean", offset at ((character units) 0, 0, 0)


	title is " stddev", offset at ((character units) 0, 0, 0)

Warning: empty y range [0:0], adjusting to [-1:1]

	title is " max_sample", offset at ((character units) 0, 0, 0)


	title is " min_sample", offset at ((character units) 0, 0, 0)

Warning: empty y range [316:316], adjusting to [312.84:319.16]
Could not find/open font when opening font "arial", using internal non-scalable font

	title is " rate", offset at ((character units) 0, 0, 0)

Warning: empty y range [0.1:0.1], adjusting to [0.099:0.101]

	title is " mean", offset at ((character units) 0, 0, 0)


	title is " stddev", offset at ((character units) 0, 0, 0)

Warning: empty y range [0:0], adjusting to [-1:1]

	title is " max_sample", offset at ((character units) 0, 0, 0)


	title is " min_sample", offset at ((character units) 0, 0, 0)

Warning: empty y range [316:316], adjusting to [312.84:319.16]
Could not find/open font when opening font "arial", using internal non-scalable font

	title is " rate", offset at ((character units) 0, 0, 0)

Warning: empty y range [0.1:0.1], adjusting to [0.099:0.101]

	title is " mean", offset at ((character units) 0, 0, 0)


	title is " stddev", offset at ((character units) 0, 0, 0)

Warning: empty y range [0:0], adjusting to [-1:1]

	title is " max_sample", offset at ((character units) 0, 0, 0)


	title is " min_sample", offset at ((character units) 0, 0, 0)

Warning: empty y range [269:269], adjusting to [266.31:271.69]
Could not find/open font when opening font "arial", using internal non-scalable font

	title is " rate", offset at ((character units) 0, 0, 0)

Warning: empty y range [0.1:0.1], adjusting to [0.099:0.101]

	title is " mean", offset at ((character units) 0, 0, 0)


	title is " stddev", offset at ((character units) 0, 0, 0)

Warning: empty y range [0:0], adjusting to [-1:1]

	title is " max_sample", offset at ((character units) 0, 0, 0)


	title is " min_sample", offset at ((character units) 0, 0, 0)

Warning: empty y range [269:269], adjusting to [266.31:271.69]
Could not find/open font when opening font "arial", using internal non-scalable font

	title is " rate", offset at ((character units) 0, 0, 0)


	title is " mean", offset at ((character units) 0, 0, 0)


	title is " stddev", offset at ((character units) 0, 0, 0)


	title is " max_sample", offset at ((character units) 0, 0, 0)


	title is " min_sample", offset at ((character units) 0, 0, 0)

Could not find/open font when opening font "arial", using internal non-scalable font

	title is " rate", offset at ((character units) 0, 0, 0)


	title is " mean", offset at ((character units) 0, 0, 0)


	title is " stddev", offset at ((character units) 0, 0, 0)


	title is " max_sample", offset at ((character units) 0, 0, 0)


	title is " min_sample", offset at ((character units) 0, 0, 0)

Could not find/open font when opening font "arial", using internal non-scalable font

	title is " HTTP Code Response rate", offset at ((character units) 0, 0, 0)


	title is " total", offset at ((character units) 0, 0, 0)

Could not find/open font when opening font "arial", using internal non-scalable font

	title is " HTTP Code Response rate", offset at ((character units) 0, 0, 0)


	title is " total", offset at ((character units) 0, 0, 0)

Could not find/open font when opening font "arial", using internal non-scalable font

	title is " Request and tcp/udp connection rate", offset at ((character units) 0, 0, 0)


	title is " Mean request (and connection) duration", offset at ((character units) 0, 0, 0)


	title is " stddev", offset at ((character units) 0, 0, 0)


	title is " max_sample", offset at ((character units) 0, 0, 0)


	title is " min_sample", offset at ((character units) 0, 0, 0)

Could not find/open font when opening font "arial", using internal non-scalable font

	title is " Request and tcp/udp connection rate", offset at ((character units) 0, 0, 0)


	title is " Mean request (and connection) duration", offset at ((character units) 0, 0, 0)


	title is " stddev", offset at ((character units) 0, 0, 0)


	title is " max_sample", offset at ((character units) 0, 0, 0)


	title is " min_sample", offset at ((character units) 0, 0, 0)

Could not find/open font when opening font "arial", using internal non-scalable font

	title is " Transaction and page rate", offset at ((character units) 0, 0, 0)


	title is " Mean transaction and page duration", offset at ((character units) 0, 0, 0)


	title is " stddev", offset at ((character units) 0, 0, 0)


	title is " max_sample", offset at ((character units) 0, 0, 0)


	title is " min_sample", offset at ((character units) 0, 0, 0)

Could not find/open font when opening font "arial", using internal non-scalable font

	title is " Transaction and page rate", offset at ((character units) 0, 0, 0)


	title is " Mean transaction and page duration", offset at ((character units) 0, 0, 0)


	title is " stddev", offset at ((character units) 0, 0, 0)


	title is " max_sample", offset at ((character units) 0, 0, 0)


	title is " min_sample", offset at ((character units) 0, 0, 0)

Could not find/open font when opening font "arial", using internal non-scalable font

	title is " rate", offset at ((character units) 0, 0, 0)


	title is " total", offset at ((character units) 0, 0, 0)

Could not find/open font when opening font "arial", using internal non-scalable font

	title is " rate", offset at ((character units) 0, 0, 0)


	title is " total", offset at ((character units) 0, 0, 0)

Could not find/open font when opening font "arial", using internal non-scalable font

	title is " Simultaneous users and opened TCP/UDP connections", offset at ((character units) 0, 0, 0)


	title is " maximum_simultaneous", offset at ((character units) 0, 0, 0)

Could not find/open font when opening font "arial", using internal non-scalable font

	title is " Simultaneous users and opened TCP/UDP connections", offset at ((character units) 0, 0, 0)


	title is " maximum_simultaneous", offset at ((character units) 0, 0, 0)

Could not find/open font when opening font "arial", using internal non-scalable font

	title is " Users arrival/departure rate", offset at ((character units) 0, 0, 0)


	title is " Total users", offset at ((character units) 0, 0, 0)

Could not find/open font when opening font "arial", using internal non-scalable font

	title is " Users arrival/departure rate", offset at ((character units) 0, 0, 0)


	title is " Total users", offset at ((character units) 0, 0, 0)

Could not find/open font when opening font "arial", using internal non-scalable font

	title is " Network throughput", offset at ((character units) 0, 0, 0)


	title is " Total send/receive bytes", offset at ((character units) 0, 0, 0)

Could not find/open font when opening font "arial", using internal non-scalable font

	title is " Network throughput", offset at ((character units) 0, 0, 0)


	title is " Total send/receive bytes", offset at ((character units) 0, 0, 0)

Could not find/open font when opening font "arial", using internal non-scalable font

	title is " rate", offset at ((character units) 0, 0, 0)

Warning: empty y range [0.1:0.1], adjusting to [0.099:0.101]

	title is " mean", offset at ((character units) 0, 0, 0)


	title is " stddev", offset at ((character units) 0, 0, 0)

Warning: empty y range [0:0], adjusting to [-1:1]

	title is " max_sample", offset at ((character units) 0, 0, 0)

Warning: empty y range [17.7279:17.7279], adjusting to [17.5506:17.9052]

	title is " min_sample", offset at ((character units) 0, 0, 0)

Could not find/open font when opening font "arial", using internal non-scalable font

	title is " rate", offset at ((character units) 0, 0, 0)

Warning: empty y range [0.1:0.1], adjusting to [0.099:0.101]

	title is " mean", offset at ((character units) 0, 0, 0)


	title is " stddev", offset at ((character units) 0, 0, 0)

Warning: empty y range [0:0], adjusting to [-1:1]

	title is " max_sample", offset at ((character units) 0, 0, 0)

Warning: empty y range [17.7279:17.7279], adjusting to [17.5506:17.9052]

	title is " min_sample", offset at ((character units) 0, 0, 0)

Could not find/open font when opening font "arial", using internal non-scalable font

	title is " rate", offset at ((character units) 0, 0, 0)

Warning: empty y range [0.1:0.1], adjusting to [0.099:0.101]

	title is " mean", offset at ((character units) 0, 0, 0)


	title is " stddev", offset at ((character units) 0, 0, 0)

Warning: empty y range [0:0], adjusting to [-1:1]

	title is " max_sample", offset at ((character units) 0, 0, 0)

Warning: empty y range [3169.59:3169.59], adjusting to [3137.89:3201.29]

	title is " min_sample", offset at ((character units) 0, 0, 0)

Could not find/open font when opening font "arial", using internal non-scalable font

	title is " rate", offset at ((character units) 0, 0, 0)

Warning: empty y range [0.1:0.1], adjusting to [0.099:0.101]

	title is " mean", offset at ((character units) 0, 0, 0)


	title is " stddev", offset at ((character units) 0, 0, 0)

Warning: empty y range [0:0], adjusting to [-1:1]

	title is " max_sample", offset at ((character units) 0, 0, 0)

Warning: empty y range [3169.59:3169.59], adjusting to [3137.89:3201.29]

	title is " min_sample", offset at ((character units) 0, 0, 0)

Could not find/open font when opening font "arial", using internal non-scalable font

	title is " rate", offset at ((character units) 0, 0, 0)

Warning: empty y range [0.1:0.1], adjusting to [0.099:0.101]

	title is " mean", offset at ((character units) 0, 0, 0)


	title is " stddev", offset at ((character units) 0, 0, 0)

Warning: empty y range [0:0], adjusting to [-1:1]

	title is " max_sample", offset at ((character units) 0, 0, 0)

Warning: empty y range [0.320312:0.320312], adjusting to [0.317109:0.323516]

	title is " min_sample", offset at ((character units) 0, 0, 0)

Could not find/open font when opening font "arial", using internal non-scalable font

	title is " rate", offset at ((character units) 0, 0, 0)

Warning: empty y range [0.1:0.1], adjusting to [0.099:0.101]

	title is " mean", offset at ((character units) 0, 0, 0)


	title is " stddev", offset at ((character units) 0, 0, 0)

Warning: empty y range [0:0], adjusting to [-1:1]

	title is " max_sample", offset at ((character units) 0, 0, 0)

Warning: empty y range [0.320312:0.320312], adjusting to [0.317109:0.323516]

	title is " min_sample", offset at ((character units) 0, 0, 0)

Could not find/open font when opening font "arial", using internal non-scalable font

	title is " rate", offset at ((character units) 0, 0, 0)

Warning: empty y range [0.1:0.1], adjusting to [0.099:0.101]

	title is " mean", offset at ((character units) 0, 0, 0)


	title is " stddev", offset at ((character units) 0, 0, 0)

Warning: empty y range [0:0], adjusting to [-1:1]

	title is " max_sample", offset at ((character units) 0, 0, 0)


	title is " min_sample", offset at ((character units) 0, 0, 0)

Warning: empty y range [316:316], adjusting to [312.84:319.16]
Could not find/open font when opening font "arial", using internal non-scalable font

	title is " rate", offset at ((character units) 0, 0, 0)

Warning: empty y range [0.1:0.1], adjusting to [0.099:0.101]

	title is " mean", offset at ((character units) 0, 0, 0)


	title is " stddev", offset at ((character units) 0, 0, 0)

Warning: empty y range [0:0], adjusting to [-1:1]

	title is " max_sample", offset at ((character units) 0, 0, 0)


	title is " min_sample", offset at ((character units) 0, 0, 0)

Warning: empty y range [316:316], adjusting to [312.84:319.16]
Could not find/open font when opening font "arial", using internal non-scalable font

	title is " rate", offset at ((character units) 0, 0, 0)

Warning: empty y range [0.1:0.1], adjusting to [0.099:0.101]

	title is " mean", offset at ((character units) 0, 0, 0)


	title is " stddev", offset at ((character units) 0, 0, 0)

Warning: empty y range [0:0], adjusting to [-1:1]

	title is " max_sample", offset at ((character units) 0, 0, 0)


	title is " min_sample", offset at ((character units) 0, 0, 0)

Warning: empty y range [269:269], adjusting to [266.31:271.69]
Could not find/open font when opening font "arial", using internal non-scalable font

	title is " rate", offset at ((character units) 0, 0, 0)

Warning: empty y range [0.1:0.1], adjusting to [0.099:0.101]

	title is " mean", offset at ((character units) 0, 0, 0)


	title is " stddev", offset at ((character units) 0, 0, 0)

Warning: empty y range [0:0], adjusting to [-1:1]

	title is " max_sample", offset at ((character units) 0, 0, 0)


	title is " min_sample", offset at ((character units) 0, 0, 0)

Warning: empty y range [269:269], adjusting to [266.31:271.69]
