# stats: dump at 1447983848
stats: users 5 5
stats: {freemem,"tsung_controller@ip-172-30-3-15"} 1 3168.56640625 0 3168.56640625 3168.56640625 0 0
stats: {load,"tsung_controller@ip-172-30-3-15"} 1 0.0 0 0.0 0.0 0 0
stats: {cpu,"tsung_controller@ip-172-30-3-15"} 1 4.198333184314427 0 4.198333184314427 4.198333184314427 0 0
stats: session 1 3559.093994140625 0 3559.093994140625 3559.093994140625 0 0
stats: users_count 6 6
stats: finish_users_count 1 1
stats: request 17 80.7333984375 70.84444130966772 231.363037109375 9.845947265625 0 0
stats: connect 6 19.703328450520832 40.73212936771106 110.782958984375 1.3271484375 0 0
stats: page 16 85.78260803222656 70.43019273505674 231.363037109375 9.845947265625 0 0
stats: 302 5 5
stats: 200 12 12
stats: size_rcv 203976 203976
stats: size_sent 10011 10011
stats: connected 5 5
# stats: dump at 1447983858
stats: users 9 9
stats: {freemem,"tsung_controller@ip-172-30-3-15"} 1 3168.8046875 0.0 3168.8046875 3168.56640625 3168.56640625 1
stats: {load,"tsung_controller@ip-172-30-3-15"} 1 0.078125 0.0 0.078125 0.0 0.0 1
stats: {recvpackets,"tsung_controller@ip-172-30-3-15"} 1 190 0 190 190 0 0
stats: {sentpackets,"tsung_controller@ip-172-30-3-15"} 1 154 0 154 154 0 0
stats: {cpu,"tsung_controller@ip-172-30-3-15"} 1 2.2660098522167487 0.0 4.198333184314427 2.2660098522167487 4.198333184314427 1
stats: session 5 10882.098828125 1343.7217157355017 12705.2509765625 3559.093994140625 3559.093994140625 1
stats: users_count 9 15
stats: finish_users_count 5 6
stats: request 47 90.65831740359044 106.50351518891024 578.64599609375 8.81884765625 80.7333984375 17
stats: connect 9 1.4425726996527777 0.2210630343197023 110.782958984375 1.2109375 19.703328450520832 6
stats: page 46 92.62999957540761 106.86045508918122 578.64599609375 9.843994140625 85.78260803222656 16
stats: 302 21 26
stats: 200 26 38
stats: size_rcv 340346 544322
stats: size_sent 35901 45912
stats: connected 4 9
# stats: dump at 1447983868
stats: users 10 11
stats: {freemem,"tsung_controller@ip-172-30-3-15"} 1 3167.6171875 0.0 3168.8046875 3167.6171875 3168.685546875 2
stats: {load,"tsung_controller@ip-172-30-3-15"} 1 0.05859375 0.0 0.078125 0.0 0.0390625 2
stats: {recvpackets,"tsung_controller@ip-172-30-3-15"} 1 365.0 0.0 365 190 190.0 1
stats: {sentpackets,"tsung_controller@ip-172-30-3-15"} 1 322.0 0.0 322 154 154.0 1
stats: {cpu,"tsung_controller@ip-172-30-3-15"} 1 1.6765285996055226 0.0 4.198333184314427 1.6765285996055226 3.232171518265588 2
stats: session 7 7736.257568359375 3306.2292472394106 12705.2509765625 2163.111083984375 9661.598022460938 6
stats: users_count 8 23
stats: finish_users_count 7 13
stats: request 52 148.87845552884613 172.40724670817045 777.767822265625 8.81884765625 88.02201080322267 64
stats: connect 8 1.457366943359375 0.21161119951074114 110.782958984375 1.126953125 8.746875 15
stats: page 46 168.3041886039402 199.96918391441602 1019.522216796875 9.843994140625 90.86293079007056 62
stats: 302 26 52
stats: 200 26 64
stats: size_rcv 503923 1048245
stats: size_sent 43381 89293
stats: connected 1 10
# stats: dump at 1447983878
stats: users 10 12
stats: {freemem,"tsung_controller@ip-172-30-3-15"} 1 3167.109375 0.0 3168.8046875 3167.109375 3168.3294270833335 3
stats: {load,"tsung_controller@ip-172-30-3-15"} 1 0.05078125 0.0 0.078125 0.0 0.045572916666666664 3
stats: {recvpackets,"tsung_controller@ip-172-30-3-15"} 1 692.0 0.0 692 190 277.5 2
stats: {sentpackets,"tsung_controller@ip-172-30-3-15"} 1 498.0 0.0 498 154 238.0 2
stats: {cpu,"tsung_controller@ip-172-30-3-15"} 1 1.7733990147783252 0.0 4.198333184314427 1.6765285996055226 2.7136238787122324 3
stats: session 10 9513.361645507812 4991.153003041635 19168.0849609375 2163.111083984375 8624.876239483174 13
stats: users_count 10 33
stats: finish_users_count 10 23
stats: request 61 190.76562099769467 236.88234404386768 889.906982421875 8.81884765625 115.30248602505388 116
stats: connect 10 1.5308349609375 0.265078263556784 110.782958984375 1.126953125 6.211393936820652 23
stats: page 55 211.580908203125 257.0576809592167 1019.522216796875 9.595947265625 123.84717022931135 108
stats: 302 24 76
stats: 200 37 101
stats: size_rcv 991686 2039931
stats: size_sent 46890 136183
stats: connected 0 10
# stats: dump at 1447983888
stats: users 15 15
stats: {freemem,"tsung_controller@ip-172-30-3-15"} 1 3166.8828125 0.0 3168.8046875 3166.8828125 3168.0244140625 4
stats: {load,"tsung_controller@ip-172-30-3-15"} 1 0.05078125 0.0 0.078125 0.0 0.046875 4
stats: {recvpackets,"tsung_controller@ip-172-30-3-15"} 1 659.0 0.0 692 190 415.6666666666667 3
stats: {sentpackets,"tsung_controller@ip-172-30-3-15"} 1 469.0 0.0 498 154 324.6666666666667 3
stats: {cpu,"tsung_controller@ip-172-30-3-15"} 1 1.7733990147783252 0.0 4.198333184314427 1.6765285996055226 2.478567662728756 4
stats: session 9 11299.082058376736 4034.1323661977035 19768.60302734375 2163.111083984375 9011.174242102581 23
stats: users_count 14 47
stats: finish_users_count 9 32
stats: request 56 189.8297031947545 213.5363337732682 952.02294921875 8.81884765625 141.30955513991879 177
stats: connect 12 1.3736572265625 0.20776442495135625 110.782958984375 1.0322265625 4.793042732007576 33
stats: page 49 216.95423608896684 241.39002380250702 1019.522216796875 9.595947265625 153.45057874808282 163
stats: 302 27 103
stats: 200 29 130
stats: size_rcv 427539 2467470
stats: size_sent 46579 182762
stats: connected 3 13
# stats: dump at 1447983898
stats: users 10 15
stats: {freemem,"tsung_controller@ip-172-30-3-15"} 1 3166.7734375 0.0 3168.8046875 3166.7734375 3167.79609375 5
stats: {load,"tsung_controller@ip-172-30-3-15"} 1 0.0390625 0.0 0.078125 0.0 0.04765625 5
stats: {recvpackets,"tsung_controller@ip-172-30-3-15"} 1 804.0 0.0 804 190 476.5 4
stats: {sentpackets,"tsung_controller@ip-172-30-3-15"} 1 605.0 0.0 605 154 360.75 4
stats: {cpu,"tsung_controller@ip-172-30-3-15"} 1 1.9723865877712032 0.0 4.198333184314427 1.6765285996055226 2.33753393313867 5
stats: session 14 8626.542323521204 4158.827529115546 19768.60302734375 2163.111083984375 9654.648315429688 32
stats: users_count 9 56
stats: finish_users_count 14 46
stats: request 80 220.7789093017578 327.10708969500206 1768.531005859375 8.81884765625 152.97104995138145 233
stats: connect 11 2.1144575639204546 2.2126872201884895 110.782958984375 1.0322265625 3.881206597222222 45
stats: page 74 238.68389067778708 342.65889738646746 1768.531005859375 9.468994140625 168.12831086932488 212
stats: 302 34 137
stats: 200 46 176
stats: size_rcv 1246791 3714261
stats: size_sent 63917 246679
stats: connected -2 11
# stats: dump at 1447983908
stats: users 21 21
stats: {freemem,"tsung_controller@ip-172-30-3-15"} 1 3166.41796875 0.0 3168.8046875 3166.41796875 3167.6256510416665 6
stats: {load,"tsung_controller@ip-172-30-3-15"} 1 0.03125 0.0 0.078125 0.0 0.046223958333333336 6
stats: {recvpackets,"tsung_controller@ip-172-30-3-15"} 1 753.0 0.0 804 190 542.0 5
stats: {sentpackets,"tsung_controller@ip-172-30-3-15"} 1 532.0 0.0 605 154 409.6 5
stats: {cpu,"tsung_controller@ip-172-30-3-15"} 1 2.06286836935167 0.0 4.198333184314427 1.6765285996055226 2.276676042244092 6
stats: session 9 9893.699598524305 4150.014082861872 19768.60302734375 2163.111083984375 9341.746491805367 46
stats: users_count 20 76
stats: finish_users_count 9 55
stats: request 80 191.7051361083984 211.54770124262748 1768.531005859375 8.81884765625 170.30213221345846 313
stats: connect 19 3.120849609375 6.312664469156199 110.782958984375 0.9599609375 3.5341666085379466 56
stats: page 70 219.09756556919643 234.60887690731272 1768.531005859375 9.468994140625 186.38395040018574 286
stats: 302 29 166
stats: 200 51 227
stats: size_rcv 1062431 4776692
stats: newphase 1 1
stats: size_sent 60126 306805
stats: connected 9 20
# stats: dump at 1447983918
stats: users 24 28
stats: {freemem,"tsung_controller@ip-172-30-3-15"} 1 3165.69921875 0.0 3168.8046875 3165.69921875 3167.453125 7
stats: {load,"tsung_controller@ip-172-30-3-15"} 1 0.03125 0.0 0.078125 0.0 0.04408482142857143 7
stats: {recvpackets,"tsung_controller@ip-172-30-3-15"} 1 1206.0 0.0 1206 190 577.1666666666666 6
stats: {sentpackets,"tsung_controller@ip-172-30-3-15"} 1 874.0 0.0 874 154 430.0 6
stats: {cpu,"tsung_controller@ip-172-30-3-15"} 1 2.073050345508391 0.0 4.198333184314427 1.6765285996055226 2.246132088973746 7
stats: session 17 10766.996323529413 6924.0432898674735 31999.532958984375 2163.111083984375 9432.066091086648 55
stats: users_count 20 96
stats: finish_users_count 17 72
stats: request 130 353.77566669170665 423.2691953758622 2291.05615234375 8.81884765625 174.65897779003657 393
stats: connect 20 1.4039794921875 0.17770358814583995 110.782958984375 0.9599609375 3.429459635416667 75
stats: page 111 414.3399977125563 453.2745944939367 2291.05615234375 9.468994140625 192.81640282105863 356
stats: 302 58 224
stats: 200 72 299
stats: size_rcv 1756577 6533269
stats: newphase 0 1
stats: size_sent 106292 413097
stats: connected 4 24
# stats: dump at 1447983928
stats: users 28 28
stats: {freemem,"tsung_controller@ip-172-30-3-15"} 1 3163.11328125 0.0 3168.8046875 3163.11328125 3167.23388671875 8
stats: {load,"tsung_controller@ip-172-30-3-15"} 1 0.01953125 0.0 0.078125 0.0 0.04248046875 8
stats: {recvpackets,"tsung_controller@ip-172-30-3-15"} 1 1481.0 0.0 1481 190 667.0 7
stats: {sentpackets,"tsung_controller@ip-172-30-3-15"} 1 1182.0 0.0 1182 154 493.42857142857144 7
stats: {cpu,"tsung_controller@ip-172-30-3-15"} 1 13.06005719733079 0.0 13.06005719733079 1.6765285996055226 2.224496871040577 8
stats: session 17 12327.85661764706 4834.569537360138 31999.532958984375 2163.111083984375 9747.257951524523 72
stats: users_count 21 117
stats: finish_users_count 17 89
stats: request 100 698.5759619140625 965.032448600122 3874.55419921875 8.81884765625 219.18129051894118 523
stats: connect 20 1.45146484375 0.18584590867891018 110.782958984375 0.9599609375 3.003042763157895 95
stats: page 88 780.2770607688212 1057.5762871445475 3874.55419921875 9.468994140625 245.46976263466942 467
stats: 302 43 267
stats: 200 57 356
stats: size_rcv 1436474 7969743
stats: newphase 0 1
stats: size_sent 84104 497201
stats: connected 2 26
# stats: dump at 1447983938
stats: users 33 33
stats: {freemem,"tsung_controller@ip-172-30-3-15"} 1 3161.5546875 0.0 3168.8046875 3161.5546875 3166.7760416666665 9
stats: {load,"tsung_controller@ip-172-30-3-15"} 1 0.01953125 0.0 0.078125 0.0 0.03993055555555555 9
stats: {recvpackets,"tsung_controller@ip-172-30-3-15"} 1 1524.0 0.0 1524 190 768.75 8
stats: {sentpackets,"tsung_controller@ip-172-30-3-15"} 1 1070.0 0.0 1182 154 579.5 8
stats: {cpu,"tsung_controller@ip-172-30-3-15"} 1 2.366863905325444 0.0 13.06005719733079 1.6765285996055226 3.428448018406156 9
stats: session 18 13554.309461805555 6346.235245240911 31999.532958984375 2163.111083984375 10240.181292244557 89
stats: users_count 23 140
stats: finish_users_count 18 107
stats: request 146 512.2857147634845 806.5897638267828 4407.18408203125 8.81884765625 296.130675975622 623
stats: connect 23 1.3878439198369565 0.20574280794157912 110.782958984375 0.9599609375 2.733203125 115
stats: page 135 562.8735387731482 871.4408569028162 4407.18408203125 9.468994140625 330.2680369334178 555
stats: 302 64 331
stats: 200 82 438
stats: size_rcv 1383358 9353101
stats: newphase 0 1
stats: size_sent 117363 614564
stats: connected 5 31
# stats: dump at 1447983948
stats: users 20 34
stats: {freemem,"tsung_controller@ip-172-30-3-15"} 1 3160.95703125 0.0 3168.8046875 3160.95703125 3166.25390625 10
stats: {load,"tsung_controller@ip-172-30-3-15"} 1 0.01953125 0.0 0.078125 0.0 0.037890625 10
stats: {recvpackets,"tsung_controller@ip-172-30-3-15"} 1 1414.0 0.0 1524 190 852.6666666666666 9
stats: {sentpackets,"tsung_controller@ip-172-30-3-15"} 1 1061.0 0.0 1182 154 634.0 9
stats: {cpu,"tsung_controller@ip-172-30-3-15"} 1 2.1847070506454815 0.0 13.06005719733079 1.6765285996055226 3.322289607098085 10
stats: session 28 12597.454537527901 5230.073187690387 31999.532958984375 2163.111083984375 10797.698180581921 107
stats: users_count 15 155
stats: finish_users_count 28 135
stats: request 120 1096.7166829427078 1259.6588698798173 5176.382080078125 8.81884765625 337.1692138989353 769
stats: connect 15 1.3722493489583334 0.18319432450525874 110.782958984375 0.9599609375 2.508976590806159 138
stats: page 105 1253.396198381696 1333.4302274389204 5483.529052734375 9.468994140625 375.7778090324955 690
stats: 302 57 388
stats: 200 63 501
stats: size_rcv 1987371 11340472
stats: newphase 0 1
stats: size_sent 95926 710490
stats: connected -13 18
# stats: dump at 1447983958
stats: users 29 34
stats: {freemem,"tsung_controller@ip-172-30-3-15"} 1 3161.0 0.0 3168.8046875 3160.95703125 3165.772372159091 11
stats: {load,"tsung_controller@ip-172-30-3-15"} 1 0.01171875 0.0 0.078125 0.0 0.03622159090909091 11
stats: {recvpackets,"tsung_controller@ip-172-30-3-15"} 1 1767.0 0.0 1767 190 908.8 10
stats: {sentpackets,"tsung_controller@ip-172-30-3-15"} 1 1143.0 0.0 1182 154 676.7 10
stats: {cpu,"tsung_controller@ip-172-30-3-15"} 1 2.3692003948667324 0.0 13.06005719733079 1.6765285996055226 3.2188730110569392 11
stats: session 15 13787.609749348958 6511.347595169113 31999.532958984375 2163.111083984375 11170.980980541088 135
stats: users_count 24 179
stats: finish_users_count 15 150
stats: request 133 333.4618222803102 415.305107393431 5176.382080078125 8.81884765625 439.6953064582747 889
stats: connect 26 1.3319749098557692 0.1739163491565559 110.782958984375 0.9599609375 2.397532743566176 153
stats: page 125 345.26838281250014 422.2680292015021 5483.529052734375 9.468994140625 491.68967177672954 795
stats: 302 57 445
stats: 200 76 577
stats: size_rcv 1166810 12507282
stats: newphase 0 1
stats: size_sent 104602 815092
stats: connected 12 30
# stats: dump at 1447983968
stats: users 35 36
stats: {freemem,"tsung_controller@ip-172-30-3-15"} 1 3160.85546875 0.0 3168.8046875 3160.85546875 3165.3746744791665 12
stats: {load,"tsung_controller@ip-172-30-3-15"} 1 0.01171875 0.0 0.078125 0.0 0.0341796875 12
stats: {recvpackets,"tsung_controller@ip-172-30-3-15"} 1 1099.0 0.0 1767 190 986.8181818181819 11
stats: {sentpackets,"tsung_controller@ip-172-30-3-15"} 1 907.0 0.0 1182 154 719.0909090909091 11
stats: {cpu,"tsung_controller@ip-172-30-3-15"} 1 2.9469548133595285 0.0 13.06005719733079 1.6765285996055226 3.148066959707755 12
stats: session 21 12696.392985026041 5114.075256210442 31999.532958984375 2163.111083984375 11432.643857421876 150
stats: users_count 27 206
stats: finish_users_count 21 171
stats: request 117 897.2277665097489 1235.8873110715112 5519.29296875 8.5849609375 425.8704009830601 1022
stats: connect 26 1.5001408503605769 0.5744406229988065 110.782958984375 0.9599609375 2.2427589800104744 179
stats: page 112 947.9295697893415 1309.7363533258024 5519.29296875 8.5849609375 471.7954749065897 920
stats: 302 55 500
stats: 200 62 639
stats: size_rcv 1372191 13879473
stats: newphase 1 2
stats: size_sent 93255 908347
stats: connected 4 34
# stats: dump at 1447983978
stats: users 51 51
stats: {freemem,"tsung_controller@ip-172-30-3-15"} 1 3160.90625 0.0 3168.8046875 3160.85546875 3165.027043269231 13
stats: {load,"tsung_controller@ip-172-30-3-15"} 1 0.01171875 0.0 0.078125 0.0 0.03245192307692308 13
stats: {recvpackets,"tsung_controller@ip-172-30-3-15"} 1 1675.0 0.0 1767 190 996.1666666666666 12
stats: {sentpackets,"tsung_controller@ip-172-30-3-15"} 1 1258.0 0.0 1258 154 734.75 12
stats: {cpu,"tsung_controller@ip-172-30-3-15"} 1 2.5742574257425743 0.0 13.06005719733079 1.6765285996055226 3.132596794604045 13
stats: session 19 13636.687371504935 5788.377206167105 31999.532958984375 2163.111083984375 11587.841118706598 171
stats: users_count 35 241
stats: finish_users_count 19 190
stats: request 174 917.6254995061065 912.9751294781163 5519.29296875 8.5849609375 474.28902413198256 1139
stats: connect 36 1.4368828667534723 0.2364154404691367 110.782958984375 0.9599609375 2.148573266006097 205
stats: page 160 997.9212539672853 955.5293306942855 5519.29296875 8.5849609375 523.4689425682836 1032
stats: 302 69 569
stats: 200 105 744
stats: size_rcv 1923612 15803085
stats: newphase 0 2
stats: size_sent 134887 1043234
stats: connected 17 51
# stats: dump at 1447983988
stats: users 79 79
stats: {freemem,"tsung_controller@ip-172-30-3-15"} 1 3157.171875 0.0 3168.8046875 3157.171875 3164.7327008928573 14
stats: {load,"tsung_controller@ip-172-30-3-15"} 1 0.01171875 0.0 0.078125 0.0 0.030970982142857147 14
stats: {recvpackets,"tsung_controller@ip-172-30-3-15"} 1 1875.0 0.0 1875 190 1048.3846153846155 13
stats: {sentpackets,"tsung_controller@ip-172-30-3-15"} 1 1545.0 0.0 1545 154 775.0 13
stats: {cpu,"tsung_controller@ip-172-30-3-15"} 1 13.79638439581351 0.0 13.79638439581351 1.6765285996055226 3.09271541111394 14
stats: session 23 15317.057797639267 4646.003015959559 31999.532958984375 2163.111083984375 11792.725743986432 190
stats: users_count 51 292
stats: finish_users_count 23 213
stats: request 182 1506.8874082460509 1323.5651104061058 6362.007080078125 8.5849609375 533.0403925364742 1313
stats: connect 51 1.4578019684436274 0.20244075418976512 110.782958984375 0.9599609375 2.0422626669476136 241
stats: page 164 1545.5797937904915 1415.1826570539524 6362.007080078125 8.5849609375 587.1538165815724 1192
stats: 302 77 646
stats: 200 105 849
stats: size_rcv 1799028 17602113
stats: newphase 0 2
stats: size_sent 159647 1202881
stats: connected 28 79
# stats: dump at 1447983998
stats: users 117 117
stats: {freemem,"tsung_controller@ip-172-30-3-15"} 1 3155.359375 0.0 3168.8046875 3155.359375 3164.2286458333333 15
stats: {load,"tsung_controller@ip-172-30-3-15"} 1 0.01171875 0.0 0.078125 0.0 0.029687500000000002 15
stats: {recvpackets,"tsung_controller@ip-172-30-3-15"} 1 1858.0 0.0 1875 190 1107.4285714285716 14
stats: {sentpackets,"tsung_controller@ip-172-30-3-15"} 1 1530.0 0.0 1545 154 830.0 14
stats: {cpu,"tsung_controller@ip-172-30-3-15"} 1 3.8385826771653546 0.0 13.79638439581351 1.6765285996055226 3.8062933434272446 15
stats: session 21 18608.229933965773 5869.487975037334 31999.532958984375 2163.111083984375 12173.287421141433 213
stats: users_count 59 351
stats: finish_users_count 21 234
stats: request 193 2896.771103616823 1679.741276715176 8411.969970703125 8.5849609375 651.5956814054662 1495
stats: connect 56 1.393214634486607 0.20004207410442204 110.782958984375 0.9541015625 1.9401822024828763 292
stats: page 173 3158.363035698156 2170.784865415954 12393.009033203125 8.5849609375 703.0696427336836 1356
stats: 302 77 723
stats: 200 116 965
stats: size_rcv 1600715 19202828
stats: newphase 1 3
stats: size_sent 151735 1354616
stats: connected 35 114
# stats: dump at 1447984008
stats: users 176 176
stats: {freemem,"tsung_controller@ip-172-30-3-15"} 1 3151.109375 0.0 3168.8046875 3151.109375 3163.67431640625 16
stats: {load,"tsung_controller@ip-172-30-3-15"} 1 0.01171875 0.0 0.078125 0.0 0.028564453125000003 16
stats: {recvpackets,"tsung_controller@ip-172-30-3-15"} 1 2114.0 0.0 2114 190 1157.4666666666667 15
stats: {sentpackets,"tsung_controller@ip-172-30-3-15"} 1 1825.0 0.0 1825 154 876.6666666666666 15
stats: {cpu,"tsung_controller@ip-172-30-3-15"} 1 4.990215264187866 0.0 13.79638439581351 1.6765285996055226 3.8083114267858766 16
stats: session 21 23342.325997488842 6846.709567644071 37167.882080078125 2163.111083984375 12750.782262035924 234
stats: users_count 80 431
stats: finish_users_count 21 255
stats: request 196 4356.283438546315 1683.5769804374934 8784.410888671875 8.5849609375 908.3011651061722 1688
stats: connect 81 1.3432134934413584 0.20258216531336634 110.782958984375 0.91796875 1.8521644329202582 348
stats: page 174 4716.6744398796745 2170.278283509902 13360.94287109375 8.5849609375 980.8758932129863 1529
stats: 302 63 786
stats: 200 133 1098
stats: size_rcv 2623791 21826619
stats: newphase 0 3
stats: size_sent 156849 1511465
stats: connected 60 174
# stats: dump at 1447984018
stats: users 232 232
stats: {freemem,"tsung_controller@ip-172-30-3-15"} 1 3145.43359375 0.0 3168.8046875 3145.43359375 3162.9352022058824 17
stats: {load,"tsung_controller@ip-172-30-3-15"} 1 0.01171875 0.0 0.078125 0.0 0.02757352941176471 17
stats: {recvpackets,"tsung_controller@ip-172-30-3-15"} 1 2726.0 0.0 2726 190 1217.25 16
stats: {sentpackets,"tsung_controller@ip-172-30-3-15"} 1 2166.0 0.0 2166 154 935.9375 16
stats: {cpu,"tsung_controller@ip-172-30-3-15"} 1 4.901960784313726 0.0 13.79638439581351 1.6765285996055226 3.8778351819271704 17
stats: session 12 30110.019205729168 5287.319821999258 38760.462890625 2163.111083984375 13623.027040249694 255
stats: users_count 68 499
stats: finish_users_count 12 267
stats: request 225 6304.621503906248 2132.129732264289 12675.81103515625 1.72998046875 1267.0084504534482 1884
stats: connect 70 1.3579310825892856 0.19303540917018663 110.782958984375 0.91796875 1.7560688009906757 429
stats: page 199 6829.625225738066 2986.626141423181 16638.56787109375 1.72998046875 1362.5722802476332 1703
stats: 302 78 864
stats: 200 142 1240
stats: size_rcv 2989572 24816191
stats: newphase 0 3
stats: size_sent 199683 1711148
stats: connected 58 232
stats: 503 5 5
# stats: dump at 1447984028
stats: users 317 319
stats: {freemem,"tsung_controller@ip-172-30-3-15"} 1 3138.43359375 0.0 3168.8046875 3138.43359375 3161.962890625 18
stats: {load,"tsung_controller@ip-172-30-3-15"} 1 0.0 0.0 0.078125 0.0 0.026692708333333336 18
stats: {recvpackets,"tsung_controller@ip-172-30-3-15"} 1 2953.0 0.0 2953 190 1306.0 17
stats: {sentpackets,"tsung_controller@ip-172-30-3-15"} 1 2274.0 0.0 2274 154 1008.2941176470588 17
stats: {cpu,"tsung_controller@ip-172-30-3-15"} 1 4.724409448818897 0.0 13.79638439581351 1.6765285996055226 3.9347310487264235 18
stats: session 47 29799.48532039561 12135.922107947037 50780.549072265625 394.973876953125 14364.015452181355 267
stats: users_count 132 631
stats: finish_users_count 47 314
stats: request 496 3261.1329330936555 4221.396464415686 14884.658935546875 1.208984375 1804.449387877289 2109
stats: connect 132 1.3297489050662876 0.2981862430872027 110.782958984375 0.916015625 1.7002178184493986 499
stats: page 440 3572.460906427556 4800.80892265685 21233.8759765625 1.310791015625 1934.5720363741295 1902
stats: 302 77 941
stats: 200 124 1364
stats: size_rcv 2373156 27189347
stats: newphase 1 4
stats: size_sent 320479 2031627
stats: connected 85 317
stats: 503 295 300
# stats: dump at 1447984038
stats: users 366 373
stats: {freemem,"tsung_controller@ip-172-30-3-15"} 1 3132.01171875 0.0 3168.8046875 3132.01171875 3160.7245065789475 19
stats: {load,"tsung_controller@ip-172-30-3-15"} 1 0.0 0.0 0.078125 0.0 0.025287828947368425 19
stats: {recvpackets,"tsung_controller@ip-172-30-3-15"} 1 3165.0 0.0 3165 190 1397.5 18
stats: {sentpackets,"tsung_controller@ip-172-30-3-15"} 1 2986.0 0.0 2986 154 1078.611111111111 18
stats: {cpu,"tsung_controller@ip-172-30-3-15"} 1 8.695652173913043 0.0 13.79638439581351 1.6765285996055226 3.9762930697839223 19
stats: session 118 24948.008913201804 13673.696851070505 54029.447998046875 50.630126953125 16674.420177678392 314
stats: users_count 167 798
stats: finish_users_count 118 432
stats: request 937 2655.451186987229 4529.259636208469 14924.212158203125 1.208984375 2081.8064083868157 2605
stats: connect 167 1.3293033074476048 0.6771370291061236 110.782958984375 0.916015625 1.622718774762282 631
stats: page 849 2869.285613186931 5133.706937118458 22754.87109375 1.2568359375 2242.288134932416 2342
stats: 302 88 1029
stats: 200 158 1522
stats: size_rcv 2932550 30121897
stats: newphase 0 4
stats: size_sent 551847 2583474
stats: connected 50 367
stats: 503 691 991
# stats: dump at 1447984048
stats: users 363 381
stats: {freemem,"tsung_controller@ip-172-30-3-15"} 1 3126.4296875 0.0 3168.8046875 3126.4296875 3159.2888671875 20
stats: {load,"tsung_controller@ip-172-30-3-15"} 1 0.0 0.0 0.078125 0.0 0.0240234375 20
stats: {recvpackets,"tsung_controller@ip-172-30-3-15"} 1 4076.0 0.0 4076 190 1490.5263157894738 19
stats: {sentpackets,"tsung_controller@ip-172-30-3-15"} 1 4194.0 0.0 4194 154 1179.0 19
stats: {cpu,"tsung_controller@ip-172-30-3-15"} 1 11.67953667953668 0.0 13.79638439581351 1.6765285996055226 4.2122610249903785 20
stats: session 154 23346.30928336801 13996.841824601555 62289.595947265625 24.60693359375 18934.33561932599 432
stats: users_count 151 949
stats: finish_users_count 154 586
stats: request 1064 1861.6289110685655 3512.4386672617106 14924.212158203125 1.19384765625 2233.558287988337 3542
stats: connect 151 1.282912096440398 0.21132534005835354 110.782958984375 0.883056640625 1.5613147859884084 798
stats: page 957 2102.391465078453 4255.198843826944 24683.001953125 1.236083984375 2409.1075830797317 3191
stats: 302 116 1145
stats: 200 123 1645
stats: size_rcv 2480187 32602084
stats: newphase 0 4
stats: size_sent 667071 3250545
stats: connected -3 364
stats: 503 825 1816
# stats: dump at 1447984058
stats: users 302 381
stats: {freemem,"tsung_controller@ip-172-30-3-15"} 1 3125.3125 0.0 3168.8046875 3125.3125 3157.724144345238 21
stats: {load,"tsung_controller@ip-172-30-3-15"} 1 0.0 0.0 0.078125 0.0 0.022879464285714284 21
stats: {recvpackets,"tsung_controller@ip-172-30-3-15"} 1 3750.0 0.0 4076 190 1619.8 20
stats: {sentpackets,"tsung_controller@ip-172-30-3-15"} 1 3865.0 0.0 4194 154 1329.75 20
stats: {cpu,"tsung_controller@ip-172-30-3-15"} 1 10.970873786407767 0.0 13.79638439581351 1.6765285996055226 4.567845579968774 21
stats: session 133 25140.27202588992 14301.709642832779 66930.38989257813 24.60693359375 20093.796275063993 586
stats: users_count 72 1021
stats: finish_users_count 133 719
stats: request 784 2947.5826089041543 4039.672754602685 15239.738037109375 1.19287109375 2147.6414714354414 4606
stats: connect 72 1.4391309950086806 0.9178458677848932 110.782958984375 0.883056640625 1.5170167816451527 949
stats: page 722 3296.4724993507607 4779.129557076352 24683.001953125 1.220947265625 2338.344004264104 4148
stats: 302 167 1312
stats: 200 119 1764
stats: size_rcv 2368727 34970811
stats: newphase 1 5
stats: size_sent 535762 3786307
stats: connected -62 302
stats: 503 498 2314
# stats: dump at 1447984068
stats: users 234 381
stats: {freemem,"tsung_controller@ip-172-30-3-15"} 1 3120.5703125 0.0 3168.8046875 3120.5703125 3156.250887784091 22
stats: {load,"tsung_controller@ip-172-30-3-15"} 1 0.0 0.0 0.078125 0.0 0.021839488636363633 22
stats: {recvpackets,"tsung_controller@ip-172-30-3-15"} 1 2999.0 0.0 4076 190 1721.2380952380952 21
stats: {sentpackets,"tsung_controller@ip-172-30-3-15"} 1 2817.0 0.0 4194 154 1450.4761904761904 21
stats: {cpu,"tsung_controller@ip-172-30-3-15"} 1 11.692015209125476 0.0 13.79638439581351 1.6765285996055226 4.8588923166250915 22
stats: session 80 30144.135552978514 11638.661020588059 70294.251953125 24.60693359375 21027.289007831514 719
stats: users_count 12 1033
stats: finish_users_count 80 799
stats: request 330 5784.223059451943 3249.9660079130563 15239.738037109375 1.19287109375 2263.9965459763453 5390
stats: connect 11 2.151633522727273 2.2776533647230615 110.782958984375 0.883056640625 1.511524346152669 1021
stats: page 310 6242.474440051664 3986.0459966208823 24683.001953125 1.220947265625 2480.390980332393 4870
stats: 302 183 1495
stats: 200 73 1837
stats: size_rcv 1218318 36189129
stats: newphase 0 5
stats: size_sent 258818 4045125
stats: connected -67 235
stats: 503 75 2389
# stats: dump at 1447984078
stats: users 176 381
stats: {freemem,"tsung_controller@ip-172-30-3-15"} 1 3123.85546875 0.0 3168.8046875 3120.5703125 3154.699558423913 23
stats: {load,"tsung_controller@ip-172-30-3-15"} 1 0.21875 0.0 0.21875 0.0 0.02088994565217391 23
stats: {recvpackets,"tsung_controller@ip-172-30-3-15"} 1 2230.0 0.0 4076 190 1779.3181818181818 22
stats: {sentpackets,"tsung_controller@ip-172-30-3-15"} 1 1815.0 0.0 4194 154 1512.590909090909 22
stats: {cpu,"tsung_controller@ip-172-30-3-15"} 1 9.671179883945841 0.0 13.79638439581351 1.6765285996055226 5.155984616299022 23
stats: session 77 37789.4295828683 11435.662946237257 71890.09008789063 24.60693359375 21940.114694454493 799
stats: users_count 19 1052
stats: finish_users_count 77 876
stats: request 262 7182.082297754652 2082.501868564176 15239.738037109375 1.19287109375 2467.086537138399 5720
stats: connect 20 1.3571044921875 0.1953625897073854 110.782958984375 0.883056640625 1.5183472152828246 1032
stats: page 251 7719.433941966509 2934.4504494380058 24683.001953125 1.220947265625 2705.5349711650138 5180
stats: 302 173 1668
stats: 200 87 1924
stats: size_rcv 2238906 38428035
stats: newphase 0 5
stats: size_sent 193760 4238885
stats: connected -56 179
stats: 503 1 2390
# stats: dump at 1447984088
stats: users 134 381
stats: {freemem,"tsung_controller@ip-172-30-3-15"} 1 3123.7265625 0.0 3168.8046875 3120.5703125 3153.4143880208335 24
stats: {load,"tsung_controller@ip-172-30-3-15"} 1 0.1796875 0.0 0.21875 0.0 0.02913411458333333 24
stats: {recvpackets,"tsung_controller@ip-172-30-3-15"} 1 2430.0 0.0 4076 190 1798.9130434782608 23
stats: {sentpackets,"tsung_controller@ip-172-30-3-15"} 1 1808.0 0.0 4194 154 1525.7391304347825 23
stats: {cpu,"tsung_controller@ip-172-30-3-15"} 1 14.516129032258066 0.0 14.516129032258066 1.6765285996055226 5.344117752450973 24
stats: session 59 43336.20559123411 9635.454537083135 74743.203125 24.60693359375 23333.26223601598 876
stats: users_count 17 1069
stats: finish_users_count 59 935
stats: request 185 7287.1072371199325 1561.5648766525587 15904.662841796875 1.19287109375 2673.594208365657 5982
stats: connect 17 1.603616153492647 0.48463868565269763 110.782958984375 0.883056640625 1.5152817642734078 1052
stats: page 170 7683.200992359834 2421.8066101507034 24683.001953125 1.220947265625 2937.2581605723376 5431
stats: 302 107 1775
stats: 200 78 2002
stats: size_rcv 2238966 40667001
stats: newphase 0 5
stats: size_sent 139333 4378218
stats: connected -41 138
stats: 503 0 2390
# stats: dump at 1447984098
stats: users 89 381
stats: {freemem,"tsung_controller@ip-172-30-3-15"} 1 3123.73828125 0.0 3168.8046875 3120.5703125 3152.226875 25
stats: {load,"tsung_controller@ip-172-30-3-15"} 1 0.16015625 0.0 0.21875 0.0 0.03515624999999999 25
stats: {recvpackets,"tsung_controller@ip-172-30-3-15"} 1 1999.0 0.0 4076 190 1825.2083333333333 24
stats: {sentpackets,"tsung_controller@ip-172-30-3-15"} 1 1393.0 0.0 4194 154 1537.5 24
stats: {cpu,"tsung_controller@ip-172-30-3-15"} 1 2.66798418972332 0.0 14.516129032258066 1.6765285996055226 5.710998203643258 25
stats: session 45 47511.247010633684 7078.913718257988 74743.203125 24.60693359375 24595.480052013703 935
stats: users_count 0 1069
stats: finish_users_count 45 980
stats: request 150 7301.3797005208335 2197.97205160945 15904.662841796875 1.19287109375 2811.992118260183 6167
stats: connect 0 0 0 110.782958984375 0.883056640625 1.516686520696913 1069
stats: page 138 8151.313197039176 3047.7375204343507 24683.001953125 1.220947265625 3081.3057023334295 5601
stats: 302 72 1847
stats: 200 78 2080
stats: size_rcv 1304356 41971357
stats: newphase 0 5
stats: size_sent 102457 4480675
stats: connected -48 90
stats: 503 0 2390
# stats: dump at 1447984108
stats: users 59 381
stats: {freemem,"tsung_controller@ip-172-30-3-15"} 1 3123.95703125 0.0 3168.8046875 3120.5703125 3151.131159855769 26
stats: {load,"tsung_controller@ip-172-30-3-15"} 1 0.12890625 0.0 0.21875 0.0 0.0399639423076923 26
stats: {recvpackets,"tsung_controller@ip-172-30-3-15"} 1 1107.0 0.0 4076 190 1832.16 25
stats: {sentpackets,"tsung_controller@ip-172-30-3-15"} 1 868.0 0.0 4194 154 1531.72 25
stats: {cpu,"tsung_controller@ip-172-30-3-15"} 1 2.263779527559055 0.0 14.516129032258066 1.6765285996055226 5.593959203107875 26
stats: session 30 50439.02830403646 12840.927651360016 74743.203125 24.60693359375 25647.734657256457 980
stats: users_count 0 1069
stats: finish_users_count 30 1010
stats: request 92 6876.7419698963995 4567.871573815258 15904.662841796875 1.19287109375 2918.5946411886453 6317
stats: connect 0 0 0 110.782958984375 0.883056640625 1.516686520696913 1069
stats: page 85 7510.292468979779 5195.190861910943 24683.001953125 1.220947265625 3203.2191078517067 5739
stats: 302 54 1901
stats: 200 38 2118
stats: size_rcv 1359636 43330993
stats: newphase 0 5
stats: size_sent 67708 4548383
stats: connected -29 61
stats: 503 0 2390
# stats: dump at 1447984118
stats: users 27 381
stats: {freemem,"tsung_controller@ip-172-30-3-15"} 1 3124.15625 0.0 3168.8046875 3120.5703125 3150.1247106481483 27
stats: {load,"tsung_controller@ip-172-30-3-15"} 1 0.109375 0.0 0.21875 0.0 0.043258101851851846 27
stats: {recvpackets,"tsung_controller@ip-172-30-3-15"} 1 1429.0 0.0 4076 190 1804.2692307692307 26
stats: {sentpackets,"tsung_controller@ip-172-30-3-15"} 1 846.0 0.0 4194 154 1506.1923076923076 26
stats: {cpu,"tsung_controller@ip-172-30-3-15"} 1 2.0689655172413794 0.0 14.516129032258066 1.6765285996055226 5.470619215124585 27
stats: session 32 51396.68949127197 15106.632896427862 74743.203125 24.60693359375 26384.109716071704 1010
stats: users_count 0 1069
stats: finish_users_count 32 1042
stats: request 72 8339.376956515842 5209.692345125802 16262.27685546875 1.19287109375 2975.4131080697675 6409
stats: connect 0 0 0 110.782958984375 0.883056640625 1.516686520696913 1069
stats: page 66 9213.0849646366 6565.338055210122 24683.001953125 1.220947265625 3266.079896947841 5824
stats: 302 48 1949
stats: 200 24 2142
stats: size_rcv 869991 44200984
stats: newphase 0 5
stats: size_sent 44468 4592851
stats: connected -32 29
stats: 503 0 2390
# stats: dump at 1447984128
stats: users 16 381
stats: {freemem,"tsung_controller@ip-172-30-3-15"} 1 3123.97265625 0.0 3168.8046875 3120.5703125 3149.197265625 28
stats: {load,"tsung_controller@ip-172-30-3-15"} 1 0.08984375 0.0 0.21875 0.0 0.04561941964285714 28
stats: {recvpackets,"tsung_controller@ip-172-30-3-15"} 1 412.0 0.0 4076 190 1790.3703703703704 27
stats: {sentpackets,"tsung_controller@ip-172-30-3-15"} 1 266.0 0.0 4194 154 1481.7407407407406 27
stats: {cpu,"tsung_controller@ip-172-30-3-15"} 1 1.5810276679841897 0.0 14.516129032258066 1.5810276679841897 5.349131583057328 28
stats: session 11 57086.28437943892 10733.922328989558 74743.203125 24.60693359375 27152.250361759237 1042
stats: users_count 0 1069
stats: finish_users_count 11 1053
stats: request 42 4690.958705357141 1712.7686278300669 16262.27685546875 1.19287109375 3035.003510336103 6481
stats: connect 0 0 0 110.782958984375 0.883056640625 1.516686520696913 1069
stats: page 34 6600.876134535845 3768.2249795086623 24683.001953125 1.220947265625 3332.718663410907 5890
stats: 302 20 1969
stats: 200 22 2164
stats: size_rcv 561546 44762530
stats: newphase 0 5
stats: size_sent 40985 4633836
stats: connected -13 16
stats: 503 0 2390
# stats: dump at 1447984138
stats: users 0 381
stats: {freemem,"tsung_controller@ip-172-30-3-15"} 1 3126.59375 0.0 3168.8046875 3120.5703125 3148.3274515086205 29
stats: {load,"tsung_controller@ip-172-30-3-15"} 1 0.078125 0.0 0.21875 0.0 0.04714439655172413 29
stats: {recvpackets,"tsung_controller@ip-172-30-3-15"} 1 764.0 0.0 4076 190 1741.142857142857 28
stats: {sentpackets,"tsung_controller@ip-172-30-3-15"} 1 496.0 0.0 4194 154 1438.3214285714287 28
stats: {cpu,"tsung_controller@ip-172-30-3-15"} 1 1.4792899408284024 0.0 14.516129032258066 1.4792899408284024 5.2191969652961845 29
stats: session 16 57504.06384277344 6578.624638448521 74743.203125 24.60693359375 27464.951571820468 1053
stats: users_count 0 1069
stats: finish_users_count 16 1069
stats: request 20 6547.479895019531 2865.4677082247417 16262.27685546875 1.19287109375 3045.6658004159563 6523
stats: connect 0 0 0 110.782958984375 0.883056640625 1.516686520696913 1069
stats: page 20 7185.471484375 3454.90886379744 24683.001953125 1.220947265625 3351.4758129750944 5924
stats: 302 9 1978
stats: 200 11 2175
stats: size_rcv 1505202 46267732
stats: newphase 0 5
stats: size_sent 6194 4640030
stats: connected -16 0
stats: 503 0 2390
# stats: dump at 1447984142
stats: users 0 381
stats: {freemem,"tsung_controller@ip-172-30-3-15"} 1 3126.65625 0.0 3168.8046875 3120.5703125 3147.602994791667 30
stats: {load,"tsung_controller@ip-172-30-3-15"} 1 0.0703125 0.0 0.21875 0.0 0.04817708333333333 30
stats: {recvpackets,"tsung_controller@ip-172-30-3-15"} 1 702.0 0.0 4076 190 1707.448275862069 29
stats: {sentpackets,"tsung_controller@ip-172-30-3-15"} 1 476.0 0.0 4194 154 1405.8275862068965 29
stats: {cpu,"tsung_controller@ip-172-30-3-15"} 1 12.106768350810295 0.0 14.516129032258066 1.4792899408284024 5.094533397813925 30
stats: session 0 0 0 74743.203125 24.60693359375 27914.554748934825 1069
stats: users_count 0 1069
stats: finish_users_count 0 1069
stats: request 0 0 0 16262.27685546875 1.19287109375 3056.3698019278117 6543
stats: connect 0 0 0 110.782958984375 0.883056640625 1.516686520696913 1069
stats: page 0 0 0 24683.001953125 1.220947265625 3364.3762021789976 5944
stats: 302 0 1978
stats: 200 0 2175
stats: size_rcv 0 46267732
stats: newphase 0 5
stats: size_sent 0 4640030
stats: connected 0 0
stats: 503 0 2390
EndMonitor:{1447,984142,976570}
